

Microchip Technology PIC LITE Macro Assembler V1.12 build 49521 
                                                                                               Thu Mar 21 19:53:02 2013

HI-TECH Software Omniscient Code Generator (Lite mode) build 49521
     1  0000                     opt subtitle "HI-TECH Software Omniscient Code Generator (Lite mode) build 49521"
     2                           opt subtitle "HI-TECH Software Omniscient Code Generator (Lite mode) build 49521"
     3                           
     4                           opt pagewidth 120
     5                           
     6                           	opt lm
     7                           
     8                           	processor	16F88
     9                           clrc	macro
    10  0000                     	endm
    11                           opt subtitle "HI-TECH Software Omniscient Code Generator (Lite mode) build 49521"
    12                           
    13  0000                     	endm
    14                           opt subtitle "HI-TECH Software Omniscient Code Generator (Lite mode) build 49521"
    15                           
    16  0000                     	endm
    17                           opt subtitle "HI-TECH Software Omniscient Code Generator (Lite mode) build 49521"
    18                           
    19  0000                     	endm
    20                           opt subtitle "HI-TECH Software Omniscient Code Generator (Lite mode) build 49521"
    21                           
    22  0000                     	endm
    23                           opt subtitle "HI-TECH Software Omniscient Code Generator (Lite mode) build 49521"
    24                           
    25  0000                     	endm
    26                           opt subtitle "HI-TECH Software Omniscient Code Generator (Lite mode) build 49521"
    27                           
    28  0000                     	endm
    29                           opt subtitle "HI-TECH Software Omniscient Code Generator (Lite mode) build 49521"
    30                           
    31  0000                     	endm
    32  0000                     indf	equ	0
    33  0000                     indf0	equ	0
    34  0002                     pc	equ	2
    35  0002                     pcl	equ	2
    36  0003                     status	equ	3
    37  0004                     fsr	equ	4
    38  0004                     fsr0	equ	4
    39  0001                     c	equ	1
    40  0000                     z	equ	0
    41  000A                     pclath	equ	10
    42                           opt subtitle "HI-TECH Software Omniscient Code Generator (Lite mode) build 49521"
    43  0000                     INDF equ 00h ;# 
    44                           opt subtitle "HI-TECH Software Omniscient Code Generator (Lite mode) build 49521"
    45  0001                     TMR0 equ 01h ;# 
    46                           opt subtitle "HI-TECH Software Omniscient Code Generator (Lite mode) build 49521"
    47  0002                     PCL equ 02h ;# 
    48                           opt subtitle "HI-TECH Software Omniscient Code Generator (Lite mode) build 49521"
    49  0003                     STATUS equ 03h ;# 
    50                           opt subtitle "HI-TECH Software Omniscient Code Generator (Lite mode) build 49521"
    51  0004                     FSR equ 04h ;# 
    52                           opt subtitle "HI-TECH Software Omniscient Code Generator (Lite mode) build 49521"
    53  0005                     PORTA equ 05h ;# 
    54                           opt subtitle "HI-TECH Software Omniscient Code Generator (Lite mode) build 49521"
    55  0006                     PORTB equ 06h ;# 
    56                           opt subtitle "HI-TECH Software Omniscient Code Generator (Lite mode) build 49521"
    57  000A                     PCLATH equ 0Ah ;# 
    58                           opt subtitle "HI-TECH Software Omniscient Code Generator (Lite mode) build 49521"
    59  000B                     INTCON equ 0Bh ;# 
    60                           opt subtitle "HI-TECH Software Omniscient Code Generator (Lite mode) build 49521"
    61  000C                     PIR1 equ 0Ch ;# 
    62                           opt subtitle "HI-TECH Software Omniscient Code Generator (Lite mode) build 49521"
    63  000D                     PIR2 equ 0Dh ;# 
    64                           opt subtitle "HI-TECH Software Omniscient Code Generator (Lite mode) build 49521"
    65  000E                     TMR1 equ 0Eh ;# 
    66                           opt subtitle "HI-TECH Software Omniscient Code Generator (Lite mode) build 49521"
    67  000E                     TMR1L equ 0Eh ;# 
    68                           opt subtitle "HI-TECH Software Omniscient Code Generator (Lite mode) build 49521"
    69  000F                     TMR1H equ 0Fh ;# 
    70                           opt subtitle "HI-TECH Software Omniscient Code Generator (Lite mode) build 49521"
    71  0010                     T1CON equ 010h ;# 
    72                           opt subtitle "HI-TECH Software Omniscient Code Generator (Lite mode) build 49521"
    73  0011                     TMR2 equ 011h ;# 
    74                           opt subtitle "HI-TECH Software Omniscient Code Generator (Lite mode) build 49521"
    75  0012                     T2CON equ 012h ;# 
    76                           opt subtitle "HI-TECH Software Omniscient Code Generator (Lite mode) build 49521"
    77  0013                     SSPBUF equ 013h ;# 
    78                           opt subtitle "HI-TECH Software Omniscient Code Generator (Lite mode) build 49521"
    79  0014                     SSPCON equ 014h ;# 
    80                           opt subtitle "HI-TECH Software Omniscient Code Generator (Lite mode) build 49521"
    81  0015                     CCPR1 equ 015h ;# 
    82                           opt subtitle "HI-TECH Software Omniscient Code Generator (Lite mode) build 49521"
    83  0015                     CCPR1L equ 015h ;# 
    84                           opt subtitle "HI-TECH Software Omniscient Code Generator (Lite mode) build 49521"
    85  0016                     CCPR1H equ 016h ;# 
    86                           opt subtitle "HI-TECH Software Omniscient Code Generator (Lite mode) build 49521"
    87  0017                     CCP1CON equ 017h ;# 
    88                           opt subtitle "HI-TECH Software Omniscient Code Generator (Lite mode) build 49521"
    89  0018                     RCSTA equ 018h ;# 
    90                           opt subtitle "HI-TECH Software Omniscient Code Generator (Lite mode) build 49521"
    91  0019                     TXREG equ 019h ;# 
    92                           opt subtitle "HI-TECH Software Omniscient Code Generator (Lite mode) build 49521"
    93  001A                     RCREG equ 01Ah ;# 
    94                           opt subtitle "HI-TECH Software Omniscient Code Generator (Lite mode) build 49521"
    95  001E                     ADRESH equ 01Eh ;# 
    96                           opt subtitle "HI-TECH Software Omniscient Code Generator (Lite mode) build 49521"
    97  001F                     ADCON0 equ 01Fh ;# 
    98                           opt subtitle "HI-TECH Software Omniscient Code Generator (Lite mode) build 49521"
    99  0081                     OPTION_REG equ 081h ;# 
   100                           opt subtitle "HI-TECH Software Omniscient Code Generator (Lite mode) build 49521"
   101  0085                     TRISA equ 085h ;# 
   102                           opt subtitle "HI-TECH Software Omniscient Code Generator (Lite mode) build 49521"
   103  0086                     TRISB equ 086h ;# 
   104                           opt subtitle "HI-TECH Software Omniscient Code Generator (Lite mode) build 49521"
   105  008C                     PIE1 equ 08Ch ;# 
   106                           opt subtitle "HI-TECH Software Omniscient Code Generator (Lite mode) build 49521"
   107  008D                     PIE2 equ 08Dh ;# 
   108                           opt subtitle "HI-TECH Software Omniscient Code Generator (Lite mode) build 49521"
   109  008E                     PCON equ 08Eh ;# 
   110                           opt subtitle "HI-TECH Software Omniscient Code Generator (Lite mode) build 49521"
   111  008F                     OSCCON equ 08Fh ;# 
   112                           opt subtitle "HI-TECH Software Omniscient Code Generator (Lite mode) build 49521"
   113  0090                     OSCTUNE equ 090h ;# 
   114                           opt subtitle "HI-TECH Software Omniscient Code Generator (Lite mode) build 49521"
   115  0092                     PR2 equ 092h ;# 
   116                           opt subtitle "HI-TECH Software Omniscient Code Generator (Lite mode) build 49521"
   117  0093                     SSPADD equ 093h ;# 
   118                           opt subtitle "HI-TECH Software Omniscient Code Generator (Lite mode) build 49521"
   119  0094                     SSPSTAT equ 094h ;# 
   120                           opt subtitle "HI-TECH Software Omniscient Code Generator (Lite mode) build 49521"
   121  0098                     TXSTA equ 098h ;# 
   122                           opt subtitle "HI-TECH Software Omniscient Code Generator (Lite mode) build 49521"
   123  0099                     SPBRG equ 099h ;# 
   124                           opt subtitle "HI-TECH Software Omniscient Code Generator (Lite mode) build 49521"
   125  009B                     ANSEL equ 09Bh ;# 
   126                           opt subtitle "HI-TECH Software Omniscient Code Generator (Lite mode) build 49521"
   127  009C                     CMCON equ 09Ch ;# 
   128                           opt subtitle "HI-TECH Software Omniscient Code Generator (Lite mode) build 49521"
   129  009D                     CVRCON equ 09Dh ;# 
   130                           opt subtitle "HI-TECH Software Omniscient Code Generator (Lite mode) build 49521"
   131  009E                     ADRESL equ 09Eh ;# 
   132                           opt subtitle "HI-TECH Software Omniscient Code Generator (Lite mode) build 49521"
   133  009F                     ADCON1 equ 09Fh ;# 
   134                           opt subtitle "HI-TECH Software Omniscient Code Generator (Lite mode) build 49521"
   135  0105                     WDTCON equ 0105h ;# 
   136                           opt subtitle "HI-TECH Software Omniscient Code Generator (Lite mode) build 49521"
   137  010C                     EEDATA equ 010Ch ;# 
   138                           opt subtitle "HI-TECH Software Omniscient Code Generator (Lite mode) build 49521"
   139  010D                     EEADR equ 010Dh ;# 
   140                           opt subtitle "HI-TECH Software Omniscient Code Generator (Lite mode) build 49521"
   141  010E                     EEDATH equ 010Eh ;# 
   142                           opt subtitle "HI-TECH Software Omniscient Code Generator (Lite mode) build 49521"
   143  010F                     EEADRH equ 010Fh ;# 
   144                           opt subtitle "HI-TECH Software Omniscient Code Generator (Lite mode) build 49521"
   145  018C                     EECON1 equ 018Ch ;# 
   146                           opt subtitle "HI-TECH Software Omniscient Code Generator (Lite mode) build 49521"
   147  018D                     EECON2 equ 018Dh ;# 
   148                           opt subtitle "HI-TECH Software Omniscient Code Generator (Lite mode) build 49521"
   149  0000                     INDF equ 00h ;# 
   150                           opt subtitle "HI-TECH Software Omniscient Code Generator (Lite mode) build 49521"
   151  0001                     TMR0 equ 01h ;# 
   152                           opt subtitle "HI-TECH Software Omniscient Code Generator (Lite mode) build 49521"
   153  0002                     PCL equ 02h ;# 
   154                           opt subtitle "HI-TECH Software Omniscient Code Generator (Lite mode) build 49521"
   155  0003                     STATUS equ 03h ;# 
   156                           opt subtitle "HI-TECH Software Omniscient Code Generator (Lite mode) build 49521"
   157  0004                     FSR equ 04h ;# 
   158                           opt subtitle "HI-TECH Software Omniscient Code Generator (Lite mode) build 49521"
   159  0005                     PORTA equ 05h ;# 
   160                           opt subtitle "HI-TECH Software Omniscient Code Generator (Lite mode) build 49521"
   161  0006                     PORTB equ 06h ;# 
   162                           opt subtitle "HI-TECH Software Omniscient Code Generator (Lite mode) build 49521"
   163  000A                     PCLATH equ 0Ah ;# 
   164                           opt subtitle "HI-TECH Software Omniscient Code Generator (Lite mode) build 49521"
   165  000B                     INTCON equ 0Bh ;# 
   166                           opt subtitle "HI-TECH Software Omniscient Code Generator (Lite mode) build 49521"
   167  000C                     PIR1 equ 0Ch ;# 
   168                           opt subtitle "HI-TECH Software Omniscient Code Generator (Lite mode) build 49521"
   169  000D                     PIR2 equ 0Dh ;# 
   170                           opt subtitle "HI-TECH Software Omniscient Code Generator (Lite mode) build 49521"
   171  000E                     TMR1 equ 0Eh ;# 
   172                           opt subtitle "HI-TECH Software Omniscient Code Generator (Lite mode) build 49521"
   173  000E                     TMR1L equ 0Eh ;# 
   174                           opt subtitle "HI-TECH Software Omniscient Code Generator (Lite mode) build 49521"
   175  000F                     TMR1H equ 0Fh ;# 
   176                           opt subtitle "HI-TECH Software Omniscient Code Generator (Lite mode) build 49521"
   177  0010                     T1CON equ 010h ;# 
   178                           opt subtitle "HI-TECH Software Omniscient Code Generator (Lite mode) build 49521"
   179  0011                     TMR2 equ 011h ;# 
   180                           opt subtitle "HI-TECH Software Omniscient Code Generator (Lite mode) build 49521"
   181  0012                     T2CON equ 012h ;# 
   182                           opt subtitle "HI-TECH Software Omniscient Code Generator (Lite mode) build 49521"
   183  0013                     SSPBUF equ 013h ;# 
   184                           opt subtitle "HI-TECH Software Omniscient Code Generator (Lite mode) build 49521"
   185  0014                     SSPCON equ 014h ;# 
   186                           opt subtitle "HI-TECH Software Omniscient Code Generator (Lite mode) build 49521"
   187  0015                     CCPR1 equ 015h ;# 
   188                           opt subtitle "HI-TECH Software Omniscient Code Generator (Lite mode) build 49521"
   189  0015                     CCPR1L equ 015h ;# 
   190                           opt subtitle "HI-TECH Software Omniscient Code Generator (Lite mode) build 49521"
   191  0016                     CCPR1H equ 016h ;# 
   192                           opt subtitle "HI-TECH Software Omniscient Code Generator (Lite mode) build 49521"
   193  0017                     CCP1CON equ 017h ;# 
   194                           opt subtitle "HI-TECH Software Omniscient Code Generator (Lite mode) build 49521"
   195  0018                     RCSTA equ 018h ;# 
   196                           opt subtitle "HI-TECH Software Omniscient Code Generator (Lite mode) build 49521"
   197  0019                     TXREG equ 019h ;# 
   198                           opt subtitle "HI-TECH Software Omniscient Code Generator (Lite mode) build 49521"
   199  001A                     RCREG equ 01Ah ;# 
   200                           opt subtitle "HI-TECH Software Omniscient Code Generator (Lite mode) build 49521"
   201  001E                     ADRESH equ 01Eh ;# 
   202                           opt subtitle "HI-TECH Software Omniscient Code Generator (Lite mode) build 49521"
   203  001F                     ADCON0 equ 01Fh ;# 
   204                           opt subtitle "HI-TECH Software Omniscient Code Generator (Lite mode) build 49521"
   205  0081                     OPTION_REG equ 081h ;# 
   206                           opt subtitle "HI-TECH Software Omniscient Code Generator (Lite mode) build 49521"
   207  0085                     TRISA equ 085h ;# 
   208                           opt subtitle "HI-TECH Software Omniscient Code Generator (Lite mode) build 49521"
   209  0086                     TRISB equ 086h ;# 
   210                           opt subtitle "HI-TECH Software Omniscient Code Generator (Lite mode) build 49521"
   211  008C                     PIE1 equ 08Ch ;# 
   212                           opt subtitle "HI-TECH Software Omniscient Code Generator (Lite mode) build 49521"
   213  008D                     PIE2 equ 08Dh ;# 
   214                           opt subtitle "HI-TECH Software Omniscient Code Generator (Lite mode) build 49521"
   215  008E                     PCON equ 08Eh ;# 
   216                           opt subtitle "HI-TECH Software Omniscient Code Generator (Lite mode) build 49521"
   217  008F                     OSCCON equ 08Fh ;# 
   218                           opt subtitle "HI-TECH Software Omniscient Code Generator (Lite mode) build 49521"
   219  0090                     OSCTUNE equ 090h ;# 
   220                           opt subtitle "HI-TECH Software Omniscient Code Generator (Lite mode) build 49521"
   221  0092                     PR2 equ 092h ;# 
   222                           opt subtitle "HI-TECH Software Omniscient Code Generator (Lite mode) build 49521"
   223  0093                     SSPADD equ 093h ;# 
   224                           opt subtitle "HI-TECH Software Omniscient Code Generator (Lite mode) build 49521"
   225  0094                     SSPSTAT equ 094h ;# 
   226                           opt subtitle "HI-TECH Software Omniscient Code Generator (Lite mode) build 49521"
   227  0098                     TXSTA equ 098h ;# 
   228                           opt subtitle "HI-TECH Software Omniscient Code Generator (Lite mode) build 49521"
   229  0099                     SPBRG equ 099h ;# 
   230                           opt subtitle "HI-TECH Software Omniscient Code Generator (Lite mode) build 49521"
   231  009B                     ANSEL equ 09Bh ;# 
   232                           opt subtitle "HI-TECH Software Omniscient Code Generator (Lite mode) build 49521"
   233  009C                     CMCON equ 09Ch ;# 
   234                           opt subtitle "HI-TECH Software Omniscient Code Generator (Lite mode) build 49521"
   235  009D                     CVRCON equ 09Dh ;# 
   236                           opt subtitle "HI-TECH Software Omniscient Code Generator (Lite mode) build 49521"
   237  009E                     ADRESL equ 09Eh ;# 
   238                           opt subtitle "HI-TECH Software Omniscient Code Generator (Lite mode) build 49521"
   239  009F                     ADCON1 equ 09Fh ;# 
   240                           opt subtitle "HI-TECH Software Omniscient Code Generator (Lite mode) build 49521"
   241  0105                     WDTCON equ 0105h ;# 
   242                           opt subtitle "HI-TECH Software Omniscient Code Generator (Lite mode) build 49521"
   243  010C                     EEDATA equ 010Ch ;# 
   244                           opt subtitle "HI-TECH Software Omniscient Code Generator (Lite mode) build 49521"
   245  010D                     EEADR equ 010Dh ;# 
   246                           opt subtitle "HI-TECH Software Omniscient Code Generator (Lite mode) build 49521"
   247  010E                     EEDATH equ 010Eh ;# 
   248                           opt subtitle "HI-TECH Software Omniscient Code Generator (Lite mode) build 49521"
   249  010F                     EEADRH equ 010Fh ;# 
   250                           opt subtitle "HI-TECH Software Omniscient Code Generator (Lite mode) build 49521"
   251  018C                     EECON1 equ 018Ch ;# 
   252                           opt subtitle "HI-TECH Software Omniscient Code Generator (Lite mode) build 49521"
   253  018D                     EECON2 equ 018Dh ;# 
   254                           opt subtitle "HI-TECH Software Omniscient Code Generator (Lite mode) build 49521"
   255                           
   256                           opt pagewidth 120
   257                           
   258                           	opt lm
   259                           
   260                           	processor	16F88
   261  0005                     _PORTA	set	0x5
   262                           opt subtitle "HI-TECH Software Omniscient Code Generator (Lite mode) build 49521"
   263  0006                     _PORTB	set	0x6
   264                           opt subtitle "HI-TECH Software Omniscient Code Generator (Lite mode) build 49521"
   265  001A                     _RCREG	set	0x1A
   266                           opt subtitle "HI-TECH Software Omniscient Code Generator (Lite mode) build 49521"
   267  0018                     _RCSTA	set	0x18
   268                           opt subtitle "HI-TECH Software Omniscient Code Generator (Lite mode) build 49521"
   269  0019                     _TXREG	set	0x19
   270                           opt subtitle "HI-TECH Software Omniscient Code Generator (Lite mode) build 49521"
   271  0028                     _RA0	set	0x28
   272                           opt subtitle "HI-TECH Software Omniscient Code Generator (Lite mode) build 49521"
   273  0029                     _RA1	set	0x29
   274                           opt subtitle "HI-TECH Software Omniscient Code Generator (Lite mode) build 49521"
   275  0065                     _RCIF	set	0x65
   276                           opt subtitle "HI-TECH Software Omniscient Code Generator (Lite mode) build 49521"
   277  0064                     _TXIF	set	0x64
   278                           opt subtitle "HI-TECH Software Omniscient Code Generator (Lite mode) build 49521"
   279  009B                     _ANSEL	set	0x9B
   280                           opt subtitle "HI-TECH Software Omniscient Code Generator (Lite mode) build 49521"
   281  008F                     _OSCCON	set	0x8F
   282                           opt subtitle "HI-TECH Software Omniscient Code Generator (Lite mode) build 49521"
   283  0099                     _SPBRG	set	0x99
   284                           opt subtitle "HI-TECH Software Omniscient Code Generator (Lite mode) build 49521"
   285  0085                     _TRISA	set	0x85
   286                           opt subtitle "HI-TECH Software Omniscient Code Generator (Lite mode) build 49521"
   287  0086                     _TRISB	set	0x86
   288                           opt subtitle "HI-TECH Software Omniscient Code Generator (Lite mode) build 49521"
   289  0098                     _TXSTA	set	0x98
   290                           opt subtitle "HI-TECH Software Omniscient Code Generator (Lite mode) build 49521"
   291  0432                     _TRISB2	set	0x432
   292                           opt subtitle "HI-TECH Software Omniscient Code Generator (Lite mode) build 49521"
   293  0435                     _TRISB5	set	0x435
   294                           opt subtitle "HI-TECH Software Omniscient Code Generator (Lite mode) build 49521"
   295                           
   296  0000                     __ptext66:	;psect for function _getch
   297                           opt subtitle "HI-TECH Software Omniscient Code Generator (Lite mode) build 49521"
   298                           
   299  0000                     __CFG_BOREN$OFF equ 0x0
   300                           opt subtitle "HI-TECH Software Omniscient Code Generator (Lite mode) build 49521"
   301  0000                     __CFG_CPD$OFF equ 0x0
   302                           opt subtitle "HI-TECH Software Omniscient Code Generator (Lite mode) build 49521"
   303  0000                     __CFG_CCPMX$RB0 equ 0x0
   304                           opt subtitle "HI-TECH Software Omniscient Code Generator (Lite mode) build 49521"
   305  0000                     __CFG_DEBUG$OFF equ 0x0
   306                           opt subtitle "HI-TECH Software Omniscient Code Generator (Lite mode) build 49521"
   307  0000                     __CFG_WRT$OFF equ 0x0
   308                           opt subtitle "HI-TECH Software Omniscient Code Generator (Lite mode) build 49521"
   309  0000                     __CFG_FOSC$INTOSCIO equ 0x0
   310                           opt subtitle "HI-TECH Software Omniscient Code Generator (Lite mode) build 49521"
   311  0000                     __CFG_MCLRE$OFF equ 0x0
   312                           opt subtitle "HI-TECH Software Omniscient Code Generator (Lite mode) build 49521"
   313  0000                     __CFG_WDTE$OFF equ 0x0
   314                           opt subtitle "HI-TECH Software Omniscient Code Generator (Lite mode) build 49521"
   315  0000                     __CFG_CP$OFF equ 0x0
   316                           opt subtitle "HI-TECH Software Omniscient Code Generator (Lite mode) build 49521"
   317  0000                     __CFG_LVP$OFF equ 0x0
   318                           opt subtitle "HI-TECH Software Omniscient Code Generator (Lite mode) build 49521"
   319  0000                     __CFG_PWRTE$OFF equ 0x0
   320                           opt subtitle "HI-TECH Software Omniscient Code Generator (Lite mode) build 49521"
   321  0000                     __CFG_IESO$OFF equ 0x0
   322                           opt subtitle "HI-TECH Software Omniscient Code Generator (Lite mode) build 49521"
   323  0000                     __CFG_FCMEN$OFF equ 0x0
   324                           opt subtitle "HI-TECH Software Omniscient Code Generator (Lite mode) build 49521"
   325                           
   326                           opt pagewidth 120
   327                           
   328  0778                     start_initialization:
   329                           opt subtitle "HI-TECH Software Omniscient Code Generator (Lite mode) build 49521"
   330                           
   331  0778                     __initialization:
   332                           opt subtitle "HI-TECH Software Omniscient Code Generator (Lite mode) build 49521"
   333                           
   334                           opt pagewidth 120
   335                           
   336                           	opt lm
   337  0778                     end_of_initialization:
   338  0778                     __end_of__initialization:clrf status
      + 0778  0183               	clrf	3
   339  0779  118A  2FBB         ljmp _main	;jump to C main() function
   340                           opt subtitle "HI-TECH Software Omniscient Code Generator (Lite mode) build 49521"
   341                           
   342  0070                     __pcstackCOMMON:
   343  0070                     ?_init_comms:	; 0 bytes @ 0x0
   344  0070                     ??_init_comms:	; 0 bytes @ 0x0
   345  0070                     ?_init:	; 0 bytes @ 0x0
   346  0070                     ??_init:	; 0 bytes @ 0x0
   347  0070                     ?_putch:	; 0 bytes @ 0x0
   348  0070                     ??_putch:	; 0 bytes @ 0x0
   349  0070                     ??_getch:	; 0 bytes @ 0x0
   350  0070                     ?_getche:	; 1 bytes @ 0x0
   351  0070                     ?_getch:	; 1 bytes @ 0x0
   352  0070                     ?_main:	; 2 bytes @ 0x0
   353                           opt subtitle "HI-TECH Software Omniscient Code Generator (Lite mode) build 49521"
   354  0070                     putch@byte:	; 1 bytes @ 0x0
   355  0070                     	ds	1
   356  0071                     ??_getche:	; 0 bytes @ 0x1
   357                           opt subtitle "HI-TECH Software Omniscient Code Generator (Lite mode) build 49521"
   358  0071                     getche@c:	; 1 bytes @ 0x1
   359  0071                     	ds	1
   360  0072                     ??_main:	; 0 bytes @ 0x2
   361  0072                     	ds	1
   362                           opt subtitle "HI-TECH Software Omniscient Code Generator (Lite mode) build 49521"
   363  0073                     main@temp:	; 1 bytes @ 0x3
   364  0073                     	ds	1
   365                           opt subtitle "HI-TECH Software Omniscient Code Generator (Lite mode) build 49521"
   366  0074                     main@checksum:	; 1 bytes @ 0x4
   367  0074                     	ds	1
   368                           opt subtitle "HI-TECH Software Omniscient Code Generator (Lite mode) build 49521"
   369  0075                     main@command:	; 1 bytes @ 0x5
   370  0075                     	ds	1
   371                           opt subtitle "HI-TECH Software Omniscient Code Generator (Lite mode) build 49521"
   372                           
   373                           opt pagewidth 120
   374                           
   375                           	opt lm
   376                           
   377                           	processor	16F88
   378                           clrc	macro
   379                           	bcf	3,0
   380                           	endm
   381                           clrz	macro
   382                           	bcf	3,2
   383                           	endm
   384                           setc	macro
   385                           	bsf	3,0
   386                           	endm
   387                           setz	macro
   388                           	bsf	3,2
   389                           	endm
   390                           skipc	macro
   391                           	btfss	3,0
   392                           	endm
   393                           skipz	macro
   394                           	btfss	3,2
   395                           	endm
   396                           skipnc	macro
   397                           	btfsc	3,0
   398                           	endm
   399                           skipnz	macro
   400                           	btfsc	3,2
   401                           	endm
   402                           indf	equ	0
   403                           indf0	equ	0
   404                           pc	equ	2
   405                           pcl	equ	2
   406                           status	equ	3
   407                           fsr	equ	4
   408                           fsr0	equ	4
   409                           c	equ	1
   410                           z	equ	0
   411                           pclath	equ	10
   412                           # 46 "C:\Program Files (x86)\Microchip\xc8\v1.12\include\pic16f88.h"
   413                           INDF equ 00h ;# 
   414                           # 52 "C:\Program Files (x86)\Microchip\xc8\v1.12\include\pic16f88.h"
   415                           TMR0 equ 01h ;# 
   416                           # 58 "C:\Program Files (x86)\Microchip\xc8\v1.12\include\pic16f88.h"
   417                           PCL equ 02h ;# 
   418                           # 64 "C:\Program Files (x86)\Microchip\xc8\v1.12\include\pic16f88.h"
   419                           STATUS equ 03h ;# 
   420                           # 151 "C:\Program Files (x86)\Microchip\xc8\v1.12\include\pic16f88.h"
   421                           FSR equ 04h ;# 
   422                           # 157 "C:\Program Files (x86)\Microchip\xc8\v1.12\include\pic16f88.h"
   423                           PORTA equ 05h ;# 
   424                           # 218 "C:\Program Files (x86)\Microchip\xc8\v1.12\include\pic16f88.h"
   425                           PORTB equ 06h ;# 
   426                           # 279 "C:\Program Files (x86)\Microchip\xc8\v1.12\include\pic16f88.h"
   427                           PCLATH equ 0Ah ;# 
   428                           # 298 "C:\Program Files (x86)\Microchip\xc8\v1.12\include\pic16f88.h"
   429                           INTCON equ 0Bh ;# 
   430                           # 375 "C:\Program Files (x86)\Microchip\xc8\v1.12\include\pic16f88.h"
   431                           PIR1 equ 0Ch ;# 
   432                           # 430 "C:\Program Files (x86)\Microchip\xc8\v1.12\include\pic16f88.h"
   433                           PIR2 equ 0Dh ;# 
   434                           # 463 "C:\Program Files (x86)\Microchip\xc8\v1.12\include\pic16f88.h"
   435                           TMR1 equ 0Eh ;# 
   436                           # 469 "C:\Program Files (x86)\Microchip\xc8\v1.12\include\pic16f88.h"
   437                           TMR1L equ 0Eh ;# 
   438                           # 475 "C:\Program Files (x86)\Microchip\xc8\v1.12\include\pic16f88.h"
   439                           TMR1H equ 0Fh ;# 
   440                           # 481 "C:\Program Files (x86)\Microchip\xc8\v1.12\include\pic16f88.h"
   441                           T1CON equ 010h ;# 
   442                           # 552 "C:\Program Files (x86)\Microchip\xc8\v1.12\include\pic16f88.h"
   443                           TMR2 equ 011h ;# 
   444                           # 558 "C:\Program Files (x86)\Microchip\xc8\v1.12\include\pic16f88.h"
   445                           T2CON equ 012h ;# 
   446                           # 628 "C:\Program Files (x86)\Microchip\xc8\v1.12\include\pic16f88.h"
   447                           SSPBUF equ 013h ;# 
   448                           # 634 "C:\Program Files (x86)\Microchip\xc8\v1.12\include\pic16f88.h"
   449                           SSPCON equ 014h ;# 
   450                           # 703 "C:\Program Files (x86)\Microchip\xc8\v1.12\include\pic16f88.h"
   451                           CCPR1 equ 015h ;# 
   452                           # 709 "C:\Program Files (x86)\Microchip\xc8\v1.12\include\pic16f88.h"
   453                           CCPR1L equ 015h ;# 
   454                           # 715 "C:\Program Files (x86)\Microchip\xc8\v1.12\include\pic16f88.h"
   455                           CCPR1H equ 016h ;# 
   456                           # 721 "C:\Program Files (x86)\Microchip\xc8\v1.12\include\pic16f88.h"
   457                           CCP1CON equ 017h ;# 
   458                           # 778 "C:\Program Files (x86)\Microchip\xc8\v1.12\include\pic16f88.h"
   459                           RCSTA equ 018h ;# 
   460                           # 872 "C:\Program Files (x86)\Microchip\xc8\v1.12\include\pic16f88.h"
   461                           TXREG equ 019h ;# 
   462                           # 878 "C:\Program Files (x86)\Microchip\xc8\v1.12\include\pic16f88.h"
   463                           RCREG equ 01Ah ;# 
   464                           # 884 "C:\Program Files (x86)\Microchip\xc8\v1.12\include\pic16f88.h"
   465                           ADRESH equ 01Eh ;# 
   466                           # 890 "C:\Program Files (x86)\Microchip\xc8\v1.12\include\pic16f88.h"
   467                           ADCON0 equ 01Fh ;# 
   468                           # 985 "C:\Program Files (x86)\Microchip\xc8\v1.12\include\pic16f88.h"
   469                           OPTION_REG equ 081h ;# 
   470                           # 1054 "C:\Program Files (x86)\Microchip\xc8\v1.12\include\pic16f88.h"
   471                           TRISA equ 085h ;# 
   472                           # 1115 "C:\Program Files (x86)\Microchip\xc8\v1.12\include\pic16f88.h"
   473                           TRISB equ 086h ;# 
   474                           # 1176 "C:\Program Files (x86)\Microchip\xc8\v1.12\include\pic16f88.h"
   475                           PIE1 equ 08Ch ;# 
   476                           # 1231 "C:\Program Files (x86)\Microchip\xc8\v1.12\include\pic16f88.h"
   477                           PIE2 equ 08Dh ;# 
   478                           # 1264 "C:\Program Files (x86)\Microchip\xc8\v1.12\include\pic16f88.h"
   479                           PCON equ 08Eh ;# 
   480                           # 1297 "C:\Program Files (x86)\Microchip\xc8\v1.12\include\pic16f88.h"
   481                           OSCCON equ 08Fh ;# 
   482                           # 1367 "C:\Program Files (x86)\Microchip\xc8\v1.12\include\pic16f88.h"
   483                           OSCTUNE equ 090h ;# 
   484                           # 1424 "C:\Program Files (x86)\Microchip\xc8\v1.12\include\pic16f88.h"
   485                           PR2 equ 092h ;# 
   486                           # 1430 "C:\Program Files (x86)\Microchip\xc8\v1.12\include\pic16f88.h"
   487                           SSPADD equ 093h ;# 
   488                           # 1436 "C:\Program Files (x86)\Microchip\xc8\v1.12\include\pic16f88.h"
   489                           SSPSTAT equ 094h ;# 
   490                           # 1604 "C:\Program Files (x86)\Microchip\xc8\v1.12\include\pic16f88.h"
   491                           TXSTA equ 098h ;# 
   492                           # 1684 "C:\Program Files (x86)\Microchip\xc8\v1.12\include\pic16f88.h"
   493                           SPBRG equ 099h ;# 
   494                           # 1690 "C:\Program Files (x86)\Microchip\xc8\v1.12\include\pic16f88.h"
   495                           ANSEL equ 09Bh ;# 
   496                           # 1745 "C:\Program Files (x86)\Microchip\xc8\v1.12\include\pic16f88.h"
   497                           CMCON equ 09Ch ;# 
   498                           # 1814 "C:\Program Files (x86)\Microchip\xc8\v1.12\include\pic16f88.h"
   499                           CVRCON equ 09Dh ;# 
   500                           # 1878 "C:\Program Files (x86)\Microchip\xc8\v1.12\include\pic16f88.h"
   501                           ADRESL equ 09Eh ;# 
   502                           # 1884 "C:\Program Files (x86)\Microchip\xc8\v1.12\include\pic16f88.h"
   503                           ADCON1 equ 09Fh ;# 
   504                           # 1931 "C:\Program Files (x86)\Microchip\xc8\v1.12\include\pic16f88.h"
   505                           WDTCON equ 0105h ;# 
   506                           # 1988 "C:\Program Files (x86)\Microchip\xc8\v1.12\include\pic16f88.h"
   507                           EEDATA equ 010Ch ;# 
   508                           # 1994 "C:\Program Files (x86)\Microchip\xc8\v1.12\include\pic16f88.h"
   509                           EEADR equ 010Dh ;# 
   510                           # 2000 "C:\Program Files (x86)\Microchip\xc8\v1.12\include\pic16f88.h"
   511                           EEDATH equ 010Eh ;# 
   512                           # 2006 "C:\Program Files (x86)\Microchip\xc8\v1.12\include\pic16f88.h"
   513                           EEADRH equ 010Fh ;# 
   514                           # 2012 "C:\Program Files (x86)\Microchip\xc8\v1.12\include\pic16f88.h"
   515                           EECON1 equ 018Ch ;# 
   516                           # 2062 "C:\Program Files (x86)\Microchip\xc8\v1.12\include\pic16f88.h"
   517                           EECON2 equ 018Dh ;# 
   518                           # 46 "C:\Program Files (x86)\Microchip\xc8\v1.12\include\pic16f88.h"
   519                           INDF equ 00h ;# 
   520                           # 52 "C:\Program Files (x86)\Microchip\xc8\v1.12\include\pic16f88.h"
   521                           TMR0 equ 01h ;# 
   522  07BB                     __pmaintext:	;psect for function _main
   523                           opt subtitle "HI-TECH Software Omniscient Code Generator (Lite mode) build 49521"
   524                           
   525                           opt pagewidth 120
   526                           
   527  0045                     	__size_of_main	equ	__end_of_main-_main
   528                           opt subtitle "HI-TECH Software Omniscient Code Generator (Lite mode) build 49521"
   529  07BB                     _main:	
   530                           opt subtitle "HI-TECH Software Omniscient Code Generator (Lite mode) build 49521"
   531                           
   532                           opt pagewidth 120
   533                           
   534  07BB                     l558:	
   535                           opt subtitle "HI-TECH Software Omniscient Code Generator (Lite mode) build 49521"
   536                           
   537  07BB  118A  27AB  118A   	fcall	_init
   538                           opt subtitle "HI-TECH Software Omniscient Code Generator (Lite mode) build 49521"
   539                           
   540                           opt pagewidth 120
   541                           
   542                           	opt lm
   543  07BE                     l26:	
   544                           opt subtitle "HI-TECH Software Omniscient Code Generator (Lite mode) build 49521"
   545                           
   546  07BE  118A  277B  118A   	fcall	_getche
   547  07C1  00F2               	movwf	(??_main+0)+0
   548  07C2  0872               	movf	(??_main+0)+0,w
   549  07C3  00F3               	movwf	(main@temp)
   550                           opt subtitle "HI-TECH Software Omniscient Code Generator (Lite mode) build 49521"
   551                           
   552  07C4                     l560:	
   553                           opt subtitle "HI-TECH Software Omniscient Code Generator (Lite mode) build 49521"
   554  07C4  0873               	movf	(main@temp),w
   555  07C5  3A5B               	xorlw	05Bh
   556  07C6  1D03               	skipz
   557  07C7  2FC9               	goto	u31
   558  07C8  2FCA               	goto	u30
   559  07C9                     u31:
   560  07C9  2FF7               	goto	l27
   561  07CA                     u30:
   562                           opt subtitle "HI-TECH Software Omniscient Code Generator (Lite mode) build 49521"
   563                           
   564  07CA                     l562:	
   565                           opt subtitle "HI-TECH Software Omniscient Code Generator (Lite mode) build 49521"
   566                           
   567  07CA  118A  277B  118A   	fcall	_getche
   568  07CD  00F2               	movwf	(??_main+0)+0
   569  07CE  0872               	movf	(??_main+0)+0,w
   570  07CF  00F5               	movwf	(main@command)
   571                           opt subtitle "HI-TECH Software Omniscient Code Generator (Lite mode) build 49521"
   572                           
   573  07D0  118A  277B  118A   	fcall	_getche
   574  07D3  00F2               	movwf	(??_main+0)+0
   575  07D4  0872               	movf	(??_main+0)+0,w
   576  07D5  00F4               	movwf	(main@checksum)
   577                           opt subtitle "HI-TECH Software Omniscient Code Generator (Lite mode) build 49521"
   578                           
   579  07D6                     l564:	
   580                           opt subtitle "HI-TECH Software Omniscient Code Generator (Lite mode) build 49521"
   581  07D6  0875               	movf	(main@command),w
   582  07D7  0674               	xorwf	(main@checksum),w
   583  07D8  1D03               	skipz
   584  07D9  2FDB               	goto	u41
   585  07DA  2FDC               	goto	u40
   586  07DB                     u41:
   587  07DB  2FBE               	goto	l26
   588  07DC                     u40:
   589  07DC  2FED               	goto	l568
   590                           opt subtitle "HI-TECH Software Omniscient Code Generator (Lite mode) build 49521"
   591                           
   592  07DD                     l566:	
   593                           opt subtitle "HI-TECH Software Omniscient Code Generator (Lite mode) build 49521"
   594                           
   595  07DD  2FED               	goto	l568
   596                           opt subtitle "HI-TECH Software Omniscient Code Generator (Lite mode) build 49521"
   597                           
   598                           opt pagewidth 120
   599                           
   600  07DE                     l30:	
   601                           opt subtitle "HI-TECH Software Omniscient Code Generator (Lite mode) build 49521"
   602                           
   603  07DE  1283               	bcf	status, 5	;RP0=0, select bank0
   604  07DF  1303               	bcf	status, 6	;RP1=0, select bank0
   605  07E0  1405               	bsf	(40/8),(40)&7	;volatile
   606                           opt subtitle "HI-TECH Software Omniscient Code Generator (Lite mode) build 49521"
   607                           
   608  07E1  1085               	bcf	(41/8),(41)&7	;volatile
   609                           opt subtitle "HI-TECH Software Omniscient Code Generator (Lite mode) build 49521"
   610                           
   611  07E2  2FBE               	goto	l26
   612                           opt subtitle "HI-TECH Software Omniscient Code Generator (Lite mode) build 49521"
   613                           
   614                           opt pagewidth 120
   615  07E3                     l32:	
   616                           opt subtitle "HI-TECH Software Omniscient Code Generator (Lite mode) build 49521"
   617                           
   618  07E3  1283               	bcf	status, 5	;RP0=0, select bank0
   619  07E4  1303               	bcf	status, 6	;RP1=0, select bank0
   620  07E5  1005               	bcf	(40/8),(40)&7	;volatile
   621                           opt subtitle "HI-TECH Software Omniscient Code Generator (Lite mode) build 49521"
   622                           
   623  07E6  1485               	bsf	(41/8),(41)&7	;volatile
   624                           opt subtitle "HI-TECH Software Omniscient Code Generator (Lite mode) build 49521"
   625                           
   626  07E7  2FBE               	goto	l26
   627                           opt subtitle "HI-TECH Software Omniscient Code Generator (Lite mode) build 49521"
   628                           
   629                           opt pagewidth 120
   630  07E8                     l33:	
   631                           opt subtitle "HI-TECH Software Omniscient Code Generator (Lite mode) build 49521"
   632                           
   633  07E8  1283               	bcf	status, 5	;RP0=0, select bank0
   634  07E9  1303               	bcf	status, 6	;RP1=0, select bank0
   635  07EA  1005               	bcf	(40/8),(40)&7	;volatile
   636                           opt subtitle "HI-TECH Software Omniscient Code Generator (Lite mode) build 49521"
   637                           
   638  07EB  1085               	bcf	(41/8),(41)&7	;volatile
   639                           opt subtitle "HI-TECH Software Omniscient Code Generator (Lite mode) build 49521"
   640                           
   641  07EC  2FBE               	goto	l26
   642                           opt subtitle "HI-TECH Software Omniscient Code Generator (Lite mode) build 49521"
   643                           
   644  07ED                     l29:	
   645                           opt subtitle "HI-TECH Software Omniscient Code Generator (Lite mode) build 49521"
   646  07ED                     l568:	
   647  07ED  0875               	movf	(main@command),w
   648                           opt subtitle "HI-TECH Software Omniscient Code Generator (Lite mode) build 49521"
   649                           
   650                           opt pagewidth 120
   651                           
   652                           	opt lm
   653                           
   654                           	processor	16F88
   655                           clrc	macro
   656                           	bcf	3,0
   657                           	endm
   658  07EE  3A61               	xorlw	97^0	; case 97
   659  07EF  1903               	skipnz
   660  07F0  2FDE               	goto	l30
   661  07F1  3A03               	xorlw	98^97	; case 98
   662  07F2  1903               	skipnz
   663  07F3  2FE3               	goto	l32
   664  07F4  2FE8               	goto	l33
   665                           opt subtitle "HI-TECH Software Omniscient Code Generator (Lite mode) build 49521"
   666                           
   667                           opt pagewidth 120
   668                           
   669  07F5                     l31:	
   670  07F5  2FBE               	goto	l26
   671                           opt subtitle "HI-TECH Software Omniscient Code Generator (Lite mode) build 49521"
   672                           
   673  07F6                     l28:	
   674                           opt subtitle "HI-TECH Software Omniscient Code Generator (Lite mode) build 49521"
   675                           
   676                           opt pagewidth 120
   677  07F6  2FBE               	goto	l26
   678                           opt subtitle "HI-TECH Software Omniscient Code Generator (Lite mode) build 49521"
   679                           
   680  07F7                     l27:	
   681                           opt subtitle "HI-TECH Software Omniscient Code Generator (Lite mode) build 49521"
   682                           
   683                           opt pagewidth 120
   684                           
   685  07F7  1283               	bcf	status, 5	;RP0=0, select bank0
   686  07F8  1303               	bcf	status, 6	;RP1=0, select bank0
   687  07F9  1005               	bcf	(40/8),(40)&7	;volatile
   688                           opt subtitle "HI-TECH Software Omniscient Code Generator (Lite mode) build 49521"
   689                           
   690  07FA  1085               	bcf	(41/8),(41)&7	;volatile
   691  07FB  2FBE               	goto	l26
   692                           opt subtitle "HI-TECH Software Omniscient Code Generator (Lite mode) build 49521"
   693                           
   694  07FC                     l34:	
   695  07FC  2FBE               	goto	l26
   696                           opt subtitle "HI-TECH Software Omniscient Code Generator (Lite mode) build 49521"
   697                           
   698  07FD                     l35:	
   699                           opt subtitle "HI-TECH Software Omniscient Code Generator (Lite mode) build 49521"
   700  07FD  2FBE               	goto	l26
   701                           opt subtitle "HI-TECH Software Omniscient Code Generator (Lite mode) build 49521"
   702  07FE                     l36:	
   703                           opt subtitle "HI-TECH Software Omniscient Code Generator (Lite mode) build 49521"
   704                           
   705  07FE                     l37:	
   706                           opt subtitle "HI-TECH Software Omniscient Code Generator (Lite mode) build 49521"
   707  07FE  118A  2800         	ljmp	start
   708                           opt subtitle "HI-TECH Software Omniscient Code Generator (Lite mode) build 49521"
   709                           
   710  0800                     	__end_of_main:
   711                           opt subtitle "HI-TECH Software Omniscient Code Generator (Lite mode) build 49521"
   712                           
   713                           opt pagewidth 120
   714                           
   715                           	opt lm
   716                           
   717                           	processor	16F88
   718                           clrc	macro
   719                           	bcf	3,0
   720                           	endm
   721                           clrz	macro
   722                           	bcf	3,2
   723                           	endm
   724                           setc	macro
   725                           	bsf	3,0
   726                           	endm
   727                           setz	macro
   728                           	bsf	3,2
   729                           	endm
   730                           skipc	macro
   731                           	btfss	3,0
   732                           	endm
   733                           skipz	macro
   734                           	btfss	3,2
   735                           	endm
   736                           skipnc	macro
   737                           	btfsc	3,0
   738                           	endm
   739                           skipnz	macro
   740                           	btfsc	3,2
   741                           	endm
   742                           indf	equ	0
   743                           indf0	equ	0
   744                           pc	equ	2
   745  07AB                     __ptext67:	;psect for function _init
   746                           opt subtitle "HI-TECH Software Omniscient Code Generator (Lite mode) build 49521"
   747                           
   748                           opt pagewidth 120
   749                           
   750  0010                     	__size_of_init	equ	__end_of_init-_init
   751                           opt subtitle "HI-TECH Software Omniscient Code Generator (Lite mode) build 49521"
   752  07AB                     _init:	
   753                           opt subtitle "HI-TECH Software Omniscient Code Generator (Lite mode) build 49521"
   754                           
   755                           opt pagewidth 120
   756                           
   757  07AB                     l544:	
   758                           opt subtitle "HI-TECH Software Omniscient Code Generator (Lite mode) build 49521"
   759  07AB  3060               	movlw	(060h)
   760  07AC  1683               	bsf	status, 5	;RP0=1, select bank1
   761  07AD  1303               	bcf	status, 6	;RP1=0, select bank1
   762  07AE  008F               	movwf	(143)^080h	;volatile
   763                           opt subtitle "HI-TECH Software Omniscient Code Generator (Lite mode) build 49521"
   764                           
   765  07AF                     l546:	
   766                           opt subtitle "HI-TECH Software Omniscient Code Generator (Lite mode) build 49521"
   767  07AF  0185               	clrf	(133)^080h	;volatile
   768                           opt subtitle "HI-TECH Software Omniscient Code Generator (Lite mode) build 49521"
   769                           
   770  07B0                     l548:	
   771                           opt subtitle "HI-TECH Software Omniscient Code Generator (Lite mode) build 49521"
   772  07B0  3004               	movlw	(04h)
   773  07B1  0086               	movwf	(134)^080h	;volatile
   774                           opt subtitle "HI-TECH Software Omniscient Code Generator (Lite mode) build 49521"
   775                           
   776  07B2  019B               	clrf	(155)^080h	;volatile
   777                           opt subtitle "HI-TECH Software Omniscient Code Generator (Lite mode) build 49521"
   778                           
   779  07B3  1283               	bcf	status, 5	;RP0=0, select bank0
   780  07B4  1303               	bcf	status, 6	;RP1=0, select bank0
   781  07B5  0185               	clrf	(5)	;volatile
   782                           opt subtitle "HI-TECH Software Omniscient Code Generator (Lite mode) build 49521"
   783                           
   784  07B6  0186               	clrf	(6)	;volatile
   785                           opt subtitle "HI-TECH Software Omniscient Code Generator (Lite mode) build 49521"
   786                           
   787  07B7                     l550:	
   788                           opt subtitle "HI-TECH Software Omniscient Code Generator (Lite mode) build 49521"
   789  07B7  118A  279C  118A   	fcall	_init_comms
   790                           opt subtitle "HI-TECH Software Omniscient Code Generator (Lite mode) build 49521"
   791                           
   792  07BA                     l23:	
   793  07BA  0008               	return
   794                           opt subtitle "HI-TECH Software Omniscient Code Generator (Lite mode) build 49521"
   795                           
   796  07BB                     	__end_of_init:
   797                           opt subtitle "HI-TECH Software Omniscient Code Generator (Lite mode) build 49521"
   798                           
   799                           opt pagewidth 120
   800                           
   801                           	opt lm
   802                           
   803                           	processor	16F88
   804                           clrc	macro
   805                           	bcf	3,0
   806                           	endm
   807                           clrz	macro
   808                           	bcf	3,2
   809                           	endm
   810                           setc	macro
   811                           	bsf	3,0
   812                           	endm
   813                           setz	macro
   814                           	bsf	3,2
   815                           	endm
   816                           skipc	macro
   817                           	btfss	3,0
   818                           	endm
   819                           skipz	macro
   820                           	btfss	3,2
   821                           	endm
   822                           skipnc	macro
   823                           	btfsc	3,0
   824                           	endm
   825                           skipnz	macro
   826                           	btfsc	3,2
   827                           	endm
   828                           indf	equ	0
   829                           indf0	equ	0
   830  079C                     __ptext68:	;psect for function _init_comms
   831                           opt subtitle "HI-TECH Software Omniscient Code Generator (Lite mode) build 49521"
   832                           
   833                           opt pagewidth 120
   834                           
   835  000F                     	__size_of_init_comms	equ	__end_of_init_comms-_init_comms
   836                           opt subtitle "HI-TECH Software Omniscient Code Generator (Lite mode) build 49521"
   837  079C                     _init_comms:	
   838                           opt subtitle "HI-TECH Software Omniscient Code Generator (Lite mode) build 49521"
   839                           
   840                           opt pagewidth 120
   841                           
   842  079C                     l530:	
   843                           opt subtitle "HI-TECH Software Omniscient Code Generator (Lite mode) build 49521"
   844  079C  1683               	bsf	status, 5	;RP0=1, select bank1
   845  079D  1303               	bcf	status, 6	;RP1=0, select bank1
   846  079E  1506               	bsf	(1074/8)^080h,(1074)&7	;volatile
   847                           opt subtitle "HI-TECH Software Omniscient Code Generator (Lite mode) build 49521"
   848                           
   849  079F  1686               	bsf	(1077/8)^080h,(1077)&7	;volatile
   850                           opt subtitle "HI-TECH Software Omniscient Code Generator (Lite mode) build 49521"
   851                           
   852  07A0                     l532:	
   853                           opt subtitle "HI-TECH Software Omniscient Code Generator (Lite mode) build 49521"
   854  07A0  3033               	movlw	(033h)
   855  07A1  0099               	movwf	(153)^080h	;volatile
   856                           opt subtitle "HI-TECH Software Omniscient Code Generator (Lite mode) build 49521"
   857                           
   858  07A2  3090               	movlw	(090h)
   859  07A3  1283               	bcf	status, 5	;RP0=0, select bank0
   860  07A4  1303               	bcf	status, 6	;RP1=0, select bank0
   861  07A5  0098               	movwf	(24)	;volatile
   862                           opt subtitle "HI-TECH Software Omniscient Code Generator (Lite mode) build 49521"
   863                           
   864  07A6  3020               	movlw	(020h)
   865  07A7  1683               	bsf	status, 5	;RP0=1, select bank1
   866  07A8  1303               	bcf	status, 6	;RP1=0, select bank1
   867  07A9  0098               	movwf	(152)^080h	;volatile
   868                           opt subtitle "HI-TECH Software Omniscient Code Generator (Lite mode) build 49521"
   869                           
   870  07AA                     l73:	
   871  07AA  0008               	return
   872                           opt subtitle "HI-TECH Software Omniscient Code Generator (Lite mode) build 49521"
   873                           
   874  07AB                     	__end_of_init_comms:
   875                           opt subtitle "HI-TECH Software Omniscient Code Generator (Lite mode) build 49521"
   876                           
   877                           opt pagewidth 120
   878                           
   879                           	opt lm
   880                           
   881                           	processor	16F88
   882                           clrc	macro
   883                           	bcf	3,0
   884                           	endm
   885                           clrz	macro
   886                           	bcf	3,2
   887                           	endm
   888                           setc	macro
   889                           	bsf	3,0
   890                           	endm
   891                           setz	macro
   892                           	bsf	3,2
   893                           	endm
   894                           skipc	macro
   895                           	btfss	3,0
   896                           	endm
   897                           skipz	macro
   898                           	btfss	3,2
   899                           	endm
   900                           skipnc	macro
   901                           	btfsc	3,0
   902                           	endm
   903                           skipnz	macro
   904                           	btfsc	3,2
   905                           	endm
   906                           indf	equ	0
   907                           indf0	equ	0
   908                           pc	equ	2
   909                           pcl	equ	2
   910  077B                     __ptext69:	;psect for function _getche
   911                           opt subtitle "HI-TECH Software Omniscient Code Generator (Lite mode) build 49521"
   912                           
   913                           opt pagewidth 120
   914                           
   915  000A                     	__size_of_getche	equ	__end_of_getche-_getche
   916                           opt subtitle "HI-TECH Software Omniscient Code Generator (Lite mode) build 49521"
   917  077B                     _getche:	
   918                           opt subtitle "HI-TECH Software Omniscient Code Generator (Lite mode) build 49521"
   919                           
   920                           opt pagewidth 120
   921                           
   922  077B                     l552:	
   923                           opt subtitle "HI-TECH Software Omniscient Code Generator (Lite mode) build 49521"
   924                           
   925  077B  118A  2785  118A   	fcall	_getch
   926  077E  00F1               	movwf	(getche@c)
   927  077F  118A  2790  118A   	fcall	_putch
   928                           opt subtitle "HI-TECH Software Omniscient Code Generator (Lite mode) build 49521"
   929                           
   930  0782                     l554:	
   931                           opt subtitle "HI-TECH Software Omniscient Code Generator (Lite mode) build 49521"
   932  0782  0871               	movf	(getche@c),w
   933  0783  2F84               	goto	l70
   934                           opt subtitle "HI-TECH Software Omniscient Code Generator (Lite mode) build 49521"
   935  0784                     l556:	
   936                           opt subtitle "HI-TECH Software Omniscient Code Generator (Lite mode) build 49521"
   937                           
   938  0784                     l70:	
   939  0784  0008               	return
   940                           opt subtitle "HI-TECH Software Omniscient Code Generator (Lite mode) build 49521"
   941                           
   942  0785                     	__end_of_getche:
   943                           opt subtitle "HI-TECH Software Omniscient Code Generator (Lite mode) build 49521"
   944                           
   945                           opt pagewidth 120
   946                           
   947                           	opt lm
   948                           
   949                           	processor	16F88
   950                           clrc	macro
   951                           	bcf	3,0
   952                           	endm
   953                           clrz	macro
   954                           	bcf	3,2
   955                           	endm
   956                           setc	macro
   957                           	bsf	3,0
   958                           	endm
   959                           setz	macro
   960                           	bsf	3,2
   961                           	endm
   962                           skipc	macro
   963                           	btfss	3,0
   964                           	endm
   965                           skipz	macro
   966                           	btfss	3,2
   967                           	endm
   968                           skipnc	macro
   969                           	btfsc	3,0
   970                           	endm
   971                           skipnz	macro
   972                           	btfsc	3,2
   973                           	endm
   974                           indf	equ	0
   975                           indf0	equ	0
   976  0790                     __ptext70:	;psect for function _putch
   977                           opt subtitle "HI-TECH Software Omniscient Code Generator (Lite mode) build 49521"
   978                           
   979                           opt pagewidth 120
   980                           
   981  000C                     	__size_of_putch	equ	__end_of_putch-_putch
   982                           opt subtitle "HI-TECH Software Omniscient Code Generator (Lite mode) build 49521"
   983  0790                     _putch:	
   984                           opt subtitle "HI-TECH Software Omniscient Code Generator (Lite mode) build 49521"
   985                           
   986                           opt pagewidth 120
   987  0790  00F0               	movwf	(putch@byte)
   988                           opt subtitle "HI-TECH Software Omniscient Code Generator (Lite mode) build 49521"
   989                           
   990  0791                     l534:	
   991                           opt subtitle "HI-TECH Software Omniscient Code Generator (Lite mode) build 49521"
   992  0791  2F92               	goto	l58
   993                           opt subtitle "HI-TECH Software Omniscient Code Generator (Lite mode) build 49521"
   994  0792                     l59:	
   995                           opt subtitle "HI-TECH Software Omniscient Code Generator (Lite mode) build 49521"
   996                           
   997                           opt pagewidth 120
   998  0792                     l58:	
   999                           opt subtitle "HI-TECH Software Omniscient Code Generator (Lite mode) build 49521"
  1000  0792  1283               	bcf	status, 5	;RP0=0, select bank0
  1001  0793  1303               	bcf	status, 6	;RP1=0, select bank0
  1002  0794  1E0C               	btfss	(100/8),(100)&7	;volatile
  1003  0795  2F97               	goto	u11
  1004  0796  2F98               	goto	u10
  1005  0797                     u11:
  1006  0797  2F92               	goto	l58
  1007  0798                     u10:
  1008  0798  2F99               	goto	l536
  1009                           opt subtitle "HI-TECH Software Omniscient Code Generator (Lite mode) build 49521"
  1010  0799                     l60:	
  1011                           opt subtitle "HI-TECH Software Omniscient Code Generator (Lite mode) build 49521"
  1012                           
  1013  0799                     l536:	
  1014                           opt subtitle "HI-TECH Software Omniscient Code Generator (Lite mode) build 49521"
  1015  0799  0870               	movf	(putch@byte),w
  1016  079A  0099               	movwf	(25)	;volatile
  1017                           opt subtitle "HI-TECH Software Omniscient Code Generator (Lite mode) build 49521"
  1018                           
  1019  079B                     l61:	
  1020  079B  0008               	return
  1021                           opt subtitle "HI-TECH Software Omniscient Code Generator (Lite mode) build 49521"
  1022                           
  1023  079C                     	__end_of_putch:
  1024                           opt subtitle "HI-TECH Software Omniscient Code Generator (Lite mode) build 49521"
  1025                           
  1026                           opt pagewidth 120
  1027                           
  1028                           	opt lm
  1029                           
  1030                           	processor	16F88
  1031                           clrc	macro
  1032                           	bcf	3,0
  1033                           	endm
  1034                           clrz	macro
  1035                           	bcf	3,2
  1036                           	endm
  1037                           setc	macro
  1038                           	bsf	3,0
  1039                           	endm
  1040                           setz	macro
  1041                           	bsf	3,2
  1042                           	endm
  1043                           skipc	macro
  1044                           	btfss	3,0
  1045                           	endm
  1046                           skipz	macro
  1047                           	btfss	3,2
  1048                           	endm
  1049                           skipnc	macro
  1050                           	btfsc	3,0
  1051                           	endm
  1052                           skipnz	macro
  1053                           	btfsc	3,2
  1054                           	endm
  1055                           indf	equ	0
  1056                           indf0	equ	0
  1057  0785                     __ptext71:	;psect for function _getch
  1058                           opt subtitle "HI-TECH Software Omniscient Code Generator (Lite mode) build 49521"
  1059                           
  1060                           opt pagewidth 120
  1061                           
  1062  000B                     	__size_of_getch	equ	__end_of_getch-_getch
  1063                           opt subtitle "HI-TECH Software Omniscient Code Generator (Lite mode) build 49521"
  1064  0785                     _getch:	
  1065                           opt subtitle "HI-TECH Software Omniscient Code Generator (Lite mode) build 49521"
  1066                           
  1067                           opt pagewidth 120
  1068                           
  1069  0785                     l538:	
  1070                           opt subtitle "HI-TECH Software Omniscient Code Generator (Lite mode) build 49521"
  1071  0785  2F86               	goto	l64
  1072                           opt subtitle "HI-TECH Software Omniscient Code Generator (Lite mode) build 49521"
  1073  0786                     l65:	
  1074                           opt subtitle "HI-TECH Software Omniscient Code Generator (Lite mode) build 49521"
  1075                           
  1076                           opt pagewidth 120
  1077  0786                     l64:	
  1078                           opt subtitle "HI-TECH Software Omniscient Code Generator (Lite mode) build 49521"
  1079  0786  1283               	bcf	status, 5	;RP0=0, select bank0
  1080  0787  1303               	bcf	status, 6	;RP1=0, select bank0
  1081  0788  1E8C               	btfss	(101/8),(101)&7	;volatile
  1082  0789  2F8B               	goto	u21
  1083  078A  2F8C               	goto	u20
  1084  078B                     u21:
  1085  078B  2F86               	goto	l64
  1086  078C                     u20:
  1087  078C  2F8D               	goto	l540
  1088                           opt subtitle "HI-TECH Software Omniscient Code Generator (Lite mode) build 49521"
  1089  078D                     l66:	
  1090                           opt subtitle "HI-TECH Software Omniscient Code Generator (Lite mode) build 49521"
  1091                           
  1092  078D                     l540:	
  1093                           opt subtitle "HI-TECH Software Omniscient Code Generator (Lite mode) build 49521"
  1094  078D  081A               	movf	(26),w	;volatile
  1095  078E  2F8F               	goto	l67
  1096                           opt subtitle "HI-TECH Software Omniscient Code Generator (Lite mode) build 49521"
  1097  078F                     l542:	
  1098                           opt subtitle "HI-TECH Software Omniscient Code Generator (Lite mode) build 49521"
  1099                           
  1100  078F                     l67:	
  1101  078F  0008               	return
  1102                           opt subtitle "HI-TECH Software Omniscient Code Generator (Lite mode) build 49521"
  1103                           
  1104  0790                     	__end_of_getch:
  1105                           opt subtitle "HI-TECH Software Omniscient Code Generator (Lite mode) build 49521"
  1106                           
  1107                           opt pagewidth 120
  1108  0000                     __ptext72:	;psect for function _getch
  1109                           opt subtitle "HI-TECH Software Omniscient Code Generator (Lite mode) build 49521"
  1110  007E                     	btemp set 07Eh
  1111                           opt subtitle "HI-TECH Software Omniscient Code Generator (Lite mode) build 49521"
  1112                           
  1113                           opt pagewidth 120
  1114  007E                     	wtemp0 set btemp


Data Sizes:
    Strings     0
    Constant    0
    Data        0
    BSS         0
    Persistent  0
    Stack       0

Auto Spaces:
    Space          Size  Autos    Used
    COMMON           14      6       6
    BANK0            80      0       0
    BANK1            80      0       0
    BANK3            96      0       0
    BANK2            96      0       0

Pointer List with Targets:

    None.

Critical Paths under _main in COMMON

    _main->_getche
    _getche->_putch

Critical Paths under _main in BANK0

    None.

Critical Paths under _main in BANK1

    None.

Critical Paths under _main in BANK3

    None.

Critical Paths under _main in BANK2

    None.

Call Graph Tables:

 ---------------------------------------------------------------------------------
 (Depth) Function   	        Calls       Base Space   Used Autos Params    Refs
 ---------------------------------------------------------------------------------
 (0) _main                                                 4     4      0      90
                                              2 COMMON     4     4      0
                               _init
                             _getche
 ---------------------------------------------------------------------------------
 (1) _init                                                 0     0      0       0
                         _init_comms
 ---------------------------------------------------------------------------------
 (2) _init_comms                                           0     0      0       0
 ---------------------------------------------------------------------------------
 (1) _getche                                               1     1      0      30
                                              1 COMMON     1     1      0
                              _getch
                              _putch
 ---------------------------------------------------------------------------------
 (2) _putch                                                1     1      0      15
                                              0 COMMON     1     1      0
 ---------------------------------------------------------------------------------
 (2) _getch                                                0     0      0       0
 ---------------------------------------------------------------------------------
 Estimated maximum stack depth 2
 ---------------------------------------------------------------------------------

 Call Graph Graphs:

 _main (ROOT)
   _init
     _init_comms
   _getche
     _getch
     _putch

 Address spaces:
Name               Size   Autos  Total    Cost      Usage
BITCOMMON            E      0       0       0        0.0%
EEDATA             100      0       0       0        0.0%
NULL                 0      0       0       0        0.0%
CODE                 0      0       0       0        0.0%
COMMON               E      6       6       1       42.9%
BITSFR0              0      0       0       1        0.0%
SFR0                 0      0       0       1        0.0%
BITSFR1              0      0       0       2        0.0%
SFR1                 0      0       0       2        0.0%
STACK                0      0       2       2        0.0%
ABS                  0      0       0       3        0.0%
BITBANK0            50      0       0       4        0.0%
BITSFR3              0      0       0       4        0.0%
SFR3                 0      0       0       4        0.0%
BANK0               50      0       0       5        0.0%
BITSFR2              0      0       0       5        0.0%
SFR2                 0      0       0       5        0.0%
BITBANK1            50      0       0       6        0.0%
BANK1               50      0       0       7        0.0%
BITBANK3            60      0       0       8        0.0%
BANK3               60      0       0       9        0.0%
BITBANK2            60      0       0      10        0.0%
BANK2               60      0       0      11        0.0%
DATA                 0      0       0      12        0.0%


Microchip Technology PIC Macro Assembler V1.12 build 49521 
Symbol Table                                                                                   Thu Mar 21 19:53:02 2013

            __CFG_CP$OFF 0000                       l30 07DE                       l23 07BA  
                     l31 07F5                       l32 07E3                       l33 07E8  
                     l34 07FC                       l26 07BE                       l35 07FD  
                     l27 07F7                       l60 0799                       l36 07FE  
                     l28 07F6                       l61 079B                       l37 07FE  
                     l29 07ED                       l70 0784                       l64 0786  
                     l65 0786                       l73 07AA                       l66 078D  
                     l58 0792                       l67 078F                       l59 0792  
                     u10 0798                       u11 0797                       u20 078C  
                     u21 078B                       u30 07CA                       u31 07C9  
                     u40 07DC                       u41 07DB                      l530 079C  
                    l540 078D                      l532 07A0                      l542 078F  
                    l534 0791                      l550 07B7                      l536 0799  
                    l552 077B                      l544 07AB                      l560 07C4  
                    l538 0785                      l554 0782                      l546 07AF  
                    l562 07CA                      l556 0784                      l548 07B0  
                    l564 07D6                      l566 07DD                      l558 07BB  
                    l568 07ED                      _RA0 0028                      _RA1 0029  
           __CFG_CPD$OFF 0000             __CFG_LVP$OFF 0000              main@command 0075  
                   _RCIF 0065                     _TXIF 0064             __CFG_WRT$OFF 0000  
                   _main 07BB                     _init 07AB                     btemp 007E  
                   start 0000            __CFG_IESO$OFF 0000             main@checksum 0074  
                  ?_main 0070                    ?_init 0070            __CFG_WDTE$OFF 0000  
                  _ANSEL 009B           __CFG_DEBUG$OFF 0000                    _RCREG 001A  
                  _RCSTA 0018                    _SPBRG 0099                    _PORTA 0005  
                  _PORTB 0006                    _TRISA 0085                    _TRISB 0086  
                  _TXREG 0019                    _TXSTA 0098           __CFG_CCPMX$RB0 0000  
         __CFG_FCMEN$OFF 0000                    _getch 0785                    _putch 0790  
         __CFG_BOREN$OFF 0000                    status 0003                    wtemp0 007E  
         __CFG_MCLRE$OFF 0000          __initialization 0778             __end_of_main 0800  
           __end_of_init 07BB                   ??_main 0072                   ??_init 0070  
                 ?_getch 0070                   ?_putch 0070                   _OSCCON 008F  
                 _TRISB2 0432                   _TRISB5 0435           __CFG_PWRTE$OFF 0000  
                 _getche 077B  __end_of__initialization 0778           __pcstackCOMMON 0070  
          __end_of_getch 0790            __end_of_putch 079C                  ??_getch 0070  
                ??_putch 0070               __pmaintext 07BB                  ?_getche 0070  
        __size_of_getche 000A               _init_comms 079C                  getche@c 0071  
   end_of_initialization 0778              ?_init_comms 0070           __end_of_getche 0785  
    start_initialization 0778                 ??_getche 0071      __size_of_init_comms 000F  
         __size_of_getch 000B           __size_of_putch 000C             ??_init_comms 0070  
               __ptext70 0790                 __ptext71 0785                 __ptext72 0000  
               __ptext66 0000                 __ptext67 07AB                 __ptext68 079C  
               __ptext69 077B            __size_of_main 0045       __end_of_init_comms 07AB  
          __size_of_init 0010                 main@temp 0073                putch@byte 0070  
     __CFG_FOSC$INTOSCIO 0000  
