

Microchip Technology PIC LITE Macro Assembler V1.12 build 49521 
                                                                                               Wed Mar 20 04:51:55 2013

HI-TECH Software Omniscient Code Generator (Lite mode) build 49521
     1  0000                     opt subtitle "HI-TECH Software Omniscient Code Generator (Lite mode) build 49521"
     2                           opt subtitle "HI-TECH Software Omniscient Code Generator (Lite mode) build 49521"
     3                           
     4                           opt pagewidth 120
     5                           
     6                           	opt lm
     7                           
     8                           	processor	16F88
     9                           clrc	macro
    10  0000                     	endm
    11                           opt subtitle "HI-TECH Software Omniscient Code Generator (Lite mode) build 49521"
    12                           
    13  0000                     	endm
    14                           opt subtitle "HI-TECH Software Omniscient Code Generator (Lite mode) build 49521"
    15                           
    16  0000                     	endm
    17                           opt subtitle "HI-TECH Software Omniscient Code Generator (Lite mode) build 49521"
    18                           
    19  0000                     	endm
    20                           opt subtitle "HI-TECH Software Omniscient Code Generator (Lite mode) build 49521"
    21                           
    22  0000                     	endm
    23                           opt subtitle "HI-TECH Software Omniscient Code Generator (Lite mode) build 49521"
    24                           
    25  0000                     	endm
    26                           opt subtitle "HI-TECH Software Omniscient Code Generator (Lite mode) build 49521"
    27                           
    28  0000                     	endm
    29                           opt subtitle "HI-TECH Software Omniscient Code Generator (Lite mode) build 49521"
    30                           
    31  0000                     	endm
    32  0000                     indf	equ	0
    33  0000                     indf0	equ	0
    34  0002                     pc	equ	2
    35  0002                     pcl	equ	2
    36  0003                     status	equ	3
    37  0004                     fsr	equ	4
    38  0004                     fsr0	equ	4
    39  0001                     c	equ	1
    40  0000                     z	equ	0
    41  000A                     pclath	equ	10
    42                           opt subtitle "HI-TECH Software Omniscient Code Generator (Lite mode) build 49521"
    43  0000                     INDF equ 00h ;# 
    44                           opt subtitle "HI-TECH Software Omniscient Code Generator (Lite mode) build 49521"
    45  0001                     TMR0 equ 01h ;# 
    46                           opt subtitle "HI-TECH Software Omniscient Code Generator (Lite mode) build 49521"
    47  0002                     PCL equ 02h ;# 
    48                           opt subtitle "HI-TECH Software Omniscient Code Generator (Lite mode) build 49521"
    49  0003                     STATUS equ 03h ;# 
    50                           opt subtitle "HI-TECH Software Omniscient Code Generator (Lite mode) build 49521"
    51  0004                     FSR equ 04h ;# 
    52                           opt subtitle "HI-TECH Software Omniscient Code Generator (Lite mode) build 49521"
    53  0005                     PORTA equ 05h ;# 
    54                           opt subtitle "HI-TECH Software Omniscient Code Generator (Lite mode) build 49521"
    55  0006                     PORTB equ 06h ;# 
    56                           opt subtitle "HI-TECH Software Omniscient Code Generator (Lite mode) build 49521"
    57  000A                     PCLATH equ 0Ah ;# 
    58                           opt subtitle "HI-TECH Software Omniscient Code Generator (Lite mode) build 49521"
    59  000B                     INTCON equ 0Bh ;# 
    60                           opt subtitle "HI-TECH Software Omniscient Code Generator (Lite mode) build 49521"
    61  000C                     PIR1 equ 0Ch ;# 
    62                           opt subtitle "HI-TECH Software Omniscient Code Generator (Lite mode) build 49521"
    63  000D                     PIR2 equ 0Dh ;# 
    64                           opt subtitle "HI-TECH Software Omniscient Code Generator (Lite mode) build 49521"
    65  000E                     TMR1 equ 0Eh ;# 
    66                           opt subtitle "HI-TECH Software Omniscient Code Generator (Lite mode) build 49521"
    67  000E                     TMR1L equ 0Eh ;# 
    68                           opt subtitle "HI-TECH Software Omniscient Code Generator (Lite mode) build 49521"
    69  000F                     TMR1H equ 0Fh ;# 
    70                           opt subtitle "HI-TECH Software Omniscient Code Generator (Lite mode) build 49521"
    71  0010                     T1CON equ 010h ;# 
    72                           opt subtitle "HI-TECH Software Omniscient Code Generator (Lite mode) build 49521"
    73  0011                     TMR2 equ 011h ;# 
    74                           opt subtitle "HI-TECH Software Omniscient Code Generator (Lite mode) build 49521"
    75  0012                     T2CON equ 012h ;# 
    76                           opt subtitle "HI-TECH Software Omniscient Code Generator (Lite mode) build 49521"
    77  0013                     SSPBUF equ 013h ;# 
    78                           opt subtitle "HI-TECH Software Omniscient Code Generator (Lite mode) build 49521"
    79  0014                     SSPCON equ 014h ;# 
    80                           opt subtitle "HI-TECH Software Omniscient Code Generator (Lite mode) build 49521"
    81  0015                     CCPR1 equ 015h ;# 
    82                           opt subtitle "HI-TECH Software Omniscient Code Generator (Lite mode) build 49521"
    83  0015                     CCPR1L equ 015h ;# 
    84                           opt subtitle "HI-TECH Software Omniscient Code Generator (Lite mode) build 49521"
    85  0016                     CCPR1H equ 016h ;# 
    86                           opt subtitle "HI-TECH Software Omniscient Code Generator (Lite mode) build 49521"
    87  0017                     CCP1CON equ 017h ;# 
    88                           opt subtitle "HI-TECH Software Omniscient Code Generator (Lite mode) build 49521"
    89  0018                     RCSTA equ 018h ;# 
    90                           opt subtitle "HI-TECH Software Omniscient Code Generator (Lite mode) build 49521"
    91  0019                     TXREG equ 019h ;# 
    92                           opt subtitle "HI-TECH Software Omniscient Code Generator (Lite mode) build 49521"
    93  001A                     RCREG equ 01Ah ;# 
    94                           opt subtitle "HI-TECH Software Omniscient Code Generator (Lite mode) build 49521"
    95  001E                     ADRESH equ 01Eh ;# 
    96                           opt subtitle "HI-TECH Software Omniscient Code Generator (Lite mode) build 49521"
    97  001F                     ADCON0 equ 01Fh ;# 
    98                           opt subtitle "HI-TECH Software Omniscient Code Generator (Lite mode) build 49521"
    99  0081                     OPTION_REG equ 081h ;# 
   100                           opt subtitle "HI-TECH Software Omniscient Code Generator (Lite mode) build 49521"
   101  0085                     TRISA equ 085h ;# 
   102                           opt subtitle "HI-TECH Software Omniscient Code Generator (Lite mode) build 49521"
   103  0086                     TRISB equ 086h ;# 
   104                           opt subtitle "HI-TECH Software Omniscient Code Generator (Lite mode) build 49521"
   105  008C                     PIE1 equ 08Ch ;# 
   106                           opt subtitle "HI-TECH Software Omniscient Code Generator (Lite mode) build 49521"
   107  008D                     PIE2 equ 08Dh ;# 
   108                           opt subtitle "HI-TECH Software Omniscient Code Generator (Lite mode) build 49521"
   109  008E                     PCON equ 08Eh ;# 
   110                           opt subtitle "HI-TECH Software Omniscient Code Generator (Lite mode) build 49521"
   111  008F                     OSCCON equ 08Fh ;# 
   112                           opt subtitle "HI-TECH Software Omniscient Code Generator (Lite mode) build 49521"
   113  0090                     OSCTUNE equ 090h ;# 
   114                           opt subtitle "HI-TECH Software Omniscient Code Generator (Lite mode) build 49521"
   115  0092                     PR2 equ 092h ;# 
   116                           opt subtitle "HI-TECH Software Omniscient Code Generator (Lite mode) build 49521"
   117  0093                     SSPADD equ 093h ;# 
   118                           opt subtitle "HI-TECH Software Omniscient Code Generator (Lite mode) build 49521"
   119  0094                     SSPSTAT equ 094h ;# 
   120                           opt subtitle "HI-TECH Software Omniscient Code Generator (Lite mode) build 49521"
   121  0098                     TXSTA equ 098h ;# 
   122                           opt subtitle "HI-TECH Software Omniscient Code Generator (Lite mode) build 49521"
   123  0099                     SPBRG equ 099h ;# 
   124                           opt subtitle "HI-TECH Software Omniscient Code Generator (Lite mode) build 49521"
   125  009B                     ANSEL equ 09Bh ;# 
   126                           opt subtitle "HI-TECH Software Omniscient Code Generator (Lite mode) build 49521"
   127  009C                     CMCON equ 09Ch ;# 
   128                           opt subtitle "HI-TECH Software Omniscient Code Generator (Lite mode) build 49521"
   129  009D                     CVRCON equ 09Dh ;# 
   130                           opt subtitle "HI-TECH Software Omniscient Code Generator (Lite mode) build 49521"
   131  009E                     ADRESL equ 09Eh ;# 
   132                           opt subtitle "HI-TECH Software Omniscient Code Generator (Lite mode) build 49521"
   133  009F                     ADCON1 equ 09Fh ;# 
   134                           opt subtitle "HI-TECH Software Omniscient Code Generator (Lite mode) build 49521"
   135  0105                     WDTCON equ 0105h ;# 
   136                           opt subtitle "HI-TECH Software Omniscient Code Generator (Lite mode) build 49521"
   137  010C                     EEDATA equ 010Ch ;# 
   138                           opt subtitle "HI-TECH Software Omniscient Code Generator (Lite mode) build 49521"
   139  010D                     EEADR equ 010Dh ;# 
   140                           opt subtitle "HI-TECH Software Omniscient Code Generator (Lite mode) build 49521"
   141  010E                     EEDATH equ 010Eh ;# 
   142                           opt subtitle "HI-TECH Software Omniscient Code Generator (Lite mode) build 49521"
   143  010F                     EEADRH equ 010Fh ;# 
   144                           opt subtitle "HI-TECH Software Omniscient Code Generator (Lite mode) build 49521"
   145  018C                     EECON1 equ 018Ch ;# 
   146                           opt subtitle "HI-TECH Software Omniscient Code Generator (Lite mode) build 49521"
   147  018D                     EECON2 equ 018Dh ;# 
   148                           opt subtitle "HI-TECH Software Omniscient Code Generator (Lite mode) build 49521"
   149  0000                     INDF equ 00h ;# 
   150                           opt subtitle "HI-TECH Software Omniscient Code Generator (Lite mode) build 49521"
   151  0001                     TMR0 equ 01h ;# 
   152                           opt subtitle "HI-TECH Software Omniscient Code Generator (Lite mode) build 49521"
   153  0002                     PCL equ 02h ;# 
   154                           opt subtitle "HI-TECH Software Omniscient Code Generator (Lite mode) build 49521"
   155  0003                     STATUS equ 03h ;# 
   156                           opt subtitle "HI-TECH Software Omniscient Code Generator (Lite mode) build 49521"
   157  0004                     FSR equ 04h ;# 
   158                           opt subtitle "HI-TECH Software Omniscient Code Generator (Lite mode) build 49521"
   159  0005                     PORTA equ 05h ;# 
   160                           opt subtitle "HI-TECH Software Omniscient Code Generator (Lite mode) build 49521"
   161  0006                     PORTB equ 06h ;# 
   162                           opt subtitle "HI-TECH Software Omniscient Code Generator (Lite mode) build 49521"
   163  000A                     PCLATH equ 0Ah ;# 
   164                           opt subtitle "HI-TECH Software Omniscient Code Generator (Lite mode) build 49521"
   165  000B                     INTCON equ 0Bh ;# 
   166                           opt subtitle "HI-TECH Software Omniscient Code Generator (Lite mode) build 49521"
   167  000C                     PIR1 equ 0Ch ;# 
   168                           opt subtitle "HI-TECH Software Omniscient Code Generator (Lite mode) build 49521"
   169  000D                     PIR2 equ 0Dh ;# 
   170                           opt subtitle "HI-TECH Software Omniscient Code Generator (Lite mode) build 49521"
   171  000E                     TMR1 equ 0Eh ;# 
   172                           opt subtitle "HI-TECH Software Omniscient Code Generator (Lite mode) build 49521"
   173  000E                     TMR1L equ 0Eh ;# 
   174                           opt subtitle "HI-TECH Software Omniscient Code Generator (Lite mode) build 49521"
   175  000F                     TMR1H equ 0Fh ;# 
   176                           opt subtitle "HI-TECH Software Omniscient Code Generator (Lite mode) build 49521"
   177  0010                     T1CON equ 010h ;# 
   178                           opt subtitle "HI-TECH Software Omniscient Code Generator (Lite mode) build 49521"
   179  0011                     TMR2 equ 011h ;# 
   180                           opt subtitle "HI-TECH Software Omniscient Code Generator (Lite mode) build 49521"
   181  0012                     T2CON equ 012h ;# 
   182                           opt subtitle "HI-TECH Software Omniscient Code Generator (Lite mode) build 49521"
   183  0013                     SSPBUF equ 013h ;# 
   184                           opt subtitle "HI-TECH Software Omniscient Code Generator (Lite mode) build 49521"
   185  0014                     SSPCON equ 014h ;# 
   186                           opt subtitle "HI-TECH Software Omniscient Code Generator (Lite mode) build 49521"
   187  0015                     CCPR1 equ 015h ;# 
   188                           opt subtitle "HI-TECH Software Omniscient Code Generator (Lite mode) build 49521"
   189  0015                     CCPR1L equ 015h ;# 
   190                           opt subtitle "HI-TECH Software Omniscient Code Generator (Lite mode) build 49521"
   191  0016                     CCPR1H equ 016h ;# 
   192                           opt subtitle "HI-TECH Software Omniscient Code Generator (Lite mode) build 49521"
   193  0017                     CCP1CON equ 017h ;# 
   194                           opt subtitle "HI-TECH Software Omniscient Code Generator (Lite mode) build 49521"
   195  0018                     RCSTA equ 018h ;# 
   196                           opt subtitle "HI-TECH Software Omniscient Code Generator (Lite mode) build 49521"
   197  0019                     TXREG equ 019h ;# 
   198                           opt subtitle "HI-TECH Software Omniscient Code Generator (Lite mode) build 49521"
   199  001A                     RCREG equ 01Ah ;# 
   200                           opt subtitle "HI-TECH Software Omniscient Code Generator (Lite mode) build 49521"
   201  001E                     ADRESH equ 01Eh ;# 
   202                           opt subtitle "HI-TECH Software Omniscient Code Generator (Lite mode) build 49521"
   203  001F                     ADCON0 equ 01Fh ;# 
   204                           opt subtitle "HI-TECH Software Omniscient Code Generator (Lite mode) build 49521"
   205  0081                     OPTION_REG equ 081h ;# 
   206                           opt subtitle "HI-TECH Software Omniscient Code Generator (Lite mode) build 49521"
   207  0085                     TRISA equ 085h ;# 
   208                           opt subtitle "HI-TECH Software Omniscient Code Generator (Lite mode) build 49521"
   209  0086                     TRISB equ 086h ;# 
   210                           opt subtitle "HI-TECH Software Omniscient Code Generator (Lite mode) build 49521"
   211  008C                     PIE1 equ 08Ch ;# 
   212                           opt subtitle "HI-TECH Software Omniscient Code Generator (Lite mode) build 49521"
   213  008D                     PIE2 equ 08Dh ;# 
   214                           opt subtitle "HI-TECH Software Omniscient Code Generator (Lite mode) build 49521"
   215  008E                     PCON equ 08Eh ;# 
   216                           opt subtitle "HI-TECH Software Omniscient Code Generator (Lite mode) build 49521"
   217  008F                     OSCCON equ 08Fh ;# 
   218                           opt subtitle "HI-TECH Software Omniscient Code Generator (Lite mode) build 49521"
   219  0090                     OSCTUNE equ 090h ;# 
   220                           opt subtitle "HI-TECH Software Omniscient Code Generator (Lite mode) build 49521"
   221  0092                     PR2 equ 092h ;# 
   222                           opt subtitle "HI-TECH Software Omniscient Code Generator (Lite mode) build 49521"
   223  0093                     SSPADD equ 093h ;# 
   224                           opt subtitle "HI-TECH Software Omniscient Code Generator (Lite mode) build 49521"
   225  0094                     SSPSTAT equ 094h ;# 
   226                           opt subtitle "HI-TECH Software Omniscient Code Generator (Lite mode) build 49521"
   227  0098                     TXSTA equ 098h ;# 
   228                           opt subtitle "HI-TECH Software Omniscient Code Generator (Lite mode) build 49521"
   229  0099                     SPBRG equ 099h ;# 
   230                           opt subtitle "HI-TECH Software Omniscient Code Generator (Lite mode) build 49521"
   231  009B                     ANSEL equ 09Bh ;# 
   232                           opt subtitle "HI-TECH Software Omniscient Code Generator (Lite mode) build 49521"
   233  009C                     CMCON equ 09Ch ;# 
   234                           opt subtitle "HI-TECH Software Omniscient Code Generator (Lite mode) build 49521"
   235  009D                     CVRCON equ 09Dh ;# 
   236                           opt subtitle "HI-TECH Software Omniscient Code Generator (Lite mode) build 49521"
   237  009E                     ADRESL equ 09Eh ;# 
   238                           opt subtitle "HI-TECH Software Omniscient Code Generator (Lite mode) build 49521"
   239  009F                     ADCON1 equ 09Fh ;# 
   240                           opt subtitle "HI-TECH Software Omniscient Code Generator (Lite mode) build 49521"
   241  0105                     WDTCON equ 0105h ;# 
   242                           opt subtitle "HI-TECH Software Omniscient Code Generator (Lite mode) build 49521"
   243  010C                     EEDATA equ 010Ch ;# 
   244                           opt subtitle "HI-TECH Software Omniscient Code Generator (Lite mode) build 49521"
   245  010D                     EEADR equ 010Dh ;# 
   246                           opt subtitle "HI-TECH Software Omniscient Code Generator (Lite mode) build 49521"
   247  010E                     EEDATH equ 010Eh ;# 
   248                           opt subtitle "HI-TECH Software Omniscient Code Generator (Lite mode) build 49521"
   249  010F                     EEADRH equ 010Fh ;# 
   250                           opt subtitle "HI-TECH Software Omniscient Code Generator (Lite mode) build 49521"
   251  018C                     EECON1 equ 018Ch ;# 
   252                           opt subtitle "HI-TECH Software Omniscient Code Generator (Lite mode) build 49521"
   253  018D                     EECON2 equ 018Dh ;# 
   254                           opt subtitle "HI-TECH Software Omniscient Code Generator (Lite mode) build 49521"
   255                           
   256                           opt pagewidth 120
   257                           
   258                           	opt lm
   259  001A                     _RCREG	set	0x1A
   260                           opt subtitle "HI-TECH Software Omniscient Code Generator (Lite mode) build 49521"
   261  0018                     _RCSTA	set	0x18
   262                           opt subtitle "HI-TECH Software Omniscient Code Generator (Lite mode) build 49521"
   263  0019                     _TXREG	set	0x19
   264                           opt subtitle "HI-TECH Software Omniscient Code Generator (Lite mode) build 49521"
   265  0028                     _RA0	set	0x28
   266                           opt subtitle "HI-TECH Software Omniscient Code Generator (Lite mode) build 49521"
   267  0029                     _RA1	set	0x29
   268                           opt subtitle "HI-TECH Software Omniscient Code Generator (Lite mode) build 49521"
   269  002A                     _RA2	set	0x2A
   270                           opt subtitle "HI-TECH Software Omniscient Code Generator (Lite mode) build 49521"
   271  002B                     _RA3	set	0x2B
   272                           opt subtitle "HI-TECH Software Omniscient Code Generator (Lite mode) build 49521"
   273  002E                     _RA6	set	0x2E
   274                           opt subtitle "HI-TECH Software Omniscient Code Generator (Lite mode) build 49521"
   275  0065                     _RCIF	set	0x65
   276                           opt subtitle "HI-TECH Software Omniscient Code Generator (Lite mode) build 49521"
   277  0064                     _TXIF	set	0x64
   278                           opt subtitle "HI-TECH Software Omniscient Code Generator (Lite mode) build 49521"
   279  009B                     _ANSEL	set	0x9B
   280                           opt subtitle "HI-TECH Software Omniscient Code Generator (Lite mode) build 49521"
   281  008F                     _OSCCON	set	0x8F
   282                           opt subtitle "HI-TECH Software Omniscient Code Generator (Lite mode) build 49521"
   283  0099                     _SPBRG	set	0x99
   284                           opt subtitle "HI-TECH Software Omniscient Code Generator (Lite mode) build 49521"
   285  0085                     _TRISA	set	0x85
   286                           opt subtitle "HI-TECH Software Omniscient Code Generator (Lite mode) build 49521"
   287  0086                     _TRISB	set	0x86
   288                           opt subtitle "HI-TECH Software Omniscient Code Generator (Lite mode) build 49521"
   289  0098                     _TXSTA	set	0x98
   290                           opt subtitle "HI-TECH Software Omniscient Code Generator (Lite mode) build 49521"
   291  0432                     _TRISB2	set	0x432
   292                           opt subtitle "HI-TECH Software Omniscient Code Generator (Lite mode) build 49521"
   293  0435                     _TRISB5	set	0x435
   294                           opt subtitle "HI-TECH Software Omniscient Code Generator (Lite mode) build 49521"
   295                           
   296  0000                     __ptext100:	;psect for function _init_comms
   297                           opt subtitle "HI-TECH Software Omniscient Code Generator (Lite mode) build 49521"
   298                           
   299  0000                     __CFG_BOREN$OFF equ 0x0
   300                           opt subtitle "HI-TECH Software Omniscient Code Generator (Lite mode) build 49521"
   301  0000                     __CFG_CPD$OFF equ 0x0
   302                           opt subtitle "HI-TECH Software Omniscient Code Generator (Lite mode) build 49521"
   303  0000                     __CFG_CCPMX$RB0 equ 0x0
   304                           opt subtitle "HI-TECH Software Omniscient Code Generator (Lite mode) build 49521"
   305  0000                     __CFG_DEBUG$OFF equ 0x0
   306                           opt subtitle "HI-TECH Software Omniscient Code Generator (Lite mode) build 49521"
   307  0000                     __CFG_WRT$OFF equ 0x0
   308                           opt subtitle "HI-TECH Software Omniscient Code Generator (Lite mode) build 49521"
   309  0000                     __CFG_FOSC$INTOSCIO equ 0x0
   310                           opt subtitle "HI-TECH Software Omniscient Code Generator (Lite mode) build 49521"
   311  0000                     __CFG_MCLRE$OFF equ 0x0
   312                           opt subtitle "HI-TECH Software Omniscient Code Generator (Lite mode) build 49521"
   313  0000                     __CFG_WDTE$OFF equ 0x0
   314                           opt subtitle "HI-TECH Software Omniscient Code Generator (Lite mode) build 49521"
   315  0000                     __CFG_CP$OFF equ 0x0
   316                           opt subtitle "HI-TECH Software Omniscient Code Generator (Lite mode) build 49521"
   317  0000                     __CFG_LVP$OFF equ 0x0
   318                           opt subtitle "HI-TECH Software Omniscient Code Generator (Lite mode) build 49521"
   319  0000                     __CFG_PWRTE$OFF equ 0x0
   320                           opt subtitle "HI-TECH Software Omniscient Code Generator (Lite mode) build 49521"
   321  0000                     __CFG_IESO$OFF equ 0x0
   322                           opt subtitle "HI-TECH Software Omniscient Code Generator (Lite mode) build 49521"
   323  0000                     __CFG_FCMEN$OFF equ 0x0
   324                           opt subtitle "HI-TECH Software Omniscient Code Generator (Lite mode) build 49521"
   325                           
   326                           opt pagewidth 120
   327                           
   328  06D4                     start_initialization:
   329                           opt subtitle "HI-TECH Software Omniscient Code Generator (Lite mode) build 49521"
   330                           
   331  06D4                     __initialization:
   332                           opt subtitle "HI-TECH Software Omniscient Code Generator (Lite mode) build 49521"
   333                           
   334                           opt pagewidth 120
   335                           
   336                           	opt lm
   337  06D4                     end_of_initialization:
   338  06D4                     __end_of__initialization:clrf status
      + 06D4  0183               	clrf	3
   339  06D5  118A  2EFE         ljmp _main	;jump to C main() function
   340                           opt subtitle "HI-TECH Software Omniscient Code Generator (Lite mode) build 49521"
   341                           
   342  0070                     __pcstackCOMMON:
   343  0070                     ?_putch:	; 0 bytes @ 0x0
   344  0070                     ??_putch:	; 0 bytes @ 0x0
   345  0070                     ?_init_comms:	; 0 bytes @ 0x0
   346  0070                     ??_init_comms:	; 0 bytes @ 0x0
   347  0070                     ?_init:	; 0 bytes @ 0x0
   348  0070                     ??_init:	; 0 bytes @ 0x0
   349  0070                     ?_main:	; 2 bytes @ 0x0
   350                           opt subtitle "HI-TECH Software Omniscient Code Generator (Lite mode) build 49521"
   351  0070                     putch@byte:	; 1 bytes @ 0x0
   352  0070                     	ds	1
   353  0071                     ??_main:	; 0 bytes @ 0x1
   354  0071                     	ds	2
   355                           opt subtitle "HI-TECH Software Omniscient Code Generator (Lite mode) build 49521"
   356                           
   357  0020                     __pcstackBANK0:
   358                           opt subtitle "HI-TECH Software Omniscient Code Generator (Lite mode) build 49521"
   359  0020                     main@command:	; 1 bytes @ 0x0
   360  0020                     	ds	1
   361                           opt subtitle "HI-TECH Software Omniscient Code Generator (Lite mode) build 49521"
   362  0021                     main@teamLED:	; 1 bytes @ 0x1
   363  0021                     	ds	1
   364                           opt subtitle "HI-TECH Software Omniscient Code Generator (Lite mode) build 49521"
   365  0022                     main@motorLeft:	; 1 bytes @ 0x2
   366  0022                     	ds	1
   367                           opt subtitle "HI-TECH Software Omniscient Code Generator (Lite mode) build 49521"
   368  0023                     main@motorRight:	; 1 bytes @ 0x3
   369  0023                     	ds	1
   370                           opt subtitle "HI-TECH Software Omniscient Code Generator (Lite mode) build 49521"
   371  0024                     main@leftForward:	; 2 bytes @ 0x4
   372  0024                     	ds	2
   373                           opt subtitle "HI-TECH Software Omniscient Code Generator (Lite mode) build 49521"
   374  0026                     main@rightForward:	; 2 bytes @ 0x6
   375  0026                     	ds	2
   376                           opt subtitle "HI-TECH Software Omniscient Code Generator (Lite mode) build 49521"
   377  0028                     main@leftBackward:	; 2 bytes @ 0x8
   378  0028                     	ds	2
   379                           opt subtitle "HI-TECH Software Omniscient Code Generator (Lite mode) build 49521"
   380  002A                     main@rightBackward:	; 2 bytes @ 0xA
   381  002A                     	ds	2
   382                           opt subtitle "HI-TECH Software Omniscient Code Generator (Lite mode) build 49521"
   383                           
   384                           opt pagewidth 120
   385                           
   386                           	opt lm
   387                           
   388                           	processor	16F88
   389                           clrc	macro
   390                           	bcf	3,0
   391                           	endm
   392                           clrz	macro
   393                           	bcf	3,2
   394                           	endm
   395                           setc	macro
   396                           	bsf	3,0
   397                           	endm
   398                           setz	macro
   399                           	bsf	3,2
   400                           	endm
   401                           skipc	macro
   402                           	btfss	3,0
   403                           	endm
   404                           skipz	macro
   405                           	btfss	3,2
   406                           	endm
   407                           skipnc	macro
   408                           	btfsc	3,0
   409                           	endm
   410                           skipnz	macro
   411                           	btfsc	3,2
   412                           	endm
   413                           indf	equ	0
   414                           indf0	equ	0
   415                           pc	equ	2
   416                           pcl	equ	2
   417                           status	equ	3
   418                           fsr	equ	4
   419                           fsr0	equ	4
   420                           c	equ	1
   421                           z	equ	0
   422                           pclath	equ	10
   423                           # 46 "C:\Program Files (x86)\Microchip\xc8\v1.12\include\pic16f88.h"
   424                           INDF equ 00h ;# 
   425                           # 52 "C:\Program Files (x86)\Microchip\xc8\v1.12\include\pic16f88.h"
   426                           TMR0 equ 01h ;# 
   427                           # 58 "C:\Program Files (x86)\Microchip\xc8\v1.12\include\pic16f88.h"
   428                           PCL equ 02h ;# 
   429                           # 64 "C:\Program Files (x86)\Microchip\xc8\v1.12\include\pic16f88.h"
   430                           STATUS equ 03h ;# 
   431                           # 151 "C:\Program Files (x86)\Microchip\xc8\v1.12\include\pic16f88.h"
   432                           FSR equ 04h ;# 
   433                           # 157 "C:\Program Files (x86)\Microchip\xc8\v1.12\include\pic16f88.h"
   434                           PORTA equ 05h ;# 
   435                           # 218 "C:\Program Files (x86)\Microchip\xc8\v1.12\include\pic16f88.h"
   436                           PORTB equ 06h ;# 
   437                           # 279 "C:\Program Files (x86)\Microchip\xc8\v1.12\include\pic16f88.h"
   438                           PCLATH equ 0Ah ;# 
   439                           # 298 "C:\Program Files (x86)\Microchip\xc8\v1.12\include\pic16f88.h"
   440                           INTCON equ 0Bh ;# 
   441                           # 375 "C:\Program Files (x86)\Microchip\xc8\v1.12\include\pic16f88.h"
   442                           PIR1 equ 0Ch ;# 
   443                           # 430 "C:\Program Files (x86)\Microchip\xc8\v1.12\include\pic16f88.h"
   444                           PIR2 equ 0Dh ;# 
   445                           # 463 "C:\Program Files (x86)\Microchip\xc8\v1.12\include\pic16f88.h"
   446                           TMR1 equ 0Eh ;# 
   447                           # 469 "C:\Program Files (x86)\Microchip\xc8\v1.12\include\pic16f88.h"
   448                           TMR1L equ 0Eh ;# 
   449                           # 475 "C:\Program Files (x86)\Microchip\xc8\v1.12\include\pic16f88.h"
   450                           TMR1H equ 0Fh ;# 
   451                           # 481 "C:\Program Files (x86)\Microchip\xc8\v1.12\include\pic16f88.h"
   452                           T1CON equ 010h ;# 
   453                           # 552 "C:\Program Files (x86)\Microchip\xc8\v1.12\include\pic16f88.h"
   454                           TMR2 equ 011h ;# 
   455                           # 558 "C:\Program Files (x86)\Microchip\xc8\v1.12\include\pic16f88.h"
   456                           T2CON equ 012h ;# 
   457                           # 628 "C:\Program Files (x86)\Microchip\xc8\v1.12\include\pic16f88.h"
   458                           SSPBUF equ 013h ;# 
   459                           # 634 "C:\Program Files (x86)\Microchip\xc8\v1.12\include\pic16f88.h"
   460                           SSPCON equ 014h ;# 
   461                           # 703 "C:\Program Files (x86)\Microchip\xc8\v1.12\include\pic16f88.h"
   462                           CCPR1 equ 015h ;# 
   463                           # 709 "C:\Program Files (x86)\Microchip\xc8\v1.12\include\pic16f88.h"
   464                           CCPR1L equ 015h ;# 
   465                           # 715 "C:\Program Files (x86)\Microchip\xc8\v1.12\include\pic16f88.h"
   466                           CCPR1H equ 016h ;# 
   467                           # 721 "C:\Program Files (x86)\Microchip\xc8\v1.12\include\pic16f88.h"
   468                           CCP1CON equ 017h ;# 
   469                           # 778 "C:\Program Files (x86)\Microchip\xc8\v1.12\include\pic16f88.h"
   470                           RCSTA equ 018h ;# 
   471                           # 872 "C:\Program Files (x86)\Microchip\xc8\v1.12\include\pic16f88.h"
   472                           TXREG equ 019h ;# 
   473                           # 878 "C:\Program Files (x86)\Microchip\xc8\v1.12\include\pic16f88.h"
   474                           RCREG equ 01Ah ;# 
   475                           # 884 "C:\Program Files (x86)\Microchip\xc8\v1.12\include\pic16f88.h"
   476                           ADRESH equ 01Eh ;# 
   477                           # 890 "C:\Program Files (x86)\Microchip\xc8\v1.12\include\pic16f88.h"
   478                           ADCON0 equ 01Fh ;# 
   479                           # 985 "C:\Program Files (x86)\Microchip\xc8\v1.12\include\pic16f88.h"
   480                           OPTION_REG equ 081h ;# 
   481                           # 1054 "C:\Program Files (x86)\Microchip\xc8\v1.12\include\pic16f88.h"
   482                           TRISA equ 085h ;# 
   483                           # 1115 "C:\Program Files (x86)\Microchip\xc8\v1.12\include\pic16f88.h"
   484                           TRISB equ 086h ;# 
   485                           # 1176 "C:\Program Files (x86)\Microchip\xc8\v1.12\include\pic16f88.h"
   486                           PIE1 equ 08Ch ;# 
   487                           # 1231 "C:\Program Files (x86)\Microchip\xc8\v1.12\include\pic16f88.h"
   488                           PIE2 equ 08Dh ;# 
   489                           # 1264 "C:\Program Files (x86)\Microchip\xc8\v1.12\include\pic16f88.h"
   490                           PCON equ 08Eh ;# 
   491                           # 1297 "C:\Program Files (x86)\Microchip\xc8\v1.12\include\pic16f88.h"
   492                           OSCCON equ 08Fh ;# 
   493                           # 1367 "C:\Program Files (x86)\Microchip\xc8\v1.12\include\pic16f88.h"
   494                           OSCTUNE equ 090h ;# 
   495                           # 1424 "C:\Program Files (x86)\Microchip\xc8\v1.12\include\pic16f88.h"
   496                           PR2 equ 092h ;# 
   497                           # 1430 "C:\Program Files (x86)\Microchip\xc8\v1.12\include\pic16f88.h"
   498                           SSPADD equ 093h ;# 
   499                           # 1436 "C:\Program Files (x86)\Microchip\xc8\v1.12\include\pic16f88.h"
   500                           SSPSTAT equ 094h ;# 
   501                           # 1604 "C:\Program Files (x86)\Microchip\xc8\v1.12\include\pic16f88.h"
   502                           TXSTA equ 098h ;# 
   503                           # 1684 "C:\Program Files (x86)\Microchip\xc8\v1.12\include\pic16f88.h"
   504                           SPBRG equ 099h ;# 
   505                           # 1690 "C:\Program Files (x86)\Microchip\xc8\v1.12\include\pic16f88.h"
   506                           ANSEL equ 09Bh ;# 
   507                           # 1745 "C:\Program Files (x86)\Microchip\xc8\v1.12\include\pic16f88.h"
   508                           CMCON equ 09Ch ;# 
   509                           # 1814 "C:\Program Files (x86)\Microchip\xc8\v1.12\include\pic16f88.h"
   510                           CVRCON equ 09Dh ;# 
   511                           # 1878 "C:\Program Files (x86)\Microchip\xc8\v1.12\include\pic16f88.h"
   512                           ADRESL equ 09Eh ;# 
   513                           # 1884 "C:\Program Files (x86)\Microchip\xc8\v1.12\include\pic16f88.h"
   514                           ADCON1 equ 09Fh ;# 
   515                           # 1931 "C:\Program Files (x86)\Microchip\xc8\v1.12\include\pic16f88.h"
   516                           WDTCON equ 0105h ;# 
   517                           # 1988 "C:\Program Files (x86)\Microchip\xc8\v1.12\include\pic16f88.h"
   518                           EEDATA equ 010Ch ;# 
   519                           # 1994 "C:\Program Files (x86)\Microchip\xc8\v1.12\include\pic16f88.h"
   520                           EEADR equ 010Dh ;# 
   521                           # 2000 "C:\Program Files (x86)\Microchip\xc8\v1.12\include\pic16f88.h"
   522                           EEDATH equ 010Eh ;# 
   523                           # 2006 "C:\Program Files (x86)\Microchip\xc8\v1.12\include\pic16f88.h"
   524                           EEADRH equ 010Fh ;# 
   525                           # 2012 "C:\Program Files (x86)\Microchip\xc8\v1.12\include\pic16f88.h"
   526                           EECON1 equ 018Ch ;# 
   527                           # 2062 "C:\Program Files (x86)\Microchip\xc8\v1.12\include\pic16f88.h"
   528                           EECON2 equ 018Dh ;# 
   529  06FE                     __pmaintext:	;psect for function _main
   530                           opt subtitle "HI-TECH Software Omniscient Code Generator (Lite mode) build 49521"
   531                           
   532                           opt pagewidth 120
   533                           
   534  0102                     	__size_of_main	equ	__end_of_main-_main
   535                           opt subtitle "HI-TECH Software Omniscient Code Generator (Lite mode) build 49521"
   536  06FE                     _main:	
   537                           opt subtitle "HI-TECH Software Omniscient Code Generator (Lite mode) build 49521"
   538                           
   539                           opt pagewidth 120
   540                           
   541  06FE                     l661:	
   542                           opt subtitle "HI-TECH Software Omniscient Code Generator (Lite mode) build 49521"
   543  06FE  118A  26D7  118A   	fcall	_init
   544                           opt subtitle "HI-TECH Software Omniscient Code Generator (Lite mode) build 49521"
   545                           
   546  0701                     l663:	
   547                           opt subtitle "HI-TECH Software Omniscient Code Generator (Lite mode) build 49521"
   548                           
   549                           opt pagewidth 120
   550                           
   551                           	opt lm
   552  0701  1283               	bcf	status, 5	;RP0=0, select bank0
   553  0702  1303               	bcf	status, 6	;RP1=0, select bank0
   554  0703  01A4               	clrf	(main@leftForward)
   555  0704  01A5               	clrf	(main@leftForward+1)
   556                           opt subtitle "HI-TECH Software Omniscient Code Generator (Lite mode) build 49521"
   557                           
   558  0705                     l665:	
   559                           opt subtitle "HI-TECH Software Omniscient Code Generator (Lite mode) build 49521"
   560  0705  01A6               	clrf	(main@rightForward)
   561  0706  01A7               	clrf	(main@rightForward+1)
   562                           opt subtitle "HI-TECH Software Omniscient Code Generator (Lite mode) build 49521"
   563                           
   564  0707                     l667:	
   565                           opt subtitle "HI-TECH Software Omniscient Code Generator (Lite mode) build 49521"
   566  0707  01A8               	clrf	(main@leftBackward)
   567  0708  01A9               	clrf	(main@leftBackward+1)
   568                           opt subtitle "HI-TECH Software Omniscient Code Generator (Lite mode) build 49521"
   569                           
   570  0709                     l669:	
   571                           opt subtitle "HI-TECH Software Omniscient Code Generator (Lite mode) build 49521"
   572  0709  01AA               	clrf	(main@rightBackward)
   573  070A  01AB               	clrf	(main@rightBackward+1)
   574  070B  2F0C               	goto	l671
   575                           opt subtitle "HI-TECH Software Omniscient Code Generator (Lite mode) build 49521"
   576                           
   577                           opt pagewidth 120
   578  070C                     l66:	
   579                           opt subtitle "HI-TECH Software Omniscient Code Generator (Lite mode) build 49521"
   580                           
   581  070C                     l671:	
   582                           opt subtitle "HI-TECH Software Omniscient Code Generator (Lite mode) build 49521"
   583  070C  1F05               	btfss	(46/8),(46)&7	;volatile
   584  070D  2F0F               	goto	u211
   585  070E  2F10               	goto	u210
   586  070F                     u211:
   587  070F  2F15               	goto	l67
   588  0710                     u210:
   589                           opt subtitle "HI-TECH Software Omniscient Code Generator (Lite mode) build 49521"
   590                           
   591  0710                     l673:	
   592                           opt subtitle "HI-TECH Software Omniscient Code Generator (Lite mode) build 49521"
   593  0710  3010               	movlw	(010h)
   594  0711  00F1               	movwf	(??_main+0)+0
   595  0712  0871               	movf	(??_main+0)+0,w
   596  0713  00A1               	movwf	(main@teamLED)
   597                           opt subtitle "HI-TECH Software Omniscient Code Generator (Lite mode) build 49521"
   598                           
   599  0714  2F16               	goto	l68
   600                           opt subtitle "HI-TECH Software Omniscient Code Generator (Lite mode) build 49521"
   601                           
   602  0715                     l67:	
   603                           opt subtitle "HI-TECH Software Omniscient Code Generator (Lite mode) build 49521"
   604                           
   605                           opt pagewidth 120
   606  0715  01A1               	clrf	(main@teamLED)
   607                           opt subtitle "HI-TECH Software Omniscient Code Generator (Lite mode) build 49521"
   608                           
   609  0716                     l68:	
   610                           opt subtitle "HI-TECH Software Omniscient Code Generator (Lite mode) build 49521"
   611                           
   612                           opt pagewidth 120
   613  0716  1805               	btfsc	(40/8),(40)&7	;volatile
   614  0717  2F19               	goto	u221
   615  0718  2F1A               	goto	u220
   616  0719                     u221:
   617  0719  2F32               	goto	l69
   618  071A                     u220:
   619                           opt subtitle "HI-TECH Software Omniscient Code Generator (Lite mode) build 49521"
   620  071A                     l675:	
   621  071A  0829               	movf	((main@leftBackward+1)),w
   622  071B  0428               	iorwf	((main@leftBackward)),w
   623  071C  1D03               	skipz
   624  071D  2F1F               	goto	u231
   625  071E  2F20               	goto	u230
   626  071F                     u231:
   627  071F  2F32               	goto	l69
   628  0720                     u230:
   629                           opt subtitle "HI-TECH Software Omniscient Code Generator (Lite mode) build 49521"
   630                           
   631  0720                     l677:	
   632                           opt subtitle "HI-TECH Software Omniscient Code Generator (Lite mode) build 49521"
   633  0720  3001               	movlw	low(01h)
   634  0721  00A4               	movwf	(main@leftForward)
   635  0722  3000               	movlw	high(01h)
   636  0723  00A5               	movwf	((main@leftForward))+1
   637                           opt subtitle "HI-TECH Software Omniscient Code Generator (Lite mode) build 49521"
   638                           
   639  0724  3004               	movlw	(04h)
   640  0725  00F1               	movwf	(??_main+0)+0
   641  0726  0871               	movf	(??_main+0)+0,w
   642  0727  00A2               	movwf	(main@motorLeft)
   643                           opt subtitle "HI-TECH Software Omniscient Code Generator (Lite mode) build 49521"
   644                           
   645                           opt pagewidth 120
   646  0728  3082               movlw	130
   647  0729  00F2               movwf	((??_main+0)+0+1),f
   648  072A  30DD               	movlw	221
   649  072B  00F1               movwf	((??_main+0)+0),f
   650  072C                     u387:
   651  072C  0BF1               	decfsz	((??_main+0)+0),f
   652  072D  2F2C               	goto	u387
   653  072E  0BF2               	decfsz	((??_main+0)+0+1),f
   654  072F  2F2C               	goto	u387
   655  0730  2F31               	nop2
   656                           opt subtitle "HI-TECH Software Omniscient Code Generator (Lite mode) build 49521"
   657                           
   658                           opt pagewidth 120
   659                           
   660  0731  2F4B               	goto	l687
   661                           opt subtitle "HI-TECH Software Omniscient Code Generator (Lite mode) build 49521"
   662                           
   663  0732                     l69:	
   664                           opt subtitle "HI-TECH Software Omniscient Code Generator (Lite mode) build 49521"
   665  0732  1C05               	btfss	(40/8),(40)&7	;volatile
   666  0733  2F35               	goto	u241
   667  0734  2F36               	goto	u240
   668  0735                     u241:
   669  0735  2F4B               	goto	l687
   670  0736                     u240:
   671                           opt subtitle "HI-TECH Software Omniscient Code Generator (Lite mode) build 49521"
   672  0736                     l679:	
   673  0736  3001               	movlw	01h
   674  0737  0624               	xorwf	(main@leftForward),w
   675  0738  0425               	iorwf	(main@leftForward+1),w
   676  0739  1D03               	skipz
   677  073A  2F3C               	goto	u251
   678  073B  2F3D               	goto	u250
   679  073C                     u251:
   680  073C  2F4B               	goto	l687
   681  073D                     u250:
   682                           opt subtitle "HI-TECH Software Omniscient Code Generator (Lite mode) build 49521"
   683                           
   684  073D                     l681:	
   685                           opt subtitle "HI-TECH Software Omniscient Code Generator (Lite mode) build 49521"
   686  073D  01A4               	clrf	(main@leftForward)
   687  073E  01A5               	clrf	(main@leftForward+1)
   688                           opt subtitle "HI-TECH Software Omniscient Code Generator (Lite mode) build 49521"
   689                           
   690  073F                     l683:	
   691                           opt subtitle "HI-TECH Software Omniscient Code Generator (Lite mode) build 49521"
   692  073F  01A2               	clrf	(main@motorLeft)
   693                           opt subtitle "HI-TECH Software Omniscient Code Generator (Lite mode) build 49521"
   694                           
   695  0740                     l685:	
   696                           opt subtitle "HI-TECH Software Omniscient Code Generator (Lite mode) build 49521"
   697                           
   698  0740  3082               movlw	130
   699  0741  00F2               movwf	((??_main+0)+0+1),f
   700  0742  30DD               	movlw	221
   701  0743  00F1               movwf	((??_main+0)+0),f
   702  0744                     u397:
   703  0744  0BF1               	decfsz	((??_main+0)+0),f
   704  0745  2F44               	goto	u397
   705  0746  0BF2               	decfsz	((??_main+0)+0+1),f
   706  0747  2F44               	goto	u397
   707  0748  2F49               	nop2
   708                           opt subtitle "HI-TECH Software Omniscient Code Generator (Lite mode) build 49521"
   709                           
   710  0749  2F4B               	goto	l687
   711                           opt subtitle "HI-TECH Software Omniscient Code Generator (Lite mode) build 49521"
   712                           
   713  074A                     l71:	
   714  074A  2F4B               	goto	l687
   715                           opt subtitle "HI-TECH Software Omniscient Code Generator (Lite mode) build 49521"
   716                           
   717  074B                     l70:	
   718                           opt subtitle "HI-TECH Software Omniscient Code Generator (Lite mode) build 49521"
   719  074B                     l687:	
   720                           opt subtitle "HI-TECH Software Omniscient Code Generator (Lite mode) build 49521"
   721                           
   722  074B  1283               	bcf	status, 5	;RP0=0, select bank0
   723  074C  1303               	bcf	status, 6	;RP1=0, select bank0
   724  074D  1885               	btfsc	(41/8),(41)&7	;volatile
   725  074E  2F50               	goto	u261
   726  074F  2F51               	goto	u260
   727  0750                     u261:
   728  0750  2F67               	goto	l72
   729  0751                     u260:
   730                           opt subtitle "HI-TECH Software Omniscient Code Generator (Lite mode) build 49521"
   731  0751                     l689:	
   732  0751  082B               	movf	((main@rightBackward+1)),w
   733  0752  042A               	iorwf	((main@rightBackward)),w
   734  0753  1D03               	skipz
   735  0754  2F56               	goto	u271
   736  0755  2F57               	goto	u270
   737  0756                     u271:
   738  0756  2F67               	goto	l72
   739  0757                     u270:
   740                           opt subtitle "HI-TECH Software Omniscient Code Generator (Lite mode) build 49521"
   741                           
   742  0757                     l691:	
   743                           opt subtitle "HI-TECH Software Omniscient Code Generator (Lite mode) build 49521"
   744  0757  3001               	movlw	low(01h)
   745  0758  00A6               	movwf	(main@rightForward)
   746  0759  3000               	movlw	high(01h)
   747  075A  00A7               	movwf	((main@rightForward))+1
   748                           opt subtitle "HI-TECH Software Omniscient Code Generator (Lite mode) build 49521"
   749                           
   750  075B                     l693:	
   751                           opt subtitle "HI-TECH Software Omniscient Code Generator (Lite mode) build 49521"
   752  075B  01A3               	clrf	(main@motorRight)
   753  075C  0AA3               	incf	(main@motorRight),f
   754                           opt subtitle "HI-TECH Software Omniscient Code Generator (Lite mode) build 49521"
   755                           
   756                           opt pagewidth 120
   757  075D  3082               movlw	130
   758  075E  00F2               movwf	((??_main+0)+0+1),f
   759  075F  30DD               	movlw	221
   760  0760  00F1               movwf	((??_main+0)+0),f
   761  0761                     u407:
   762  0761  0BF1               	decfsz	((??_main+0)+0),f
   763  0762  2F61               	goto	u407
   764  0763  0BF2               	decfsz	((??_main+0)+0+1),f
   765  0764  2F61               	goto	u407
   766  0765  2F66               	nop2
   767                           opt subtitle "HI-TECH Software Omniscient Code Generator (Lite mode) build 49521"
   768                           
   769                           opt pagewidth 120
   770                           
   771  0766  2F80               	goto	l703
   772                           opt subtitle "HI-TECH Software Omniscient Code Generator (Lite mode) build 49521"
   773                           
   774  0767                     l72:	
   775                           opt subtitle "HI-TECH Software Omniscient Code Generator (Lite mode) build 49521"
   776  0767  1C85               	btfss	(41/8),(41)&7	;volatile
   777  0768  2F6A               	goto	u281
   778  0769  2F6B               	goto	u280
   779  076A                     u281:
   780  076A  2F80               	goto	l703
   781  076B                     u280:
   782                           opt subtitle "HI-TECH Software Omniscient Code Generator (Lite mode) build 49521"
   783  076B                     l695:	
   784  076B  3001               	movlw	01h
   785  076C  0626               	xorwf	(main@rightForward),w
   786  076D  0427               	iorwf	(main@rightForward+1),w
   787  076E  1D03               	skipz
   788  076F  2F71               	goto	u291
   789  0770  2F72               	goto	u290
   790  0771                     u291:
   791  0771  2F80               	goto	l703
   792  0772                     u290:
   793                           opt subtitle "HI-TECH Software Omniscient Code Generator (Lite mode) build 49521"
   794                           
   795  0772                     l697:	
   796                           opt subtitle "HI-TECH Software Omniscient Code Generator (Lite mode) build 49521"
   797  0772  01A6               	clrf	(main@rightForward)
   798  0773  01A7               	clrf	(main@rightForward+1)
   799                           opt subtitle "HI-TECH Software Omniscient Code Generator (Lite mode) build 49521"
   800                           
   801  0774                     l699:	
   802                           opt subtitle "HI-TECH Software Omniscient Code Generator (Lite mode) build 49521"
   803  0774  01A3               	clrf	(main@motorRight)
   804                           opt subtitle "HI-TECH Software Omniscient Code Generator (Lite mode) build 49521"
   805                           
   806  0775                     l701:	
   807                           opt subtitle "HI-TECH Software Omniscient Code Generator (Lite mode) build 49521"
   808                           
   809  0775  3082               movlw	130
   810  0776  00F2               movwf	((??_main+0)+0+1),f
   811  0777  30DD               	movlw	221
   812  0778  00F1               movwf	((??_main+0)+0),f
   813  0779                     u417:
   814  0779  0BF1               	decfsz	((??_main+0)+0),f
   815  077A  2F79               	goto	u417
   816  077B  0BF2               	decfsz	((??_main+0)+0+1),f
   817  077C  2F79               	goto	u417
   818  077D  2F7E               	nop2
   819                           opt subtitle "HI-TECH Software Omniscient Code Generator (Lite mode) build 49521"
   820                           
   821  077E  2F80               	goto	l703
   822                           opt subtitle "HI-TECH Software Omniscient Code Generator (Lite mode) build 49521"
   823                           
   824  077F                     l74:	
   825  077F  2F80               	goto	l703
   826                           opt subtitle "HI-TECH Software Omniscient Code Generator (Lite mode) build 49521"
   827                           
   828  0780                     l73:	
   829                           opt subtitle "HI-TECH Software Omniscient Code Generator (Lite mode) build 49521"
   830  0780                     l703:	
   831                           opt subtitle "HI-TECH Software Omniscient Code Generator (Lite mode) build 49521"
   832                           
   833  0780  1283               	bcf	status, 5	;RP0=0, select bank0
   834  0781  1303               	bcf	status, 6	;RP1=0, select bank0
   835  0782  1905               	btfsc	(42/8),(42)&7	;volatile
   836  0783  2F85               	goto	u301
   837  0784  2F86               	goto	u300
   838  0785                     u301:
   839  0785  2F9E               	goto	l75
   840  0786                     u300:
   841                           opt subtitle "HI-TECH Software Omniscient Code Generator (Lite mode) build 49521"
   842  0786                     l705:	
   843  0786  0825               	movf	((main@leftForward+1)),w
   844  0787  0424               	iorwf	((main@leftForward)),w
   845  0788  1D03               	skipz
   846  0789  2F8B               	goto	u311
   847  078A  2F8C               	goto	u310
   848  078B                     u311:
   849  078B  2F9E               	goto	l75
   850  078C                     u310:
   851                           opt subtitle "HI-TECH Software Omniscient Code Generator (Lite mode) build 49521"
   852                           
   853  078C                     l707:	
   854                           opt subtitle "HI-TECH Software Omniscient Code Generator (Lite mode) build 49521"
   855  078C  3001               	movlw	low(01h)
   856  078D  00A8               	movwf	(main@leftBackward)
   857  078E  3000               	movlw	high(01h)
   858  078F  00A9               	movwf	((main@leftBackward))+1
   859                           opt subtitle "HI-TECH Software Omniscient Code Generator (Lite mode) build 49521"
   860                           
   861  0790  3008               	movlw	(08h)
   862  0791  00F1               	movwf	(??_main+0)+0
   863  0792  0871               	movf	(??_main+0)+0,w
   864  0793  00A2               	movwf	(main@motorLeft)
   865                           opt subtitle "HI-TECH Software Omniscient Code Generator (Lite mode) build 49521"
   866                           
   867                           opt pagewidth 120
   868  0794  3082               movlw	130
   869  0795  00F2               movwf	((??_main+0)+0+1),f
   870  0796  30DD               	movlw	221
   871  0797  00F1               movwf	((??_main+0)+0),f
   872  0798                     u427:
   873  0798  0BF1               	decfsz	((??_main+0)+0),f
   874  0799  2F98               	goto	u427
   875  079A  0BF2               	decfsz	((??_main+0)+0+1),f
   876  079B  2F98               	goto	u427
   877  079C  2F9D               	nop2
   878                           opt subtitle "HI-TECH Software Omniscient Code Generator (Lite mode) build 49521"
   879                           
   880                           opt pagewidth 120
   881                           
   882  079D  2FB7               	goto	l717
   883                           opt subtitle "HI-TECH Software Omniscient Code Generator (Lite mode) build 49521"
   884                           
   885  079E                     l75:	
   886                           opt subtitle "HI-TECH Software Omniscient Code Generator (Lite mode) build 49521"
   887  079E  1D05               	btfss	(42/8),(42)&7	;volatile
   888  079F  2FA1               	goto	u321
   889  07A0  2FA2               	goto	u320
   890  07A1                     u321:
   891  07A1  2FB7               	goto	l717
   892  07A2                     u320:
   893                           opt subtitle "HI-TECH Software Omniscient Code Generator (Lite mode) build 49521"
   894  07A2                     l709:	
   895  07A2  3001               	movlw	01h
   896  07A3  0628               	xorwf	(main@leftBackward),w
   897  07A4  0429               	iorwf	(main@leftBackward+1),w
   898  07A5  1D03               	skipz
   899  07A6  2FA8               	goto	u331
   900  07A7  2FA9               	goto	u330
   901  07A8                     u331:
   902  07A8  2FB7               	goto	l717
   903  07A9                     u330:
   904                           opt subtitle "HI-TECH Software Omniscient Code Generator (Lite mode) build 49521"
   905                           
   906  07A9                     l711:	
   907                           opt subtitle "HI-TECH Software Omniscient Code Generator (Lite mode) build 49521"
   908  07A9  01A8               	clrf	(main@leftBackward)
   909  07AA  01A9               	clrf	(main@leftBackward+1)
   910                           opt subtitle "HI-TECH Software Omniscient Code Generator (Lite mode) build 49521"
   911                           
   912  07AB                     l713:	
   913                           opt subtitle "HI-TECH Software Omniscient Code Generator (Lite mode) build 49521"
   914  07AB  01A2               	clrf	(main@motorLeft)
   915                           opt subtitle "HI-TECH Software Omniscient Code Generator (Lite mode) build 49521"
   916                           
   917  07AC                     l715:	
   918                           opt subtitle "HI-TECH Software Omniscient Code Generator (Lite mode) build 49521"
   919                           
   920  07AC  3082               movlw	130
   921  07AD  00F2               movwf	((??_main+0)+0+1),f
   922  07AE  30DD               	movlw	221
   923  07AF  00F1               movwf	((??_main+0)+0),f
   924  07B0                     u437:
   925  07B0  0BF1               	decfsz	((??_main+0)+0),f
   926  07B1  2FB0               	goto	u437
   927  07B2  0BF2               	decfsz	((??_main+0)+0+1),f
   928  07B3  2FB0               	goto	u437
   929  07B4  2FB5               	nop2
   930                           opt subtitle "HI-TECH Software Omniscient Code Generator (Lite mode) build 49521"
   931                           
   932  07B5  2FB7               	goto	l717
   933                           opt subtitle "HI-TECH Software Omniscient Code Generator (Lite mode) build 49521"
   934                           
   935  07B6                     l77:	
   936  07B6  2FB7               	goto	l717
   937                           opt subtitle "HI-TECH Software Omniscient Code Generator (Lite mode) build 49521"
   938                           
   939  07B7                     l76:	
   940                           opt subtitle "HI-TECH Software Omniscient Code Generator (Lite mode) build 49521"
   941  07B7                     l717:	
   942                           opt subtitle "HI-TECH Software Omniscient Code Generator (Lite mode) build 49521"
   943                           
   944  07B7  1283               	bcf	status, 5	;RP0=0, select bank0
   945  07B8  1303               	bcf	status, 6	;RP1=0, select bank0
   946  07B9  1985               	btfsc	(43/8),(43)&7	;volatile
   947  07BA  2FBC               	goto	u341
   948  07BB  2FBD               	goto	u340
   949  07BC                     u341:
   950  07BC  2FD5               	goto	l723
   951  07BD                     u340:
   952                           opt subtitle "HI-TECH Software Omniscient Code Generator (Lite mode) build 49521"
   953  07BD                     l719:	
   954  07BD  0827               	movf	((main@rightForward+1)),w
   955  07BE  0426               	iorwf	((main@rightForward)),w
   956  07BF  1D03               	skipz
   957  07C0  2FC2               	goto	u351
   958  07C1  2FC3               	goto	u350
   959  07C2                     u351:
   960  07C2  2FD5               	goto	l723
   961  07C3                     u350:
   962                           opt subtitle "HI-TECH Software Omniscient Code Generator (Lite mode) build 49521"
   963                           
   964  07C3                     l721:	
   965                           opt subtitle "HI-TECH Software Omniscient Code Generator (Lite mode) build 49521"
   966  07C3  3001               	movlw	low(01h)
   967  07C4  00AA               	movwf	(main@rightBackward)
   968  07C5  3000               	movlw	high(01h)
   969  07C6  00AB               	movwf	((main@rightBackward))+1
   970                           opt subtitle "HI-TECH Software Omniscient Code Generator (Lite mode) build 49521"
   971                           
   972  07C7  3002               	movlw	(02h)
   973  07C8  00F1               	movwf	(??_main+0)+0
   974  07C9  0871               	movf	(??_main+0)+0,w
   975  07CA  00A3               	movwf	(main@motorRight)
   976                           opt subtitle "HI-TECH Software Omniscient Code Generator (Lite mode) build 49521"
   977                           
   978                           opt pagewidth 120
   979  07CB  3082               movlw	130
   980  07CC  00F2               movwf	((??_main+0)+0+1),f
   981  07CD  30DD               	movlw	221
   982  07CE  00F1               movwf	((??_main+0)+0),f
   983  07CF                     u447:
   984  07CF  0BF1               	decfsz	((??_main+0)+0),f
   985  07D0  2FCF               	goto	u447
   986  07D1  0BF2               	decfsz	((??_main+0)+0+1),f
   987  07D2  2FCF               	goto	u447
   988  07D3  2FD4               	nop2
   989                           opt subtitle "HI-TECH Software Omniscient Code Generator (Lite mode) build 49521"
   990                           
   991  07D4  2FD5               	goto	l723
   992                           opt subtitle "HI-TECH Software Omniscient Code Generator (Lite mode) build 49521"
   993                           
   994  07D5                     l78:	
   995                           opt subtitle "HI-TECH Software Omniscient Code Generator (Lite mode) build 49521"
   996                           
   997  07D5                     l723:	
   998                           opt subtitle "HI-TECH Software Omniscient Code Generator (Lite mode) build 49521"
   999                           
  1000  07D5  1283               	bcf	status, 5	;RP0=0, select bank0
  1001  07D6  1303               	bcf	status, 6	;RP1=0, select bank0
  1002  07D7  1D85               	btfss	(43/8),(43)&7	;volatile
  1003  07D8  2FDA               	goto	u361
  1004  07D9  2FDB               	goto	u360
  1005  07DA                     u361:
  1006  07DA  2FEF               	goto	l733
  1007  07DB                     u360:
  1008                           opt subtitle "HI-TECH Software Omniscient Code Generator (Lite mode) build 49521"
  1009  07DB                     l725:	
  1010  07DB  3001               	movlw	01h
  1011  07DC  062A               	xorwf	(main@rightBackward),w
  1012  07DD  042B               	iorwf	(main@rightBackward+1),w
  1013  07DE  1D03               	skipz
  1014  07DF  2FE1               	goto	u371
  1015  07E0  2FE2               	goto	u370
  1016  07E1                     u371:
  1017  07E1  2FEF               	goto	l733
  1018  07E2                     u370:
  1019                           opt subtitle "HI-TECH Software Omniscient Code Generator (Lite mode) build 49521"
  1020                           
  1021  07E2                     l727:	
  1022                           opt subtitle "HI-TECH Software Omniscient Code Generator (Lite mode) build 49521"
  1023  07E2  01AA               	clrf	(main@rightBackward)
  1024  07E3  01AB               	clrf	(main@rightBackward+1)
  1025                           opt subtitle "HI-TECH Software Omniscient Code Generator (Lite mode) build 49521"
  1026                           
  1027  07E4                     l729:	
  1028                           opt subtitle "HI-TECH Software Omniscient Code Generator (Lite mode) build 49521"
  1029  07E4  01A3               	clrf	(main@motorRight)
  1030                           opt subtitle "HI-TECH Software Omniscient Code Generator (Lite mode) build 49521"
  1031                           
  1032  07E5                     l731:	
  1033                           opt subtitle "HI-TECH Software Omniscient Code Generator (Lite mode) build 49521"
  1034                           
  1035  07E5  3082               movlw	130
  1036  07E6  00F2               movwf	((??_main+0)+0+1),f
  1037  07E7  30DD               	movlw	221
  1038  07E8  00F1               movwf	((??_main+0)+0),f
  1039  07E9                     u457:
  1040  07E9  0BF1               	decfsz	((??_main+0)+0),f
  1041  07EA  2FE9               	goto	u457
  1042  07EB  0BF2               	decfsz	((??_main+0)+0+1),f
  1043  07EC  2FE9               	goto	u457
  1044  07ED  2FEE               	nop2
  1045                           opt subtitle "HI-TECH Software Omniscient Code Generator (Lite mode) build 49521"
  1046                           
  1047  07EE  2FEF               	goto	l733
  1048                           opt subtitle "HI-TECH Software Omniscient Code Generator (Lite mode) build 49521"
  1049                           
  1050  07EF                     l79:	
  1051                           opt subtitle "HI-TECH Software Omniscient Code Generator (Lite mode) build 49521"
  1052                           
  1053  07EF                     l733:	
  1054                           opt subtitle "HI-TECH Software Omniscient Code Generator (Lite mode) build 49521"
  1055                           
  1056  07EF  305B               	movlw	(05Bh)
  1057  07F0  118A  26E3  118A   	fcall	_putch
  1058                           opt subtitle "HI-TECH Software Omniscient Code Generator (Lite mode) build 49521"
  1059                           
  1060  07F3                     l735:	
  1061                           opt subtitle "HI-TECH Software Omniscient Code Generator (Lite mode) build 49521"
  1062  07F3  1283               	bcf	status, 5	;RP0=0, select bank0
  1063  07F4  1303               	bcf	status, 6	;RP1=0, select bank0
  1064  07F5  0821               	movf	(main@teamLED),w
  1065  07F6  0422               	iorwf	(main@motorLeft),w
  1066  07F7  0423               	iorwf	(main@motorRight),w
  1067  07F8  3803               	iorlw	03h
  1068  07F9  00F1               	movwf	(??_main+0)+0
  1069  07FA  0871               	movf	(??_main+0)+0,w
  1070  07FB  00A0               	movwf	(main@command)
  1071  07FC  2F0C               	goto	l671
  1072                           opt subtitle "HI-TECH Software Omniscient Code Generator (Lite mode) build 49521"
  1073                           
  1074  07FD                     l80:	
  1075                           opt subtitle "HI-TECH Software Omniscient Code Generator (Lite mode) build 49521"
  1076  07FD  2F0C               	goto	l671
  1077                           opt subtitle "HI-TECH Software Omniscient Code Generator (Lite mode) build 49521"
  1078  07FE                     l81:	
  1079                           opt subtitle "HI-TECH Software Omniscient Code Generator (Lite mode) build 49521"
  1080                           
  1081  07FE                     l82:	
  1082                           opt subtitle "HI-TECH Software Omniscient Code Generator (Lite mode) build 49521"
  1083  07FE  118A  2800         	ljmp	start
  1084                           opt subtitle "HI-TECH Software Omniscient Code Generator (Lite mode) build 49521"
  1085                           
  1086  0800                     	__end_of_main:
  1087                           opt subtitle "HI-TECH Software Omniscient Code Generator (Lite mode) build 49521"
  1088                           
  1089                           opt pagewidth 120
  1090                           
  1091                           	opt lm
  1092                           
  1093                           	processor	16F88
  1094                           clrc	macro
  1095                           	bcf	3,0
  1096                           	endm
  1097                           clrz	macro
  1098                           	bcf	3,2
  1099                           	endm
  1100                           setc	macro
  1101                           	bsf	3,0
  1102                           	endm
  1103                           setz	macro
  1104                           	bsf	3,2
  1105                           	endm
  1106                           skipc	macro
  1107                           	btfss	3,0
  1108                           	endm
  1109                           skipz	macro
  1110                           	btfss	3,2
  1111                           	endm
  1112                           skipnc	macro
  1113                           	btfsc	3,0
  1114                           	endm
  1115                           skipnz	macro
  1116                           	btfsc	3,2
  1117                           	endm
  1118                           indf	equ	0
  1119                           indf0	equ	0
  1120                           pc	equ	2
  1121  06E3                     __ptext101:	;psect for function _putch
  1122                           opt subtitle "HI-TECH Software Omniscient Code Generator (Lite mode) build 49521"
  1123                           
  1124                           opt pagewidth 120
  1125                           
  1126  000C                     	__size_of_putch	equ	__end_of_putch-_putch
  1127                           opt subtitle "HI-TECH Software Omniscient Code Generator (Lite mode) build 49521"
  1128  06E3                     _putch:	
  1129                           opt subtitle "HI-TECH Software Omniscient Code Generator (Lite mode) build 49521"
  1130                           
  1131                           opt pagewidth 120
  1132  06E3  00F0               	movwf	(putch@byte)
  1133                           opt subtitle "HI-TECH Software Omniscient Code Generator (Lite mode) build 49521"
  1134                           
  1135  06E4                     l641:	
  1136                           opt subtitle "HI-TECH Software Omniscient Code Generator (Lite mode) build 49521"
  1137  06E4  2EE5               	goto	l21
  1138                           opt subtitle "HI-TECH Software Omniscient Code Generator (Lite mode) build 49521"
  1139  06E5                     l22:	
  1140                           opt subtitle "HI-TECH Software Omniscient Code Generator (Lite mode) build 49521"
  1141                           
  1142                           opt pagewidth 120
  1143  06E5                     l21:	
  1144                           opt subtitle "HI-TECH Software Omniscient Code Generator (Lite mode) build 49521"
  1145  06E5  1283               	bcf	status, 5	;RP0=0, select bank0
  1146  06E6  1303               	bcf	status, 6	;RP1=0, select bank0
  1147  06E7  1E0C               	btfss	(100/8),(100)&7	;volatile
  1148  06E8  2EEA               	goto	u201
  1149  06E9  2EEB               	goto	u200
  1150  06EA                     u201:
  1151  06EA  2EE5               	goto	l21
  1152  06EB                     u200:
  1153  06EB  2EEC               	goto	l643
  1154                           opt subtitle "HI-TECH Software Omniscient Code Generator (Lite mode) build 49521"
  1155  06EC                     l23:	
  1156                           opt subtitle "HI-TECH Software Omniscient Code Generator (Lite mode) build 49521"
  1157                           
  1158  06EC                     l643:	
  1159                           opt subtitle "HI-TECH Software Omniscient Code Generator (Lite mode) build 49521"
  1160  06EC  0870               	movf	(putch@byte),w
  1161  06ED  0099               	movwf	(25)	;volatile
  1162                           opt subtitle "HI-TECH Software Omniscient Code Generator (Lite mode) build 49521"
  1163                           
  1164  06EE                     l24:	
  1165  06EE  0008               	return
  1166                           opt subtitle "HI-TECH Software Omniscient Code Generator (Lite mode) build 49521"
  1167                           
  1168  06EF                     	__end_of_putch:
  1169                           opt subtitle "HI-TECH Software Omniscient Code Generator (Lite mode) build 49521"
  1170                           
  1171                           opt pagewidth 120
  1172                           
  1173                           	opt lm
  1174                           
  1175                           	processor	16F88
  1176                           clrc	macro
  1177                           	bcf	3,0
  1178                           	endm
  1179                           clrz	macro
  1180                           	bcf	3,2
  1181                           	endm
  1182                           setc	macro
  1183                           	bsf	3,0
  1184                           	endm
  1185                           setz	macro
  1186                           	bsf	3,2
  1187                           	endm
  1188                           skipc	macro
  1189                           	btfss	3,0
  1190                           	endm
  1191                           skipz	macro
  1192                           	btfss	3,2
  1193                           	endm
  1194                           skipnc	macro
  1195                           	btfsc	3,0
  1196                           	endm
  1197                           skipnz	macro
  1198                           	btfsc	3,2
  1199                           	endm
  1200                           indf	equ	0
  1201                           indf0	equ	0
  1202                           pc	equ	2
  1203  06D7                     __ptext102:	;psect for function _init
  1204                           opt subtitle "HI-TECH Software Omniscient Code Generator (Lite mode) build 49521"
  1205                           
  1206                           opt pagewidth 120
  1207                           
  1208  000C                     	__size_of_init	equ	__end_of_init-_init
  1209                           opt subtitle "HI-TECH Software Omniscient Code Generator (Lite mode) build 49521"
  1210  06D7                     _init:	
  1211                           opt subtitle "HI-TECH Software Omniscient Code Generator (Lite mode) build 49521"
  1212                           
  1213                           opt pagewidth 120
  1214                           
  1215  06D7                     l653:	
  1216                           opt subtitle "HI-TECH Software Omniscient Code Generator (Lite mode) build 49521"
  1217  06D7  3060               	movlw	(060h)
  1218  06D8  1683               	bsf	status, 5	;RP0=1, select bank1
  1219  06D9  1303               	bcf	status, 6	;RP1=0, select bank1
  1220  06DA  008F               	movwf	(143)^080h	;volatile
  1221                           opt subtitle "HI-TECH Software Omniscient Code Generator (Lite mode) build 49521"
  1222                           
  1223  06DB                     l655:	
  1224                           opt subtitle "HI-TECH Software Omniscient Code Generator (Lite mode) build 49521"
  1225  06DB  0185               	clrf	(133)^080h	;volatile
  1226                           opt subtitle "HI-TECH Software Omniscient Code Generator (Lite mode) build 49521"
  1227                           
  1228  06DC                     l657:	
  1229                           opt subtitle "HI-TECH Software Omniscient Code Generator (Lite mode) build 49521"
  1230  06DC  3004               	movlw	(04h)
  1231  06DD  0086               	movwf	(134)^080h	;volatile
  1232                           opt subtitle "HI-TECH Software Omniscient Code Generator (Lite mode) build 49521"
  1233                           
  1234  06DE  019B               	clrf	(155)^080h	;volatile
  1235                           opt subtitle "HI-TECH Software Omniscient Code Generator (Lite mode) build 49521"
  1236                           
  1237  06DF                     l659:	
  1238                           opt subtitle "HI-TECH Software Omniscient Code Generator (Lite mode) build 49521"
  1239  06DF  118A  26EF  118A   	fcall	_init_comms
  1240                           opt subtitle "HI-TECH Software Omniscient Code Generator (Lite mode) build 49521"
  1241                           
  1242  06E2                     l63:	
  1243  06E2  0008               	return
  1244                           opt subtitle "HI-TECH Software Omniscient Code Generator (Lite mode) build 49521"
  1245                           
  1246  06E3                     	__end_of_init:
  1247                           opt subtitle "HI-TECH Software Omniscient Code Generator (Lite mode) build 49521"
  1248                           
  1249                           opt pagewidth 120
  1250                           
  1251                           	opt lm
  1252                           
  1253                           	processor	16F88
  1254                           clrc	macro
  1255                           	bcf	3,0
  1256                           	endm
  1257                           clrz	macro
  1258                           	bcf	3,2
  1259                           	endm
  1260                           setc	macro
  1261                           	bsf	3,0
  1262                           	endm
  1263                           setz	macro
  1264                           	bsf	3,2
  1265                           	endm
  1266                           skipc	macro
  1267                           	btfss	3,0
  1268                           	endm
  1269                           skipz	macro
  1270                           	btfss	3,2
  1271                           	endm
  1272                           skipnc	macro
  1273                           	btfsc	3,0
  1274                           	endm
  1275                           skipnz	macro
  1276                           	btfsc	3,2
  1277                           	endm
  1278                           indf	equ	0
  1279                           indf0	equ	0
  1280  06EF                     __ptext103:	;psect for function _init_comms
  1281                           opt subtitle "HI-TECH Software Omniscient Code Generator (Lite mode) build 49521"
  1282                           
  1283                           opt pagewidth 120
  1284                           
  1285  000F                     	__size_of_init_comms	equ	__end_of_init_comms-_init_comms
  1286                           opt subtitle "HI-TECH Software Omniscient Code Generator (Lite mode) build 49521"
  1287  06EF                     _init_comms:	
  1288                           opt subtitle "HI-TECH Software Omniscient Code Generator (Lite mode) build 49521"
  1289                           
  1290                           opt pagewidth 120
  1291                           
  1292  06EF                     l649:	
  1293                           opt subtitle "HI-TECH Software Omniscient Code Generator (Lite mode) build 49521"
  1294  06EF  1683               	bsf	status, 5	;RP0=1, select bank1
  1295  06F0  1303               	bcf	status, 6	;RP1=0, select bank1
  1296  06F1  1506               	bsf	(1074/8)^080h,(1074)&7	;volatile
  1297                           opt subtitle "HI-TECH Software Omniscient Code Generator (Lite mode) build 49521"
  1298                           
  1299  06F2  1686               	bsf	(1077/8)^080h,(1077)&7	;volatile
  1300                           opt subtitle "HI-TECH Software Omniscient Code Generator (Lite mode) build 49521"
  1301                           
  1302  06F3                     l651:	
  1303                           opt subtitle "HI-TECH Software Omniscient Code Generator (Lite mode) build 49521"
  1304  06F3  3033               	movlw	(033h)
  1305  06F4  0099               	movwf	(153)^080h	;volatile
  1306                           opt subtitle "HI-TECH Software Omniscient Code Generator (Lite mode) build 49521"
  1307                           
  1308  06F5  3090               	movlw	(090h)
  1309  06F6  1283               	bcf	status, 5	;RP0=0, select bank0
  1310  06F7  1303               	bcf	status, 6	;RP1=0, select bank0
  1311  06F8  0098               	movwf	(24)	;volatile
  1312                           opt subtitle "HI-TECH Software Omniscient Code Generator (Lite mode) build 49521"
  1313                           
  1314  06F9  3020               	movlw	(020h)
  1315  06FA  1683               	bsf	status, 5	;RP0=1, select bank1
  1316  06FB  1303               	bcf	status, 6	;RP1=0, select bank1
  1317  06FC  0098               	movwf	(152)^080h	;volatile
  1318                           opt subtitle "HI-TECH Software Omniscient Code Generator (Lite mode) build 49521"
  1319                           
  1320  06FD                     l36:	
  1321  06FD  0008               	return
  1322                           opt subtitle "HI-TECH Software Omniscient Code Generator (Lite mode) build 49521"
  1323                           
  1324  06FE                     	__end_of_init_comms:
  1325                           opt subtitle "HI-TECH Software Omniscient Code Generator (Lite mode) build 49521"
  1326                           
  1327                           opt pagewidth 120
  1328  0000                     __ptext104:	;psect for function _init_comms
  1329                           opt subtitle "HI-TECH Software Omniscient Code Generator (Lite mode) build 49521"
  1330  007E                     	btemp set 07Eh
  1331                           opt subtitle "HI-TECH Software Omniscient Code Generator (Lite mode) build 49521"
  1332                           
  1333                           opt pagewidth 120
  1334  007E                     	wtemp0 set btemp


Data Sizes:
    Strings     0
    Constant    0
    Data        0
    BSS         0
    Persistent  0
    Stack       0

Auto Spaces:
    Space          Size  Autos    Used
    COMMON           14      3       3
    BANK0            80     12      12
    BANK1            80      0       0
    BANK3            96      0       0
    BANK2            96      0       0

Pointer List with Targets:

    None.

Critical Paths under _main in COMMON

    _main->_putch

Critical Paths under _main in BANK0

    None.

Critical Paths under _main in BANK1

    None.

Critical Paths under _main in BANK3

    None.

Critical Paths under _main in BANK2

    None.

Call Graph Tables:

 ---------------------------------------------------------------------------------
 (Depth) Function   	        Calls       Base Space   Used Autos Params    Refs
 ---------------------------------------------------------------------------------
 (0) _main                                                14    14      0     287
                                              1 COMMON     2     2      0
                                              0 BANK0     12    12      0
                               _init
                              _putch
 ---------------------------------------------------------------------------------
 (1) _putch                                                1     1      0      22
                                              0 COMMON     1     1      0
 ---------------------------------------------------------------------------------
 (1) _init                                                 0     0      0       0
                         _init_comms
 ---------------------------------------------------------------------------------
 (2) _init_comms                                           0     0      0       0
 ---------------------------------------------------------------------------------
 Estimated maximum stack depth 2
 ---------------------------------------------------------------------------------

 Call Graph Graphs:

 _main (ROOT)
   _init
     _init_comms
   _putch

 Address spaces:
Name               Size   Autos  Total    Cost      Usage
BITCOMMON            E      0       0       0        0.0%
EEDATA             100      0       0       0        0.0%
NULL                 0      0       0       0        0.0%
CODE                 0      0       0       0        0.0%
COMMON               E      3       3       1       21.4%
BITSFR0              0      0       0       1        0.0%
SFR0                 0      0       0       1        0.0%
BITSFR1              0      0       0       2        0.0%
SFR1                 0      0       0       2        0.0%
STACK                0      0       2       2        0.0%
ABS                  0      0       0       3        0.0%
BITBANK0            50      0       0       4        0.0%
BITSFR3              0      0       0       4        0.0%
SFR3                 0      0       0       4        0.0%
BANK0               50      C       C       5       15.0%
BITSFR2              0      0       0       5        0.0%
SFR2                 0      0       0       5        0.0%
BITBANK1            50      0       0       6        0.0%
BANK1               50      0       0       7        0.0%
BITBANK3            60      0       0       8        0.0%
BANK3               60      0       0       9        0.0%
BITBANK2            60      0       0      10        0.0%
BANK2               60      0       0      11        0.0%
DATA                 0      0       0      12        0.0%


Microchip Technology PIC Macro Assembler V1.12 build 49521 
Symbol Table                                                                                   Wed Mar 20 04:51:55 2013

            __CFG_CP$OFF 0000                       l21 06E5                       l22 06E5  
                     l23 06EC                       l24 06EE                       l36 06FD  
                     l70 074B                       l63 06E2                       l71 074A  
                     l80 07FD                       l72 0767                       l81 07FE  
                     l73 0780                       l82 07FE                       l74 077F  
                     l66 070C                       l75 079E                       l67 0715  
                     l76 07B7                       l68 0716                       l77 07B6  
                     l69 0732                       l78 07D5                       l79 07EF  
                    l701 0775                      l711 07A9                      l703 0780  
                    l641 06E4                      l721 07C3                      l713 07AB  
                    l705 0786                      l651 06F3                      l643 06EC  
                    l731 07E5                      l723 07D5                      l715 07AC  
                    l707 078C                      l653 06D7                      l725 07DB  
                    l733 07EF                      l709 07A2                      l717 07B7  
                    l661 06FE                      l655 06DB                      l735 07F3  
                    l727 07E2                      l719 07BD                      l671 070C  
                    l663 0701                      l649 06EF                      l657 06DC  
                    l729 07E4                      l681 073D                      l673 0710  
                    l665 0705                      l659 06DF                      l691 0757  
                    l683 073F                      l675 071A                      l667 0707  
                    l693 075B                      l685 0740                      l677 0720  
                    l669 0709                      l695 076B                      l679 0736  
                    l687 074B                      l697 0772                      l689 0751  
                    l699 0774                      _RA0 0028                      _RA1 0029  
                    _RA2 002A                      _RA3 002B                      _RA6 002E  
                    u200 06EB                      u201 06EA                      u210 0710  
                    u211 070F                      u300 0786                      u220 071A  
                    u301 0785                      u221 0719                      u310 078C  
                    u230 0720                      u311 078B                      u231 071F  
                    u320 07A2                      u240 0736                      u321 07A1  
                    u241 0735                      u330 07A9                      u250 073D  
                    u331 07A8                      u251 073C                      u340 07BD  
                    u260 0751                      u341 07BC                      u261 0750  
                    u350 07C3                      u270 0757                      u351 07C2  
                    u407 0761                      u271 0756                      u360 07DB  
                    u280 076B                      u361 07DA                      u417 0779  
                    u281 076A                      u370 07E2                      u290 0772  
           __CFG_CPD$OFF 0000                      u371 07E1                      u427 0798  
                    u291 0771                      u437 07B0                      u447 07CF  
                    u457 07E9                      u387 072C                      u397 0744  
           __CFG_LVP$OFF 0000              main@command 0020                     _RCIF 0065  
                   _TXIF 0064              main@teamLED 0021             __CFG_WRT$OFF 0000  
                   _main 06FE                     _init 06D7                     btemp 007E  
                   start 0000            __CFG_IESO$OFF 0000                    ?_main 0070  
                  ?_init 0070            __CFG_WDTE$OFF 0000                    _ANSEL 009B  
         __CFG_DEBUG$OFF 0000                    _RCREG 001A                    _RCSTA 0018  
                  _SPBRG 0099                    _TRISA 0085                    _TRISB 0086  
                  _TXREG 0019                    _TXSTA 0098           __CFG_CCPMX$RB0 0000  
         __CFG_FCMEN$OFF 0000                    _putch 06E3           __CFG_BOREN$OFF 0000  
                  status 0003                    wtemp0 007E           __CFG_MCLRE$OFF 0000  
        __initialization 06D4             __end_of_main 0800             __end_of_init 06E3  
                 ??_main 0071                   ??_init 0070                   ?_putch 0070  
                 _OSCCON 008F                   _TRISB2 0432                   _TRISB5 0435  
         __CFG_PWRTE$OFF 0000            main@motorLeft 0022  __end_of__initialization 06D4  
         __pcstackCOMMON 0070            __end_of_putch 06EF                  ??_putch 0070  
             __pmaintext 06FE        main@rightBackward 002A         main@leftBackward 0028  
             _init_comms 06EF           main@motorRight 0023     end_of_initialization 06D4  
            ?_init_comms 0070      start_initialization 06D4            __pcstackBANK0 0020  
    __size_of_init_comms 000F                __ptext100 0000                __ptext101 06E3  
              __ptext102 06D7                __ptext103 06EF                __ptext104 0000  
       main@rightForward 0026          main@leftForward 0024           __size_of_putch 000C  
           ??_init_comms 0070            __size_of_main 0102       __end_of_init_comms 06FE  
          __size_of_init 000C                putch@byte 0070       __CFG_FOSC$INTOSCIO 0000  
