

Microchip Technology PIC LITE Macro Assembler V1.12 build 49521 
                                                                                               Sat Apr 13 23:44:58 2013

HI-TECH Software Omniscient Code Generator (Lite mode) build 49521
     1  0000                     opt subtitle "HI-TECH Software Omniscient Code Generator (Lite mode) build 49521"
     2                           opt subtitle "HI-TECH Software Omniscient Code Generator (Lite mode) build 49521"
     3                           
     4                           opt pagewidth 120
     5                           
     6                           	opt lm
     7                           
     8                           	processor	16F88
     9                           clrc	macro
    10  0000                     	endm
    11                           opt subtitle "HI-TECH Software Omniscient Code Generator (Lite mode) build 49521"
    12                           
    13  0000                     	endm
    14                           opt subtitle "HI-TECH Software Omniscient Code Generator (Lite mode) build 49521"
    15                           
    16  0000                     	endm
    17                           opt subtitle "HI-TECH Software Omniscient Code Generator (Lite mode) build 49521"
    18                           
    19  0000                     	endm
    20                           opt subtitle "HI-TECH Software Omniscient Code Generator (Lite mode) build 49521"
    21                           
    22  0000                     	endm
    23                           opt subtitle "HI-TECH Software Omniscient Code Generator (Lite mode) build 49521"
    24                           
    25  0000                     	endm
    26                           opt subtitle "HI-TECH Software Omniscient Code Generator (Lite mode) build 49521"
    27                           
    28  0000                     	endm
    29                           opt subtitle "HI-TECH Software Omniscient Code Generator (Lite mode) build 49521"
    30                           
    31  0000                     	endm
    32  0000                     indf	equ	0
    33  0000                     indf0	equ	0
    34  0002                     pc	equ	2
    35  0002                     pcl	equ	2
    36  0003                     status	equ	3
    37  0004                     fsr	equ	4
    38  0004                     fsr0	equ	4
    39  0001                     c	equ	1
    40  0000                     z	equ	0
    41  000A                     pclath	equ	10
    42                           opt subtitle "HI-TECH Software Omniscient Code Generator (Lite mode) build 49521"
    43  0000                     INDF equ 00h ;# 
    44                           opt subtitle "HI-TECH Software Omniscient Code Generator (Lite mode) build 49521"
    45  0001                     TMR0 equ 01h ;# 
    46                           opt subtitle "HI-TECH Software Omniscient Code Generator (Lite mode) build 49521"
    47  0002                     PCL equ 02h ;# 
    48                           opt subtitle "HI-TECH Software Omniscient Code Generator (Lite mode) build 49521"
    49  0003                     STATUS equ 03h ;# 
    50                           opt subtitle "HI-TECH Software Omniscient Code Generator (Lite mode) build 49521"
    51  0004                     FSR equ 04h ;# 
    52                           opt subtitle "HI-TECH Software Omniscient Code Generator (Lite mode) build 49521"
    53  0005                     PORTA equ 05h ;# 
    54                           opt subtitle "HI-TECH Software Omniscient Code Generator (Lite mode) build 49521"
    55  0006                     PORTB equ 06h ;# 
    56                           opt subtitle "HI-TECH Software Omniscient Code Generator (Lite mode) build 49521"
    57  000A                     PCLATH equ 0Ah ;# 
    58                           opt subtitle "HI-TECH Software Omniscient Code Generator (Lite mode) build 49521"
    59  000B                     INTCON equ 0Bh ;# 
    60                           opt subtitle "HI-TECH Software Omniscient Code Generator (Lite mode) build 49521"
    61  000C                     PIR1 equ 0Ch ;# 
    62                           opt subtitle "HI-TECH Software Omniscient Code Generator (Lite mode) build 49521"
    63  000D                     PIR2 equ 0Dh ;# 
    64                           opt subtitle "HI-TECH Software Omniscient Code Generator (Lite mode) build 49521"
    65  000E                     TMR1 equ 0Eh ;# 
    66                           opt subtitle "HI-TECH Software Omniscient Code Generator (Lite mode) build 49521"
    67  000E                     TMR1L equ 0Eh ;# 
    68                           opt subtitle "HI-TECH Software Omniscient Code Generator (Lite mode) build 49521"
    69  000F                     TMR1H equ 0Fh ;# 
    70                           opt subtitle "HI-TECH Software Omniscient Code Generator (Lite mode) build 49521"
    71  0010                     T1CON equ 010h ;# 
    72                           opt subtitle "HI-TECH Software Omniscient Code Generator (Lite mode) build 49521"
    73  0011                     TMR2 equ 011h ;# 
    74                           opt subtitle "HI-TECH Software Omniscient Code Generator (Lite mode) build 49521"
    75  0012                     T2CON equ 012h ;# 
    76                           opt subtitle "HI-TECH Software Omniscient Code Generator (Lite mode) build 49521"
    77  0013                     SSPBUF equ 013h ;# 
    78                           opt subtitle "HI-TECH Software Omniscient Code Generator (Lite mode) build 49521"
    79  0014                     SSPCON equ 014h ;# 
    80                           opt subtitle "HI-TECH Software Omniscient Code Generator (Lite mode) build 49521"
    81  0015                     CCPR1 equ 015h ;# 
    82                           opt subtitle "HI-TECH Software Omniscient Code Generator (Lite mode) build 49521"
    83  0015                     CCPR1L equ 015h ;# 
    84                           opt subtitle "HI-TECH Software Omniscient Code Generator (Lite mode) build 49521"
    85  0016                     CCPR1H equ 016h ;# 
    86                           opt subtitle "HI-TECH Software Omniscient Code Generator (Lite mode) build 49521"
    87  0017                     CCP1CON equ 017h ;# 
    88                           opt subtitle "HI-TECH Software Omniscient Code Generator (Lite mode) build 49521"
    89  0018                     RCSTA equ 018h ;# 
    90                           opt subtitle "HI-TECH Software Omniscient Code Generator (Lite mode) build 49521"
    91  0019                     TXREG equ 019h ;# 
    92                           opt subtitle "HI-TECH Software Omniscient Code Generator (Lite mode) build 49521"
    93  001A                     RCREG equ 01Ah ;# 
    94                           opt subtitle "HI-TECH Software Omniscient Code Generator (Lite mode) build 49521"
    95  001E                     ADRESH equ 01Eh ;# 
    96                           opt subtitle "HI-TECH Software Omniscient Code Generator (Lite mode) build 49521"
    97  001F                     ADCON0 equ 01Fh ;# 
    98                           opt subtitle "HI-TECH Software Omniscient Code Generator (Lite mode) build 49521"
    99  0081                     OPTION_REG equ 081h ;# 
   100                           opt subtitle "HI-TECH Software Omniscient Code Generator (Lite mode) build 49521"
   101  0085                     TRISA equ 085h ;# 
   102                           opt subtitle "HI-TECH Software Omniscient Code Generator (Lite mode) build 49521"
   103  0086                     TRISB equ 086h ;# 
   104                           opt subtitle "HI-TECH Software Omniscient Code Generator (Lite mode) build 49521"
   105  008C                     PIE1 equ 08Ch ;# 
   106                           opt subtitle "HI-TECH Software Omniscient Code Generator (Lite mode) build 49521"
   107  008D                     PIE2 equ 08Dh ;# 
   108                           opt subtitle "HI-TECH Software Omniscient Code Generator (Lite mode) build 49521"
   109  008E                     PCON equ 08Eh ;# 
   110                           opt subtitle "HI-TECH Software Omniscient Code Generator (Lite mode) build 49521"
   111  008F                     OSCCON equ 08Fh ;# 
   112                           opt subtitle "HI-TECH Software Omniscient Code Generator (Lite mode) build 49521"
   113  0090                     OSCTUNE equ 090h ;# 
   114                           opt subtitle "HI-TECH Software Omniscient Code Generator (Lite mode) build 49521"
   115  0092                     PR2 equ 092h ;# 
   116                           opt subtitle "HI-TECH Software Omniscient Code Generator (Lite mode) build 49521"
   117  0093                     SSPADD equ 093h ;# 
   118                           opt subtitle "HI-TECH Software Omniscient Code Generator (Lite mode) build 49521"
   119  0094                     SSPSTAT equ 094h ;# 
   120                           opt subtitle "HI-TECH Software Omniscient Code Generator (Lite mode) build 49521"
   121  0098                     TXSTA equ 098h ;# 
   122                           opt subtitle "HI-TECH Software Omniscient Code Generator (Lite mode) build 49521"
   123  0099                     SPBRG equ 099h ;# 
   124                           opt subtitle "HI-TECH Software Omniscient Code Generator (Lite mode) build 49521"
   125  009B                     ANSEL equ 09Bh ;# 
   126                           opt subtitle "HI-TECH Software Omniscient Code Generator (Lite mode) build 49521"
   127  009C                     CMCON equ 09Ch ;# 
   128                           opt subtitle "HI-TECH Software Omniscient Code Generator (Lite mode) build 49521"
   129  009D                     CVRCON equ 09Dh ;# 
   130                           opt subtitle "HI-TECH Software Omniscient Code Generator (Lite mode) build 49521"
   131  009E                     ADRESL equ 09Eh ;# 
   132                           opt subtitle "HI-TECH Software Omniscient Code Generator (Lite mode) build 49521"
   133  009F                     ADCON1 equ 09Fh ;# 
   134                           opt subtitle "HI-TECH Software Omniscient Code Generator (Lite mode) build 49521"
   135  0105                     WDTCON equ 0105h ;# 
   136                           opt subtitle "HI-TECH Software Omniscient Code Generator (Lite mode) build 49521"
   137  010C                     EEDATA equ 010Ch ;# 
   138                           opt subtitle "HI-TECH Software Omniscient Code Generator (Lite mode) build 49521"
   139  010D                     EEADR equ 010Dh ;# 
   140                           opt subtitle "HI-TECH Software Omniscient Code Generator (Lite mode) build 49521"
   141  010E                     EEDATH equ 010Eh ;# 
   142                           opt subtitle "HI-TECH Software Omniscient Code Generator (Lite mode) build 49521"
   143  010F                     EEADRH equ 010Fh ;# 
   144                           opt subtitle "HI-TECH Software Omniscient Code Generator (Lite mode) build 49521"
   145  018C                     EECON1 equ 018Ch ;# 
   146                           opt subtitle "HI-TECH Software Omniscient Code Generator (Lite mode) build 49521"
   147  018D                     EECON2 equ 018Dh ;# 
   148                           opt subtitle "HI-TECH Software Omniscient Code Generator (Lite mode) build 49521"
   149  0000                     INDF equ 00h ;# 
   150                           opt subtitle "HI-TECH Software Omniscient Code Generator (Lite mode) build 49521"
   151  0001                     TMR0 equ 01h ;# 
   152                           opt subtitle "HI-TECH Software Omniscient Code Generator (Lite mode) build 49521"
   153  0002                     PCL equ 02h ;# 
   154                           opt subtitle "HI-TECH Software Omniscient Code Generator (Lite mode) build 49521"
   155  0003                     STATUS equ 03h ;# 
   156                           opt subtitle "HI-TECH Software Omniscient Code Generator (Lite mode) build 49521"
   157  0004                     FSR equ 04h ;# 
   158                           opt subtitle "HI-TECH Software Omniscient Code Generator (Lite mode) build 49521"
   159  0005                     PORTA equ 05h ;# 
   160                           opt subtitle "HI-TECH Software Omniscient Code Generator (Lite mode) build 49521"
   161  0006                     PORTB equ 06h ;# 
   162                           opt subtitle "HI-TECH Software Omniscient Code Generator (Lite mode) build 49521"
   163  000A                     PCLATH equ 0Ah ;# 
   164                           opt subtitle "HI-TECH Software Omniscient Code Generator (Lite mode) build 49521"
   165  000B                     INTCON equ 0Bh ;# 
   166                           opt subtitle "HI-TECH Software Omniscient Code Generator (Lite mode) build 49521"
   167  000C                     PIR1 equ 0Ch ;# 
   168                           opt subtitle "HI-TECH Software Omniscient Code Generator (Lite mode) build 49521"
   169  000D                     PIR2 equ 0Dh ;# 
   170                           opt subtitle "HI-TECH Software Omniscient Code Generator (Lite mode) build 49521"
   171  000E                     TMR1 equ 0Eh ;# 
   172                           opt subtitle "HI-TECH Software Omniscient Code Generator (Lite mode) build 49521"
   173  000E                     TMR1L equ 0Eh ;# 
   174                           opt subtitle "HI-TECH Software Omniscient Code Generator (Lite mode) build 49521"
   175  000F                     TMR1H equ 0Fh ;# 
   176                           opt subtitle "HI-TECH Software Omniscient Code Generator (Lite mode) build 49521"
   177  0010                     T1CON equ 010h ;# 
   178                           opt subtitle "HI-TECH Software Omniscient Code Generator (Lite mode) build 49521"
   179  0011                     TMR2 equ 011h ;# 
   180                           opt subtitle "HI-TECH Software Omniscient Code Generator (Lite mode) build 49521"
   181  0012                     T2CON equ 012h ;# 
   182                           opt subtitle "HI-TECH Software Omniscient Code Generator (Lite mode) build 49521"
   183  0013                     SSPBUF equ 013h ;# 
   184                           opt subtitle "HI-TECH Software Omniscient Code Generator (Lite mode) build 49521"
   185  0014                     SSPCON equ 014h ;# 
   186                           opt subtitle "HI-TECH Software Omniscient Code Generator (Lite mode) build 49521"
   187  0015                     CCPR1 equ 015h ;# 
   188                           opt subtitle "HI-TECH Software Omniscient Code Generator (Lite mode) build 49521"
   189  0015                     CCPR1L equ 015h ;# 
   190                           opt subtitle "HI-TECH Software Omniscient Code Generator (Lite mode) build 49521"
   191  0016                     CCPR1H equ 016h ;# 
   192                           opt subtitle "HI-TECH Software Omniscient Code Generator (Lite mode) build 49521"
   193  0017                     CCP1CON equ 017h ;# 
   194                           opt subtitle "HI-TECH Software Omniscient Code Generator (Lite mode) build 49521"
   195  0018                     RCSTA equ 018h ;# 
   196                           opt subtitle "HI-TECH Software Omniscient Code Generator (Lite mode) build 49521"
   197  0019                     TXREG equ 019h ;# 
   198                           opt subtitle "HI-TECH Software Omniscient Code Generator (Lite mode) build 49521"
   199  001A                     RCREG equ 01Ah ;# 
   200                           opt subtitle "HI-TECH Software Omniscient Code Generator (Lite mode) build 49521"
   201  001E                     ADRESH equ 01Eh ;# 
   202                           opt subtitle "HI-TECH Software Omniscient Code Generator (Lite mode) build 49521"
   203  001F                     ADCON0 equ 01Fh ;# 
   204                           opt subtitle "HI-TECH Software Omniscient Code Generator (Lite mode) build 49521"
   205  0081                     OPTION_REG equ 081h ;# 
   206                           opt subtitle "HI-TECH Software Omniscient Code Generator (Lite mode) build 49521"
   207  0085                     TRISA equ 085h ;# 
   208                           opt subtitle "HI-TECH Software Omniscient Code Generator (Lite mode) build 49521"
   209  0086                     TRISB equ 086h ;# 
   210                           opt subtitle "HI-TECH Software Omniscient Code Generator (Lite mode) build 49521"
   211  008C                     PIE1 equ 08Ch ;# 
   212                           opt subtitle "HI-TECH Software Omniscient Code Generator (Lite mode) build 49521"
   213  008D                     PIE2 equ 08Dh ;# 
   214                           opt subtitle "HI-TECH Software Omniscient Code Generator (Lite mode) build 49521"
   215  008E                     PCON equ 08Eh ;# 
   216                           opt subtitle "HI-TECH Software Omniscient Code Generator (Lite mode) build 49521"
   217  008F                     OSCCON equ 08Fh ;# 
   218                           opt subtitle "HI-TECH Software Omniscient Code Generator (Lite mode) build 49521"
   219  0090                     OSCTUNE equ 090h ;# 
   220                           opt subtitle "HI-TECH Software Omniscient Code Generator (Lite mode) build 49521"
   221  0092                     PR2 equ 092h ;# 
   222                           opt subtitle "HI-TECH Software Omniscient Code Generator (Lite mode) build 49521"
   223  0093                     SSPADD equ 093h ;# 
   224                           opt subtitle "HI-TECH Software Omniscient Code Generator (Lite mode) build 49521"
   225  0094                     SSPSTAT equ 094h ;# 
   226                           opt subtitle "HI-TECH Software Omniscient Code Generator (Lite mode) build 49521"
   227  0098                     TXSTA equ 098h ;# 
   228                           opt subtitle "HI-TECH Software Omniscient Code Generator (Lite mode) build 49521"
   229  0099                     SPBRG equ 099h ;# 
   230                           opt subtitle "HI-TECH Software Omniscient Code Generator (Lite mode) build 49521"
   231  009B                     ANSEL equ 09Bh ;# 
   232                           opt subtitle "HI-TECH Software Omniscient Code Generator (Lite mode) build 49521"
   233  009C                     CMCON equ 09Ch ;# 
   234                           opt subtitle "HI-TECH Software Omniscient Code Generator (Lite mode) build 49521"
   235  009D                     CVRCON equ 09Dh ;# 
   236                           opt subtitle "HI-TECH Software Omniscient Code Generator (Lite mode) build 49521"
   237  009E                     ADRESL equ 09Eh ;# 
   238                           opt subtitle "HI-TECH Software Omniscient Code Generator (Lite mode) build 49521"
   239  009F                     ADCON1 equ 09Fh ;# 
   240                           opt subtitle "HI-TECH Software Omniscient Code Generator (Lite mode) build 49521"
   241  0105                     WDTCON equ 0105h ;# 
   242                           opt subtitle "HI-TECH Software Omniscient Code Generator (Lite mode) build 49521"
   243  010C                     EEDATA equ 010Ch ;# 
   244                           opt subtitle "HI-TECH Software Omniscient Code Generator (Lite mode) build 49521"
   245  010D                     EEADR equ 010Dh ;# 
   246                           opt subtitle "HI-TECH Software Omniscient Code Generator (Lite mode) build 49521"
   247  010E                     EEDATH equ 010Eh ;# 
   248                           opt subtitle "HI-TECH Software Omniscient Code Generator (Lite mode) build 49521"
   249  010F                     EEADRH equ 010Fh ;# 
   250                           opt subtitle "HI-TECH Software Omniscient Code Generator (Lite mode) build 49521"
   251  018C                     EECON1 equ 018Ch ;# 
   252                           opt subtitle "HI-TECH Software Omniscient Code Generator (Lite mode) build 49521"
   253  018D                     EECON2 equ 018Dh ;# 
   254                           opt subtitle "HI-TECH Software Omniscient Code Generator (Lite mode) build 49521"
   255                           
   256                           opt pagewidth 120
   257                           
   258                           	opt lm
   259                           
   260                           	processor	16F88
   261  001A                     _RCREG	set	0x1A
   262                           opt subtitle "HI-TECH Software Omniscient Code Generator (Lite mode) build 49521"
   263  0018                     _RCSTA	set	0x18
   264                           opt subtitle "HI-TECH Software Omniscient Code Generator (Lite mode) build 49521"
   265  0019                     _TXREG	set	0x19
   266                           opt subtitle "HI-TECH Software Omniscient Code Generator (Lite mode) build 49521"
   267  0028                     _RA0	set	0x28
   268                           opt subtitle "HI-TECH Software Omniscient Code Generator (Lite mode) build 49521"
   269  0029                     _RA1	set	0x29
   270                           opt subtitle "HI-TECH Software Omniscient Code Generator (Lite mode) build 49521"
   271  002A                     _RA2	set	0x2A
   272                           opt subtitle "HI-TECH Software Omniscient Code Generator (Lite mode) build 49521"
   273  002B                     _RA3	set	0x2B
   274                           opt subtitle "HI-TECH Software Omniscient Code Generator (Lite mode) build 49521"
   275  0030                     _RB0	set	0x30
   276                           opt subtitle "HI-TECH Software Omniscient Code Generator (Lite mode) build 49521"
   277  0031                     _RB1	set	0x31
   278                           opt subtitle "HI-TECH Software Omniscient Code Generator (Lite mode) build 49521"
   279  0065                     _RCIF	set	0x65
   280                           opt subtitle "HI-TECH Software Omniscient Code Generator (Lite mode) build 49521"
   281  0064                     _TXIF	set	0x64
   282                           opt subtitle "HI-TECH Software Omniscient Code Generator (Lite mode) build 49521"
   283  009B                     _ANSEL	set	0x9B
   284                           opt subtitle "HI-TECH Software Omniscient Code Generator (Lite mode) build 49521"
   285  008F                     _OSCCON	set	0x8F
   286                           opt subtitle "HI-TECH Software Omniscient Code Generator (Lite mode) build 49521"
   287  0099                     _SPBRG	set	0x99
   288                           opt subtitle "HI-TECH Software Omniscient Code Generator (Lite mode) build 49521"
   289  0085                     _TRISA	set	0x85
   290                           opt subtitle "HI-TECH Software Omniscient Code Generator (Lite mode) build 49521"
   291  0086                     _TRISB	set	0x86
   292                           opt subtitle "HI-TECH Software Omniscient Code Generator (Lite mode) build 49521"
   293  0098                     _TXSTA	set	0x98
   294                           opt subtitle "HI-TECH Software Omniscient Code Generator (Lite mode) build 49521"
   295  0432                     _TRISB2	set	0x432
   296                           opt subtitle "HI-TECH Software Omniscient Code Generator (Lite mode) build 49521"
   297  0435                     _TRISB5	set	0x435
   298                           opt subtitle "HI-TECH Software Omniscient Code Generator (Lite mode) build 49521"
   299                           
   300  0000                     __ptext66:	;psect for function _getch
   301                           opt subtitle "HI-TECH Software Omniscient Code Generator (Lite mode) build 49521"
   302                           
   303  0000                     __CFG_BOREN$OFF equ 0x0
   304                           opt subtitle "HI-TECH Software Omniscient Code Generator (Lite mode) build 49521"
   305  0000                     __CFG_CPD$OFF equ 0x0
   306                           opt subtitle "HI-TECH Software Omniscient Code Generator (Lite mode) build 49521"
   307  0000                     __CFG_CCPMX$RB0 equ 0x0
   308                           opt subtitle "HI-TECH Software Omniscient Code Generator (Lite mode) build 49521"
   309  0000                     __CFG_DEBUG$OFF equ 0x0
   310                           opt subtitle "HI-TECH Software Omniscient Code Generator (Lite mode) build 49521"
   311  0000                     __CFG_WRT$OFF equ 0x0
   312                           opt subtitle "HI-TECH Software Omniscient Code Generator (Lite mode) build 49521"
   313  0000                     __CFG_FOSC$INTOSCIO equ 0x0
   314                           opt subtitle "HI-TECH Software Omniscient Code Generator (Lite mode) build 49521"
   315  0000                     __CFG_MCLRE$OFF equ 0x0
   316                           opt subtitle "HI-TECH Software Omniscient Code Generator (Lite mode) build 49521"
   317  0000                     __CFG_WDTE$OFF equ 0x0
   318                           opt subtitle "HI-TECH Software Omniscient Code Generator (Lite mode) build 49521"
   319  0000                     __CFG_CP$OFF equ 0x0
   320                           opt subtitle "HI-TECH Software Omniscient Code Generator (Lite mode) build 49521"
   321  0000                     __CFG_LVP$OFF equ 0x0
   322                           opt subtitle "HI-TECH Software Omniscient Code Generator (Lite mode) build 49521"
   323  0000                     __CFG_PWRTE$OFF equ 0x0
   324                           opt subtitle "HI-TECH Software Omniscient Code Generator (Lite mode) build 49521"
   325  0000                     __CFG_IESO$OFF equ 0x0
   326                           opt subtitle "HI-TECH Software Omniscient Code Generator (Lite mode) build 49521"
   327  0000                     __CFG_FCMEN$OFF equ 0x0
   328                           opt subtitle "HI-TECH Software Omniscient Code Generator (Lite mode) build 49521"
   329                           
   330                           opt pagewidth 120
   331                           
   332  0767                     start_initialization:
   333                           opt subtitle "HI-TECH Software Omniscient Code Generator (Lite mode) build 49521"
   334                           
   335  0767                     __initialization:
   336                           opt subtitle "HI-TECH Software Omniscient Code Generator (Lite mode) build 49521"
   337                           
   338                           opt pagewidth 120
   339                           
   340                           	opt lm
   341  0767                     end_of_initialization:
   342  0767                     __end_of__initialization:clrf status
      + 0767  0183               	clrf	3
   343  0768  118A  2FA5         ljmp _main	;jump to C main() function
   344                           opt subtitle "HI-TECH Software Omniscient Code Generator (Lite mode) build 49521"
   345                           
   346  0070                     __pcstackCOMMON:
   347  0070                     ?_init_comms:	; 0 bytes @ 0x0
   348  0070                     ??_init_comms:	; 0 bytes @ 0x0
   349  0070                     ?_init:	; 0 bytes @ 0x0
   350  0070                     ??_init:	; 0 bytes @ 0x0
   351  0070                     ?_putch:	; 0 bytes @ 0x0
   352  0070                     ??_putch:	; 0 bytes @ 0x0
   353  0070                     ??_getch:	; 0 bytes @ 0x0
   354  0070                     ?_getche:	; 1 bytes @ 0x0
   355  0070                     ?_getch:	; 1 bytes @ 0x0
   356  0070                     ?_main:	; 2 bytes @ 0x0
   357                           opt subtitle "HI-TECH Software Omniscient Code Generator (Lite mode) build 49521"
   358  0070                     putch@byte:	; 1 bytes @ 0x0
   359  0070                     	ds	1
   360  0071                     ??_getche:	; 0 bytes @ 0x1
   361                           opt subtitle "HI-TECH Software Omniscient Code Generator (Lite mode) build 49521"
   362  0071                     getche@c:	; 1 bytes @ 0x1
   363  0071                     	ds	1
   364  0072                     ??_main:	; 0 bytes @ 0x2
   365  0072                     	ds	1
   366                           opt subtitle "HI-TECH Software Omniscient Code Generator (Lite mode) build 49521"
   367  0073                     main@temp:	; 1 bytes @ 0x3
   368  0073                     	ds	1
   369                           opt subtitle "HI-TECH Software Omniscient Code Generator (Lite mode) build 49521"
   370  0074                     main@checksum:	; 1 bytes @ 0x4
   371  0074                     	ds	1
   372                           opt subtitle "HI-TECH Software Omniscient Code Generator (Lite mode) build 49521"
   373  0075                     main@command:	; 1 bytes @ 0x5
   374  0075                     	ds	1
   375                           opt subtitle "HI-TECH Software Omniscient Code Generator (Lite mode) build 49521"
   376                           
   377                           opt pagewidth 120
   378                           
   379                           	opt lm
   380                           
   381                           	processor	16F88
   382                           clrc	macro
   383                           	bcf	3,0
   384                           	endm
   385                           clrz	macro
   386                           	bcf	3,2
   387                           	endm
   388                           setc	macro
   389                           	bsf	3,0
   390                           	endm
   391                           setz	macro
   392                           	bsf	3,2
   393                           	endm
   394                           skipc	macro
   395                           	btfss	3,0
   396                           	endm
   397                           skipz	macro
   398                           	btfss	3,2
   399                           	endm
   400                           skipnc	macro
   401                           	btfsc	3,0
   402                           	endm
   403                           skipnz	macro
   404                           	btfsc	3,2
   405                           	endm
   406                           indf	equ	0
   407                           indf0	equ	0
   408                           pc	equ	2
   409                           pcl	equ	2
   410                           status	equ	3
   411                           fsr	equ	4
   412                           fsr0	equ	4
   413                           c	equ	1
   414                           z	equ	0
   415                           pclath	equ	10
   416                           # 46 "C:\Program Files (x86)\Microchip\xc8\v1.12\include\pic16f88.h"
   417                           INDF equ 00h ;# 
   418                           # 52 "C:\Program Files (x86)\Microchip\xc8\v1.12\include\pic16f88.h"
   419                           TMR0 equ 01h ;# 
   420                           # 58 "C:\Program Files (x86)\Microchip\xc8\v1.12\include\pic16f88.h"
   421                           PCL equ 02h ;# 
   422                           # 64 "C:\Program Files (x86)\Microchip\xc8\v1.12\include\pic16f88.h"
   423                           STATUS equ 03h ;# 
   424                           # 151 "C:\Program Files (x86)\Microchip\xc8\v1.12\include\pic16f88.h"
   425                           FSR equ 04h ;# 
   426                           # 157 "C:\Program Files (x86)\Microchip\xc8\v1.12\include\pic16f88.h"
   427                           PORTA equ 05h ;# 
   428                           # 218 "C:\Program Files (x86)\Microchip\xc8\v1.12\include\pic16f88.h"
   429                           PORTB equ 06h ;# 
   430                           # 279 "C:\Program Files (x86)\Microchip\xc8\v1.12\include\pic16f88.h"
   431                           PCLATH equ 0Ah ;# 
   432                           # 298 "C:\Program Files (x86)\Microchip\xc8\v1.12\include\pic16f88.h"
   433                           INTCON equ 0Bh ;# 
   434                           # 375 "C:\Program Files (x86)\Microchip\xc8\v1.12\include\pic16f88.h"
   435                           PIR1 equ 0Ch ;# 
   436                           # 430 "C:\Program Files (x86)\Microchip\xc8\v1.12\include\pic16f88.h"
   437                           PIR2 equ 0Dh ;# 
   438                           # 463 "C:\Program Files (x86)\Microchip\xc8\v1.12\include\pic16f88.h"
   439                           TMR1 equ 0Eh ;# 
   440                           # 469 "C:\Program Files (x86)\Microchip\xc8\v1.12\include\pic16f88.h"
   441                           TMR1L equ 0Eh ;# 
   442                           # 475 "C:\Program Files (x86)\Microchip\xc8\v1.12\include\pic16f88.h"
   443                           TMR1H equ 0Fh ;# 
   444                           # 481 "C:\Program Files (x86)\Microchip\xc8\v1.12\include\pic16f88.h"
   445                           T1CON equ 010h ;# 
   446                           # 552 "C:\Program Files (x86)\Microchip\xc8\v1.12\include\pic16f88.h"
   447                           TMR2 equ 011h ;# 
   448                           # 558 "C:\Program Files (x86)\Microchip\xc8\v1.12\include\pic16f88.h"
   449                           T2CON equ 012h ;# 
   450                           # 628 "C:\Program Files (x86)\Microchip\xc8\v1.12\include\pic16f88.h"
   451                           SSPBUF equ 013h ;# 
   452                           # 634 "C:\Program Files (x86)\Microchip\xc8\v1.12\include\pic16f88.h"
   453                           SSPCON equ 014h ;# 
   454                           # 703 "C:\Program Files (x86)\Microchip\xc8\v1.12\include\pic16f88.h"
   455                           CCPR1 equ 015h ;# 
   456                           # 709 "C:\Program Files (x86)\Microchip\xc8\v1.12\include\pic16f88.h"
   457                           CCPR1L equ 015h ;# 
   458                           # 715 "C:\Program Files (x86)\Microchip\xc8\v1.12\include\pic16f88.h"
   459                           CCPR1H equ 016h ;# 
   460                           # 721 "C:\Program Files (x86)\Microchip\xc8\v1.12\include\pic16f88.h"
   461                           CCP1CON equ 017h ;# 
   462                           # 778 "C:\Program Files (x86)\Microchip\xc8\v1.12\include\pic16f88.h"
   463                           RCSTA equ 018h ;# 
   464                           # 872 "C:\Program Files (x86)\Microchip\xc8\v1.12\include\pic16f88.h"
   465                           TXREG equ 019h ;# 
   466                           # 878 "C:\Program Files (x86)\Microchip\xc8\v1.12\include\pic16f88.h"
   467                           RCREG equ 01Ah ;# 
   468                           # 884 "C:\Program Files (x86)\Microchip\xc8\v1.12\include\pic16f88.h"
   469                           ADRESH equ 01Eh ;# 
   470                           # 890 "C:\Program Files (x86)\Microchip\xc8\v1.12\include\pic16f88.h"
   471                           ADCON0 equ 01Fh ;# 
   472                           # 985 "C:\Program Files (x86)\Microchip\xc8\v1.12\include\pic16f88.h"
   473                           OPTION_REG equ 081h ;# 
   474                           # 1054 "C:\Program Files (x86)\Microchip\xc8\v1.12\include\pic16f88.h"
   475                           TRISA equ 085h ;# 
   476                           # 1115 "C:\Program Files (x86)\Microchip\xc8\v1.12\include\pic16f88.h"
   477                           TRISB equ 086h ;# 
   478                           # 1176 "C:\Program Files (x86)\Microchip\xc8\v1.12\include\pic16f88.h"
   479                           PIE1 equ 08Ch ;# 
   480                           # 1231 "C:\Program Files (x86)\Microchip\xc8\v1.12\include\pic16f88.h"
   481                           PIE2 equ 08Dh ;# 
   482                           # 1264 "C:\Program Files (x86)\Microchip\xc8\v1.12\include\pic16f88.h"
   483                           PCON equ 08Eh ;# 
   484                           # 1297 "C:\Program Files (x86)\Microchip\xc8\v1.12\include\pic16f88.h"
   485                           OSCCON equ 08Fh ;# 
   486                           # 1367 "C:\Program Files (x86)\Microchip\xc8\v1.12\include\pic16f88.h"
   487                           OSCTUNE equ 090h ;# 
   488                           # 1424 "C:\Program Files (x86)\Microchip\xc8\v1.12\include\pic16f88.h"
   489                           PR2 equ 092h ;# 
   490                           # 1430 "C:\Program Files (x86)\Microchip\xc8\v1.12\include\pic16f88.h"
   491                           SSPADD equ 093h ;# 
   492                           # 1436 "C:\Program Files (x86)\Microchip\xc8\v1.12\include\pic16f88.h"
   493                           SSPSTAT equ 094h ;# 
   494                           # 1604 "C:\Program Files (x86)\Microchip\xc8\v1.12\include\pic16f88.h"
   495                           TXSTA equ 098h ;# 
   496                           # 1684 "C:\Program Files (x86)\Microchip\xc8\v1.12\include\pic16f88.h"
   497                           SPBRG equ 099h ;# 
   498                           # 1690 "C:\Program Files (x86)\Microchip\xc8\v1.12\include\pic16f88.h"
   499                           ANSEL equ 09Bh ;# 
   500                           # 1745 "C:\Program Files (x86)\Microchip\xc8\v1.12\include\pic16f88.h"
   501                           CMCON equ 09Ch ;# 
   502                           # 1814 "C:\Program Files (x86)\Microchip\xc8\v1.12\include\pic16f88.h"
   503                           CVRCON equ 09Dh ;# 
   504                           # 1878 "C:\Program Files (x86)\Microchip\xc8\v1.12\include\pic16f88.h"
   505                           ADRESL equ 09Eh ;# 
   506                           # 1884 "C:\Program Files (x86)\Microchip\xc8\v1.12\include\pic16f88.h"
   507                           ADCON1 equ 09Fh ;# 
   508                           # 1931 "C:\Program Files (x86)\Microchip\xc8\v1.12\include\pic16f88.h"
   509                           WDTCON equ 0105h ;# 
   510                           # 1988 "C:\Program Files (x86)\Microchip\xc8\v1.12\include\pic16f88.h"
   511                           EEDATA equ 010Ch ;# 
   512                           # 1994 "C:\Program Files (x86)\Microchip\xc8\v1.12\include\pic16f88.h"
   513                           EEADR equ 010Dh ;# 
   514                           # 2000 "C:\Program Files (x86)\Microchip\xc8\v1.12\include\pic16f88.h"
   515                           EEDATH equ 010Eh ;# 
   516                           # 2006 "C:\Program Files (x86)\Microchip\xc8\v1.12\include\pic16f88.h"
   517                           EEADRH equ 010Fh ;# 
   518                           # 2012 "C:\Program Files (x86)\Microchip\xc8\v1.12\include\pic16f88.h"
   519                           EECON1 equ 018Ch ;# 
   520                           # 2062 "C:\Program Files (x86)\Microchip\xc8\v1.12\include\pic16f88.h"
   521                           EECON2 equ 018Dh ;# 
   522                           # 46 "C:\Program Files (x86)\Microchip\xc8\v1.12\include\pic16f88.h"
   523                           INDF equ 00h ;# 
   524                           # 52 "C:\Program Files (x86)\Microchip\xc8\v1.12\include\pic16f88.h"
   525                           TMR0 equ 01h ;# 
   526  07A5                     __pmaintext:	;psect for function _main
   527                           opt subtitle "HI-TECH Software Omniscient Code Generator (Lite mode) build 49521"
   528                           
   529                           opt pagewidth 120
   530                           
   531  005B                     	__size_of_main	equ	__end_of_main-_main
   532                           opt subtitle "HI-TECH Software Omniscient Code Generator (Lite mode) build 49521"
   533  07A5                     _main:	
   534                           opt subtitle "HI-TECH Software Omniscient Code Generator (Lite mode) build 49521"
   535                           
   536                           opt pagewidth 120
   537                           
   538  07A5                     l569:	
   539                           opt subtitle "HI-TECH Software Omniscient Code Generator (Lite mode) build 49521"
   540  07A5  118A  277F  118A   	fcall	_init
   541                           opt subtitle "HI-TECH Software Omniscient Code Generator (Lite mode) build 49521"
   542                           
   543                           opt pagewidth 120
   544                           
   545                           	opt lm
   546                           
   547  07A8                     l30:	
   548                           opt subtitle "HI-TECH Software Omniscient Code Generator (Lite mode) build 49521"
   549                           
   550  07A8  118A  276A  118A   	fcall	_getche
   551  07AB  00F2               	movwf	(??_main+0)+0
   552  07AC  0872               	movf	(??_main+0)+0,w
   553  07AD  00F3               	movwf	(main@temp)
   554                           opt subtitle "HI-TECH Software Omniscient Code Generator (Lite mode) build 49521"
   555                           
   556  07AE                     l571:	
   557                           opt subtitle "HI-TECH Software Omniscient Code Generator (Lite mode) build 49521"
   558  07AE  0873               	movf	(main@temp),w
   559  07AF  3A5B               	xorlw	05Bh
   560  07B0  1D03               	skipz
   561  07B1  2FB3               	goto	u31
   562  07B2  2FB4               	goto	u30
   563  07B3                     u31:
   564  07B3  2FF3               	goto	l31
   565  07B4                     u30:
   566                           opt subtitle "HI-TECH Software Omniscient Code Generator (Lite mode) build 49521"
   567                           
   568  07B4                     l573:	
   569                           opt subtitle "HI-TECH Software Omniscient Code Generator (Lite mode) build 49521"
   570  07B4  118A  276A  118A   	fcall	_getche
   571  07B7  00F2               	movwf	(??_main+0)+0
   572  07B8  0872               	movf	(??_main+0)+0,w
   573  07B9  00F5               	movwf	(main@command)
   574                           opt subtitle "HI-TECH Software Omniscient Code Generator (Lite mode) build 49521"
   575                           
   576  07BA  118A  276A  118A   	fcall	_getche
   577  07BD  00F2               	movwf	(??_main+0)+0
   578  07BE  0872               	movf	(??_main+0)+0,w
   579  07BF  00F4               	movwf	(main@checksum)
   580                           opt subtitle "HI-TECH Software Omniscient Code Generator (Lite mode) build 49521"
   581                           
   582  07C0                     l575:	
   583                           opt subtitle "HI-TECH Software Omniscient Code Generator (Lite mode) build 49521"
   584  07C0  0875               	movf	(main@command),w
   585  07C1  0674               	xorwf	(main@checksum),w
   586  07C2  1D03               	skipz
   587  07C3  2FC5               	goto	u41
   588  07C4  2FC6               	goto	u40
   589  07C5                     u41:
   590  07C5  2FA8               	goto	l30
   591  07C6                     u40:
   592                           opt subtitle "HI-TECH Software Omniscient Code Generator (Lite mode) build 49521"
   593  07C6                     l577:	
   594  07C6  0875               	movf	(main@command),w
   595  07C7  39E0               	andlw	0E0h
   596  07C8  3A60               	xorlw	060h
   597  07C9  1D03               	skipz
   598  07CA  2FCC               	goto	u51
   599  07CB  2FCD               	goto	u50
   600  07CC                     u51:
   601  07CC  2FA8               	goto	l30
   602  07CD                     u50:
   603  07CD  2FD8               	goto	l35
   604                           opt subtitle "HI-TECH Software Omniscient Code Generator (Lite mode) build 49521"
   605                           
   606  07CE                     l579:	
   607                           opt subtitle "HI-TECH Software Omniscient Code Generator (Lite mode) build 49521"
   608  07CE  2FD8               	goto	l35
   609                           opt subtitle "HI-TECH Software Omniscient Code Generator (Lite mode) build 49521"
   610                           
   611  07CF                     l581:	
   612                           opt subtitle "HI-TECH Software Omniscient Code Generator (Lite mode) build 49521"
   613  07CF  1283               	bcf	status, 5	;RP0=0, select bank0
   614  07D0  1303               	bcf	status, 6	;RP1=0, select bank0
   615  07D1  1505               	bsf	(42/8),(42)&7	;volatile
   616                           opt subtitle "HI-TECH Software Omniscient Code Generator (Lite mode) build 49521"
   617                           
   618  07D2  1185               	bcf	(43/8),(43)&7	;volatile
   619                           opt subtitle "HI-TECH Software Omniscient Code Generator (Lite mode) build 49521"
   620                           
   621  07D3  2FE6               	goto	l39
   622                           opt subtitle "HI-TECH Software Omniscient Code Generator (Lite mode) build 49521"
   623  07D4                     l33:	
   624  07D4  2FD8               	goto	l35
   625                           opt subtitle "HI-TECH Software Omniscient Code Generator (Lite mode) build 49521"
   626                           
   627  07D5                     l583:	
   628                           opt subtitle "HI-TECH Software Omniscient Code Generator (Lite mode) build 49521"
   629  07D5  1105               	bcf	(42/8),(42)&7	;volatile
   630                           opt subtitle "HI-TECH Software Omniscient Code Generator (Lite mode) build 49521"
   631                           
   632  07D6  1585               	bsf	(43/8),(43)&7	;volatile
   633                           opt subtitle "HI-TECH Software Omniscient Code Generator (Lite mode) build 49521"
   634                           
   635  07D7  2FE6               	goto	l39
   636                           opt subtitle "HI-TECH Software Omniscient Code Generator (Lite mode) build 49521"
   637  07D8                     l35:	
   638                           opt subtitle "HI-TECH Software Omniscient Code Generator (Lite mode) build 49521"
   639                           
   640  07D8  1283               	bcf	status, 5	;RP0=0, select bank0
   641  07D9  1303               	bcf	status, 6	;RP1=0, select bank0
   642  07DA  1105               	bcf	(42/8),(42)&7	;volatile
   643                           opt subtitle "HI-TECH Software Omniscient Code Generator (Lite mode) build 49521"
   644                           
   645  07DB  1185               	bcf	(43/8),(43)&7	;volatile
   646  07DC  2FE6               	goto	l39
   647                           opt subtitle "HI-TECH Software Omniscient Code Generator (Lite mode) build 49521"
   648                           
   649  07DD                     l36:	
   650  07DD  2FE6               	goto	l39
   651                           opt subtitle "HI-TECH Software Omniscient Code Generator (Lite mode) build 49521"
   652  07DE                     l34:	
   653                           opt subtitle "HI-TECH Software Omniscient Code Generator (Lite mode) build 49521"
   654                           
   655                           opt pagewidth 120
   656  07DE  2FE6               	goto	l39
   657                           opt subtitle "HI-TECH Software Omniscient Code Generator (Lite mode) build 49521"
   658                           
   659  07DF                     l585:	
   660                           opt subtitle "HI-TECH Software Omniscient Code Generator (Lite mode) build 49521"
   661  07DF  1405               	bsf	(40/8),(40)&7	;volatile
   662                           opt subtitle "HI-TECH Software Omniscient Code Generator (Lite mode) build 49521"
   663                           
   664  07E0  1085               	bcf	(41/8),(41)&7	;volatile
   665                           opt subtitle "HI-TECH Software Omniscient Code Generator (Lite mode) build 49521"
   666                           
   667  07E1  2FEE               	goto	l41
   668                           opt subtitle "HI-TECH Software Omniscient Code Generator (Lite mode) build 49521"
   669  07E2                     l37:	
   670  07E2  2FE6               	goto	l39
   671                           opt subtitle "HI-TECH Software Omniscient Code Generator (Lite mode) build 49521"
   672                           
   673  07E3                     l587:	
   674                           opt subtitle "HI-TECH Software Omniscient Code Generator (Lite mode) build 49521"
   675  07E3  1005               	bcf	(40/8),(40)&7	;volatile
   676                           opt subtitle "HI-TECH Software Omniscient Code Generator (Lite mode) build 49521"
   677                           
   678  07E4  1485               	bsf	(41/8),(41)&7	;volatile
   679                           opt subtitle "HI-TECH Software Omniscient Code Generator (Lite mode) build 49521"
   680                           
   681  07E5  2FEE               	goto	l41
   682                           opt subtitle "HI-TECH Software Omniscient Code Generator (Lite mode) build 49521"
   683  07E6                     l39:	
   684                           opt subtitle "HI-TECH Software Omniscient Code Generator (Lite mode) build 49521"
   685                           
   686  07E6  1005               	bcf	(40/8),(40)&7	;volatile
   687                           opt subtitle "HI-TECH Software Omniscient Code Generator (Lite mode) build 49521"
   688                           
   689  07E7  1085               	bcf	(41/8),(41)&7	;volatile
   690  07E8  2FEE               	goto	l41
   691                           opt subtitle "HI-TECH Software Omniscient Code Generator (Lite mode) build 49521"
   692                           
   693  07E9                     l40:	
   694  07E9  2FEE               	goto	l41
   695                           opt subtitle "HI-TECH Software Omniscient Code Generator (Lite mode) build 49521"
   696  07EA                     l38:	
   697                           opt subtitle "HI-TECH Software Omniscient Code Generator (Lite mode) build 49521"
   698                           
   699                           opt pagewidth 120
   700  07EA  2FEE               	goto	l41
   701                           opt subtitle "HI-TECH Software Omniscient Code Generator (Lite mode) build 49521"
   702                           
   703  07EB                     l589:	
   704                           opt subtitle "HI-TECH Software Omniscient Code Generator (Lite mode) build 49521"
   705  07EB  1406               	bsf	(48/8),(48)&7	;volatile
   706                           opt subtitle "HI-TECH Software Omniscient Code Generator (Lite mode) build 49521"
   707                           
   708  07EC  1086               	bcf	(49/8),(49)&7	;volatile
   709                           opt subtitle "HI-TECH Software Omniscient Code Generator (Lite mode) build 49521"
   710                           
   711  07ED  2FA8               	goto	l30
   712                           opt subtitle "HI-TECH Software Omniscient Code Generator (Lite mode) build 49521"
   713  07EE                     l41:	
   714                           opt subtitle "HI-TECH Software Omniscient Code Generator (Lite mode) build 49521"
   715                           
   716  07EE  1006               	bcf	(48/8),(48)&7	;volatile
   717                           opt subtitle "HI-TECH Software Omniscient Code Generator (Lite mode) build 49521"
   718                           
   719  07EF  1486               	bsf	(49/8),(49)&7	;volatile
   720  07F0  2FA8               	goto	l30
   721                           opt subtitle "HI-TECH Software Omniscient Code Generator (Lite mode) build 49521"
   722                           
   723  07F1                     l42:	
   724  07F1  2FA8               	goto	l30
   725                           opt subtitle "HI-TECH Software Omniscient Code Generator (Lite mode) build 49521"
   726                           
   727  07F2                     l32:	
   728                           opt subtitle "HI-TECH Software Omniscient Code Generator (Lite mode) build 49521"
   729                           
   730                           opt pagewidth 120
   731                           
   732  07F2  2FA8               	goto	l30
   733                           opt subtitle "HI-TECH Software Omniscient Code Generator (Lite mode) build 49521"
   734  07F3                     l31:	
   735                           opt subtitle "HI-TECH Software Omniscient Code Generator (Lite mode) build 49521"
   736                           
   737  07F3  1283               	bcf	status, 5	;RP0=0, select bank0
   738  07F4  1303               	bcf	status, 6	;RP1=0, select bank0
   739  07F5  1005               	bcf	(40/8),(40)&7	;volatile
   740                           opt subtitle "HI-TECH Software Omniscient Code Generator (Lite mode) build 49521"
   741                           
   742  07F6  1085               	bcf	(41/8),(41)&7	;volatile
   743                           opt subtitle "HI-TECH Software Omniscient Code Generator (Lite mode) build 49521"
   744                           
   745  07F7  1105               	bcf	(42/8),(42)&7	;volatile
   746                           opt subtitle "HI-TECH Software Omniscient Code Generator (Lite mode) build 49521"
   747                           
   748  07F8  1185               	bcf	(43/8),(43)&7	;volatile
   749                           opt subtitle "HI-TECH Software Omniscient Code Generator (Lite mode) build 49521"
   750                           
   751  07F9  1006               	bcf	(48/8),(48)&7	;volatile
   752                           opt subtitle "HI-TECH Software Omniscient Code Generator (Lite mode) build 49521"
   753                           
   754  07FA  1086               	bcf	(49/8),(49)&7	;volatile
   755  07FB  2FA8               	goto	l30
   756                           opt subtitle "HI-TECH Software Omniscient Code Generator (Lite mode) build 49521"
   757                           
   758  07FC                     l43:	
   759  07FC  2FA8               	goto	l30
   760                           opt subtitle "HI-TECH Software Omniscient Code Generator (Lite mode) build 49521"
   761                           
   762  07FD                     l44:	
   763                           opt subtitle "HI-TECH Software Omniscient Code Generator (Lite mode) build 49521"
   764  07FD  2FA8               	goto	l30
   765                           opt subtitle "HI-TECH Software Omniscient Code Generator (Lite mode) build 49521"
   766  07FE                     l45:	
   767                           opt subtitle "HI-TECH Software Omniscient Code Generator (Lite mode) build 49521"
   768                           
   769  07FE                     l46:	
   770                           opt subtitle "HI-TECH Software Omniscient Code Generator (Lite mode) build 49521"
   771  07FE  118A  2800         	ljmp	start
   772                           opt subtitle "HI-TECH Software Omniscient Code Generator (Lite mode) build 49521"
   773                           
   774  0800                     	__end_of_main:
   775                           opt subtitle "HI-TECH Software Omniscient Code Generator (Lite mode) build 49521"
   776                           
   777                           opt pagewidth 120
   778                           
   779                           	opt lm
   780                           
   781                           	processor	16F88
   782                           clrc	macro
   783                           	bcf	3,0
   784                           	endm
   785                           clrz	macro
   786                           	bcf	3,2
   787                           	endm
   788                           setc	macro
   789                           	bsf	3,0
   790                           	endm
   791                           setz	macro
   792                           	bsf	3,2
   793                           	endm
   794                           skipc	macro
   795                           	btfss	3,0
   796                           	endm
   797                           skipz	macro
   798                           	btfss	3,2
   799                           	endm
   800                           skipnc	macro
   801                           	btfsc	3,0
   802                           	endm
   803                           skipnz	macro
   804                           	btfsc	3,2
   805                           	endm
   806                           indf	equ	0
   807                           indf0	equ	0
   808                           pc	equ	2
   809  077F                     __ptext67:	;psect for function _init
   810                           opt subtitle "HI-TECH Software Omniscient Code Generator (Lite mode) build 49521"
   811                           
   812                           opt pagewidth 120
   813                           
   814  000B                     	__size_of_init	equ	__end_of_init-_init
   815                           opt subtitle "HI-TECH Software Omniscient Code Generator (Lite mode) build 49521"
   816  077F                     _init:	
   817                           opt subtitle "HI-TECH Software Omniscient Code Generator (Lite mode) build 49521"
   818                           
   819                           opt pagewidth 120
   820                           
   821  077F                     l553:	
   822                           opt subtitle "HI-TECH Software Omniscient Code Generator (Lite mode) build 49521"
   823  077F  3060               	movlw	(060h)
   824  0780  1683               	bsf	status, 5	;RP0=1, select bank1
   825  0781  1303               	bcf	status, 6	;RP1=0, select bank1
   826  0782  008F               	movwf	(143)^080h	;volatile
   827                           opt subtitle "HI-TECH Software Omniscient Code Generator (Lite mode) build 49521"
   828                           
   829  0783                     l555:	
   830                           opt subtitle "HI-TECH Software Omniscient Code Generator (Lite mode) build 49521"
   831  0783  0185               	clrf	(133)^080h	;volatile
   832                           opt subtitle "HI-TECH Software Omniscient Code Generator (Lite mode) build 49521"
   833                           
   834  0784                     l557:	
   835                           opt subtitle "HI-TECH Software Omniscient Code Generator (Lite mode) build 49521"
   836  0784  0186               	clrf	(134)^080h	;volatile
   837                           opt subtitle "HI-TECH Software Omniscient Code Generator (Lite mode) build 49521"
   838                           
   839  0785                     l559:	
   840                           opt subtitle "HI-TECH Software Omniscient Code Generator (Lite mode) build 49521"
   841  0785  019B               	clrf	(155)^080h	;volatile
   842                           opt subtitle "HI-TECH Software Omniscient Code Generator (Lite mode) build 49521"
   843                           
   844  0786                     l561:	
   845                           opt subtitle "HI-TECH Software Omniscient Code Generator (Lite mode) build 49521"
   846  0786  118A  2796  118A   	fcall	_init_comms
   847                           opt subtitle "HI-TECH Software Omniscient Code Generator (Lite mode) build 49521"
   848                           
   849  0789                     l27:	
   850  0789  0008               	return
   851                           opt subtitle "HI-TECH Software Omniscient Code Generator (Lite mode) build 49521"
   852                           
   853  078A                     	__end_of_init:
   854                           opt subtitle "HI-TECH Software Omniscient Code Generator (Lite mode) build 49521"
   855                           
   856                           opt pagewidth 120
   857                           
   858                           	opt lm
   859                           
   860                           	processor	16F88
   861                           clrc	macro
   862                           	bcf	3,0
   863                           	endm
   864                           clrz	macro
   865                           	bcf	3,2
   866                           	endm
   867                           setc	macro
   868                           	bsf	3,0
   869                           	endm
   870                           setz	macro
   871                           	bsf	3,2
   872                           	endm
   873                           skipc	macro
   874                           	btfss	3,0
   875                           	endm
   876                           skipz	macro
   877                           	btfss	3,2
   878                           	endm
   879                           skipnc	macro
   880                           	btfsc	3,0
   881                           	endm
   882                           skipnz	macro
   883                           	btfsc	3,2
   884                           	endm
   885                           indf	equ	0
   886                           indf0	equ	0
   887  0796                     __ptext68:	;psect for function _init_comms
   888                           opt subtitle "HI-TECH Software Omniscient Code Generator (Lite mode) build 49521"
   889                           
   890                           opt pagewidth 120
   891                           
   892  000F                     	__size_of_init_comms	equ	__end_of_init_comms-_init_comms
   893                           opt subtitle "HI-TECH Software Omniscient Code Generator (Lite mode) build 49521"
   894  0796                     _init_comms:	
   895                           opt subtitle "HI-TECH Software Omniscient Code Generator (Lite mode) build 49521"
   896                           
   897                           opt pagewidth 120
   898                           
   899  0796                     l539:	
   900                           opt subtitle "HI-TECH Software Omniscient Code Generator (Lite mode) build 49521"
   901  0796  1683               	bsf	status, 5	;RP0=1, select bank1
   902  0797  1303               	bcf	status, 6	;RP1=0, select bank1
   903  0798  1506               	bsf	(1074/8)^080h,(1074)&7	;volatile
   904                           opt subtitle "HI-TECH Software Omniscient Code Generator (Lite mode) build 49521"
   905                           
   906  0799  1686               	bsf	(1077/8)^080h,(1077)&7	;volatile
   907                           opt subtitle "HI-TECH Software Omniscient Code Generator (Lite mode) build 49521"
   908                           
   909  079A                     l541:	
   910                           opt subtitle "HI-TECH Software Omniscient Code Generator (Lite mode) build 49521"
   911  079A  3033               	movlw	(033h)
   912  079B  0099               	movwf	(153)^080h	;volatile
   913                           opt subtitle "HI-TECH Software Omniscient Code Generator (Lite mode) build 49521"
   914                           
   915  079C  3090               	movlw	(090h)
   916  079D  1283               	bcf	status, 5	;RP0=0, select bank0
   917  079E  1303               	bcf	status, 6	;RP1=0, select bank0
   918  079F  0098               	movwf	(24)	;volatile
   919                           opt subtitle "HI-TECH Software Omniscient Code Generator (Lite mode) build 49521"
   920                           
   921  07A0  3020               	movlw	(020h)
   922  07A1  1683               	bsf	status, 5	;RP0=1, select bank1
   923  07A2  1303               	bcf	status, 6	;RP1=0, select bank1
   924  07A3  0098               	movwf	(152)^080h	;volatile
   925                           opt subtitle "HI-TECH Software Omniscient Code Generator (Lite mode) build 49521"
   926                           
   927  07A4                     l82:	
   928  07A4  0008               	return
   929                           opt subtitle "HI-TECH Software Omniscient Code Generator (Lite mode) build 49521"
   930                           
   931  07A5                     	__end_of_init_comms:
   932                           opt subtitle "HI-TECH Software Omniscient Code Generator (Lite mode) build 49521"
   933                           
   934                           opt pagewidth 120
   935                           
   936                           	opt lm
   937                           
   938                           	processor	16F88
   939                           clrc	macro
   940                           	bcf	3,0
   941                           	endm
   942                           clrz	macro
   943                           	bcf	3,2
   944                           	endm
   945                           setc	macro
   946                           	bsf	3,0
   947                           	endm
   948                           setz	macro
   949                           	bsf	3,2
   950                           	endm
   951                           skipc	macro
   952                           	btfss	3,0
   953                           	endm
   954                           skipz	macro
   955                           	btfss	3,2
   956                           	endm
   957                           skipnc	macro
   958                           	btfsc	3,0
   959                           	endm
   960                           skipnz	macro
   961                           	btfsc	3,2
   962                           	endm
   963                           indf	equ	0
   964                           indf0	equ	0
   965                           pc	equ	2
   966                           pcl	equ	2
   967  076A                     __ptext69:	;psect for function _getche
   968                           opt subtitle "HI-TECH Software Omniscient Code Generator (Lite mode) build 49521"
   969                           
   970                           opt pagewidth 120
   971                           
   972  000A                     	__size_of_getche	equ	__end_of_getche-_getche
   973                           opt subtitle "HI-TECH Software Omniscient Code Generator (Lite mode) build 49521"
   974  076A                     _getche:	
   975                           opt subtitle "HI-TECH Software Omniscient Code Generator (Lite mode) build 49521"
   976                           
   977                           opt pagewidth 120
   978                           
   979  076A                     l563:	
   980                           opt subtitle "HI-TECH Software Omniscient Code Generator (Lite mode) build 49521"
   981                           
   982  076A  118A  2774  118A   	fcall	_getch
   983  076D  00F1               	movwf	(getche@c)
   984  076E  118A  278A  118A   	fcall	_putch
   985                           opt subtitle "HI-TECH Software Omniscient Code Generator (Lite mode) build 49521"
   986                           
   987  0771                     l565:	
   988                           opt subtitle "HI-TECH Software Omniscient Code Generator (Lite mode) build 49521"
   989  0771  0871               	movf	(getche@c),w
   990  0772  2F73               	goto	l79
   991                           opt subtitle "HI-TECH Software Omniscient Code Generator (Lite mode) build 49521"
   992  0773                     l567:	
   993                           opt subtitle "HI-TECH Software Omniscient Code Generator (Lite mode) build 49521"
   994                           
   995  0773                     l79:	
   996  0773  0008               	return
   997                           opt subtitle "HI-TECH Software Omniscient Code Generator (Lite mode) build 49521"
   998                           
   999  0774                     	__end_of_getche:
  1000                           opt subtitle "HI-TECH Software Omniscient Code Generator (Lite mode) build 49521"
  1001                           
  1002                           opt pagewidth 120
  1003                           
  1004                           	opt lm
  1005                           
  1006                           	processor	16F88
  1007                           clrc	macro
  1008                           	bcf	3,0
  1009                           	endm
  1010                           clrz	macro
  1011                           	bcf	3,2
  1012                           	endm
  1013                           setc	macro
  1014                           	bsf	3,0
  1015                           	endm
  1016                           setz	macro
  1017                           	bsf	3,2
  1018                           	endm
  1019                           skipc	macro
  1020                           	btfss	3,0
  1021                           	endm
  1022                           skipz	macro
  1023                           	btfss	3,2
  1024                           	endm
  1025                           skipnc	macro
  1026                           	btfsc	3,0
  1027                           	endm
  1028                           skipnz	macro
  1029                           	btfsc	3,2
  1030                           	endm
  1031                           indf	equ	0
  1032                           indf0	equ	0
  1033  078A                     __ptext70:	;psect for function _putch
  1034                           opt subtitle "HI-TECH Software Omniscient Code Generator (Lite mode) build 49521"
  1035                           
  1036                           opt pagewidth 120
  1037                           
  1038  000C                     	__size_of_putch	equ	__end_of_putch-_putch
  1039                           opt subtitle "HI-TECH Software Omniscient Code Generator (Lite mode) build 49521"
  1040  078A                     _putch:	
  1041                           opt subtitle "HI-TECH Software Omniscient Code Generator (Lite mode) build 49521"
  1042                           
  1043                           opt pagewidth 120
  1044  078A  00F0               	movwf	(putch@byte)
  1045                           opt subtitle "HI-TECH Software Omniscient Code Generator (Lite mode) build 49521"
  1046                           
  1047  078B                     l543:	
  1048                           opt subtitle "HI-TECH Software Omniscient Code Generator (Lite mode) build 49521"
  1049  078B  2F8C               	goto	l67
  1050                           opt subtitle "HI-TECH Software Omniscient Code Generator (Lite mode) build 49521"
  1051  078C                     l68:	
  1052                           opt subtitle "HI-TECH Software Omniscient Code Generator (Lite mode) build 49521"
  1053                           
  1054                           opt pagewidth 120
  1055  078C                     l67:	
  1056                           opt subtitle "HI-TECH Software Omniscient Code Generator (Lite mode) build 49521"
  1057  078C  1283               	bcf	status, 5	;RP0=0, select bank0
  1058  078D  1303               	bcf	status, 6	;RP1=0, select bank0
  1059  078E  1E0C               	btfss	(100/8),(100)&7	;volatile
  1060  078F  2F91               	goto	u11
  1061  0790  2F92               	goto	u10
  1062  0791                     u11:
  1063  0791  2F8C               	goto	l67
  1064  0792                     u10:
  1065  0792  2F93               	goto	l545
  1066                           opt subtitle "HI-TECH Software Omniscient Code Generator (Lite mode) build 49521"
  1067  0793                     l69:	
  1068                           opt subtitle "HI-TECH Software Omniscient Code Generator (Lite mode) build 49521"
  1069                           
  1070  0793                     l545:	
  1071                           opt subtitle "HI-TECH Software Omniscient Code Generator (Lite mode) build 49521"
  1072  0793  0870               	movf	(putch@byte),w
  1073  0794  0099               	movwf	(25)	;volatile
  1074                           opt subtitle "HI-TECH Software Omniscient Code Generator (Lite mode) build 49521"
  1075                           
  1076  0795                     l70:	
  1077  0795  0008               	return
  1078                           opt subtitle "HI-TECH Software Omniscient Code Generator (Lite mode) build 49521"
  1079                           
  1080  0796                     	__end_of_putch:
  1081                           opt subtitle "HI-TECH Software Omniscient Code Generator (Lite mode) build 49521"
  1082                           
  1083                           opt pagewidth 120
  1084                           
  1085                           	opt lm
  1086                           
  1087                           	processor	16F88
  1088                           clrc	macro
  1089                           	bcf	3,0
  1090                           	endm
  1091                           clrz	macro
  1092                           	bcf	3,2
  1093                           	endm
  1094                           setc	macro
  1095                           	bsf	3,0
  1096                           	endm
  1097                           setz	macro
  1098                           	bsf	3,2
  1099                           	endm
  1100                           skipc	macro
  1101                           	btfss	3,0
  1102                           	endm
  1103                           skipz	macro
  1104                           	btfss	3,2
  1105                           	endm
  1106                           skipnc	macro
  1107                           	btfsc	3,0
  1108                           	endm
  1109                           skipnz	macro
  1110                           	btfsc	3,2
  1111                           	endm
  1112                           indf	equ	0
  1113                           indf0	equ	0
  1114  0774                     __ptext71:	;psect for function _getch
  1115                           opt subtitle "HI-TECH Software Omniscient Code Generator (Lite mode) build 49521"
  1116                           
  1117                           opt pagewidth 120
  1118                           
  1119  000B                     	__size_of_getch	equ	__end_of_getch-_getch
  1120                           opt subtitle "HI-TECH Software Omniscient Code Generator (Lite mode) build 49521"
  1121  0774                     _getch:	
  1122                           opt subtitle "HI-TECH Software Omniscient Code Generator (Lite mode) build 49521"
  1123                           
  1124                           opt pagewidth 120
  1125                           
  1126  0774                     l547:	
  1127                           opt subtitle "HI-TECH Software Omniscient Code Generator (Lite mode) build 49521"
  1128  0774  2F75               	goto	l73
  1129                           opt subtitle "HI-TECH Software Omniscient Code Generator (Lite mode) build 49521"
  1130  0775                     l74:	
  1131                           opt subtitle "HI-TECH Software Omniscient Code Generator (Lite mode) build 49521"
  1132                           
  1133                           opt pagewidth 120
  1134  0775                     l73:	
  1135                           opt subtitle "HI-TECH Software Omniscient Code Generator (Lite mode) build 49521"
  1136  0775  1283               	bcf	status, 5	;RP0=0, select bank0
  1137  0776  1303               	bcf	status, 6	;RP1=0, select bank0
  1138  0777  1E8C               	btfss	(101/8),(101)&7	;volatile
  1139  0778  2F7A               	goto	u21
  1140  0779  2F7B               	goto	u20
  1141  077A                     u21:
  1142  077A  2F75               	goto	l73
  1143  077B                     u20:
  1144  077B  2F7C               	goto	l549
  1145                           opt subtitle "HI-TECH Software Omniscient Code Generator (Lite mode) build 49521"
  1146  077C                     l75:	
  1147                           opt subtitle "HI-TECH Software Omniscient Code Generator (Lite mode) build 49521"
  1148                           
  1149  077C                     l549:	
  1150                           opt subtitle "HI-TECH Software Omniscient Code Generator (Lite mode) build 49521"
  1151  077C  081A               	movf	(26),w	;volatile
  1152  077D  2F7E               	goto	l76
  1153                           opt subtitle "HI-TECH Software Omniscient Code Generator (Lite mode) build 49521"
  1154  077E                     l551:	
  1155                           opt subtitle "HI-TECH Software Omniscient Code Generator (Lite mode) build 49521"
  1156                           
  1157  077E                     l76:	
  1158  077E  0008               	return
  1159                           opt subtitle "HI-TECH Software Omniscient Code Generator (Lite mode) build 49521"
  1160                           
  1161  077F                     	__end_of_getch:
  1162                           opt subtitle "HI-TECH Software Omniscient Code Generator (Lite mode) build 49521"
  1163                           
  1164                           opt pagewidth 120
  1165  0000                     __ptext72:	;psect for function _getch
  1166                           opt subtitle "HI-TECH Software Omniscient Code Generator (Lite mode) build 49521"
  1167  007E                     	btemp set 07Eh
  1168                           opt subtitle "HI-TECH Software Omniscient Code Generator (Lite mode) build 49521"
  1169                           
  1170                           opt pagewidth 120
  1171  007E                     	wtemp0 set btemp


Data Sizes:
    Strings     0
    Constant    0
    Data        0
    BSS         0
    Persistent  0
    Stack       0

Auto Spaces:
    Space          Size  Autos    Used
    COMMON           14      6       6
    BANK0            80      0       0
    BANK1            80      0       0
    BANK3            96      0       0
    BANK2            96      0       0

Pointer List with Targets:

    None.

Critical Paths under _main in COMMON

    _main->_getche
    _getche->_putch

Critical Paths under _main in BANK0

    None.

Critical Paths under _main in BANK1

    None.

Critical Paths under _main in BANK3

    None.

Critical Paths under _main in BANK2

    None.

Call Graph Tables:

 ---------------------------------------------------------------------------------
 (Depth) Function   	        Calls       Base Space   Used Autos Params    Refs
 ---------------------------------------------------------------------------------
 (0) _main                                                 4     4      0      90
                                              2 COMMON     4     4      0
                               _init
                             _getche
 ---------------------------------------------------------------------------------
 (1) _init                                                 0     0      0       0
                         _init_comms
 ---------------------------------------------------------------------------------
 (2) _init_comms                                           0     0      0       0
 ---------------------------------------------------------------------------------
 (1) _getche                                               1     1      0      30
                                              1 COMMON     1     1      0
                              _getch
                              _putch
 ---------------------------------------------------------------------------------
 (2) _putch                                                1     1      0      15
                                              0 COMMON     1     1      0
 ---------------------------------------------------------------------------------
 (2) _getch                                                0     0      0       0
 ---------------------------------------------------------------------------------
 Estimated maximum stack depth 2
 ---------------------------------------------------------------------------------

 Call Graph Graphs:

 _main (ROOT)
   _init
     _init_comms
   _getche
     _getch
     _putch

 Address spaces:
Name               Size   Autos  Total    Cost      Usage
BITCOMMON            E      0       0       0        0.0%
EEDATA             100      0       0       0        0.0%
NULL                 0      0       0       0        0.0%
CODE                 0      0       0       0        0.0%
COMMON               E      6       6       1       42.9%
BITSFR0              0      0       0       1        0.0%
SFR0                 0      0       0       1        0.0%
BITSFR1              0      0       0       2        0.0%
SFR1                 0      0       0       2        0.0%
STACK                0      0       2       2        0.0%
ABS                  0      0       0       3        0.0%
BITBANK0            50      0       0       4        0.0%
BITSFR3              0      0       0       4        0.0%
SFR3                 0      0       0       4        0.0%
BANK0               50      0       0       5        0.0%
BITSFR2              0      0       0       5        0.0%
SFR2                 0      0       0       5        0.0%
BITBANK1            50      0       0       6        0.0%
BANK1               50      0       0       7        0.0%
BITBANK3            60      0       0       8        0.0%
BANK3               60      0       0       9        0.0%
BITBANK2            60      0       0      10        0.0%
BANK2               60      0       0      11        0.0%
DATA                 0      0       0      12        0.0%


Microchip Technology PIC Macro Assembler V1.12 build 49521 
Symbol Table                                                                                   Sat Apr 13 23:44:58 2013

            __CFG_CP$OFF 0000                       l30 07A8                       l31 07F3  
                     l32 07F2                       l40 07E9                       l41 07EE  
                     l33 07D4                       l42 07F1                       l34 07DE  
                     l27 0789                       l43 07FC                       l35 07D8  
                     l44 07FD                       l36 07DD                       l45 07FE  
                     l37 07E2                       l70 0795                       l46 07FE  
                     l38 07EA                       l39 07E6                       l73 0775  
                     l74 0775                       l82 07A4                       l75 077C  
                     l67 078C                       l76 077E                       l68 078C  
                     l69 0793                       l79 0773                       u10 0792  
                     u11 0791                       u20 077B                       u21 077A  
                     u30 07B4                       u31 07B3                       u40 07C6  
                     u41 07C5                       u50 07CD                       u51 07CC  
                    l541 079A                      l551 077E                      l543 078B  
                    l545 0793                      l561 0786                      l553 077F  
                    l547 0774                      l563 076A                      l539 0796  
                    l555 0783                      l571 07AE                      l549 077C  
                    l565 0771                      l557 0784                      l581 07CF  
                    l573 07B4                      l567 0773                      l559 0785  
                    l583 07D5                      l575 07C0                      l585 07DF  
                    l577 07C6                      l569 07A5                      l587 07E3  
                    l579 07CE                      l589 07EB                      _RA0 0028  
                    _RA1 0029                      _RB0 0030                      _RA2 002A  
                    _RB1 0031                      _RA3 002B             __CFG_CPD$OFF 0000  
           __CFG_LVP$OFF 0000              main@command 0075                     _RCIF 0065  
                   _TXIF 0064             __CFG_WRT$OFF 0000                     _main 07A5  
                   _init 077F                     btemp 007E                     start 0000  
          __CFG_IESO$OFF 0000             main@checksum 0074                    ?_main 0070  
                  ?_init 0070            __CFG_WDTE$OFF 0000                    _ANSEL 009B  
         __CFG_DEBUG$OFF 0000                    _RCREG 001A                    _RCSTA 0018  
                  _SPBRG 0099                    _TRISA 0085                    _TRISB 0086  
                  _TXREG 0019                    _TXSTA 0098           __CFG_CCPMX$RB0 0000  
         __CFG_FCMEN$OFF 0000                    _getch 0774                    _putch 078A  
         __CFG_BOREN$OFF 0000                    status 0003                    wtemp0 007E  
         __CFG_MCLRE$OFF 0000          __initialization 0767             __end_of_main 0800  
           __end_of_init 078A                   ??_main 0072                   ??_init 0070  
                 ?_getch 0070                   ?_putch 0070                   _OSCCON 008F  
                 _TRISB2 0432                   _TRISB5 0435           __CFG_PWRTE$OFF 0000  
                 _getche 076A  __end_of__initialization 0767           __pcstackCOMMON 0070  
          __end_of_getch 077F            __end_of_putch 0796                  ??_getch 0070  
                ??_putch 0070               __pmaintext 07A5                  ?_getche 0070  
        __size_of_getche 000A               _init_comms 0796                  getche@c 0071  
   end_of_initialization 0767              ?_init_comms 0070           __end_of_getche 0774  
    start_initialization 0767                 ??_getche 0071      __size_of_init_comms 000F  
         __size_of_getch 000B           __size_of_putch 000C             ??_init_comms 0070  
               __ptext70 078A                 __ptext71 0774                 __ptext72 0000  
               __ptext66 0000                 __ptext67 077F                 __ptext68 0796  
               __ptext69 076A            __size_of_main 005B       __end_of_init_comms 07A5  
          __size_of_init 000B                 main@temp 0073                putch@byte 0070  
     __CFG_FOSC$INTOSCIO 0000  
