

Microchip Technology PIC LITE Macro Assembler V1.12 build 49521 
                                                                                               Mon Mar 11 18:07:13 2013

HI-TECH Software Omniscient Code Generator (Lite mode) build 49521
     1  0000                     opt subtitle "HI-TECH Software Omniscient Code Generator (Lite mode) build 49521"
     2                           opt subtitle "HI-TECH Software Omniscient Code Generator (Lite mode) build 49521"
     3                           
     4                           opt pagewidth 120
     5                           
     6                           	opt lm
     7                           
     8                           	processor	16F88
     9                           clrc	macro
    10  0000                     	endm
    11                           opt subtitle "HI-TECH Software Omniscient Code Generator (Lite mode) build 49521"
    12                           
    13  0000                     	endm
    14                           opt subtitle "HI-TECH Software Omniscient Code Generator (Lite mode) build 49521"
    15                           
    16  0000                     	endm
    17                           opt subtitle "HI-TECH Software Omniscient Code Generator (Lite mode) build 49521"
    18                           
    19  0000                     	endm
    20                           opt subtitle "HI-TECH Software Omniscient Code Generator (Lite mode) build 49521"
    21                           
    22  0000                     	endm
    23                           opt subtitle "HI-TECH Software Omniscient Code Generator (Lite mode) build 49521"
    24                           
    25  0000                     	endm
    26                           opt subtitle "HI-TECH Software Omniscient Code Generator (Lite mode) build 49521"
    27                           
    28  0000                     	endm
    29                           opt subtitle "HI-TECH Software Omniscient Code Generator (Lite mode) build 49521"
    30                           
    31  0000                     	endm
    32  0000                     indf	equ	0
    33  0000                     indf0	equ	0
    34  0002                     pc	equ	2
    35  0002                     pcl	equ	2
    36  0003                     status	equ	3
    37  0004                     fsr	equ	4
    38  0004                     fsr0	equ	4
    39  0001                     c	equ	1
    40  0000                     z	equ	0
    41  000A                     pclath	equ	10
    42                           opt subtitle "HI-TECH Software Omniscient Code Generator (Lite mode) build 49521"
    43  0000                     INDF equ 00h ;# 
    44                           opt subtitle "HI-TECH Software Omniscient Code Generator (Lite mode) build 49521"
    45  0001                     TMR0 equ 01h ;# 
    46                           opt subtitle "HI-TECH Software Omniscient Code Generator (Lite mode) build 49521"
    47  0002                     PCL equ 02h ;# 
    48                           opt subtitle "HI-TECH Software Omniscient Code Generator (Lite mode) build 49521"
    49  0003                     STATUS equ 03h ;# 
    50                           opt subtitle "HI-TECH Software Omniscient Code Generator (Lite mode) build 49521"
    51  0004                     FSR equ 04h ;# 
    52                           opt subtitle "HI-TECH Software Omniscient Code Generator (Lite mode) build 49521"
    53  0005                     PORTA equ 05h ;# 
    54                           opt subtitle "HI-TECH Software Omniscient Code Generator (Lite mode) build 49521"
    55  0006                     PORTB equ 06h ;# 
    56                           opt subtitle "HI-TECH Software Omniscient Code Generator (Lite mode) build 49521"
    57  000A                     PCLATH equ 0Ah ;# 
    58                           opt subtitle "HI-TECH Software Omniscient Code Generator (Lite mode) build 49521"
    59  000B                     INTCON equ 0Bh ;# 
    60                           opt subtitle "HI-TECH Software Omniscient Code Generator (Lite mode) build 49521"
    61  000C                     PIR1 equ 0Ch ;# 
    62                           opt subtitle "HI-TECH Software Omniscient Code Generator (Lite mode) build 49521"
    63  000D                     PIR2 equ 0Dh ;# 
    64                           opt subtitle "HI-TECH Software Omniscient Code Generator (Lite mode) build 49521"
    65  000E                     TMR1 equ 0Eh ;# 
    66                           opt subtitle "HI-TECH Software Omniscient Code Generator (Lite mode) build 49521"
    67  000E                     TMR1L equ 0Eh ;# 
    68                           opt subtitle "HI-TECH Software Omniscient Code Generator (Lite mode) build 49521"
    69  000F                     TMR1H equ 0Fh ;# 
    70                           opt subtitle "HI-TECH Software Omniscient Code Generator (Lite mode) build 49521"
    71  0010                     T1CON equ 010h ;# 
    72                           opt subtitle "HI-TECH Software Omniscient Code Generator (Lite mode) build 49521"
    73  0011                     TMR2 equ 011h ;# 
    74                           opt subtitle "HI-TECH Software Omniscient Code Generator (Lite mode) build 49521"
    75  0012                     T2CON equ 012h ;# 
    76                           opt subtitle "HI-TECH Software Omniscient Code Generator (Lite mode) build 49521"
    77  0013                     SSPBUF equ 013h ;# 
    78                           opt subtitle "HI-TECH Software Omniscient Code Generator (Lite mode) build 49521"
    79  0014                     SSPCON equ 014h ;# 
    80                           opt subtitle "HI-TECH Software Omniscient Code Generator (Lite mode) build 49521"
    81  0015                     CCPR1 equ 015h ;# 
    82                           opt subtitle "HI-TECH Software Omniscient Code Generator (Lite mode) build 49521"
    83  0015                     CCPR1L equ 015h ;# 
    84                           opt subtitle "HI-TECH Software Omniscient Code Generator (Lite mode) build 49521"
    85  0016                     CCPR1H equ 016h ;# 
    86                           opt subtitle "HI-TECH Software Omniscient Code Generator (Lite mode) build 49521"
    87  0017                     CCP1CON equ 017h ;# 
    88                           opt subtitle "HI-TECH Software Omniscient Code Generator (Lite mode) build 49521"
    89  0018                     RCSTA equ 018h ;# 
    90                           opt subtitle "HI-TECH Software Omniscient Code Generator (Lite mode) build 49521"
    91  0019                     TXREG equ 019h ;# 
    92                           opt subtitle "HI-TECH Software Omniscient Code Generator (Lite mode) build 49521"
    93  001A                     RCREG equ 01Ah ;# 
    94                           opt subtitle "HI-TECH Software Omniscient Code Generator (Lite mode) build 49521"
    95  001E                     ADRESH equ 01Eh ;# 
    96                           opt subtitle "HI-TECH Software Omniscient Code Generator (Lite mode) build 49521"
    97  001F                     ADCON0 equ 01Fh ;# 
    98                           opt subtitle "HI-TECH Software Omniscient Code Generator (Lite mode) build 49521"
    99  0081                     OPTION_REG equ 081h ;# 
   100                           opt subtitle "HI-TECH Software Omniscient Code Generator (Lite mode) build 49521"
   101  0085                     TRISA equ 085h ;# 
   102                           opt subtitle "HI-TECH Software Omniscient Code Generator (Lite mode) build 49521"
   103  0086                     TRISB equ 086h ;# 
   104                           opt subtitle "HI-TECH Software Omniscient Code Generator (Lite mode) build 49521"
   105  008C                     PIE1 equ 08Ch ;# 
   106                           opt subtitle "HI-TECH Software Omniscient Code Generator (Lite mode) build 49521"
   107  008D                     PIE2 equ 08Dh ;# 
   108                           opt subtitle "HI-TECH Software Omniscient Code Generator (Lite mode) build 49521"
   109  008E                     PCON equ 08Eh ;# 
   110                           opt subtitle "HI-TECH Software Omniscient Code Generator (Lite mode) build 49521"
   111  008F                     OSCCON equ 08Fh ;# 
   112                           opt subtitle "HI-TECH Software Omniscient Code Generator (Lite mode) build 49521"
   113  0090                     OSCTUNE equ 090h ;# 
   114                           opt subtitle "HI-TECH Software Omniscient Code Generator (Lite mode) build 49521"
   115  0092                     PR2 equ 092h ;# 
   116                           opt subtitle "HI-TECH Software Omniscient Code Generator (Lite mode) build 49521"
   117  0093                     SSPADD equ 093h ;# 
   118                           opt subtitle "HI-TECH Software Omniscient Code Generator (Lite mode) build 49521"
   119  0094                     SSPSTAT equ 094h ;# 
   120                           opt subtitle "HI-TECH Software Omniscient Code Generator (Lite mode) build 49521"
   121  0098                     TXSTA equ 098h ;# 
   122                           opt subtitle "HI-TECH Software Omniscient Code Generator (Lite mode) build 49521"
   123  0099                     SPBRG equ 099h ;# 
   124                           opt subtitle "HI-TECH Software Omniscient Code Generator (Lite mode) build 49521"
   125  009B                     ANSEL equ 09Bh ;# 
   126                           opt subtitle "HI-TECH Software Omniscient Code Generator (Lite mode) build 49521"
   127  009C                     CMCON equ 09Ch ;# 
   128                           opt subtitle "HI-TECH Software Omniscient Code Generator (Lite mode) build 49521"
   129  009D                     CVRCON equ 09Dh ;# 
   130                           opt subtitle "HI-TECH Software Omniscient Code Generator (Lite mode) build 49521"
   131  009E                     ADRESL equ 09Eh ;# 
   132                           opt subtitle "HI-TECH Software Omniscient Code Generator (Lite mode) build 49521"
   133  009F                     ADCON1 equ 09Fh ;# 
   134                           opt subtitle "HI-TECH Software Omniscient Code Generator (Lite mode) build 49521"
   135  0105                     WDTCON equ 0105h ;# 
   136                           opt subtitle "HI-TECH Software Omniscient Code Generator (Lite mode) build 49521"
   137  010C                     EEDATA equ 010Ch ;# 
   138                           opt subtitle "HI-TECH Software Omniscient Code Generator (Lite mode) build 49521"
   139  010D                     EEADR equ 010Dh ;# 
   140                           opt subtitle "HI-TECH Software Omniscient Code Generator (Lite mode) build 49521"
   141  010E                     EEDATH equ 010Eh ;# 
   142                           opt subtitle "HI-TECH Software Omniscient Code Generator (Lite mode) build 49521"
   143  010F                     EEADRH equ 010Fh ;# 
   144                           opt subtitle "HI-TECH Software Omniscient Code Generator (Lite mode) build 49521"
   145  018C                     EECON1 equ 018Ch ;# 
   146                           opt subtitle "HI-TECH Software Omniscient Code Generator (Lite mode) build 49521"
   147  018D                     EECON2 equ 018Dh ;# 
   148                           opt subtitle "HI-TECH Software Omniscient Code Generator (Lite mode) build 49521"
   149  0000                     INDF equ 00h ;# 
   150                           opt subtitle "HI-TECH Software Omniscient Code Generator (Lite mode) build 49521"
   151  0001                     TMR0 equ 01h ;# 
   152                           opt subtitle "HI-TECH Software Omniscient Code Generator (Lite mode) build 49521"
   153  0002                     PCL equ 02h ;# 
   154                           opt subtitle "HI-TECH Software Omniscient Code Generator (Lite mode) build 49521"
   155  0003                     STATUS equ 03h ;# 
   156                           opt subtitle "HI-TECH Software Omniscient Code Generator (Lite mode) build 49521"
   157  0004                     FSR equ 04h ;# 
   158                           opt subtitle "HI-TECH Software Omniscient Code Generator (Lite mode) build 49521"
   159  0005                     PORTA equ 05h ;# 
   160                           opt subtitle "HI-TECH Software Omniscient Code Generator (Lite mode) build 49521"
   161  0006                     PORTB equ 06h ;# 
   162                           opt subtitle "HI-TECH Software Omniscient Code Generator (Lite mode) build 49521"
   163  000A                     PCLATH equ 0Ah ;# 
   164                           opt subtitle "HI-TECH Software Omniscient Code Generator (Lite mode) build 49521"
   165  000B                     INTCON equ 0Bh ;# 
   166                           opt subtitle "HI-TECH Software Omniscient Code Generator (Lite mode) build 49521"
   167  000C                     PIR1 equ 0Ch ;# 
   168                           opt subtitle "HI-TECH Software Omniscient Code Generator (Lite mode) build 49521"
   169  000D                     PIR2 equ 0Dh ;# 
   170                           opt subtitle "HI-TECH Software Omniscient Code Generator (Lite mode) build 49521"
   171  000E                     TMR1 equ 0Eh ;# 
   172                           opt subtitle "HI-TECH Software Omniscient Code Generator (Lite mode) build 49521"
   173  000E                     TMR1L equ 0Eh ;# 
   174                           opt subtitle "HI-TECH Software Omniscient Code Generator (Lite mode) build 49521"
   175  000F                     TMR1H equ 0Fh ;# 
   176                           opt subtitle "HI-TECH Software Omniscient Code Generator (Lite mode) build 49521"
   177  0010                     T1CON equ 010h ;# 
   178                           opt subtitle "HI-TECH Software Omniscient Code Generator (Lite mode) build 49521"
   179  0011                     TMR2 equ 011h ;# 
   180                           opt subtitle "HI-TECH Software Omniscient Code Generator (Lite mode) build 49521"
   181  0012                     T2CON equ 012h ;# 
   182                           opt subtitle "HI-TECH Software Omniscient Code Generator (Lite mode) build 49521"
   183  0013                     SSPBUF equ 013h ;# 
   184                           opt subtitle "HI-TECH Software Omniscient Code Generator (Lite mode) build 49521"
   185  0014                     SSPCON equ 014h ;# 
   186                           opt subtitle "HI-TECH Software Omniscient Code Generator (Lite mode) build 49521"
   187  0015                     CCPR1 equ 015h ;# 
   188                           opt subtitle "HI-TECH Software Omniscient Code Generator (Lite mode) build 49521"
   189  0015                     CCPR1L equ 015h ;# 
   190                           opt subtitle "HI-TECH Software Omniscient Code Generator (Lite mode) build 49521"
   191  0016                     CCPR1H equ 016h ;# 
   192                           opt subtitle "HI-TECH Software Omniscient Code Generator (Lite mode) build 49521"
   193  0017                     CCP1CON equ 017h ;# 
   194                           opt subtitle "HI-TECH Software Omniscient Code Generator (Lite mode) build 49521"
   195  0018                     RCSTA equ 018h ;# 
   196                           opt subtitle "HI-TECH Software Omniscient Code Generator (Lite mode) build 49521"
   197  0019                     TXREG equ 019h ;# 
   198                           opt subtitle "HI-TECH Software Omniscient Code Generator (Lite mode) build 49521"
   199  001A                     RCREG equ 01Ah ;# 
   200                           opt subtitle "HI-TECH Software Omniscient Code Generator (Lite mode) build 49521"
   201  001E                     ADRESH equ 01Eh ;# 
   202                           opt subtitle "HI-TECH Software Omniscient Code Generator (Lite mode) build 49521"
   203  001F                     ADCON0 equ 01Fh ;# 
   204                           opt subtitle "HI-TECH Software Omniscient Code Generator (Lite mode) build 49521"
   205  0081                     OPTION_REG equ 081h ;# 
   206                           opt subtitle "HI-TECH Software Omniscient Code Generator (Lite mode) build 49521"
   207  0085                     TRISA equ 085h ;# 
   208                           opt subtitle "HI-TECH Software Omniscient Code Generator (Lite mode) build 49521"
   209  0086                     TRISB equ 086h ;# 
   210                           opt subtitle "HI-TECH Software Omniscient Code Generator (Lite mode) build 49521"
   211  008C                     PIE1 equ 08Ch ;# 
   212                           opt subtitle "HI-TECH Software Omniscient Code Generator (Lite mode) build 49521"
   213  008D                     PIE2 equ 08Dh ;# 
   214                           opt subtitle "HI-TECH Software Omniscient Code Generator (Lite mode) build 49521"
   215  008E                     PCON equ 08Eh ;# 
   216                           opt subtitle "HI-TECH Software Omniscient Code Generator (Lite mode) build 49521"
   217  008F                     OSCCON equ 08Fh ;# 
   218                           opt subtitle "HI-TECH Software Omniscient Code Generator (Lite mode) build 49521"
   219  0090                     OSCTUNE equ 090h ;# 
   220                           opt subtitle "HI-TECH Software Omniscient Code Generator (Lite mode) build 49521"
   221  0092                     PR2 equ 092h ;# 
   222                           opt subtitle "HI-TECH Software Omniscient Code Generator (Lite mode) build 49521"
   223  0093                     SSPADD equ 093h ;# 
   224                           opt subtitle "HI-TECH Software Omniscient Code Generator (Lite mode) build 49521"
   225  0094                     SSPSTAT equ 094h ;# 
   226                           opt subtitle "HI-TECH Software Omniscient Code Generator (Lite mode) build 49521"
   227  0098                     TXSTA equ 098h ;# 
   228                           opt subtitle "HI-TECH Software Omniscient Code Generator (Lite mode) build 49521"
   229  0099                     SPBRG equ 099h ;# 
   230                           opt subtitle "HI-TECH Software Omniscient Code Generator (Lite mode) build 49521"
   231  009B                     ANSEL equ 09Bh ;# 
   232                           opt subtitle "HI-TECH Software Omniscient Code Generator (Lite mode) build 49521"
   233  009C                     CMCON equ 09Ch ;# 
   234                           opt subtitle "HI-TECH Software Omniscient Code Generator (Lite mode) build 49521"
   235  009D                     CVRCON equ 09Dh ;# 
   236                           opt subtitle "HI-TECH Software Omniscient Code Generator (Lite mode) build 49521"
   237  009E                     ADRESL equ 09Eh ;# 
   238                           opt subtitle "HI-TECH Software Omniscient Code Generator (Lite mode) build 49521"
   239  009F                     ADCON1 equ 09Fh ;# 
   240                           opt subtitle "HI-TECH Software Omniscient Code Generator (Lite mode) build 49521"
   241  0105                     WDTCON equ 0105h ;# 
   242                           opt subtitle "HI-TECH Software Omniscient Code Generator (Lite mode) build 49521"
   243  010C                     EEDATA equ 010Ch ;# 
   244                           opt subtitle "HI-TECH Software Omniscient Code Generator (Lite mode) build 49521"
   245  010D                     EEADR equ 010Dh ;# 
   246                           opt subtitle "HI-TECH Software Omniscient Code Generator (Lite mode) build 49521"
   247  010E                     EEDATH equ 010Eh ;# 
   248                           opt subtitle "HI-TECH Software Omniscient Code Generator (Lite mode) build 49521"
   249  010F                     EEADRH equ 010Fh ;# 
   250                           opt subtitle "HI-TECH Software Omniscient Code Generator (Lite mode) build 49521"
   251  018C                     EECON1 equ 018Ch ;# 
   252                           opt subtitle "HI-TECH Software Omniscient Code Generator (Lite mode) build 49521"
   253  018D                     EECON2 equ 018Dh ;# 
   254                           opt subtitle "HI-TECH Software Omniscient Code Generator (Lite mode) build 49521"
   255                           
   256                           opt pagewidth 120
   257                           
   258                           	opt lm
   259  001A                     _RCREG	set	0x1A
   260                           opt subtitle "HI-TECH Software Omniscient Code Generator (Lite mode) build 49521"
   261  0018                     _RCSTA	set	0x18
   262                           opt subtitle "HI-TECH Software Omniscient Code Generator (Lite mode) build 49521"
   263  0019                     _TXREG	set	0x19
   264                           opt subtitle "HI-TECH Software Omniscient Code Generator (Lite mode) build 49521"
   265  0065                     _RCIF	set	0x65
   266                           opt subtitle "HI-TECH Software Omniscient Code Generator (Lite mode) build 49521"
   267  0064                     _TXIF	set	0x64
   268                           opt subtitle "HI-TECH Software Omniscient Code Generator (Lite mode) build 49521"
   269  009B                     _ANSEL	set	0x9B
   270                           opt subtitle "HI-TECH Software Omniscient Code Generator (Lite mode) build 49521"
   271  008F                     _OSCCON	set	0x8F
   272                           opt subtitle "HI-TECH Software Omniscient Code Generator (Lite mode) build 49521"
   273  0099                     _SPBRG	set	0x99
   274                           opt subtitle "HI-TECH Software Omniscient Code Generator (Lite mode) build 49521"
   275  0085                     _TRISA	set	0x85
   276                           opt subtitle "HI-TECH Software Omniscient Code Generator (Lite mode) build 49521"
   277  0086                     _TRISB	set	0x86
   278                           opt subtitle "HI-TECH Software Omniscient Code Generator (Lite mode) build 49521"
   279  0098                     _TXSTA	set	0x98
   280                           opt subtitle "HI-TECH Software Omniscient Code Generator (Lite mode) build 49521"
   281  0432                     _TRISB2	set	0x432
   282                           opt subtitle "HI-TECH Software Omniscient Code Generator (Lite mode) build 49521"
   283  0435                     _TRISB5	set	0x435
   284                           opt subtitle "HI-TECH Software Omniscient Code Generator (Lite mode) build 49521"
   285                           
   286  0000                     __ptext45:	;psect for function _putch
   287                           opt subtitle "HI-TECH Software Omniscient Code Generator (Lite mode) build 49521"
   288                           
   289  0000                     __CFG_BOREN$OFF equ 0x0
   290                           opt subtitle "HI-TECH Software Omniscient Code Generator (Lite mode) build 49521"
   291  0000                     __CFG_CPD$OFF equ 0x0
   292                           opt subtitle "HI-TECH Software Omniscient Code Generator (Lite mode) build 49521"
   293  0000                     __CFG_CCPMX$RB0 equ 0x0
   294                           opt subtitle "HI-TECH Software Omniscient Code Generator (Lite mode) build 49521"
   295  0000                     __CFG_DEBUG$OFF equ 0x0
   296                           opt subtitle "HI-TECH Software Omniscient Code Generator (Lite mode) build 49521"
   297  0000                     __CFG_WRT$OFF equ 0x0
   298                           opt subtitle "HI-TECH Software Omniscient Code Generator (Lite mode) build 49521"
   299  0000                     __CFG_FOSC$INTOSCIO equ 0x0
   300                           opt subtitle "HI-TECH Software Omniscient Code Generator (Lite mode) build 49521"
   301  0000                     __CFG_MCLRE$OFF equ 0x0
   302                           opt subtitle "HI-TECH Software Omniscient Code Generator (Lite mode) build 49521"
   303  0000                     __CFG_WDTE$OFF equ 0x0
   304                           opt subtitle "HI-TECH Software Omniscient Code Generator (Lite mode) build 49521"
   305  0000                     __CFG_CP$OFF equ 0x0
   306                           opt subtitle "HI-TECH Software Omniscient Code Generator (Lite mode) build 49521"
   307  0000                     __CFG_LVP$OFF equ 0x0
   308                           opt subtitle "HI-TECH Software Omniscient Code Generator (Lite mode) build 49521"
   309  0000                     __CFG_PWRTE$OFF equ 0x0
   310                           opt subtitle "HI-TECH Software Omniscient Code Generator (Lite mode) build 49521"
   311  0000                     __CFG_IESO$OFF equ 0x0
   312                           opt subtitle "HI-TECH Software Omniscient Code Generator (Lite mode) build 49521"
   313  0000                     __CFG_FCMEN$OFF equ 0x0
   314                           opt subtitle "HI-TECH Software Omniscient Code Generator (Lite mode) build 49521"
   315                           
   316                           opt pagewidth 120
   317                           
   318  079C                     start_initialization:
   319                           opt subtitle "HI-TECH Software Omniscient Code Generator (Lite mode) build 49521"
   320                           
   321  079C                     __initialization:
   322                           opt subtitle "HI-TECH Software Omniscient Code Generator (Lite mode) build 49521"
   323                           
   324                           opt pagewidth 120
   325                           
   326                           	opt lm
   327  079C                     end_of_initialization:
   328  079C                     __end_of__initialization:clrf status
      + 079C  0183               	clrf	3
   329  079D  118A  2FC6         ljmp _main	;jump to C main() function
   330                           opt subtitle "HI-TECH Software Omniscient Code Generator (Lite mode) build 49521"
   331                           
   332  0070                     __pcstackCOMMON:
   333  0070                     ?_init_comms:	; 0 bytes @ 0x0
   334  0070                     ??_init_comms:	; 0 bytes @ 0x0
   335  0070                     ?_putch:	; 0 bytes @ 0x0
   336  0070                     ??_putch:	; 0 bytes @ 0x0
   337  0070                     ?_init:	; 0 bytes @ 0x0
   338  0070                     ??_init:	; 0 bytes @ 0x0
   339  0070                     ?_main:	; 2 bytes @ 0x0
   340                           opt subtitle "HI-TECH Software Omniscient Code Generator (Lite mode) build 49521"
   341  0070                     putch@byte:	; 1 bytes @ 0x0
   342  0070                     	ds	1
   343  0071                     ??_main:	; 0 bytes @ 0x1
   344  0071                     	ds	3
   345                           opt subtitle "HI-TECH Software Omniscient Code Generator (Lite mode) build 49521"
   346                           
   347                           opt pagewidth 120
   348                           
   349                           	opt lm
   350                           
   351                           	processor	16F88
   352                           clrc	macro
   353                           	bcf	3,0
   354                           	endm
   355                           clrz	macro
   356                           	bcf	3,2
   357                           	endm
   358                           setc	macro
   359                           	bsf	3,0
   360                           	endm
   361                           setz	macro
   362                           	bsf	3,2
   363                           	endm
   364                           skipc	macro
   365                           	btfss	3,0
   366                           	endm
   367                           skipz	macro
   368                           	btfss	3,2
   369                           	endm
   370                           skipnc	macro
   371                           	btfsc	3,0
   372                           	endm
   373                           skipnz	macro
   374                           	btfsc	3,2
   375                           	endm
   376                           indf	equ	0
   377                           indf0	equ	0
   378                           pc	equ	2
   379                           pcl	equ	2
   380                           status	equ	3
   381                           fsr	equ	4
   382                           fsr0	equ	4
   383                           c	equ	1
   384                           z	equ	0
   385                           pclath	equ	10
   386                           # 46 "C:\Program Files (x86)\Microchip\xc8\v1.12\include\pic16f88.h"
   387                           INDF equ 00h ;# 
   388                           # 52 "C:\Program Files (x86)\Microchip\xc8\v1.12\include\pic16f88.h"
   389                           TMR0 equ 01h ;# 
   390                           # 58 "C:\Program Files (x86)\Microchip\xc8\v1.12\include\pic16f88.h"
   391                           PCL equ 02h ;# 
   392                           # 64 "C:\Program Files (x86)\Microchip\xc8\v1.12\include\pic16f88.h"
   393                           STATUS equ 03h ;# 
   394                           # 151 "C:\Program Files (x86)\Microchip\xc8\v1.12\include\pic16f88.h"
   395                           FSR equ 04h ;# 
   396                           # 157 "C:\Program Files (x86)\Microchip\xc8\v1.12\include\pic16f88.h"
   397                           PORTA equ 05h ;# 
   398                           # 218 "C:\Program Files (x86)\Microchip\xc8\v1.12\include\pic16f88.h"
   399                           PORTB equ 06h ;# 
   400                           # 279 "C:\Program Files (x86)\Microchip\xc8\v1.12\include\pic16f88.h"
   401                           PCLATH equ 0Ah ;# 
   402                           # 298 "C:\Program Files (x86)\Microchip\xc8\v1.12\include\pic16f88.h"
   403                           INTCON equ 0Bh ;# 
   404                           # 375 "C:\Program Files (x86)\Microchip\xc8\v1.12\include\pic16f88.h"
   405                           PIR1 equ 0Ch ;# 
   406                           # 430 "C:\Program Files (x86)\Microchip\xc8\v1.12\include\pic16f88.h"
   407                           PIR2 equ 0Dh ;# 
   408                           # 463 "C:\Program Files (x86)\Microchip\xc8\v1.12\include\pic16f88.h"
   409                           TMR1 equ 0Eh ;# 
   410                           # 469 "C:\Program Files (x86)\Microchip\xc8\v1.12\include\pic16f88.h"
   411                           TMR1L equ 0Eh ;# 
   412                           # 475 "C:\Program Files (x86)\Microchip\xc8\v1.12\include\pic16f88.h"
   413                           TMR1H equ 0Fh ;# 
   414                           # 481 "C:\Program Files (x86)\Microchip\xc8\v1.12\include\pic16f88.h"
   415                           T1CON equ 010h ;# 
   416                           # 552 "C:\Program Files (x86)\Microchip\xc8\v1.12\include\pic16f88.h"
   417                           TMR2 equ 011h ;# 
   418                           # 558 "C:\Program Files (x86)\Microchip\xc8\v1.12\include\pic16f88.h"
   419                           T2CON equ 012h ;# 
   420                           # 628 "C:\Program Files (x86)\Microchip\xc8\v1.12\include\pic16f88.h"
   421                           SSPBUF equ 013h ;# 
   422                           # 634 "C:\Program Files (x86)\Microchip\xc8\v1.12\include\pic16f88.h"
   423                           SSPCON equ 014h ;# 
   424                           # 703 "C:\Program Files (x86)\Microchip\xc8\v1.12\include\pic16f88.h"
   425                           CCPR1 equ 015h ;# 
   426                           # 709 "C:\Program Files (x86)\Microchip\xc8\v1.12\include\pic16f88.h"
   427                           CCPR1L equ 015h ;# 
   428                           # 715 "C:\Program Files (x86)\Microchip\xc8\v1.12\include\pic16f88.h"
   429                           CCPR1H equ 016h ;# 
   430                           # 721 "C:\Program Files (x86)\Microchip\xc8\v1.12\include\pic16f88.h"
   431                           CCP1CON equ 017h ;# 
   432                           # 778 "C:\Program Files (x86)\Microchip\xc8\v1.12\include\pic16f88.h"
   433                           RCSTA equ 018h ;# 
   434                           # 872 "C:\Program Files (x86)\Microchip\xc8\v1.12\include\pic16f88.h"
   435                           TXREG equ 019h ;# 
   436                           # 878 "C:\Program Files (x86)\Microchip\xc8\v1.12\include\pic16f88.h"
   437                           RCREG equ 01Ah ;# 
   438                           # 884 "C:\Program Files (x86)\Microchip\xc8\v1.12\include\pic16f88.h"
   439                           ADRESH equ 01Eh ;# 
   440                           # 890 "C:\Program Files (x86)\Microchip\xc8\v1.12\include\pic16f88.h"
   441                           ADCON0 equ 01Fh ;# 
   442                           # 985 "C:\Program Files (x86)\Microchip\xc8\v1.12\include\pic16f88.h"
   443                           OPTION_REG equ 081h ;# 
   444                           # 1054 "C:\Program Files (x86)\Microchip\xc8\v1.12\include\pic16f88.h"
   445                           TRISA equ 085h ;# 
   446                           # 1115 "C:\Program Files (x86)\Microchip\xc8\v1.12\include\pic16f88.h"
   447                           TRISB equ 086h ;# 
   448                           # 1176 "C:\Program Files (x86)\Microchip\xc8\v1.12\include\pic16f88.h"
   449                           PIE1 equ 08Ch ;# 
   450                           # 1231 "C:\Program Files (x86)\Microchip\xc8\v1.12\include\pic16f88.h"
   451                           PIE2 equ 08Dh ;# 
   452                           # 1264 "C:\Program Files (x86)\Microchip\xc8\v1.12\include\pic16f88.h"
   453                           PCON equ 08Eh ;# 
   454                           # 1297 "C:\Program Files (x86)\Microchip\xc8\v1.12\include\pic16f88.h"
   455                           OSCCON equ 08Fh ;# 
   456                           # 1367 "C:\Program Files (x86)\Microchip\xc8\v1.12\include\pic16f88.h"
   457                           OSCTUNE equ 090h ;# 
   458                           # 1424 "C:\Program Files (x86)\Microchip\xc8\v1.12\include\pic16f88.h"
   459                           PR2 equ 092h ;# 
   460                           # 1430 "C:\Program Files (x86)\Microchip\xc8\v1.12\include\pic16f88.h"
   461                           SSPADD equ 093h ;# 
   462                           # 1436 "C:\Program Files (x86)\Microchip\xc8\v1.12\include\pic16f88.h"
   463                           SSPSTAT equ 094h ;# 
   464                           # 1604 "C:\Program Files (x86)\Microchip\xc8\v1.12\include\pic16f88.h"
   465                           TXSTA equ 098h ;# 
   466                           # 1684 "C:\Program Files (x86)\Microchip\xc8\v1.12\include\pic16f88.h"
   467                           SPBRG equ 099h ;# 
   468                           # 1690 "C:\Program Files (x86)\Microchip\xc8\v1.12\include\pic16f88.h"
   469                           ANSEL equ 09Bh ;# 
   470                           # 1745 "C:\Program Files (x86)\Microchip\xc8\v1.12\include\pic16f88.h"
   471                           CMCON equ 09Ch ;# 
   472                           # 1814 "C:\Program Files (x86)\Microchip\xc8\v1.12\include\pic16f88.h"
   473                           CVRCON equ 09Dh ;# 
   474                           # 1878 "C:\Program Files (x86)\Microchip\xc8\v1.12\include\pic16f88.h"
   475                           ADRESL equ 09Eh ;# 
   476                           # 1884 "C:\Program Files (x86)\Microchip\xc8\v1.12\include\pic16f88.h"
   477                           ADCON1 equ 09Fh ;# 
   478                           # 1931 "C:\Program Files (x86)\Microchip\xc8\v1.12\include\pic16f88.h"
   479                           WDTCON equ 0105h ;# 
   480                           # 1988 "C:\Program Files (x86)\Microchip\xc8\v1.12\include\pic16f88.h"
   481                           EEDATA equ 010Ch ;# 
   482                           # 1994 "C:\Program Files (x86)\Microchip\xc8\v1.12\include\pic16f88.h"
   483                           EEADR equ 010Dh ;# 
   484  07C6                     __pmaintext:	;psect for function _main
   485                           opt subtitle "HI-TECH Software Omniscient Code Generator (Lite mode) build 49521"
   486                           
   487                           opt pagewidth 120
   488                           
   489  003A                     	__size_of_main	equ	__end_of_main-_main
   490                           opt subtitle "HI-TECH Software Omniscient Code Generator (Lite mode) build 49521"
   491  07C6                     _main:	
   492                           opt subtitle "HI-TECH Software Omniscient Code Generator (Lite mode) build 49521"
   493                           
   494                           opt pagewidth 120
   495                           
   496  07C6                     l542:	
   497                           opt subtitle "HI-TECH Software Omniscient Code Generator (Lite mode) build 49521"
   498  07C6  118A  27AB  118A   	fcall	_init
   499                           opt subtitle "HI-TECH Software Omniscient Code Generator (Lite mode) build 49521"
   500                           
   501                           opt pagewidth 120
   502  07C9                     l20:	
   503                           opt subtitle "HI-TECH Software Omniscient Code Generator (Lite mode) build 49521"
   504                           
   505  07C9  3031               	movlw	(031h)
   506  07CA  118A  279F  118A   	fcall	_putch
   507                           opt subtitle "HI-TECH Software Omniscient Code Generator (Lite mode) build 49521"
   508                           
   509  07CD                     l544:	
   510                           opt subtitle "HI-TECH Software Omniscient Code Generator (Lite mode) build 49521"
   511                           
   512  07CD  3003               movlw  3
   513  07CE  00F3               movwf	((??_main+0)+0+2),f
   514  07CF  308A               movlw	138
   515  07D0  00F2               movwf	((??_main+0)+0+1),f
   516  07D1  3056               	movlw	86
   517  07D2  00F1               movwf	((??_main+0)+0),f
   518  07D3                     u37:
   519  07D3  0BF1               	decfsz	((??_main+0)+0),f
   520  07D4  2FD3               	goto	u37
   521  07D5  0BF2               	decfsz	((??_main+0)+0+1),f
   522  07D6  2FD3               	goto	u37
   523  07D7  0BF3               	decfsz	((??_main+0)+0+2),f
   524  07D8  2FD3               	goto	u37
   525  07D9  2FDA               	nop2
   526                           opt subtitle "HI-TECH Software Omniscient Code Generator (Lite mode) build 49521"
   527                           
   528                           opt pagewidth 120
   529                           
   530  07DA                     l546:	
   531                           opt subtitle "HI-TECH Software Omniscient Code Generator (Lite mode) build 49521"
   532  07DA  3032               	movlw	(032h)
   533  07DB  118A  279F  118A   	fcall	_putch
   534                           opt subtitle "HI-TECH Software Omniscient Code Generator (Lite mode) build 49521"
   535                           
   536                           opt pagewidth 120
   537  07DE  3003               movlw  3
   538  07DF  00F3               movwf	((??_main+0)+0+2),f
   539  07E0  308A               movlw	138
   540  07E1  00F2               movwf	((??_main+0)+0+1),f
   541  07E2  3056               	movlw	86
   542  07E3  00F1               movwf	((??_main+0)+0),f
   543  07E4                     u47:
   544  07E4  0BF1               	decfsz	((??_main+0)+0),f
   545  07E5  2FE4               	goto	u47
   546  07E6  0BF2               	decfsz	((??_main+0)+0+1),f
   547  07E7  2FE4               	goto	u47
   548  07E8  0BF3               	decfsz	((??_main+0)+0+2),f
   549  07E9  2FE4               	goto	u47
   550  07EA  2FEB               	nop2
   551                           opt subtitle "HI-TECH Software Omniscient Code Generator (Lite mode) build 49521"
   552                           
   553                           opt pagewidth 120
   554                           
   555  07EB                     l548:	
   556                           opt subtitle "HI-TECH Software Omniscient Code Generator (Lite mode) build 49521"
   557  07EB  3033               	movlw	(033h)
   558  07EC  118A  279F  118A   	fcall	_putch
   559                           opt subtitle "HI-TECH Software Omniscient Code Generator (Lite mode) build 49521"
   560                           
   561  07EF                     l550:	
   562                           opt subtitle "HI-TECH Software Omniscient Code Generator (Lite mode) build 49521"
   563                           
   564  07EF  3003               movlw  3
   565  07F0  00F3               movwf	((??_main+0)+0+2),f
   566  07F1  308A               movlw	138
   567  07F2  00F2               movwf	((??_main+0)+0+1),f
   568  07F3  3056               	movlw	86
   569  07F4  00F1               movwf	((??_main+0)+0),f
   570  07F5                     u57:
   571  07F5  0BF1               	decfsz	((??_main+0)+0),f
   572  07F6  2FF5               	goto	u57
   573  07F7  0BF2               	decfsz	((??_main+0)+0+1),f
   574  07F8  2FF5               	goto	u57
   575  07F9  0BF3               	decfsz	((??_main+0)+0+2),f
   576  07FA  2FF5               	goto	u57
   577  07FB  2FFC               	nop2
   578                           opt subtitle "HI-TECH Software Omniscient Code Generator (Lite mode) build 49521"
   579                           
   580  07FC  2FC9               	goto	l20
   581                           opt subtitle "HI-TECH Software Omniscient Code Generator (Lite mode) build 49521"
   582                           
   583  07FD                     l21:	
   584                           opt subtitle "HI-TECH Software Omniscient Code Generator (Lite mode) build 49521"
   585  07FD  2FC9               	goto	l20
   586                           opt subtitle "HI-TECH Software Omniscient Code Generator (Lite mode) build 49521"
   587  07FE                     l22:	
   588                           opt subtitle "HI-TECH Software Omniscient Code Generator (Lite mode) build 49521"
   589                           
   590  07FE                     l23:	
   591                           opt subtitle "HI-TECH Software Omniscient Code Generator (Lite mode) build 49521"
   592  07FE  118A  2800         	ljmp	start
   593                           opt subtitle "HI-TECH Software Omniscient Code Generator (Lite mode) build 49521"
   594                           
   595  0800                     	__end_of_main:
   596                           opt subtitle "HI-TECH Software Omniscient Code Generator (Lite mode) build 49521"
   597                           
   598                           opt pagewidth 120
   599                           
   600                           	opt lm
   601                           
   602                           	processor	16F88
   603                           clrc	macro
   604                           	bcf	3,0
   605                           	endm
   606                           clrz	macro
   607                           	bcf	3,2
   608                           	endm
   609                           setc	macro
   610                           	bsf	3,0
   611                           	endm
   612                           setz	macro
   613                           	bsf	3,2
   614                           	endm
   615                           skipc	macro
   616                           	btfss	3,0
   617                           	endm
   618                           skipz	macro
   619                           	btfss	3,2
   620                           	endm
   621                           skipnc	macro
   622                           	btfsc	3,0
   623                           	endm
   624                           skipnz	macro
   625                           	btfsc	3,2
   626                           	endm
   627                           indf	equ	0
   628                           indf0	equ	0
   629                           pc	equ	2
   630  07AB                     __ptext46:	;psect for function _init
   631                           opt subtitle "HI-TECH Software Omniscient Code Generator (Lite mode) build 49521"
   632                           
   633                           opt pagewidth 120
   634                           
   635  000C                     	__size_of_init	equ	__end_of_init-_init
   636                           opt subtitle "HI-TECH Software Omniscient Code Generator (Lite mode) build 49521"
   637  07AB                     _init:	
   638                           opt subtitle "HI-TECH Software Omniscient Code Generator (Lite mode) build 49521"
   639                           
   640                           opt pagewidth 120
   641                           
   642  07AB                     l534:	
   643                           opt subtitle "HI-TECH Software Omniscient Code Generator (Lite mode) build 49521"
   644  07AB  3060               	movlw	(060h)
   645  07AC  1683               	bsf	status, 5	;RP0=1, select bank1
   646  07AD  1303               	bcf	status, 6	;RP1=0, select bank1
   647  07AE  008F               	movwf	(143)^080h	;volatile
   648                           opt subtitle "HI-TECH Software Omniscient Code Generator (Lite mode) build 49521"
   649                           
   650  07AF                     l536:	
   651                           opt subtitle "HI-TECH Software Omniscient Code Generator (Lite mode) build 49521"
   652  07AF  0185               	clrf	(133)^080h	;volatile
   653                           opt subtitle "HI-TECH Software Omniscient Code Generator (Lite mode) build 49521"
   654                           
   655  07B0                     l538:	
   656                           opt subtitle "HI-TECH Software Omniscient Code Generator (Lite mode) build 49521"
   657  07B0  3004               	movlw	(04h)
   658  07B1  0086               	movwf	(134)^080h	;volatile
   659                           opt subtitle "HI-TECH Software Omniscient Code Generator (Lite mode) build 49521"
   660                           
   661  07B2  019B               	clrf	(155)^080h	;volatile
   662                           opt subtitle "HI-TECH Software Omniscient Code Generator (Lite mode) build 49521"
   663                           
   664  07B3                     l540:	
   665                           opt subtitle "HI-TECH Software Omniscient Code Generator (Lite mode) build 49521"
   666  07B3  118A  27B7  118A   	fcall	_init_comms
   667                           opt subtitle "HI-TECH Software Omniscient Code Generator (Lite mode) build 49521"
   668                           
   669  07B6                     l17:	
   670  07B6  0008               	return
   671                           opt subtitle "HI-TECH Software Omniscient Code Generator (Lite mode) build 49521"
   672                           
   673  07B7                     	__end_of_init:
   674                           opt subtitle "HI-TECH Software Omniscient Code Generator (Lite mode) build 49521"
   675                           
   676                           opt pagewidth 120
   677                           
   678                           	opt lm
   679                           
   680                           	processor	16F88
   681                           clrc	macro
   682                           	bcf	3,0
   683                           	endm
   684                           clrz	macro
   685                           	bcf	3,2
   686                           	endm
   687                           setc	macro
   688                           	bsf	3,0
   689                           	endm
   690                           setz	macro
   691                           	bsf	3,2
   692                           	endm
   693                           skipc	macro
   694                           	btfss	3,0
   695                           	endm
   696                           skipz	macro
   697                           	btfss	3,2
   698                           	endm
   699                           skipnc	macro
   700                           	btfsc	3,0
   701                           	endm
   702                           skipnz	macro
   703                           	btfsc	3,2
   704                           	endm
   705                           indf	equ	0
   706                           indf0	equ	0
   707  07B7                     __ptext47:	;psect for function _init_comms
   708                           opt subtitle "HI-TECH Software Omniscient Code Generator (Lite mode) build 49521"
   709                           
   710                           opt pagewidth 120
   711                           
   712  000F                     	__size_of_init_comms	equ	__end_of_init_comms-_init_comms
   713                           opt subtitle "HI-TECH Software Omniscient Code Generator (Lite mode) build 49521"
   714  07B7                     _init_comms:	
   715                           opt subtitle "HI-TECH Software Omniscient Code Generator (Lite mode) build 49521"
   716                           
   717                           opt pagewidth 120
   718                           
   719  07B7                     l516:	
   720                           opt subtitle "HI-TECH Software Omniscient Code Generator (Lite mode) build 49521"
   721  07B7  1683               	bsf	status, 5	;RP0=1, select bank1
   722  07B8  1303               	bcf	status, 6	;RP1=0, select bank1
   723  07B9  1506               	bsf	(1074/8)^080h,(1074)&7	;volatile
   724                           opt subtitle "HI-TECH Software Omniscient Code Generator (Lite mode) build 49521"
   725                           
   726  07BA  1686               	bsf	(1077/8)^080h,(1077)&7	;volatile
   727                           opt subtitle "HI-TECH Software Omniscient Code Generator (Lite mode) build 49521"
   728                           
   729  07BB                     l518:	
   730                           opt subtitle "HI-TECH Software Omniscient Code Generator (Lite mode) build 49521"
   731  07BB  3033               	movlw	(033h)
   732  07BC  0099               	movwf	(153)^080h	;volatile
   733                           opt subtitle "HI-TECH Software Omniscient Code Generator (Lite mode) build 49521"
   734                           
   735  07BD  3090               	movlw	(090h)
   736  07BE  1283               	bcf	status, 5	;RP0=0, select bank0
   737  07BF  1303               	bcf	status, 6	;RP1=0, select bank0
   738  07C0  0098               	movwf	(24)	;volatile
   739                           opt subtitle "HI-TECH Software Omniscient Code Generator (Lite mode) build 49521"
   740                           
   741  07C1  3020               	movlw	(020h)
   742  07C2  1683               	bsf	status, 5	;RP0=1, select bank1
   743  07C3  1303               	bcf	status, 6	;RP1=0, select bank1
   744  07C4  0098               	movwf	(152)^080h	;volatile
   745                           opt subtitle "HI-TECH Software Omniscient Code Generator (Lite mode) build 49521"
   746                           
   747  07C5                     l59:	
   748  07C5  0008               	return
   749                           opt subtitle "HI-TECH Software Omniscient Code Generator (Lite mode) build 49521"
   750                           
   751  07C6                     	__end_of_init_comms:
   752                           opt subtitle "HI-TECH Software Omniscient Code Generator (Lite mode) build 49521"
   753                           
   754                           opt pagewidth 120
   755                           
   756                           	opt lm
   757                           
   758                           	processor	16F88
   759                           clrc	macro
   760                           	bcf	3,0
   761                           	endm
   762                           clrz	macro
   763                           	bcf	3,2
   764                           	endm
   765                           setc	macro
   766                           	bsf	3,0
   767                           	endm
   768                           setz	macro
   769                           	bsf	3,2
   770                           	endm
   771                           skipc	macro
   772                           	btfss	3,0
   773                           	endm
   774                           skipz	macro
   775                           	btfss	3,2
   776                           	endm
   777                           skipnc	macro
   778                           	btfsc	3,0
   779                           	endm
   780                           skipnz	macro
   781                           	btfsc	3,2
   782                           	endm
   783                           indf	equ	0
   784                           indf0	equ	0
   785                           pc	equ	2
   786  079F                     __ptext48:	;psect for function _putch
   787                           opt subtitle "HI-TECH Software Omniscient Code Generator (Lite mode) build 49521"
   788                           
   789                           opt pagewidth 120
   790                           
   791  000C                     	__size_of_putch	equ	__end_of_putch-_putch
   792                           opt subtitle "HI-TECH Software Omniscient Code Generator (Lite mode) build 49521"
   793  079F                     _putch:	
   794                           opt subtitle "HI-TECH Software Omniscient Code Generator (Lite mode) build 49521"
   795                           
   796                           opt pagewidth 120
   797  079F  00F0               	movwf	(putch@byte)
   798                           opt subtitle "HI-TECH Software Omniscient Code Generator (Lite mode) build 49521"
   799                           
   800  07A0                     l520:	
   801                           opt subtitle "HI-TECH Software Omniscient Code Generator (Lite mode) build 49521"
   802  07A0  2FA1               	goto	l44
   803                           opt subtitle "HI-TECH Software Omniscient Code Generator (Lite mode) build 49521"
   804  07A1                     l45:	
   805                           opt subtitle "HI-TECH Software Omniscient Code Generator (Lite mode) build 49521"
   806                           
   807                           opt pagewidth 120
   808  07A1                     l44:	
   809                           opt subtitle "HI-TECH Software Omniscient Code Generator (Lite mode) build 49521"
   810  07A1  1283               	bcf	status, 5	;RP0=0, select bank0
   811  07A2  1303               	bcf	status, 6	;RP1=0, select bank0
   812  07A3  1E0C               	btfss	(100/8),(100)&7	;volatile
   813  07A4  2FA6               	goto	u11
   814  07A5  2FA7               	goto	u10
   815  07A6                     u11:
   816  07A6  2FA1               	goto	l44
   817  07A7                     u10:
   818  07A7  2FA8               	goto	l522
   819                           opt subtitle "HI-TECH Software Omniscient Code Generator (Lite mode) build 49521"
   820  07A8                     l46:	
   821                           opt subtitle "HI-TECH Software Omniscient Code Generator (Lite mode) build 49521"
   822                           
   823  07A8                     l522:	
   824                           opt subtitle "HI-TECH Software Omniscient Code Generator (Lite mode) build 49521"
   825  07A8  0870               	movf	(putch@byte),w
   826  07A9  0099               	movwf	(25)	;volatile
   827                           opt subtitle "HI-TECH Software Omniscient Code Generator (Lite mode) build 49521"
   828                           
   829  07AA                     l47:	
   830  07AA  0008               	return
   831                           opt subtitle "HI-TECH Software Omniscient Code Generator (Lite mode) build 49521"
   832                           
   833  07AB                     	__end_of_putch:
   834                           opt subtitle "HI-TECH Software Omniscient Code Generator (Lite mode) build 49521"
   835                           
   836                           opt pagewidth 120
   837  0000                     __ptext49:	;psect for function _putch
   838                           opt subtitle "HI-TECH Software Omniscient Code Generator (Lite mode) build 49521"
   839  007E                     	btemp set 07Eh
   840                           opt subtitle "HI-TECH Software Omniscient Code Generator (Lite mode) build 49521"
   841                           
   842                           opt pagewidth 120
   843  007E                     	wtemp0 set btemp


Data Sizes:
    Strings     0
    Constant    0
    Data        0
    BSS         0
    Persistent  0
    Stack       0

Auto Spaces:
    Space          Size  Autos    Used
    COMMON           14      4       4
    BANK0            80      0       0
    BANK1            80      0       0
    BANK3            96      0       0
    BANK2            96      0       0

Pointer List with Targets:

    None.

Critical Paths under _main in COMMON

    _main->_putch

Critical Paths under _main in BANK0

    None.

Critical Paths under _main in BANK1

    None.

Critical Paths under _main in BANK3

    None.

Critical Paths under _main in BANK2

    None.

Call Graph Tables:

 ---------------------------------------------------------------------------------
 (Depth) Function   	        Calls       Base Space   Used Autos Params    Refs
 ---------------------------------------------------------------------------------
 (0) _main                                                 3     3      0      15
                                              1 COMMON     3     3      0
                               _init
                              _putch
 ---------------------------------------------------------------------------------
 (1) _init                                                 0     0      0       0
                         _init_comms
 ---------------------------------------------------------------------------------
 (2) _init_comms                                           0     0      0       0
 ---------------------------------------------------------------------------------
 (1) _putch                                                1     1      0      15
                                              0 COMMON     1     1      0
 ---------------------------------------------------------------------------------
 Estimated maximum stack depth 2
 ---------------------------------------------------------------------------------

 Call Graph Graphs:

 _main (ROOT)
   _init
     _init_comms
   _putch

 Address spaces:
Name               Size   Autos  Total    Cost      Usage
BITCOMMON            E      0       0       0        0.0%
EEDATA             100      0       0       0        0.0%
NULL                 0      0       0       0        0.0%
CODE                 0      0       0       0        0.0%
COMMON               E      4       4       1       28.6%
BITSFR0              0      0       0       1        0.0%
SFR0                 0      0       0       1        0.0%
BITSFR1              0      0       0       2        0.0%
SFR1                 0      0       0       2        0.0%
STACK                0      0       2       2        0.0%
ABS                  0      0       0       3        0.0%
BITBANK0            50      0       0       4        0.0%
BITSFR3              0      0       0       4        0.0%
SFR3                 0      0       0       4        0.0%
BANK0               50      0       0       5        0.0%
BITSFR2              0      0       0       5        0.0%
SFR2                 0      0       0       5        0.0%
BITBANK1            50      0       0       6        0.0%
BANK1               50      0       0       7        0.0%
BITBANK3            60      0       0       8        0.0%
BANK3               60      0       0       9        0.0%
BITBANK2            60      0       0      10        0.0%
BANK2               60      0       0      11        0.0%
DATA                 0      0       0      12        0.0%


Microchip Technology PIC Macro Assembler V1.12 build 49521 
Symbol Table                                                                                   Mon Mar 11 18:07:13 2013

            __CFG_CP$OFF 0000                       l20 07C9                       l21 07FD  
                     l22 07FE                       l23 07FE                       l17 07B6  
                     l44 07A1                       l45 07A1                       l46 07A8  
                     l47 07AA                       l59 07C5                       u10 07A7  
                     u11 07A6                       u37 07D3                       u47 07E4  
                     u57 07F5                      l520 07A0                      l522 07A8  
                    l516 07B7                      l540 07B3                      l518 07BB  
                    l534 07AB                      l550 07EF                      l542 07C6  
                    l536 07AF                      l544 07CD                      l538 07B0  
                    l546 07DA                      l548 07EB             __CFG_CPD$OFF 0000  
           __CFG_LVP$OFF 0000                     _RCIF 0065                     _TXIF 0064  
           __CFG_WRT$OFF 0000                     _main 07C6                     _init 07AB  
                   btemp 007E                     start 0000            __CFG_IESO$OFF 0000  
                  ?_main 0070                    ?_init 0070            __CFG_WDTE$OFF 0000  
                  _ANSEL 009B           __CFG_DEBUG$OFF 0000                    _RCREG 001A  
                  _RCSTA 0018                    _SPBRG 0099                    _TRISA 0085  
                  _TRISB 0086                    _TXREG 0019                    _TXSTA 0098  
         __CFG_CCPMX$RB0 0000           __CFG_FCMEN$OFF 0000                    _putch 079F  
         __CFG_BOREN$OFF 0000                    status 0003                    wtemp0 007E  
         __CFG_MCLRE$OFF 0000          __initialization 079C             __end_of_main 0800  
           __end_of_init 07B7                   ??_main 0071                   ??_init 0070  
                 ?_putch 0070                   _OSCCON 008F                   _TRISB2 0432  
                 _TRISB5 0435           __CFG_PWRTE$OFF 0000  __end_of__initialization 079C  
         __pcstackCOMMON 0070            __end_of_putch 07AB                  ??_putch 0070  
             __pmaintext 07C6               _init_comms 07B7     end_of_initialization 079C  
            ?_init_comms 0070      start_initialization 079C      __size_of_init_comms 000F  
         __size_of_putch 000C             ??_init_comms 0070                 __ptext45 0000  
               __ptext46 07AB                 __ptext47 07B7                 __ptext48 079F  
               __ptext49 0000            __size_of_main 003A       __end_of_init_comms 07C6  
          __size_of_init 000C                putch@byte 0070       __CFG_FOSC$INTOSCIO 0000  
