

Microchip Technology PIC LITE Macro Assembler V1.12 build 49521 
                                                                                               Fri Jan 04 16:31:15 2013

HI-TECH Software Omniscient Code Generator (Lite mode) build 49521
     1  0000                     opt subtitle "HI-TECH Software Omniscient Code Generator (Lite mode) build 49521"
     2                           opt subtitle "HI-TECH Software Omniscient Code Generator (Lite mode) build 49521"
     3                           
     4                           opt pagewidth 120
     5                           
     6                           	opt lm
     7                           
     8                           	processor	16F883
     9                           clrc	macro
    10  0000                     	endm
    11                           opt subtitle "HI-TECH Software Omniscient Code Generator (Lite mode) build 49521"
    12                           
    13  0000                     	endm
    14                           opt subtitle "HI-TECH Software Omniscient Code Generator (Lite mode) build 49521"
    15                           
    16  0000                     	endm
    17                           opt subtitle "HI-TECH Software Omniscient Code Generator (Lite mode) build 49521"
    18                           
    19  0000                     	endm
    20                           opt subtitle "HI-TECH Software Omniscient Code Generator (Lite mode) build 49521"
    21                           
    22  0000                     	endm
    23                           opt subtitle "HI-TECH Software Omniscient Code Generator (Lite mode) build 49521"
    24                           
    25  0000                     	endm
    26                           opt subtitle "HI-TECH Software Omniscient Code Generator (Lite mode) build 49521"
    27                           
    28  0000                     	endm
    29                           opt subtitle "HI-TECH Software Omniscient Code Generator (Lite mode) build 49521"
    30                           
    31  0000                     	endm
    32  0000                     indf	equ	0
    33  0000                     indf0	equ	0
    34  0002                     pc	equ	2
    35  0002                     pcl	equ	2
    36  0003                     status	equ	3
    37  0004                     fsr	equ	4
    38  0004                     fsr0	equ	4
    39  0001                     c	equ	1
    40  0000                     z	equ	0
    41  000A                     pclath	equ	10
    42                           opt subtitle "HI-TECH Software Omniscient Code Generator (Lite mode) build 49521"
    43  0000                     INDF equ 00h ;# 
    44                           opt subtitle "HI-TECH Software Omniscient Code Generator (Lite mode) build 49521"
    45  0001                     TMR0 equ 01h ;# 
    46                           opt subtitle "HI-TECH Software Omniscient Code Generator (Lite mode) build 49521"
    47  0002                     PCL equ 02h ;# 
    48                           opt subtitle "HI-TECH Software Omniscient Code Generator (Lite mode) build 49521"
    49  0003                     STATUS equ 03h ;# 
    50                           opt subtitle "HI-TECH Software Omniscient Code Generator (Lite mode) build 49521"
    51  0004                     FSR equ 04h ;# 
    52                           opt subtitle "HI-TECH Software Omniscient Code Generator (Lite mode) build 49521"
    53  0005                     PORTA equ 05h ;# 
    54                           opt subtitle "HI-TECH Software Omniscient Code Generator (Lite mode) build 49521"
    55  0006                     PORTB equ 06h ;# 
    56                           opt subtitle "HI-TECH Software Omniscient Code Generator (Lite mode) build 49521"
    57  0007                     PORTC equ 07h ;# 
    58                           opt subtitle "HI-TECH Software Omniscient Code Generator (Lite mode) build 49521"
    59  0009                     PORTE equ 09h ;# 
    60                           opt subtitle "HI-TECH Software Omniscient Code Generator (Lite mode) build 49521"
    61  000A                     PCLATH equ 0Ah ;# 
    62                           opt subtitle "HI-TECH Software Omniscient Code Generator (Lite mode) build 49521"
    63  000B                     INTCON equ 0Bh ;# 
    64                           opt subtitle "HI-TECH Software Omniscient Code Generator (Lite mode) build 49521"
    65  000C                     PIR1 equ 0Ch ;# 
    66                           opt subtitle "HI-TECH Software Omniscient Code Generator (Lite mode) build 49521"
    67  000D                     PIR2 equ 0Dh ;# 
    68                           opt subtitle "HI-TECH Software Omniscient Code Generator (Lite mode) build 49521"
    69  000E                     TMR1 equ 0Eh ;# 
    70                           opt subtitle "HI-TECH Software Omniscient Code Generator (Lite mode) build 49521"
    71  000E                     TMR1L equ 0Eh ;# 
    72                           opt subtitle "HI-TECH Software Omniscient Code Generator (Lite mode) build 49521"
    73  000F                     TMR1H equ 0Fh ;# 
    74                           opt subtitle "HI-TECH Software Omniscient Code Generator (Lite mode) build 49521"
    75  0010                     T1CON equ 010h ;# 
    76                           opt subtitle "HI-TECH Software Omniscient Code Generator (Lite mode) build 49521"
    77  0011                     TMR2 equ 011h ;# 
    78                           opt subtitle "HI-TECH Software Omniscient Code Generator (Lite mode) build 49521"
    79  0012                     T2CON equ 012h ;# 
    80                           opt subtitle "HI-TECH Software Omniscient Code Generator (Lite mode) build 49521"
    81  0013                     SSPBUF equ 013h ;# 
    82                           opt subtitle "HI-TECH Software Omniscient Code Generator (Lite mode) build 49521"
    83  0014                     SSPCON equ 014h ;# 
    84                           opt subtitle "HI-TECH Software Omniscient Code Generator (Lite mode) build 49521"
    85  0015                     CCPR1 equ 015h ;# 
    86                           opt subtitle "HI-TECH Software Omniscient Code Generator (Lite mode) build 49521"
    87  0015                     CCPR1L equ 015h ;# 
    88                           opt subtitle "HI-TECH Software Omniscient Code Generator (Lite mode) build 49521"
    89  0016                     CCPR1H equ 016h ;# 
    90                           opt subtitle "HI-TECH Software Omniscient Code Generator (Lite mode) build 49521"
    91  0017                     CCP1CON equ 017h ;# 
    92                           opt subtitle "HI-TECH Software Omniscient Code Generator (Lite mode) build 49521"
    93  0018                     RCSTA equ 018h ;# 
    94                           opt subtitle "HI-TECH Software Omniscient Code Generator (Lite mode) build 49521"
    95  0019                     TXREG equ 019h ;# 
    96                           opt subtitle "HI-TECH Software Omniscient Code Generator (Lite mode) build 49521"
    97  001A                     RCREG equ 01Ah ;# 
    98                           opt subtitle "HI-TECH Software Omniscient Code Generator (Lite mode) build 49521"
    99  001B                     CCPR2 equ 01Bh ;# 
   100                           opt subtitle "HI-TECH Software Omniscient Code Generator (Lite mode) build 49521"
   101  001B                     CCPR2L equ 01Bh ;# 
   102                           opt subtitle "HI-TECH Software Omniscient Code Generator (Lite mode) build 49521"
   103  001C                     CCPR2H equ 01Ch ;# 
   104                           opt subtitle "HI-TECH Software Omniscient Code Generator (Lite mode) build 49521"
   105  001D                     CCP2CON equ 01Dh ;# 
   106                           opt subtitle "HI-TECH Software Omniscient Code Generator (Lite mode) build 49521"
   107  001E                     ADRESH equ 01Eh ;# 
   108                           opt subtitle "HI-TECH Software Omniscient Code Generator (Lite mode) build 49521"
   109  001F                     ADCON0 equ 01Fh ;# 
   110                           opt subtitle "HI-TECH Software Omniscient Code Generator (Lite mode) build 49521"
   111  0081                     OPTION_REG equ 081h ;# 
   112                           opt subtitle "HI-TECH Software Omniscient Code Generator (Lite mode) build 49521"
   113  0085                     TRISA equ 085h ;# 
   114                           opt subtitle "HI-TECH Software Omniscient Code Generator (Lite mode) build 49521"
   115  0086                     TRISB equ 086h ;# 
   116                           opt subtitle "HI-TECH Software Omniscient Code Generator (Lite mode) build 49521"
   117  0087                     TRISC equ 087h ;# 
   118                           opt subtitle "HI-TECH Software Omniscient Code Generator (Lite mode) build 49521"
   119  0089                     TRISE equ 089h ;# 
   120                           opt subtitle "HI-TECH Software Omniscient Code Generator (Lite mode) build 49521"
   121  008C                     PIE1 equ 08Ch ;# 
   122                           opt subtitle "HI-TECH Software Omniscient Code Generator (Lite mode) build 49521"
   123  008D                     PIE2 equ 08Dh ;# 
   124                           opt subtitle "HI-TECH Software Omniscient Code Generator (Lite mode) build 49521"
   125  008E                     PCON equ 08Eh ;# 
   126                           opt subtitle "HI-TECH Software Omniscient Code Generator (Lite mode) build 49521"
   127  008F                     OSCCON equ 08Fh ;# 
   128                           opt subtitle "HI-TECH Software Omniscient Code Generator (Lite mode) build 49521"
   129  0090                     OSCTUNE equ 090h ;# 
   130                           opt subtitle "HI-TECH Software Omniscient Code Generator (Lite mode) build 49521"
   131  0091                     SSPCON2 equ 091h ;# 
   132                           opt subtitle "HI-TECH Software Omniscient Code Generator (Lite mode) build 49521"
   133  0092                     PR2 equ 092h ;# 
   134                           opt subtitle "HI-TECH Software Omniscient Code Generator (Lite mode) build 49521"
   135  0093                     SSPADD equ 093h ;# 
   136                           opt subtitle "HI-TECH Software Omniscient Code Generator (Lite mode) build 49521"
   137  0093                     SSPMSK equ 093h ;# 
   138                           opt subtitle "HI-TECH Software Omniscient Code Generator (Lite mode) build 49521"
   139  0093                     MSK equ 093h ;# 
   140                           opt subtitle "HI-TECH Software Omniscient Code Generator (Lite mode) build 49521"
   141  0094                     SSPSTAT equ 094h ;# 
   142                           opt subtitle "HI-TECH Software Omniscient Code Generator (Lite mode) build 49521"
   143  0095                     WPUB equ 095h ;# 
   144                           opt subtitle "HI-TECH Software Omniscient Code Generator (Lite mode) build 49521"
   145  0096                     IOCB equ 096h ;# 
   146                           opt subtitle "HI-TECH Software Omniscient Code Generator (Lite mode) build 49521"
   147  0097                     VRCON equ 097h ;# 
   148                           opt subtitle "HI-TECH Software Omniscient Code Generator (Lite mode) build 49521"
   149  0098                     TXSTA equ 098h ;# 
   150                           opt subtitle "HI-TECH Software Omniscient Code Generator (Lite mode) build 49521"
   151  0099                     SPBRG equ 099h ;# 
   152                           opt subtitle "HI-TECH Software Omniscient Code Generator (Lite mode) build 49521"
   153  009A                     SPBRGH equ 09Ah ;# 
   154                           opt subtitle "HI-TECH Software Omniscient Code Generator (Lite mode) build 49521"
   155  009B                     PWM1CON equ 09Bh ;# 
   156                           opt subtitle "HI-TECH Software Omniscient Code Generator (Lite mode) build 49521"
   157  009C                     ECCPAS equ 09Ch ;# 
   158                           opt subtitle "HI-TECH Software Omniscient Code Generator (Lite mode) build 49521"
   159  009D                     PSTRCON equ 09Dh ;# 
   160                           opt subtitle "HI-TECH Software Omniscient Code Generator (Lite mode) build 49521"
   161  009E                     ADRESL equ 09Eh ;# 
   162                           opt subtitle "HI-TECH Software Omniscient Code Generator (Lite mode) build 49521"
   163  009F                     ADCON1 equ 09Fh ;# 
   164                           opt subtitle "HI-TECH Software Omniscient Code Generator (Lite mode) build 49521"
   165  0105                     WDTCON equ 0105h ;# 
   166                           opt subtitle "HI-TECH Software Omniscient Code Generator (Lite mode) build 49521"
   167  0107                     CM1CON0 equ 0107h ;# 
   168                           opt subtitle "HI-TECH Software Omniscient Code Generator (Lite mode) build 49521"
   169  0108                     CM2CON0 equ 0108h ;# 
   170                           opt subtitle "HI-TECH Software Omniscient Code Generator (Lite mode) build 49521"
   171  0109                     CM2CON1 equ 0109h ;# 
   172                           opt subtitle "HI-TECH Software Omniscient Code Generator (Lite mode) build 49521"
   173  010C                     EEDATA equ 010Ch ;# 
   174                           opt subtitle "HI-TECH Software Omniscient Code Generator (Lite mode) build 49521"
   175  010C                     EEDAT equ 010Ch ;# 
   176                           opt subtitle "HI-TECH Software Omniscient Code Generator (Lite mode) build 49521"
   177  010D                     EEADR equ 010Dh ;# 
   178                           opt subtitle "HI-TECH Software Omniscient Code Generator (Lite mode) build 49521"
   179  010E                     EEDATH equ 010Eh ;# 
   180                           opt subtitle "HI-TECH Software Omniscient Code Generator (Lite mode) build 49521"
   181  010F                     EEADRH equ 010Fh ;# 
   182                           opt subtitle "HI-TECH Software Omniscient Code Generator (Lite mode) build 49521"
   183  0185                     SRCON equ 0185h ;# 
   184                           opt subtitle "HI-TECH Software Omniscient Code Generator (Lite mode) build 49521"
   185  0187                     BAUDCTL equ 0187h ;# 
   186                           opt subtitle "HI-TECH Software Omniscient Code Generator (Lite mode) build 49521"
   187  0188                     ANSEL equ 0188h ;# 
   188                           opt subtitle "HI-TECH Software Omniscient Code Generator (Lite mode) build 49521"
   189  0189                     ANSELH equ 0189h ;# 
   190                           opt subtitle "HI-TECH Software Omniscient Code Generator (Lite mode) build 49521"
   191  018C                     EECON1 equ 018Ch ;# 
   192                           opt subtitle "HI-TECH Software Omniscient Code Generator (Lite mode) build 49521"
   193  018D                     EECON2 equ 018Dh ;# 
   194                           opt subtitle "HI-TECH Software Omniscient Code Generator (Lite mode) build 49521"
   195                           
   196                           opt pagewidth 120
   197  07FB                     __pmaintext:	;psect for function _main
   198                           opt subtitle "HI-TECH Software Omniscient Code Generator (Lite mode) build 49521"
   199                           
   200  0000                     __CFG_CPD$OFF equ 0x0
   201                           opt subtitle "HI-TECH Software Omniscient Code Generator (Lite mode) build 49521"
   202  0000                     __CFG_BOREN$OFF equ 0x0
   203                           opt subtitle "HI-TECH Software Omniscient Code Generator (Lite mode) build 49521"
   204  0000                     __CFG_IESO$OFF equ 0x0
   205                           opt subtitle "HI-TECH Software Omniscient Code Generator (Lite mode) build 49521"
   206  0000                     __CFG_DEBUG$OFF equ 0x0
   207                           opt subtitle "HI-TECH Software Omniscient Code Generator (Lite mode) build 49521"
   208  0000                     __CFG_FOSC$INTRC_NOCLKOUT equ 0x0
   209                           opt subtitle "HI-TECH Software Omniscient Code Generator (Lite mode) build 49521"
   210  0000                     __CFG_FCMEN$OFF equ 0x0
   211                           opt subtitle "HI-TECH Software Omniscient Code Generator (Lite mode) build 49521"
   212  0000                     __CFG_MCLRE$OFF equ 0x0
   213                           opt subtitle "HI-TECH Software Omniscient Code Generator (Lite mode) build 49521"
   214  0000                     __CFG_WDTE$OFF equ 0x0
   215                           opt subtitle "HI-TECH Software Omniscient Code Generator (Lite mode) build 49521"
   216  0000                     __CFG_CP$OFF equ 0x0
   217                           opt subtitle "HI-TECH Software Omniscient Code Generator (Lite mode) build 49521"
   218  0000                     __CFG_LVP$OFF equ 0x0
   219                           opt subtitle "HI-TECH Software Omniscient Code Generator (Lite mode) build 49521"
   220  0000                     __CFG_PWRTE$OFF equ 0x0
   221                           opt subtitle "HI-TECH Software Omniscient Code Generator (Lite mode) build 49521"
   222                           
   223                           opt pagewidth 120
   224                           
   225  07FD                     start_initialization:
   226                           opt subtitle "HI-TECH Software Omniscient Code Generator (Lite mode) build 49521"
   227                           
   228  07FD                     __initialization:
   229                           opt subtitle "HI-TECH Software Omniscient Code Generator (Lite mode) build 49521"
   230                           
   231                           opt pagewidth 120
   232                           
   233                           	opt lm
   234  07FD                     end_of_initialization:
   235  07FD                     __end_of__initialization:clrf status
      + 07FD  0183               	clrf	3
   236  07FE  118A  2FFB         ljmp _main	;jump to C main() function
   237                           opt subtitle "HI-TECH Software Omniscient Code Generator (Lite mode) build 49521"
   238                           
   239  0070                     __pcstackCOMMON:
   240  0070                     ?_main:	; 2 bytes @ 0x0
   241  0070                     main@argc:	; 2 bytes @ 0x0
   242  0070                     	ds	2
   243  0072                     main@argv:	; 2 bytes @ 0x2
   244  0072                     	ds	2
   245  0074                     ??_main:	; 0 bytes @ 0x4
   246                           opt subtitle "HI-TECH Software Omniscient Code Generator (Lite mode) build 49521"
   247                           
   248                           opt pagewidth 120
   249                           
   250                           	opt lm
   251                           
   252                           	processor	16F883
   253                           clrc	macro
   254                           	bcf	3,0
   255                           	endm
   256                           clrz	macro
   257                           	bcf	3,2
   258                           	endm
   259                           setc	macro
   260                           	bsf	3,0
   261                           	endm
   262                           setz	macro
   263                           	bsf	3,2
   264                           	endm
   265                           skipc	macro
   266                           	btfss	3,0
   267                           	endm
   268                           skipz	macro
   269                           	btfss	3,2
   270                           	endm
   271                           skipnc	macro
   272                           	btfsc	3,0
   273                           	endm
   274                           skipnz	macro
   275                           	btfsc	3,2
   276                           	endm
   277                           indf	equ	0
   278                           indf0	equ	0
   279                           pc	equ	2
   280                           pcl	equ	2
   281                           status	equ	3
   282                           fsr	equ	4
   283                           fsr0	equ	4
   284                           c	equ	1
   285                           z	equ	0
   286                           pclath	equ	10
   287                           # 46 "C:\Program Files\Microchip\xc8\v1.12\include\pic16f883.h"
   288                           INDF equ 00h ;# 
   289                           # 52 "C:\Program Files\Microchip\xc8\v1.12\include\pic16f883.h"
   290                           TMR0 equ 01h ;# 
   291                           # 58 "C:\Program Files\Microchip\xc8\v1.12\include\pic16f883.h"
   292                           PCL equ 02h ;# 
   293                           # 64 "C:\Program Files\Microchip\xc8\v1.12\include\pic16f883.h"
   294                           STATUS equ 03h ;# 
   295                           # 151 "C:\Program Files\Microchip\xc8\v1.12\include\pic16f883.h"
   296                           FSR equ 04h ;# 
   297                           # 157 "C:\Program Files\Microchip\xc8\v1.12\include\pic16f883.h"
   298                           PORTA equ 05h ;# 
   299                           # 218 "C:\Program Files\Microchip\xc8\v1.12\include\pic16f883.h"
   300                           PORTB equ 06h ;# 
   301                           # 279 "C:\Program Files\Microchip\xc8\v1.12\include\pic16f883.h"
   302                           PORTC equ 07h ;# 
   303                           # 340 "C:\Program Files\Microchip\xc8\v1.12\include\pic16f883.h"
   304                           PORTE equ 09h ;# 
   305                           # 360 "C:\Program Files\Microchip\xc8\v1.12\include\pic16f883.h"
   306                           PCLATH equ 0Ah ;# 
   307                           # 366 "C:\Program Files\Microchip\xc8\v1.12\include\pic16f883.h"
   308                           INTCON equ 0Bh ;# 
   309                           # 443 "C:\Program Files\Microchip\xc8\v1.12\include\pic16f883.h"
   310                           PIR1 equ 0Ch ;# 
   311                           # 498 "C:\Program Files\Microchip\xc8\v1.12\include\pic16f883.h"
   312                           PIR2 equ 0Dh ;# 
   313                           # 554 "C:\Program Files\Microchip\xc8\v1.12\include\pic16f883.h"
   314                           TMR1 equ 0Eh ;# 
   315                           # 560 "C:\Program Files\Microchip\xc8\v1.12\include\pic16f883.h"
   316                           TMR1L equ 0Eh ;# 
   317                           # 566 "C:\Program Files\Microchip\xc8\v1.12\include\pic16f883.h"
   318                           TMR1H equ 0Fh ;# 
   319                           # 572 "C:\Program Files\Microchip\xc8\v1.12\include\pic16f883.h"
   320                           T1CON equ 010h ;# 
   321                           # 665 "C:\Program Files\Microchip\xc8\v1.12\include\pic16f883.h"
   322                           TMR2 equ 011h ;# 
   323                           # 671 "C:\Program Files\Microchip\xc8\v1.12\include\pic16f883.h"
   324                           T2CON equ 012h ;# 
   325                           # 741 "C:\Program Files\Microchip\xc8\v1.12\include\pic16f883.h"
   326                           SSPBUF equ 013h ;# 
   327                           # 747 "C:\Program Files\Microchip\xc8\v1.12\include\pic16f883.h"
   328                           SSPCON equ 014h ;# 
   329                           # 816 "C:\Program Files\Microchip\xc8\v1.12\include\pic16f883.h"
   330                           CCPR1 equ 015h ;# 
   331                           # 822 "C:\Program Files\Microchip\xc8\v1.12\include\pic16f883.h"
   332                           CCPR1L equ 015h ;# 
   333                           # 828 "C:\Program Files\Microchip\xc8\v1.12\include\pic16f883.h"
   334                           CCPR1H equ 016h ;# 
   335                           # 834 "C:\Program Files\Microchip\xc8\v1.12\include\pic16f883.h"
   336                           CCP1CON equ 017h ;# 
   337                           # 930 "C:\Program Files\Microchip\xc8\v1.12\include\pic16f883.h"
   338                           RCSTA equ 018h ;# 
   339                           # 1024 "C:\Program Files\Microchip\xc8\v1.12\include\pic16f883.h"
   340                           TXREG equ 019h ;# 
   341                           # 1030 "C:\Program Files\Microchip\xc8\v1.12\include\pic16f883.h"
   342                           RCREG equ 01Ah ;# 
   343                           # 1036 "C:\Program Files\Microchip\xc8\v1.12\include\pic16f883.h"
   344                           CCPR2 equ 01Bh ;# 
   345                           # 1042 "C:\Program Files\Microchip\xc8\v1.12\include\pic16f883.h"
   346                           CCPR2L equ 01Bh ;# 
   347                           # 1048 "C:\Program Files\Microchip\xc8\v1.12\include\pic16f883.h"
   348                           CCPR2H equ 01Ch ;# 
   349                           # 1054 "C:\Program Files\Microchip\xc8\v1.12\include\pic16f883.h"
   350                           CCP2CON equ 01Dh ;# 
   351                           # 1123 "C:\Program Files\Microchip\xc8\v1.12\include\pic16f883.h"
   352                           ADRESH equ 01Eh ;# 
   353                           # 1129 "C:\Program Files\Microchip\xc8\v1.12\include\pic16f883.h"
   354                           ADCON0 equ 01Fh ;# 
   355                           # 1229 "C:\Program Files\Microchip\xc8\v1.12\include\pic16f883.h"
   356                           OPTION_REG equ 081h ;# 
   357                           # 1298 "C:\Program Files\Microchip\xc8\v1.12\include\pic16f883.h"
   358                           TRISA equ 085h ;# 
   359                           # 1359 "C:\Program Files\Microchip\xc8\v1.12\include\pic16f883.h"
   360                           TRISB equ 086h ;# 
   361                           # 1420 "C:\Program Files\Microchip\xc8\v1.12\include\pic16f883.h"
   362                           TRISC equ 087h ;# 
   363                           # 1481 "C:\Program Files\Microchip\xc8\v1.12\include\pic16f883.h"
   364                           TRISE equ 089h ;# 
   365                           # 1501 "C:\Program Files\Microchip\xc8\v1.12\include\pic16f883.h"
   366                           PIE1 equ 08Ch ;# 
   367  0002                     	__size_of_main	equ	__end_of_main-_main
   368                           opt subtitle "HI-TECH Software Omniscient Code Generator (Lite mode) build 49521"
   369  07FB                     _main:	
   370                           opt subtitle "HI-TECH Software Omniscient Code Generator (Lite mode) build 49521"
   371                           
   372                           opt pagewidth 120
   373                           
   374  07FB                     l460:	
   375                           opt subtitle "HI-TECH Software Omniscient Code Generator (Lite mode) build 49521"
   376                           
   377                           opt pagewidth 120
   378                           
   379  07FB                     l3:	
   380                           opt subtitle "HI-TECH Software Omniscient Code Generator (Lite mode) build 49521"
   381  07FB  118A  2800         	ljmp	start
   382                           opt subtitle "HI-TECH Software Omniscient Code Generator (Lite mode) build 49521"
   383                           
   384  07FD                     	__end_of_main:
   385                           opt subtitle "HI-TECH Software Omniscient Code Generator (Lite mode) build 49521"
   386                           
   387                           opt pagewidth 120
   388  007E                     	btemp set 07Eh
   389                           opt subtitle "HI-TECH Software Omniscient Code Generator (Lite mode) build 49521"
   390                           
   391                           opt pagewidth 120
   392  007E                     	wtemp0 set btemp


Data Sizes:
    Strings     0
    Constant    0
    Data        0
    BSS         0
    Persistent  0
    Stack       0

Auto Spaces:
    Space          Size  Autos    Used
    COMMON           14      4       4
    BANK0            80      0       0
    BANK1            80      0       0
    BANK2            80      0       0

Pointer List with Targets:

    None.

Critical Paths under _main in COMMON

    None.

Critical Paths under _main in BANK0

    None.

Critical Paths under _main in BANK1

    None.

Critical Paths under _main in BANK2

    None.

Call Graph Tables:

 ---------------------------------------------------------------------------------
 (Depth) Function   	        Calls       Base Space   Used Autos Params    Refs
 ---------------------------------------------------------------------------------
 (0) _main                                                 4     0      4       0
                                              0 COMMON     4     0      4
 ---------------------------------------------------------------------------------
 Estimated maximum stack depth 0
 ---------------------------------------------------------------------------------

 Call Graph Graphs:

 _main (ROOT)

 Address spaces:
Name               Size   Autos  Total    Cost      Usage
BITCOMMON            E      0       0       0        0.0%
EEDATA             100      0       0       0        0.0%
NULL                 0      0       0       0        0.0%
CODE                 0      0       0       0        0.0%
COMMON               E      4       4       1       28.6%
BITSFR0              0      0       0       1        0.0%
SFR0                 0      0       0       1        0.0%
BITSFR1              0      0       0       2        0.0%
SFR1                 0      0       0       2        0.0%
STACK                0      0       0       2        0.0%
BANK0               50      0       0       3        0.0%
BITBANK1            50      0       0       4        0.0%
BITSFR3              0      0       0       4        0.0%
SFR3                 0      0       0       4        0.0%
BANK1               50      0       0       5        0.0%
BITSFR2              0      0       0       5        0.0%
SFR2                 0      0       0       5        0.0%
BITBANK2            50      0       0       6        0.0%
BANK2               50      0       0       7        0.0%
ABS                  0      0       0       8        0.0%
BITBANK0            50      0       0       9        0.0%
DATA                 0      0       0      10        0.0%


Microchip Technology PIC Macro Assembler V1.12 build 49521 
Symbol Table                                                                                   Fri Jan 04 16:31:15 2013

                       l3 07FB               __CFG_CP$OFF 0000                       l460 07FB  
            __CFG_CPD$OFF 0000              __CFG_LVP$OFF 0000                      _main 07FB  
                    btemp 007E                      start 0000             __CFG_IESO$OFF 0000  
                   ?_main 0070             __CFG_WDTE$OFF 0000            __CFG_DEBUG$OFF 0000  
          __CFG_FCMEN$OFF 0000            __CFG_BOREN$OFF 0000                     status 0003  
                   wtemp0 007E            __CFG_MCLRE$OFF 0000           __initialization 07FD  
            __end_of_main 07FD                    ??_main 0074            __CFG_PWRTE$OFF 0000  
 __end_of__initialization 07FD            __pcstackCOMMON 0070                __pmaintext 07FB  
    end_of_initialization 07FD       start_initialization 07FD  __CFG_FOSC$INTRC_NOCLKOUT 0000  
           __size_of_main 0002                  main@argc 0070                  main@argv 0072  
