

Microchip Technology PIC LITE Macro Assembler V1.12 build 49521 
                                                                                               Mon Mar 18 21:07:32 2013

HI-TECH Software Omniscient Code Generator (Lite mode) build 49521
     1  0000                     opt subtitle "HI-TECH Software Omniscient Code Generator (Lite mode) build 49521"
     2                           opt subtitle "HI-TECH Software Omniscient Code Generator (Lite mode) build 49521"
     3                           
     4                           opt pagewidth 120
     5                           
     6                           	opt lm
     7                           
     8                           	processor	16F88
     9                           clrc	macro
    10  0000                     	endm
    11                           opt subtitle "HI-TECH Software Omniscient Code Generator (Lite mode) build 49521"
    12                           
    13  0000                     	endm
    14                           opt subtitle "HI-TECH Software Omniscient Code Generator (Lite mode) build 49521"
    15                           
    16  0000                     	endm
    17                           opt subtitle "HI-TECH Software Omniscient Code Generator (Lite mode) build 49521"
    18                           
    19  0000                     	endm
    20                           opt subtitle "HI-TECH Software Omniscient Code Generator (Lite mode) build 49521"
    21                           
    22  0000                     	endm
    23                           opt subtitle "HI-TECH Software Omniscient Code Generator (Lite mode) build 49521"
    24                           
    25  0000                     	endm
    26                           opt subtitle "HI-TECH Software Omniscient Code Generator (Lite mode) build 49521"
    27                           
    28  0000                     	endm
    29                           opt subtitle "HI-TECH Software Omniscient Code Generator (Lite mode) build 49521"
    30                           
    31  0000                     	endm
    32  0000                     indf	equ	0
    33  0000                     indf0	equ	0
    34  0002                     pc	equ	2
    35  0002                     pcl	equ	2
    36  0003                     status	equ	3
    37  0004                     fsr	equ	4
    38  0004                     fsr0	equ	4
    39  0001                     c	equ	1
    40  0000                     z	equ	0
    41  000A                     pclath	equ	10
    42                           opt subtitle "HI-TECH Software Omniscient Code Generator (Lite mode) build 49521"
    43  0000                     INDF equ 00h ;# 
    44                           opt subtitle "HI-TECH Software Omniscient Code Generator (Lite mode) build 49521"
    45  0001                     TMR0 equ 01h ;# 
    46                           opt subtitle "HI-TECH Software Omniscient Code Generator (Lite mode) build 49521"
    47  0002                     PCL equ 02h ;# 
    48                           opt subtitle "HI-TECH Software Omniscient Code Generator (Lite mode) build 49521"
    49  0003                     STATUS equ 03h ;# 
    50                           opt subtitle "HI-TECH Software Omniscient Code Generator (Lite mode) build 49521"
    51  0004                     FSR equ 04h ;# 
    52                           opt subtitle "HI-TECH Software Omniscient Code Generator (Lite mode) build 49521"
    53  0005                     PORTA equ 05h ;# 
    54                           opt subtitle "HI-TECH Software Omniscient Code Generator (Lite mode) build 49521"
    55  0006                     PORTB equ 06h ;# 
    56                           opt subtitle "HI-TECH Software Omniscient Code Generator (Lite mode) build 49521"
    57  000A                     PCLATH equ 0Ah ;# 
    58                           opt subtitle "HI-TECH Software Omniscient Code Generator (Lite mode) build 49521"
    59  000B                     INTCON equ 0Bh ;# 
    60                           opt subtitle "HI-TECH Software Omniscient Code Generator (Lite mode) build 49521"
    61  000C                     PIR1 equ 0Ch ;# 
    62                           opt subtitle "HI-TECH Software Omniscient Code Generator (Lite mode) build 49521"
    63  000D                     PIR2 equ 0Dh ;# 
    64                           opt subtitle "HI-TECH Software Omniscient Code Generator (Lite mode) build 49521"
    65  000E                     TMR1 equ 0Eh ;# 
    66                           opt subtitle "HI-TECH Software Omniscient Code Generator (Lite mode) build 49521"
    67  000E                     TMR1L equ 0Eh ;# 
    68                           opt subtitle "HI-TECH Software Omniscient Code Generator (Lite mode) build 49521"
    69  000F                     TMR1H equ 0Fh ;# 
    70                           opt subtitle "HI-TECH Software Omniscient Code Generator (Lite mode) build 49521"
    71  0010                     T1CON equ 010h ;# 
    72                           opt subtitle "HI-TECH Software Omniscient Code Generator (Lite mode) build 49521"
    73  0011                     TMR2 equ 011h ;# 
    74                           opt subtitle "HI-TECH Software Omniscient Code Generator (Lite mode) build 49521"
    75  0012                     T2CON equ 012h ;# 
    76                           opt subtitle "HI-TECH Software Omniscient Code Generator (Lite mode) build 49521"
    77  0013                     SSPBUF equ 013h ;# 
    78                           opt subtitle "HI-TECH Software Omniscient Code Generator (Lite mode) build 49521"
    79  0014                     SSPCON equ 014h ;# 
    80                           opt subtitle "HI-TECH Software Omniscient Code Generator (Lite mode) build 49521"
    81  0015                     CCPR1 equ 015h ;# 
    82                           opt subtitle "HI-TECH Software Omniscient Code Generator (Lite mode) build 49521"
    83  0015                     CCPR1L equ 015h ;# 
    84                           opt subtitle "HI-TECH Software Omniscient Code Generator (Lite mode) build 49521"
    85  0016                     CCPR1H equ 016h ;# 
    86                           opt subtitle "HI-TECH Software Omniscient Code Generator (Lite mode) build 49521"
    87  0017                     CCP1CON equ 017h ;# 
    88                           opt subtitle "HI-TECH Software Omniscient Code Generator (Lite mode) build 49521"
    89  0018                     RCSTA equ 018h ;# 
    90                           opt subtitle "HI-TECH Software Omniscient Code Generator (Lite mode) build 49521"
    91  0019                     TXREG equ 019h ;# 
    92                           opt subtitle "HI-TECH Software Omniscient Code Generator (Lite mode) build 49521"
    93  001A                     RCREG equ 01Ah ;# 
    94                           opt subtitle "HI-TECH Software Omniscient Code Generator (Lite mode) build 49521"
    95  001E                     ADRESH equ 01Eh ;# 
    96                           opt subtitle "HI-TECH Software Omniscient Code Generator (Lite mode) build 49521"
    97  001F                     ADCON0 equ 01Fh ;# 
    98                           opt subtitle "HI-TECH Software Omniscient Code Generator (Lite mode) build 49521"
    99  0081                     OPTION_REG equ 081h ;# 
   100                           opt subtitle "HI-TECH Software Omniscient Code Generator (Lite mode) build 49521"
   101  0085                     TRISA equ 085h ;# 
   102                           opt subtitle "HI-TECH Software Omniscient Code Generator (Lite mode) build 49521"
   103  0086                     TRISB equ 086h ;# 
   104                           opt subtitle "HI-TECH Software Omniscient Code Generator (Lite mode) build 49521"
   105  008C                     PIE1 equ 08Ch ;# 
   106                           opt subtitle "HI-TECH Software Omniscient Code Generator (Lite mode) build 49521"
   107  008D                     PIE2 equ 08Dh ;# 
   108                           opt subtitle "HI-TECH Software Omniscient Code Generator (Lite mode) build 49521"
   109  008E                     PCON equ 08Eh ;# 
   110                           opt subtitle "HI-TECH Software Omniscient Code Generator (Lite mode) build 49521"
   111  008F                     OSCCON equ 08Fh ;# 
   112                           opt subtitle "HI-TECH Software Omniscient Code Generator (Lite mode) build 49521"
   113  0090                     OSCTUNE equ 090h ;# 
   114                           opt subtitle "HI-TECH Software Omniscient Code Generator (Lite mode) build 49521"
   115  0092                     PR2 equ 092h ;# 
   116                           opt subtitle "HI-TECH Software Omniscient Code Generator (Lite mode) build 49521"
   117  0093                     SSPADD equ 093h ;# 
   118                           opt subtitle "HI-TECH Software Omniscient Code Generator (Lite mode) build 49521"
   119  0094                     SSPSTAT equ 094h ;# 
   120                           opt subtitle "HI-TECH Software Omniscient Code Generator (Lite mode) build 49521"
   121  0098                     TXSTA equ 098h ;# 
   122                           opt subtitle "HI-TECH Software Omniscient Code Generator (Lite mode) build 49521"
   123  0099                     SPBRG equ 099h ;# 
   124                           opt subtitle "HI-TECH Software Omniscient Code Generator (Lite mode) build 49521"
   125  009B                     ANSEL equ 09Bh ;# 
   126                           opt subtitle "HI-TECH Software Omniscient Code Generator (Lite mode) build 49521"
   127  009C                     CMCON equ 09Ch ;# 
   128                           opt subtitle "HI-TECH Software Omniscient Code Generator (Lite mode) build 49521"
   129  009D                     CVRCON equ 09Dh ;# 
   130                           opt subtitle "HI-TECH Software Omniscient Code Generator (Lite mode) build 49521"
   131  009E                     ADRESL equ 09Eh ;# 
   132                           opt subtitle "HI-TECH Software Omniscient Code Generator (Lite mode) build 49521"
   133  009F                     ADCON1 equ 09Fh ;# 
   134                           opt subtitle "HI-TECH Software Omniscient Code Generator (Lite mode) build 49521"
   135  0105                     WDTCON equ 0105h ;# 
   136                           opt subtitle "HI-TECH Software Omniscient Code Generator (Lite mode) build 49521"
   137  010C                     EEDATA equ 010Ch ;# 
   138                           opt subtitle "HI-TECH Software Omniscient Code Generator (Lite mode) build 49521"
   139  010D                     EEADR equ 010Dh ;# 
   140                           opt subtitle "HI-TECH Software Omniscient Code Generator (Lite mode) build 49521"
   141  010E                     EEDATH equ 010Eh ;# 
   142                           opt subtitle "HI-TECH Software Omniscient Code Generator (Lite mode) build 49521"
   143  010F                     EEADRH equ 010Fh ;# 
   144                           opt subtitle "HI-TECH Software Omniscient Code Generator (Lite mode) build 49521"
   145  018C                     EECON1 equ 018Ch ;# 
   146                           opt subtitle "HI-TECH Software Omniscient Code Generator (Lite mode) build 49521"
   147  018D                     EECON2 equ 018Dh ;# 
   148                           opt subtitle "HI-TECH Software Omniscient Code Generator (Lite mode) build 49521"
   149  0000                     INDF equ 00h ;# 
   150                           opt subtitle "HI-TECH Software Omniscient Code Generator (Lite mode) build 49521"
   151  0001                     TMR0 equ 01h ;# 
   152                           opt subtitle "HI-TECH Software Omniscient Code Generator (Lite mode) build 49521"
   153  0002                     PCL equ 02h ;# 
   154                           opt subtitle "HI-TECH Software Omniscient Code Generator (Lite mode) build 49521"
   155  0003                     STATUS equ 03h ;# 
   156                           opt subtitle "HI-TECH Software Omniscient Code Generator (Lite mode) build 49521"
   157  0004                     FSR equ 04h ;# 
   158                           opt subtitle "HI-TECH Software Omniscient Code Generator (Lite mode) build 49521"
   159  0005                     PORTA equ 05h ;# 
   160                           opt subtitle "HI-TECH Software Omniscient Code Generator (Lite mode) build 49521"
   161  0006                     PORTB equ 06h ;# 
   162                           opt subtitle "HI-TECH Software Omniscient Code Generator (Lite mode) build 49521"
   163  000A                     PCLATH equ 0Ah ;# 
   164                           opt subtitle "HI-TECH Software Omniscient Code Generator (Lite mode) build 49521"
   165  000B                     INTCON equ 0Bh ;# 
   166                           opt subtitle "HI-TECH Software Omniscient Code Generator (Lite mode) build 49521"
   167  000C                     PIR1 equ 0Ch ;# 
   168                           opt subtitle "HI-TECH Software Omniscient Code Generator (Lite mode) build 49521"
   169  000D                     PIR2 equ 0Dh ;# 
   170                           opt subtitle "HI-TECH Software Omniscient Code Generator (Lite mode) build 49521"
   171  000E                     TMR1 equ 0Eh ;# 
   172                           opt subtitle "HI-TECH Software Omniscient Code Generator (Lite mode) build 49521"
   173  000E                     TMR1L equ 0Eh ;# 
   174                           opt subtitle "HI-TECH Software Omniscient Code Generator (Lite mode) build 49521"
   175  000F                     TMR1H equ 0Fh ;# 
   176                           opt subtitle "HI-TECH Software Omniscient Code Generator (Lite mode) build 49521"
   177  0010                     T1CON equ 010h ;# 
   178                           opt subtitle "HI-TECH Software Omniscient Code Generator (Lite mode) build 49521"
   179  0011                     TMR2 equ 011h ;# 
   180                           opt subtitle "HI-TECH Software Omniscient Code Generator (Lite mode) build 49521"
   181  0012                     T2CON equ 012h ;# 
   182                           opt subtitle "HI-TECH Software Omniscient Code Generator (Lite mode) build 49521"
   183  0013                     SSPBUF equ 013h ;# 
   184                           opt subtitle "HI-TECH Software Omniscient Code Generator (Lite mode) build 49521"
   185  0014                     SSPCON equ 014h ;# 
   186                           opt subtitle "HI-TECH Software Omniscient Code Generator (Lite mode) build 49521"
   187  0015                     CCPR1 equ 015h ;# 
   188                           opt subtitle "HI-TECH Software Omniscient Code Generator (Lite mode) build 49521"
   189  0015                     CCPR1L equ 015h ;# 
   190                           opt subtitle "HI-TECH Software Omniscient Code Generator (Lite mode) build 49521"
   191  0016                     CCPR1H equ 016h ;# 
   192                           opt subtitle "HI-TECH Software Omniscient Code Generator (Lite mode) build 49521"
   193  0017                     CCP1CON equ 017h ;# 
   194                           opt subtitle "HI-TECH Software Omniscient Code Generator (Lite mode) build 49521"
   195  0018                     RCSTA equ 018h ;# 
   196                           opt subtitle "HI-TECH Software Omniscient Code Generator (Lite mode) build 49521"
   197  0019                     TXREG equ 019h ;# 
   198                           opt subtitle "HI-TECH Software Omniscient Code Generator (Lite mode) build 49521"
   199  001A                     RCREG equ 01Ah ;# 
   200                           opt subtitle "HI-TECH Software Omniscient Code Generator (Lite mode) build 49521"
   201  001E                     ADRESH equ 01Eh ;# 
   202                           opt subtitle "HI-TECH Software Omniscient Code Generator (Lite mode) build 49521"
   203  001F                     ADCON0 equ 01Fh ;# 
   204                           opt subtitle "HI-TECH Software Omniscient Code Generator (Lite mode) build 49521"
   205  0081                     OPTION_REG equ 081h ;# 
   206                           opt subtitle "HI-TECH Software Omniscient Code Generator (Lite mode) build 49521"
   207  0085                     TRISA equ 085h ;# 
   208                           opt subtitle "HI-TECH Software Omniscient Code Generator (Lite mode) build 49521"
   209  0086                     TRISB equ 086h ;# 
   210                           opt subtitle "HI-TECH Software Omniscient Code Generator (Lite mode) build 49521"
   211  008C                     PIE1 equ 08Ch ;# 
   212                           opt subtitle "HI-TECH Software Omniscient Code Generator (Lite mode) build 49521"
   213  008D                     PIE2 equ 08Dh ;# 
   214                           opt subtitle "HI-TECH Software Omniscient Code Generator (Lite mode) build 49521"
   215  008E                     PCON equ 08Eh ;# 
   216                           opt subtitle "HI-TECH Software Omniscient Code Generator (Lite mode) build 49521"
   217  008F                     OSCCON equ 08Fh ;# 
   218                           opt subtitle "HI-TECH Software Omniscient Code Generator (Lite mode) build 49521"
   219  0090                     OSCTUNE equ 090h ;# 
   220                           opt subtitle "HI-TECH Software Omniscient Code Generator (Lite mode) build 49521"
   221  0092                     PR2 equ 092h ;# 
   222                           opt subtitle "HI-TECH Software Omniscient Code Generator (Lite mode) build 49521"
   223  0093                     SSPADD equ 093h ;# 
   224                           opt subtitle "HI-TECH Software Omniscient Code Generator (Lite mode) build 49521"
   225  0094                     SSPSTAT equ 094h ;# 
   226                           opt subtitle "HI-TECH Software Omniscient Code Generator (Lite mode) build 49521"
   227  0098                     TXSTA equ 098h ;# 
   228                           opt subtitle "HI-TECH Software Omniscient Code Generator (Lite mode) build 49521"
   229  0099                     SPBRG equ 099h ;# 
   230                           opt subtitle "HI-TECH Software Omniscient Code Generator (Lite mode) build 49521"
   231  009B                     ANSEL equ 09Bh ;# 
   232                           opt subtitle "HI-TECH Software Omniscient Code Generator (Lite mode) build 49521"
   233  009C                     CMCON equ 09Ch ;# 
   234                           opt subtitle "HI-TECH Software Omniscient Code Generator (Lite mode) build 49521"
   235  009D                     CVRCON equ 09Dh ;# 
   236                           opt subtitle "HI-TECH Software Omniscient Code Generator (Lite mode) build 49521"
   237  009E                     ADRESL equ 09Eh ;# 
   238                           opt subtitle "HI-TECH Software Omniscient Code Generator (Lite mode) build 49521"
   239  009F                     ADCON1 equ 09Fh ;# 
   240                           opt subtitle "HI-TECH Software Omniscient Code Generator (Lite mode) build 49521"
   241  0105                     WDTCON equ 0105h ;# 
   242                           opt subtitle "HI-TECH Software Omniscient Code Generator (Lite mode) build 49521"
   243  010C                     EEDATA equ 010Ch ;# 
   244                           opt subtitle "HI-TECH Software Omniscient Code Generator (Lite mode) build 49521"
   245  010D                     EEADR equ 010Dh ;# 
   246                           opt subtitle "HI-TECH Software Omniscient Code Generator (Lite mode) build 49521"
   247  010E                     EEDATH equ 010Eh ;# 
   248                           opt subtitle "HI-TECH Software Omniscient Code Generator (Lite mode) build 49521"
   249  010F                     EEADRH equ 010Fh ;# 
   250                           opt subtitle "HI-TECH Software Omniscient Code Generator (Lite mode) build 49521"
   251  018C                     EECON1 equ 018Ch ;# 
   252                           opt subtitle "HI-TECH Software Omniscient Code Generator (Lite mode) build 49521"
   253  018D                     EECON2 equ 018Dh ;# 
   254                           opt subtitle "HI-TECH Software Omniscient Code Generator (Lite mode) build 49521"
   255                           
   256                           opt pagewidth 120
   257                           
   258                           	opt lm
   259                           
   260                           	processor	16F88
   261  0005                     _PORTA	set	0x5
   262                           opt subtitle "HI-TECH Software Omniscient Code Generator (Lite mode) build 49521"
   263  0006                     _PORTB	set	0x6
   264                           opt subtitle "HI-TECH Software Omniscient Code Generator (Lite mode) build 49521"
   265  001A                     _RCREG	set	0x1A
   266                           opt subtitle "HI-TECH Software Omniscient Code Generator (Lite mode) build 49521"
   267  0018                     _RCSTA	set	0x18
   268                           opt subtitle "HI-TECH Software Omniscient Code Generator (Lite mode) build 49521"
   269  0019                     _TXREG	set	0x19
   270                           opt subtitle "HI-TECH Software Omniscient Code Generator (Lite mode) build 49521"
   271  0028                     _RA0	set	0x28
   272                           opt subtitle "HI-TECH Software Omniscient Code Generator (Lite mode) build 49521"
   273  0029                     _RA1	set	0x29
   274                           opt subtitle "HI-TECH Software Omniscient Code Generator (Lite mode) build 49521"
   275  002A                     _RA2	set	0x2A
   276                           opt subtitle "HI-TECH Software Omniscient Code Generator (Lite mode) build 49521"
   277  002B                     _RA3	set	0x2B
   278                           opt subtitle "HI-TECH Software Omniscient Code Generator (Lite mode) build 49521"
   279  002C                     _RA4	set	0x2C
   280                           opt subtitle "HI-TECH Software Omniscient Code Generator (Lite mode) build 49521"
   281  002E                     _RA6	set	0x2E
   282                           opt subtitle "HI-TECH Software Omniscient Code Generator (Lite mode) build 49521"
   283  002F                     _RA7	set	0x2F
   284                           opt subtitle "HI-TECH Software Omniscient Code Generator (Lite mode) build 49521"
   285  0065                     _RCIF	set	0x65
   286                           opt subtitle "HI-TECH Software Omniscient Code Generator (Lite mode) build 49521"
   287  0064                     _TXIF	set	0x64
   288                           opt subtitle "HI-TECH Software Omniscient Code Generator (Lite mode) build 49521"
   289  009B                     _ANSEL	set	0x9B
   290                           opt subtitle "HI-TECH Software Omniscient Code Generator (Lite mode) build 49521"
   291  008F                     _OSCCON	set	0x8F
   292                           opt subtitle "HI-TECH Software Omniscient Code Generator (Lite mode) build 49521"
   293  0099                     _SPBRG	set	0x99
   294                           opt subtitle "HI-TECH Software Omniscient Code Generator (Lite mode) build 49521"
   295  0085                     _TRISA	set	0x85
   296                           opt subtitle "HI-TECH Software Omniscient Code Generator (Lite mode) build 49521"
   297  0086                     _TRISB	set	0x86
   298                           opt subtitle "HI-TECH Software Omniscient Code Generator (Lite mode) build 49521"
   299  0098                     _TXSTA	set	0x98
   300                           opt subtitle "HI-TECH Software Omniscient Code Generator (Lite mode) build 49521"
   301  0432                     _TRISB2	set	0x432
   302                           opt subtitle "HI-TECH Software Omniscient Code Generator (Lite mode) build 49521"
   303  0435                     _TRISB5	set	0x435
   304                           opt subtitle "HI-TECH Software Omniscient Code Generator (Lite mode) build 49521"
   305                           
   306  0000                     __ptext76:	;psect for function _getch
   307                           opt subtitle "HI-TECH Software Omniscient Code Generator (Lite mode) build 49521"
   308                           
   309  0000                     __CFG_BOREN$OFF equ 0x0
   310                           opt subtitle "HI-TECH Software Omniscient Code Generator (Lite mode) build 49521"
   311  0000                     __CFG_CPD$OFF equ 0x0
   312                           opt subtitle "HI-TECH Software Omniscient Code Generator (Lite mode) build 49521"
   313  0000                     __CFG_CCPMX$RB0 equ 0x0
   314                           opt subtitle "HI-TECH Software Omniscient Code Generator (Lite mode) build 49521"
   315  0000                     __CFG_DEBUG$OFF equ 0x0
   316                           opt subtitle "HI-TECH Software Omniscient Code Generator (Lite mode) build 49521"
   317  0000                     __CFG_WRT$OFF equ 0x0
   318                           opt subtitle "HI-TECH Software Omniscient Code Generator (Lite mode) build 49521"
   319  0000                     __CFG_FOSC$INTOSCIO equ 0x0
   320                           opt subtitle "HI-TECH Software Omniscient Code Generator (Lite mode) build 49521"
   321  0000                     __CFG_MCLRE$OFF equ 0x0
   322                           opt subtitle "HI-TECH Software Omniscient Code Generator (Lite mode) build 49521"
   323  0000                     __CFG_WDTE$OFF equ 0x0
   324                           opt subtitle "HI-TECH Software Omniscient Code Generator (Lite mode) build 49521"
   325  0000                     __CFG_CP$OFF equ 0x0
   326                           opt subtitle "HI-TECH Software Omniscient Code Generator (Lite mode) build 49521"
   327  0000                     __CFG_LVP$OFF equ 0x0
   328                           opt subtitle "HI-TECH Software Omniscient Code Generator (Lite mode) build 49521"
   329  0000                     __CFG_PWRTE$OFF equ 0x0
   330                           opt subtitle "HI-TECH Software Omniscient Code Generator (Lite mode) build 49521"
   331  0000                     __CFG_IESO$OFF equ 0x0
   332                           opt subtitle "HI-TECH Software Omniscient Code Generator (Lite mode) build 49521"
   333  0000                     __CFG_FCMEN$OFF equ 0x0
   334                           opt subtitle "HI-TECH Software Omniscient Code Generator (Lite mode) build 49521"
   335                           
   336                           opt pagewidth 120
   337                           
   338  0765                     start_initialization:
   339                           opt subtitle "HI-TECH Software Omniscient Code Generator (Lite mode) build 49521"
   340                           
   341  0765                     __initialization:
   342                           opt subtitle "HI-TECH Software Omniscient Code Generator (Lite mode) build 49521"
   343                           
   344                           opt pagewidth 120
   345                           
   346                           	opt lm
   347  0765                     end_of_initialization:
   348  0765                     __end_of__initialization:clrf status
      + 0765  0183               	clrf	3
   349  0766  118A  2FA8         ljmp _main	;jump to C main() function
   350                           opt subtitle "HI-TECH Software Omniscient Code Generator (Lite mode) build 49521"
   351                           
   352  0070                     __pcstackCOMMON:
   353  0070                     ?_init_comms:	; 0 bytes @ 0x0
   354  0070                     ??_init_comms:	; 0 bytes @ 0x0
   355  0070                     ?_init:	; 0 bytes @ 0x0
   356  0070                     ??_init:	; 0 bytes @ 0x0
   357  0070                     ?_putch:	; 0 bytes @ 0x0
   358  0070                     ??_putch:	; 0 bytes @ 0x0
   359  0070                     ??_getch:	; 0 bytes @ 0x0
   360  0070                     ?_getche:	; 1 bytes @ 0x0
   361  0070                     ?_getch:	; 1 bytes @ 0x0
   362  0070                     ?_main:	; 2 bytes @ 0x0
   363                           opt subtitle "HI-TECH Software Omniscient Code Generator (Lite mode) build 49521"
   364  0070                     putch@byte:	; 1 bytes @ 0x0
   365  0070                     	ds	1
   366  0071                     ??_getche:	; 0 bytes @ 0x1
   367                           opt subtitle "HI-TECH Software Omniscient Code Generator (Lite mode) build 49521"
   368  0071                     getche@c:	; 1 bytes @ 0x1
   369  0071                     	ds	1
   370  0072                     ??_main:	; 0 bytes @ 0x2
   371  0072                     	ds	1
   372                           opt subtitle "HI-TECH Software Omniscient Code Generator (Lite mode) build 49521"
   373  0073                     main@temp:	; 1 bytes @ 0x3
   374  0073                     	ds	1
   375                           opt subtitle "HI-TECH Software Omniscient Code Generator (Lite mode) build 49521"
   376  0074                     main@checksum:	; 1 bytes @ 0x4
   377  0074                     	ds	1
   378                           opt subtitle "HI-TECH Software Omniscient Code Generator (Lite mode) build 49521"
   379  0075                     main@command:	; 1 bytes @ 0x5
   380  0075                     	ds	1
   381                           opt subtitle "HI-TECH Software Omniscient Code Generator (Lite mode) build 49521"
   382  0076                     main@validAddress:	; 2 bytes @ 0x6
   383  0076                     	ds	2
   384                           opt subtitle "HI-TECH Software Omniscient Code Generator (Lite mode) build 49521"
   385                           
   386                           opt pagewidth 120
   387                           
   388                           	opt lm
   389                           
   390                           	processor	16F88
   391                           clrc	macro
   392                           	bcf	3,0
   393                           	endm
   394                           clrz	macro
   395                           	bcf	3,2
   396                           	endm
   397                           setc	macro
   398                           	bsf	3,0
   399                           	endm
   400                           setz	macro
   401                           	bsf	3,2
   402                           	endm
   403                           skipc	macro
   404                           	btfss	3,0
   405                           	endm
   406                           skipz	macro
   407                           	btfss	3,2
   408                           	endm
   409                           skipnc	macro
   410                           	btfsc	3,0
   411                           	endm
   412                           skipnz	macro
   413                           	btfsc	3,2
   414                           	endm
   415                           indf	equ	0
   416                           indf0	equ	0
   417                           pc	equ	2
   418                           pcl	equ	2
   419                           status	equ	3
   420                           fsr	equ	4
   421                           fsr0	equ	4
   422                           c	equ	1
   423                           z	equ	0
   424                           pclath	equ	10
   425                           # 46 "C:\Program Files (x86)\Microchip\xc8\v1.12\include\pic16f88.h"
   426                           INDF equ 00h ;# 
   427                           # 52 "C:\Program Files (x86)\Microchip\xc8\v1.12\include\pic16f88.h"
   428                           TMR0 equ 01h ;# 
   429                           # 58 "C:\Program Files (x86)\Microchip\xc8\v1.12\include\pic16f88.h"
   430                           PCL equ 02h ;# 
   431                           # 64 "C:\Program Files (x86)\Microchip\xc8\v1.12\include\pic16f88.h"
   432                           STATUS equ 03h ;# 
   433                           # 151 "C:\Program Files (x86)\Microchip\xc8\v1.12\include\pic16f88.h"
   434                           FSR equ 04h ;# 
   435                           # 157 "C:\Program Files (x86)\Microchip\xc8\v1.12\include\pic16f88.h"
   436                           PORTA equ 05h ;# 
   437                           # 218 "C:\Program Files (x86)\Microchip\xc8\v1.12\include\pic16f88.h"
   438                           PORTB equ 06h ;# 
   439                           # 279 "C:\Program Files (x86)\Microchip\xc8\v1.12\include\pic16f88.h"
   440                           PCLATH equ 0Ah ;# 
   441                           # 298 "C:\Program Files (x86)\Microchip\xc8\v1.12\include\pic16f88.h"
   442                           INTCON equ 0Bh ;# 
   443                           # 375 "C:\Program Files (x86)\Microchip\xc8\v1.12\include\pic16f88.h"
   444                           PIR1 equ 0Ch ;# 
   445                           # 430 "C:\Program Files (x86)\Microchip\xc8\v1.12\include\pic16f88.h"
   446                           PIR2 equ 0Dh ;# 
   447                           # 463 "C:\Program Files (x86)\Microchip\xc8\v1.12\include\pic16f88.h"
   448                           TMR1 equ 0Eh ;# 
   449                           # 469 "C:\Program Files (x86)\Microchip\xc8\v1.12\include\pic16f88.h"
   450                           TMR1L equ 0Eh ;# 
   451                           # 475 "C:\Program Files (x86)\Microchip\xc8\v1.12\include\pic16f88.h"
   452                           TMR1H equ 0Fh ;# 
   453                           # 481 "C:\Program Files (x86)\Microchip\xc8\v1.12\include\pic16f88.h"
   454                           T1CON equ 010h ;# 
   455                           # 552 "C:\Program Files (x86)\Microchip\xc8\v1.12\include\pic16f88.h"
   456                           TMR2 equ 011h ;# 
   457                           # 558 "C:\Program Files (x86)\Microchip\xc8\v1.12\include\pic16f88.h"
   458                           T2CON equ 012h ;# 
   459                           # 628 "C:\Program Files (x86)\Microchip\xc8\v1.12\include\pic16f88.h"
   460                           SSPBUF equ 013h ;# 
   461                           # 634 "C:\Program Files (x86)\Microchip\xc8\v1.12\include\pic16f88.h"
   462                           SSPCON equ 014h ;# 
   463                           # 703 "C:\Program Files (x86)\Microchip\xc8\v1.12\include\pic16f88.h"
   464                           CCPR1 equ 015h ;# 
   465                           # 709 "C:\Program Files (x86)\Microchip\xc8\v1.12\include\pic16f88.h"
   466                           CCPR1L equ 015h ;# 
   467                           # 715 "C:\Program Files (x86)\Microchip\xc8\v1.12\include\pic16f88.h"
   468                           CCPR1H equ 016h ;# 
   469                           # 721 "C:\Program Files (x86)\Microchip\xc8\v1.12\include\pic16f88.h"
   470                           CCP1CON equ 017h ;# 
   471                           # 778 "C:\Program Files (x86)\Microchip\xc8\v1.12\include\pic16f88.h"
   472                           RCSTA equ 018h ;# 
   473                           # 872 "C:\Program Files (x86)\Microchip\xc8\v1.12\include\pic16f88.h"
   474                           TXREG equ 019h ;# 
   475                           # 878 "C:\Program Files (x86)\Microchip\xc8\v1.12\include\pic16f88.h"
   476                           RCREG equ 01Ah ;# 
   477                           # 884 "C:\Program Files (x86)\Microchip\xc8\v1.12\include\pic16f88.h"
   478                           ADRESH equ 01Eh ;# 
   479                           # 890 "C:\Program Files (x86)\Microchip\xc8\v1.12\include\pic16f88.h"
   480                           ADCON0 equ 01Fh ;# 
   481                           # 985 "C:\Program Files (x86)\Microchip\xc8\v1.12\include\pic16f88.h"
   482                           OPTION_REG equ 081h ;# 
   483                           # 1054 "C:\Program Files (x86)\Microchip\xc8\v1.12\include\pic16f88.h"
   484                           TRISA equ 085h ;# 
   485                           # 1115 "C:\Program Files (x86)\Microchip\xc8\v1.12\include\pic16f88.h"
   486                           TRISB equ 086h ;# 
   487                           # 1176 "C:\Program Files (x86)\Microchip\xc8\v1.12\include\pic16f88.h"
   488                           PIE1 equ 08Ch ;# 
   489                           # 1231 "C:\Program Files (x86)\Microchip\xc8\v1.12\include\pic16f88.h"
   490                           PIE2 equ 08Dh ;# 
   491                           # 1264 "C:\Program Files (x86)\Microchip\xc8\v1.12\include\pic16f88.h"
   492                           PCON equ 08Eh ;# 
   493                           # 1297 "C:\Program Files (x86)\Microchip\xc8\v1.12\include\pic16f88.h"
   494                           OSCCON equ 08Fh ;# 
   495                           # 1367 "C:\Program Files (x86)\Microchip\xc8\v1.12\include\pic16f88.h"
   496                           OSCTUNE equ 090h ;# 
   497                           # 1424 "C:\Program Files (x86)\Microchip\xc8\v1.12\include\pic16f88.h"
   498                           PR2 equ 092h ;# 
   499                           # 1430 "C:\Program Files (x86)\Microchip\xc8\v1.12\include\pic16f88.h"
   500                           SSPADD equ 093h ;# 
   501                           # 1436 "C:\Program Files (x86)\Microchip\xc8\v1.12\include\pic16f88.h"
   502                           SSPSTAT equ 094h ;# 
   503                           # 1604 "C:\Program Files (x86)\Microchip\xc8\v1.12\include\pic16f88.h"
   504                           TXSTA equ 098h ;# 
   505                           # 1684 "C:\Program Files (x86)\Microchip\xc8\v1.12\include\pic16f88.h"
   506                           SPBRG equ 099h ;# 
   507                           # 1690 "C:\Program Files (x86)\Microchip\xc8\v1.12\include\pic16f88.h"
   508                           ANSEL equ 09Bh ;# 
   509                           # 1745 "C:\Program Files (x86)\Microchip\xc8\v1.12\include\pic16f88.h"
   510                           CMCON equ 09Ch ;# 
   511                           # 1814 "C:\Program Files (x86)\Microchip\xc8\v1.12\include\pic16f88.h"
   512                           CVRCON equ 09Dh ;# 
   513                           # 1878 "C:\Program Files (x86)\Microchip\xc8\v1.12\include\pic16f88.h"
   514                           ADRESL equ 09Eh ;# 
   515                           # 1884 "C:\Program Files (x86)\Microchip\xc8\v1.12\include\pic16f88.h"
   516                           ADCON1 equ 09Fh ;# 
   517                           # 1931 "C:\Program Files (x86)\Microchip\xc8\v1.12\include\pic16f88.h"
   518                           WDTCON equ 0105h ;# 
   519                           # 1988 "C:\Program Files (x86)\Microchip\xc8\v1.12\include\pic16f88.h"
   520                           EEDATA equ 010Ch ;# 
   521                           # 1994 "C:\Program Files (x86)\Microchip\xc8\v1.12\include\pic16f88.h"
   522                           EEADR equ 010Dh ;# 
   523                           # 2000 "C:\Program Files (x86)\Microchip\xc8\v1.12\include\pic16f88.h"
   524                           EEDATH equ 010Eh ;# 
   525                           # 2006 "C:\Program Files (x86)\Microchip\xc8\v1.12\include\pic16f88.h"
   526                           EEADRH equ 010Fh ;# 
   527                           # 2012 "C:\Program Files (x86)\Microchip\xc8\v1.12\include\pic16f88.h"
   528                           EECON1 equ 018Ch ;# 
   529                           # 2062 "C:\Program Files (x86)\Microchip\xc8\v1.12\include\pic16f88.h"
   530                           EECON2 equ 018Dh ;# 
   531                           # 46 "C:\Program Files (x86)\Microchip\xc8\v1.12\include\pic16f88.h"
   532                           INDF equ 00h ;# 
   533                           # 52 "C:\Program Files (x86)\Microchip\xc8\v1.12\include\pic16f88.h"
   534                           TMR0 equ 01h ;# 
   535                           # 58 "C:\Program Files (x86)\Microchip\xc8\v1.12\include\pic16f88.h"
   536  07A8                     __pmaintext:	;psect for function _main
   537                           opt subtitle "HI-TECH Software Omniscient Code Generator (Lite mode) build 49521"
   538                           
   539                           opt pagewidth 120
   540                           
   541  0058                     	__size_of_main	equ	__end_of_main-_main
   542                           opt subtitle "HI-TECH Software Omniscient Code Generator (Lite mode) build 49521"
   543  07A8                     _main:	
   544                           opt subtitle "HI-TECH Software Omniscient Code Generator (Lite mode) build 49521"
   545                           
   546                           opt pagewidth 120
   547                           
   548  07A8                     l594:	
   549                           opt subtitle "HI-TECH Software Omniscient Code Generator (Lite mode) build 49521"
   550                           
   551  07A8  118A  2798  118A   	fcall	_init
   552                           opt subtitle "HI-TECH Software Omniscient Code Generator (Lite mode) build 49521"
   553                           
   554  07AB                     l596:	
   555                           opt subtitle "HI-TECH Software Omniscient Code Generator (Lite mode) build 49521"
   556  07AB  01F6               	clrf	(main@validAddress)
   557  07AC  01F7               	clrf	(main@validAddress+1)
   558  07AD  2FAE               	goto	l598
   559                           opt subtitle "HI-TECH Software Omniscient Code Generator (Lite mode) build 49521"
   560                           
   561                           opt pagewidth 120
   562                           
   563                           	opt lm
   564  07AE                     l51:	
   565                           opt subtitle "HI-TECH Software Omniscient Code Generator (Lite mode) build 49521"
   566                           
   567  07AE                     l598:	
   568                           opt subtitle "HI-TECH Software Omniscient Code Generator (Lite mode) build 49521"
   569  07AE  118A  2768  118A   	fcall	_getche
   570  07B1  00F2               	movwf	(??_main+0)+0
   571  07B2  0872               	movf	(??_main+0)+0,w
   572  07B3  00F3               	movwf	(main@temp)
   573                           opt subtitle "HI-TECH Software Omniscient Code Generator (Lite mode) build 49521"
   574                           
   575  07B4                     l600:	
   576                           opt subtitle "HI-TECH Software Omniscient Code Generator (Lite mode) build 49521"
   577  07B4  0877               	movf	((main@validAddress+1)),w
   578  07B5  0476               	iorwf	((main@validAddress)),w
   579  07B6  1D03               	skipz
   580  07B7  2FB9               	goto	u31
   581  07B8  2FBA               	goto	u30
   582  07B9                     u31:
   583  07B9  2FC4               	goto	l52
   584  07BA                     u30:
   585                           opt subtitle "HI-TECH Software Omniscient Code Generator (Lite mode) build 49521"
   586  07BA                     l602:	
   587  07BA  0873               	movf	(main@temp),w
   588  07BB  3A5B               	xorlw	05Bh
   589  07BC  1D03               	skipz
   590  07BD  2FBF               	goto	u41
   591  07BE  2FC0               	goto	u40
   592  07BF                     u41:
   593  07BF  2FC4               	goto	l52
   594  07C0                     u40:
   595                           opt subtitle "HI-TECH Software Omniscient Code Generator (Lite mode) build 49521"
   596                           
   597  07C0                     l604:	
   598                           opt subtitle "HI-TECH Software Omniscient Code Generator (Lite mode) build 49521"
   599                           
   600  07C0  3001               	movlw	low(01h)
   601  07C1  00F6               	movwf	(main@validAddress)
   602  07C2  3000               	movlw	high(01h)
   603  07C3  00F7               	movwf	((main@validAddress))+1
   604                           opt subtitle "HI-TECH Software Omniscient Code Generator (Lite mode) build 49521"
   605                           
   606  07C4                     l52:	
   607                           opt subtitle "HI-TECH Software Omniscient Code Generator (Lite mode) build 49521"
   608                           
   609                           opt pagewidth 120
   610  07C4  0877               	movf	(main@validAddress+1),w
   611  07C5  0476               	iorwf	(main@validAddress),w
   612  07C6  1903               	skipnz
   613  07C7  2FC9               	goto	u51
   614  07C8  2FCA               	goto	u50
   615  07C9                     u51:
   616  07C9  2FF9               	goto	l616
   617  07CA                     u50:
   618                           opt subtitle "HI-TECH Software Omniscient Code Generator (Lite mode) build 49521"
   619                           
   620  07CA                     l606:	
   621                           opt subtitle "HI-TECH Software Omniscient Code Generator (Lite mode) build 49521"
   622                           
   623  07CA  118A  2768  118A   	fcall	_getche
   624  07CD  00F2               	movwf	(??_main+0)+0
   625  07CE  0872               	movf	(??_main+0)+0,w
   626  07CF  00F5               	movwf	(main@command)
   627                           opt subtitle "HI-TECH Software Omniscient Code Generator (Lite mode) build 49521"
   628                           
   629  07D0  118A  2768  118A   	fcall	_getche
   630  07D3  00F2               	movwf	(??_main+0)+0
   631  07D4  0872               	movf	(??_main+0)+0,w
   632  07D5  00F4               	movwf	(main@checksum)
   633                           opt subtitle "HI-TECH Software Omniscient Code Generator (Lite mode) build 49521"
   634                           
   635  07D6                     l608:	
   636                           opt subtitle "HI-TECH Software Omniscient Code Generator (Lite mode) build 49521"
   637  07D6  0875               	movf	(main@command),w
   638  07D7  0674               	xorwf	(main@checksum),w
   639  07D8  1D03               	skipz
   640  07D9  2FDB               	goto	u61
   641  07DA  2FDC               	goto	u60
   642  07DB                     u61:
   643  07DB  2FAE               	goto	l598
   644  07DC                     u60:
   645  07DC  2FED               	goto	l612
   646                           opt subtitle "HI-TECH Software Omniscient Code Generator (Lite mode) build 49521"
   647                           
   648  07DD                     l610:	
   649                           opt subtitle "HI-TECH Software Omniscient Code Generator (Lite mode) build 49521"
   650                           
   651  07DD  2FED               	goto	l612
   652                           opt subtitle "HI-TECH Software Omniscient Code Generator (Lite mode) build 49521"
   653                           
   654                           opt pagewidth 120
   655                           
   656  07DE                     l56:	
   657                           opt subtitle "HI-TECH Software Omniscient Code Generator (Lite mode) build 49521"
   658                           
   659  07DE  1283               	bcf	status, 5	;RP0=0, select bank0
   660  07DF  1303               	bcf	status, 6	;RP1=0, select bank0
   661  07E0  1405               	bsf	(40/8),(40)&7	;volatile
   662                           opt subtitle "HI-TECH Software Omniscient Code Generator (Lite mode) build 49521"
   663                           
   664  07E1  1085               	bcf	(41/8),(41)&7	;volatile
   665                           opt subtitle "HI-TECH Software Omniscient Code Generator (Lite mode) build 49521"
   666                           
   667  07E2  2FF5               	goto	l614
   668                           opt subtitle "HI-TECH Software Omniscient Code Generator (Lite mode) build 49521"
   669                           
   670                           opt pagewidth 120
   671  07E3                     l58:	
   672                           opt subtitle "HI-TECH Software Omniscient Code Generator (Lite mode) build 49521"
   673                           
   674  07E3  1283               	bcf	status, 5	;RP0=0, select bank0
   675  07E4  1303               	bcf	status, 6	;RP1=0, select bank0
   676  07E5  1005               	bcf	(40/8),(40)&7	;volatile
   677                           opt subtitle "HI-TECH Software Omniscient Code Generator (Lite mode) build 49521"
   678                           
   679  07E6  1485               	bsf	(41/8),(41)&7	;volatile
   680                           opt subtitle "HI-TECH Software Omniscient Code Generator (Lite mode) build 49521"
   681                           
   682  07E7  2FF5               	goto	l614
   683                           opt subtitle "HI-TECH Software Omniscient Code Generator (Lite mode) build 49521"
   684                           
   685                           opt pagewidth 120
   686  07E8                     l59:	
   687                           opt subtitle "HI-TECH Software Omniscient Code Generator (Lite mode) build 49521"
   688                           
   689  07E8  1283               	bcf	status, 5	;RP0=0, select bank0
   690  07E9  1303               	bcf	status, 6	;RP1=0, select bank0
   691  07EA  1005               	bcf	(40/8),(40)&7	;volatile
   692                           opt subtitle "HI-TECH Software Omniscient Code Generator (Lite mode) build 49521"
   693                           
   694  07EB  1085               	bcf	(41/8),(41)&7	;volatile
   695                           opt subtitle "HI-TECH Software Omniscient Code Generator (Lite mode) build 49521"
   696                           
   697  07EC  2FF5               	goto	l614
   698                           opt subtitle "HI-TECH Software Omniscient Code Generator (Lite mode) build 49521"
   699                           
   700  07ED                     l55:	
   701                           opt subtitle "HI-TECH Software Omniscient Code Generator (Lite mode) build 49521"
   702  07ED                     l612:	
   703  07ED  0875               	movf	(main@command),w
   704                           opt subtitle "HI-TECH Software Omniscient Code Generator (Lite mode) build 49521"
   705                           
   706                           opt pagewidth 120
   707                           
   708                           	opt lm
   709                           
   710                           	processor	16F88
   711                           clrc	macro
   712                           	bcf	3,0
   713                           	endm
   714  07EE  3A61               	xorlw	97^0	; case 97
   715  07EF  1903               	skipnz
   716  07F0  2FDE               	goto	l56
   717  07F1  3A03               	xorlw	98^97	; case 98
   718  07F2  1903               	skipnz
   719  07F3  2FE3               	goto	l58
   720  07F4  2FE8               	goto	l59
   721                           opt subtitle "HI-TECH Software Omniscient Code Generator (Lite mode) build 49521"
   722                           
   723                           opt pagewidth 120
   724                           
   725  07F5                     l57:	
   726                           opt subtitle "HI-TECH Software Omniscient Code Generator (Lite mode) build 49521"
   727                           
   728  07F5                     l614:	
   729                           opt subtitle "HI-TECH Software Omniscient Code Generator (Lite mode) build 49521"
   730  07F5  01F6               	clrf	(main@validAddress)
   731  07F6  01F7               	clrf	(main@validAddress+1)
   732  07F7  2FAE               	goto	l598
   733                           opt subtitle "HI-TECH Software Omniscient Code Generator (Lite mode) build 49521"
   734                           
   735  07F8                     l54:	
   736                           opt subtitle "HI-TECH Software Omniscient Code Generator (Lite mode) build 49521"
   737                           
   738                           opt pagewidth 120
   739  07F8  2FAE               	goto	l598
   740                           opt subtitle "HI-TECH Software Omniscient Code Generator (Lite mode) build 49521"
   741                           
   742  07F9                     l53:	
   743                           opt subtitle "HI-TECH Software Omniscient Code Generator (Lite mode) build 49521"
   744                           
   745  07F9                     l616:	
   746                           opt subtitle "HI-TECH Software Omniscient Code Generator (Lite mode) build 49521"
   747                           
   748                           opt pagewidth 120
   749  07F9  01F6               	clrf	(main@validAddress)
   750  07FA  01F7               	clrf	(main@validAddress+1)
   751  07FB  2FAE               	goto	l598
   752                           opt subtitle "HI-TECH Software Omniscient Code Generator (Lite mode) build 49521"
   753                           
   754  07FC                     l60:	
   755  07FC  2FAE               	goto	l598
   756                           opt subtitle "HI-TECH Software Omniscient Code Generator (Lite mode) build 49521"
   757                           
   758  07FD                     l61:	
   759                           opt subtitle "HI-TECH Software Omniscient Code Generator (Lite mode) build 49521"
   760  07FD  2FAE               	goto	l598
   761                           opt subtitle "HI-TECH Software Omniscient Code Generator (Lite mode) build 49521"
   762  07FE                     l62:	
   763                           opt subtitle "HI-TECH Software Omniscient Code Generator (Lite mode) build 49521"
   764                           
   765  07FE                     l63:	
   766                           opt subtitle "HI-TECH Software Omniscient Code Generator (Lite mode) build 49521"
   767  07FE  118A  2800         	ljmp	start
   768                           opt subtitle "HI-TECH Software Omniscient Code Generator (Lite mode) build 49521"
   769                           
   770  0800                     	__end_of_main:
   771                           opt subtitle "HI-TECH Software Omniscient Code Generator (Lite mode) build 49521"
   772                           
   773                           opt pagewidth 120
   774                           
   775                           	opt lm
   776                           
   777                           	processor	16F88
   778                           clrc	macro
   779                           	bcf	3,0
   780                           	endm
   781                           clrz	macro
   782                           	bcf	3,2
   783                           	endm
   784                           setc	macro
   785                           	bsf	3,0
   786                           	endm
   787                           setz	macro
   788                           	bsf	3,2
   789                           	endm
   790                           skipc	macro
   791                           	btfss	3,0
   792                           	endm
   793                           skipz	macro
   794                           	btfss	3,2
   795                           	endm
   796                           skipnc	macro
   797                           	btfsc	3,0
   798                           	endm
   799                           skipnz	macro
   800                           	btfsc	3,2
   801                           	endm
   802                           indf	equ	0
   803                           indf0	equ	0
   804                           pc	equ	2
   805  0798                     __ptext77:	;psect for function _init
   806                           opt subtitle "HI-TECH Software Omniscient Code Generator (Lite mode) build 49521"
   807                           
   808                           opt pagewidth 120
   809                           
   810  0010                     	__size_of_init	equ	__end_of_init-_init
   811                           opt subtitle "HI-TECH Software Omniscient Code Generator (Lite mode) build 49521"
   812  0798                     _init:	
   813                           opt subtitle "HI-TECH Software Omniscient Code Generator (Lite mode) build 49521"
   814                           
   815                           opt pagewidth 120
   816                           
   817  0798                     l580:	
   818                           opt subtitle "HI-TECH Software Omniscient Code Generator (Lite mode) build 49521"
   819  0798  3060               	movlw	(060h)
   820  0799  1683               	bsf	status, 5	;RP0=1, select bank1
   821  079A  1303               	bcf	status, 6	;RP1=0, select bank1
   822  079B  008F               	movwf	(143)^080h	;volatile
   823                           opt subtitle "HI-TECH Software Omniscient Code Generator (Lite mode) build 49521"
   824                           
   825  079C                     l582:	
   826                           opt subtitle "HI-TECH Software Omniscient Code Generator (Lite mode) build 49521"
   827  079C  0185               	clrf	(133)^080h	;volatile
   828                           opt subtitle "HI-TECH Software Omniscient Code Generator (Lite mode) build 49521"
   829                           
   830  079D                     l584:	
   831                           opt subtitle "HI-TECH Software Omniscient Code Generator (Lite mode) build 49521"
   832  079D  3004               	movlw	(04h)
   833  079E  0086               	movwf	(134)^080h	;volatile
   834                           opt subtitle "HI-TECH Software Omniscient Code Generator (Lite mode) build 49521"
   835                           
   836  079F  019B               	clrf	(155)^080h	;volatile
   837                           opt subtitle "HI-TECH Software Omniscient Code Generator (Lite mode) build 49521"
   838                           
   839  07A0  1283               	bcf	status, 5	;RP0=0, select bank0
   840  07A1  1303               	bcf	status, 6	;RP1=0, select bank0
   841  07A2  0185               	clrf	(5)	;volatile
   842                           opt subtitle "HI-TECH Software Omniscient Code Generator (Lite mode) build 49521"
   843                           
   844  07A3  0186               	clrf	(6)	;volatile
   845                           opt subtitle "HI-TECH Software Omniscient Code Generator (Lite mode) build 49521"
   846                           
   847  07A4                     l586:	
   848                           opt subtitle "HI-TECH Software Omniscient Code Generator (Lite mode) build 49521"
   849  07A4  118A  2789  118A   	fcall	_init_comms
   850                           opt subtitle "HI-TECH Software Omniscient Code Generator (Lite mode) build 49521"
   851                           
   852  07A7                     l33:	
   853  07A7  0008               	return
   854                           opt subtitle "HI-TECH Software Omniscient Code Generator (Lite mode) build 49521"
   855                           
   856  07A8                     	__end_of_init:
   857                           opt subtitle "HI-TECH Software Omniscient Code Generator (Lite mode) build 49521"
   858                           
   859                           opt pagewidth 120
   860                           
   861                           	opt lm
   862                           
   863                           	processor	16F88
   864                           clrc	macro
   865                           	bcf	3,0
   866                           	endm
   867                           clrz	macro
   868                           	bcf	3,2
   869                           	endm
   870                           setc	macro
   871                           	bsf	3,0
   872                           	endm
   873                           setz	macro
   874                           	bsf	3,2
   875                           	endm
   876                           skipc	macro
   877                           	btfss	3,0
   878                           	endm
   879                           skipz	macro
   880                           	btfss	3,2
   881                           	endm
   882                           skipnc	macro
   883                           	btfsc	3,0
   884                           	endm
   885                           skipnz	macro
   886                           	btfsc	3,2
   887                           	endm
   888                           indf	equ	0
   889                           indf0	equ	0
   890  0789                     __ptext78:	;psect for function _init_comms
   891                           opt subtitle "HI-TECH Software Omniscient Code Generator (Lite mode) build 49521"
   892                           
   893                           opt pagewidth 120
   894                           
   895  000F                     	__size_of_init_comms	equ	__end_of_init_comms-_init_comms
   896                           opt subtitle "HI-TECH Software Omniscient Code Generator (Lite mode) build 49521"
   897  0789                     _init_comms:	
   898                           opt subtitle "HI-TECH Software Omniscient Code Generator (Lite mode) build 49521"
   899                           
   900                           opt pagewidth 120
   901                           
   902  0789                     l556:	
   903                           opt subtitle "HI-TECH Software Omniscient Code Generator (Lite mode) build 49521"
   904  0789  1683               	bsf	status, 5	;RP0=1, select bank1
   905  078A  1303               	bcf	status, 6	;RP1=0, select bank1
   906  078B  1506               	bsf	(1074/8)^080h,(1074)&7	;volatile
   907                           opt subtitle "HI-TECH Software Omniscient Code Generator (Lite mode) build 49521"
   908                           
   909  078C  1686               	bsf	(1077/8)^080h,(1077)&7	;volatile
   910                           opt subtitle "HI-TECH Software Omniscient Code Generator (Lite mode) build 49521"
   911                           
   912  078D                     l558:	
   913                           opt subtitle "HI-TECH Software Omniscient Code Generator (Lite mode) build 49521"
   914  078D  3033               	movlw	(033h)
   915  078E  0099               	movwf	(153)^080h	;volatile
   916                           opt subtitle "HI-TECH Software Omniscient Code Generator (Lite mode) build 49521"
   917                           
   918  078F  3090               	movlw	(090h)
   919  0790  1283               	bcf	status, 5	;RP0=0, select bank0
   920  0791  1303               	bcf	status, 6	;RP1=0, select bank0
   921  0792  0098               	movwf	(24)	;volatile
   922                           opt subtitle "HI-TECH Software Omniscient Code Generator (Lite mode) build 49521"
   923                           
   924  0793  3020               	movlw	(020h)
   925  0794  1683               	bsf	status, 5	;RP0=1, select bank1
   926  0795  1303               	bcf	status, 6	;RP1=0, select bank1
   927  0796  0098               	movwf	(152)^080h	;volatile
   928                           opt subtitle "HI-TECH Software Omniscient Code Generator (Lite mode) build 49521"
   929                           
   930  0797                     l99:	
   931  0797  0008               	return
   932                           opt subtitle "HI-TECH Software Omniscient Code Generator (Lite mode) build 49521"
   933                           
   934  0798                     	__end_of_init_comms:
   935                           opt subtitle "HI-TECH Software Omniscient Code Generator (Lite mode) build 49521"
   936                           
   937                           opt pagewidth 120
   938                           
   939                           	opt lm
   940                           
   941                           	processor	16F88
   942                           clrc	macro
   943                           	bcf	3,0
   944                           	endm
   945                           clrz	macro
   946                           	bcf	3,2
   947                           	endm
   948                           setc	macro
   949                           	bsf	3,0
   950                           	endm
   951                           setz	macro
   952                           	bsf	3,2
   953                           	endm
   954                           skipc	macro
   955                           	btfss	3,0
   956                           	endm
   957                           skipz	macro
   958                           	btfss	3,2
   959                           	endm
   960                           skipnc	macro
   961                           	btfsc	3,0
   962                           	endm
   963                           skipnz	macro
   964                           	btfsc	3,2
   965                           	endm
   966                           indf	equ	0
   967                           indf0	equ	0
   968                           pc	equ	2
   969                           pcl	equ	2
   970  0768                     __ptext79:	;psect for function _getche
   971                           opt subtitle "HI-TECH Software Omniscient Code Generator (Lite mode) build 49521"
   972                           
   973                           opt pagewidth 120
   974                           
   975  000A                     	__size_of_getche	equ	__end_of_getche-_getche
   976                           opt subtitle "HI-TECH Software Omniscient Code Generator (Lite mode) build 49521"
   977  0768                     _getche:	
   978                           opt subtitle "HI-TECH Software Omniscient Code Generator (Lite mode) build 49521"
   979                           
   980                           opt pagewidth 120
   981                           
   982  0768                     l588:	
   983                           opt subtitle "HI-TECH Software Omniscient Code Generator (Lite mode) build 49521"
   984                           
   985  0768  118A  2772  118A   	fcall	_getch
   986  076B  00F1               	movwf	(getche@c)
   987  076C  118A  277D  118A   	fcall	_putch
   988                           opt subtitle "HI-TECH Software Omniscient Code Generator (Lite mode) build 49521"
   989                           
   990  076F                     l590:	
   991                           opt subtitle "HI-TECH Software Omniscient Code Generator (Lite mode) build 49521"
   992  076F  0871               	movf	(getche@c),w
   993  0770  2F71               	goto	l96
   994                           opt subtitle "HI-TECH Software Omniscient Code Generator (Lite mode) build 49521"
   995  0771                     l592:	
   996                           opt subtitle "HI-TECH Software Omniscient Code Generator (Lite mode) build 49521"
   997                           
   998  0771                     l96:	
   999  0771  0008               	return
  1000                           opt subtitle "HI-TECH Software Omniscient Code Generator (Lite mode) build 49521"
  1001                           
  1002  0772                     	__end_of_getche:
  1003                           opt subtitle "HI-TECH Software Omniscient Code Generator (Lite mode) build 49521"
  1004                           
  1005                           opt pagewidth 120
  1006                           
  1007                           	opt lm
  1008                           
  1009                           	processor	16F88
  1010                           clrc	macro
  1011                           	bcf	3,0
  1012                           	endm
  1013                           clrz	macro
  1014                           	bcf	3,2
  1015                           	endm
  1016                           setc	macro
  1017                           	bsf	3,0
  1018                           	endm
  1019                           setz	macro
  1020                           	bsf	3,2
  1021                           	endm
  1022                           skipc	macro
  1023                           	btfss	3,0
  1024                           	endm
  1025                           skipz	macro
  1026                           	btfss	3,2
  1027                           	endm
  1028                           skipnc	macro
  1029                           	btfsc	3,0
  1030                           	endm
  1031                           skipnz	macro
  1032                           	btfsc	3,2
  1033                           	endm
  1034                           indf	equ	0
  1035                           indf0	equ	0
  1036  077D                     __ptext80:	;psect for function _putch
  1037                           opt subtitle "HI-TECH Software Omniscient Code Generator (Lite mode) build 49521"
  1038                           
  1039                           opt pagewidth 120
  1040                           
  1041  000C                     	__size_of_putch	equ	__end_of_putch-_putch
  1042                           opt subtitle "HI-TECH Software Omniscient Code Generator (Lite mode) build 49521"
  1043  077D                     _putch:	
  1044                           opt subtitle "HI-TECH Software Omniscient Code Generator (Lite mode) build 49521"
  1045                           
  1046                           opt pagewidth 120
  1047  077D  00F0               	movwf	(putch@byte)
  1048                           opt subtitle "HI-TECH Software Omniscient Code Generator (Lite mode) build 49521"
  1049                           
  1050  077E                     l570:	
  1051                           opt subtitle "HI-TECH Software Omniscient Code Generator (Lite mode) build 49521"
  1052  077E  2F7F               	goto	l84
  1053                           opt subtitle "HI-TECH Software Omniscient Code Generator (Lite mode) build 49521"
  1054  077F                     l85:	
  1055                           opt subtitle "HI-TECH Software Omniscient Code Generator (Lite mode) build 49521"
  1056                           
  1057                           opt pagewidth 120
  1058  077F                     l84:	
  1059                           opt subtitle "HI-TECH Software Omniscient Code Generator (Lite mode) build 49521"
  1060  077F  1283               	bcf	status, 5	;RP0=0, select bank0
  1061  0780  1303               	bcf	status, 6	;RP1=0, select bank0
  1062  0781  1E0C               	btfss	(100/8),(100)&7	;volatile
  1063  0782  2F84               	goto	u11
  1064  0783  2F85               	goto	u10
  1065  0784                     u11:
  1066  0784  2F7F               	goto	l84
  1067  0785                     u10:
  1068  0785  2F86               	goto	l572
  1069                           opt subtitle "HI-TECH Software Omniscient Code Generator (Lite mode) build 49521"
  1070  0786                     l86:	
  1071                           opt subtitle "HI-TECH Software Omniscient Code Generator (Lite mode) build 49521"
  1072                           
  1073  0786                     l572:	
  1074                           opt subtitle "HI-TECH Software Omniscient Code Generator (Lite mode) build 49521"
  1075  0786  0870               	movf	(putch@byte),w
  1076  0787  0099               	movwf	(25)	;volatile
  1077                           opt subtitle "HI-TECH Software Omniscient Code Generator (Lite mode) build 49521"
  1078                           
  1079  0788                     l87:	
  1080  0788  0008               	return
  1081                           opt subtitle "HI-TECH Software Omniscient Code Generator (Lite mode) build 49521"
  1082                           
  1083  0789                     	__end_of_putch:
  1084                           opt subtitle "HI-TECH Software Omniscient Code Generator (Lite mode) build 49521"
  1085                           
  1086                           opt pagewidth 120
  1087                           
  1088                           	opt lm
  1089                           
  1090                           	processor	16F88
  1091                           clrc	macro
  1092                           	bcf	3,0
  1093                           	endm
  1094                           clrz	macro
  1095                           	bcf	3,2
  1096                           	endm
  1097                           setc	macro
  1098                           	bsf	3,0
  1099                           	endm
  1100                           setz	macro
  1101                           	bsf	3,2
  1102                           	endm
  1103                           skipc	macro
  1104                           	btfss	3,0
  1105                           	endm
  1106                           skipz	macro
  1107                           	btfss	3,2
  1108                           	endm
  1109                           skipnc	macro
  1110                           	btfsc	3,0
  1111                           	endm
  1112                           skipnz	macro
  1113                           	btfsc	3,2
  1114                           	endm
  1115                           indf	equ	0
  1116                           indf0	equ	0
  1117  0772                     __ptext81:	;psect for function _getch
  1118                           opt subtitle "HI-TECH Software Omniscient Code Generator (Lite mode) build 49521"
  1119                           
  1120                           opt pagewidth 120
  1121                           
  1122  000B                     	__size_of_getch	equ	__end_of_getch-_getch
  1123                           opt subtitle "HI-TECH Software Omniscient Code Generator (Lite mode) build 49521"
  1124  0772                     _getch:	
  1125                           opt subtitle "HI-TECH Software Omniscient Code Generator (Lite mode) build 49521"
  1126                           
  1127                           opt pagewidth 120
  1128                           
  1129  0772                     l574:	
  1130                           opt subtitle "HI-TECH Software Omniscient Code Generator (Lite mode) build 49521"
  1131  0772  2F73               	goto	l90
  1132                           opt subtitle "HI-TECH Software Omniscient Code Generator (Lite mode) build 49521"
  1133  0773                     l91:	
  1134                           opt subtitle "HI-TECH Software Omniscient Code Generator (Lite mode) build 49521"
  1135                           
  1136                           opt pagewidth 120
  1137  0773                     l90:	
  1138                           opt subtitle "HI-TECH Software Omniscient Code Generator (Lite mode) build 49521"
  1139  0773  1283               	bcf	status, 5	;RP0=0, select bank0
  1140  0774  1303               	bcf	status, 6	;RP1=0, select bank0
  1141  0775  1E8C               	btfss	(101/8),(101)&7	;volatile
  1142  0776  2F78               	goto	u21
  1143  0777  2F79               	goto	u20
  1144  0778                     u21:
  1145  0778  2F73               	goto	l90
  1146  0779                     u20:
  1147  0779  2F7A               	goto	l576
  1148                           opt subtitle "HI-TECH Software Omniscient Code Generator (Lite mode) build 49521"
  1149  077A                     l92:	
  1150                           opt subtitle "HI-TECH Software Omniscient Code Generator (Lite mode) build 49521"
  1151                           
  1152  077A                     l576:	
  1153                           opt subtitle "HI-TECH Software Omniscient Code Generator (Lite mode) build 49521"
  1154  077A  081A               	movf	(26),w	;volatile
  1155  077B  2F7C               	goto	l93
  1156                           opt subtitle "HI-TECH Software Omniscient Code Generator (Lite mode) build 49521"
  1157  077C                     l578:	
  1158                           opt subtitle "HI-TECH Software Omniscient Code Generator (Lite mode) build 49521"
  1159                           
  1160  077C                     l93:	
  1161  077C  0008               	return
  1162                           opt subtitle "HI-TECH Software Omniscient Code Generator (Lite mode) build 49521"
  1163                           
  1164  077D                     	__end_of_getch:
  1165                           opt subtitle "HI-TECH Software Omniscient Code Generator (Lite mode) build 49521"
  1166                           
  1167                           opt pagewidth 120
  1168  0000                     __ptext82:	;psect for function _getch
  1169                           opt subtitle "HI-TECH Software Omniscient Code Generator (Lite mode) build 49521"
  1170  007E                     	btemp set 07Eh
  1171                           opt subtitle "HI-TECH Software Omniscient Code Generator (Lite mode) build 49521"
  1172                           
  1173                           opt pagewidth 120
  1174  007E                     	wtemp0 set btemp


Data Sizes:
    Strings     0
    Constant    0
    Data        0
    BSS         0
    Persistent  0
    Stack       0

Auto Spaces:
    Space          Size  Autos    Used
    COMMON           14      8       8
    BANK0            80      0       0
    BANK1            80      0       0
    BANK3            96      0       0
    BANK2            96      0       0

Pointer List with Targets:

    None.

Critical Paths under _main in COMMON

    _main->_getche
    _getche->_putch

Critical Paths under _main in BANK0

    None.

Critical Paths under _main in BANK1

    None.

Critical Paths under _main in BANK3

    None.

Critical Paths under _main in BANK2

    None.

Call Graph Tables:

 ---------------------------------------------------------------------------------
 (Depth) Function   	        Calls       Base Space   Used Autos Params    Refs
 ---------------------------------------------------------------------------------
 (0) _main                                                 6     6      0     120
                                              2 COMMON     6     6      0
                               _init
                             _getche
 ---------------------------------------------------------------------------------
 (1) _init                                                 0     0      0       0
                         _init_comms
 ---------------------------------------------------------------------------------
 (2) _init_comms                                           0     0      0       0
 ---------------------------------------------------------------------------------
 (1) _getche                                               1     1      0      30
                                              1 COMMON     1     1      0
                              _getch
                              _putch
 ---------------------------------------------------------------------------------
 (2) _putch                                                1     1      0      15
                                              0 COMMON     1     1      0
 ---------------------------------------------------------------------------------
 (2) _getch                                                0     0      0       0
 ---------------------------------------------------------------------------------
 Estimated maximum stack depth 2
 ---------------------------------------------------------------------------------

 Call Graph Graphs:

 _main (ROOT)
   _init
     _init_comms
   _getche
     _getch
     _putch

 Address spaces:
Name               Size   Autos  Total    Cost      Usage
BITCOMMON            E      0       0       0        0.0%
EEDATA             100      0       0       0        0.0%
NULL                 0      0       0       0        0.0%
CODE                 0      0       0       0        0.0%
COMMON               E      8       8       1       57.1%
BITSFR0              0      0       0       1        0.0%
SFR0                 0      0       0       1        0.0%
BITSFR1              0      0       0       2        0.0%
SFR1                 0      0       0       2        0.0%
STACK                0      0       2       2        0.0%
ABS                  0      0       0       3        0.0%
BITBANK0            50      0       0       4        0.0%
BITSFR3              0      0       0       4        0.0%
SFR3                 0      0       0       4        0.0%
BANK0               50      0       0       5        0.0%
BITSFR2              0      0       0       5        0.0%
SFR2                 0      0       0       5        0.0%
BITBANK1            50      0       0       6        0.0%
BANK1               50      0       0       7        0.0%
BITBANK3            60      0       0       8        0.0%
BANK3               60      0       0       9        0.0%
BITBANK2            60      0       0      10        0.0%
BANK2               60      0       0      11        0.0%
DATA                 0      0       0      12        0.0%


Microchip Technology PIC Macro Assembler V1.12 build 49521 
Symbol Table                                                                                   Mon Mar 18 21:07:32 2013

            __CFG_CP$OFF 0000                       l33 07A7                       l51 07AE  
                     l60 07FC                       l52 07C4                       l61 07FD  
                     l53 07F9                       l62 07FE                       l54 07F8  
                     l63 07FE                       l55 07ED                       l56 07DE  
                     l57 07F5                       l90 0773                       l58 07E3  
                     l91 0773                       l59 07E8                       l92 077A  
                     l84 077F                       l93 077C                       l85 077F  
                     l86 0786                       l87 0788                       l96 0771  
                     l99 0797                       u10 0785                       u11 0784  
                     u20 0779                       u21 0778                       u30 07BA  
                     u31 07B9                       u40 07C0                       u41 07BF  
                     u50 07CA                       u51 07C9                       u60 07DC  
                     u61 07DB                      l600 07B4                      l610 07DD  
                    l602 07BA                      l612 07ED                      l604 07C0  
                    l614 07F5                      l606 07CA                      l608 07D6  
                    l616 07F9                      l570 077E                      l572 0786  
                    l556 0789                      l580 0798                      l574 0772  
                    l590 076F                      l558 078D                      l582 079C  
                    l576 077A                      l592 0771                      l584 079D  
                    l578 077C                      l586 07A4                      l594 07A8  
                    l588 0768                      l596 07AB                      l598 07AE  
                    _RA0 0028                      _RA1 0029                      _RA2 002A  
                    _RA3 002B                      _RA4 002C                      _RA6 002E  
                    _RA7 002F             __CFG_CPD$OFF 0000             __CFG_LVP$OFF 0000  
            main@command 0075                     _RCIF 0065                     _TXIF 0064  
           __CFG_WRT$OFF 0000                     _main 07A8                     _init 0798  
                   btemp 007E                     start 0000            __CFG_IESO$OFF 0000  
           main@checksum 0074                    ?_main 0070                    ?_init 0070  
          __CFG_WDTE$OFF 0000                    _ANSEL 009B           __CFG_DEBUG$OFF 0000  
                  _RCREG 001A                    _RCSTA 0018                    _SPBRG 0099  
                  _PORTA 0005                    _PORTB 0006                    _TRISA 0085  
                  _TRISB 0086                    _TXREG 0019                    _TXSTA 0098  
         __CFG_CCPMX$RB0 0000           __CFG_FCMEN$OFF 0000                    _getch 0772  
                  _putch 077D           __CFG_BOREN$OFF 0000                    status 0003  
                  wtemp0 007E           __CFG_MCLRE$OFF 0000          __initialization 0765  
           __end_of_main 0800             __end_of_init 07A8                   ??_main 0072  
                 ??_init 0070                   ?_getch 0070                   ?_putch 0070  
                 _OSCCON 008F                   _TRISB2 0432                   _TRISB5 0435  
         __CFG_PWRTE$OFF 0000                   _getche 0768  __end_of__initialization 0765  
         __pcstackCOMMON 0070            __end_of_getch 077D            __end_of_putch 0789  
                ??_getch 0070                  ??_putch 0070               __pmaintext 07A8  
                ?_getche 0070          __size_of_getche 000A               _init_comms 0789  
                getche@c 0071     end_of_initialization 0765              ?_init_comms 0070  
         __end_of_getche 0772      start_initialization 0765                 ??_getche 0071  
    __size_of_init_comms 000F         main@validAddress 0076           __size_of_getch 000B  
         __size_of_putch 000C             ??_init_comms 0070                 __ptext80 077D  
               __ptext81 0772                 __ptext82 0000                 __ptext76 0000  
               __ptext77 0798                 __ptext78 0789                 __ptext79 0768  
          __size_of_main 0058       __end_of_init_comms 0798            __size_of_init 0010  
               main@temp 0073                putch@byte 0070       __CFG_FOSC$INTOSCIO 0000  
