

Microchip Technology PIC LITE Macro Assembler V1.12 build 49521 
                                                                                               Tue Mar 19 12:00:40 2013

HI-TECH Software Omniscient Code Generator (Lite mode) build 49521
     1  0000                     opt subtitle "HI-TECH Software Omniscient Code Generator (Lite mode) build 49521"
     2                           opt subtitle "HI-TECH Software Omniscient Code Generator (Lite mode) build 49521"
     3                           
     4                           opt pagewidth 120
     5                           
     6                           	opt lm
     7                           
     8                           	processor	16F88
     9                           clrc	macro
    10  0000                     	endm
    11                           opt subtitle "HI-TECH Software Omniscient Code Generator (Lite mode) build 49521"
    12                           
    13  0000                     	endm
    14                           opt subtitle "HI-TECH Software Omniscient Code Generator (Lite mode) build 49521"
    15                           
    16  0000                     	endm
    17                           opt subtitle "HI-TECH Software Omniscient Code Generator (Lite mode) build 49521"
    18                           
    19  0000                     	endm
    20                           opt subtitle "HI-TECH Software Omniscient Code Generator (Lite mode) build 49521"
    21                           
    22  0000                     	endm
    23                           opt subtitle "HI-TECH Software Omniscient Code Generator (Lite mode) build 49521"
    24                           
    25  0000                     	endm
    26                           opt subtitle "HI-TECH Software Omniscient Code Generator (Lite mode) build 49521"
    27                           
    28  0000                     	endm
    29                           opt subtitle "HI-TECH Software Omniscient Code Generator (Lite mode) build 49521"
    30                           
    31  0000                     	endm
    32  0000                     indf	equ	0
    33  0000                     indf0	equ	0
    34  0002                     pc	equ	2
    35  0002                     pcl	equ	2
    36  0003                     status	equ	3
    37  0004                     fsr	equ	4
    38  0004                     fsr0	equ	4
    39  0001                     c	equ	1
    40  0000                     z	equ	0
    41  000A                     pclath	equ	10
    42                           opt subtitle "HI-TECH Software Omniscient Code Generator (Lite mode) build 49521"
    43  0000                     INDF equ 00h ;# 
    44                           opt subtitle "HI-TECH Software Omniscient Code Generator (Lite mode) build 49521"
    45  0001                     TMR0 equ 01h ;# 
    46                           opt subtitle "HI-TECH Software Omniscient Code Generator (Lite mode) build 49521"
    47  0002                     PCL equ 02h ;# 
    48                           opt subtitle "HI-TECH Software Omniscient Code Generator (Lite mode) build 49521"
    49  0003                     STATUS equ 03h ;# 
    50                           opt subtitle "HI-TECH Software Omniscient Code Generator (Lite mode) build 49521"
    51  0004                     FSR equ 04h ;# 
    52                           opt subtitle "HI-TECH Software Omniscient Code Generator (Lite mode) build 49521"
    53  0005                     PORTA equ 05h ;# 
    54                           opt subtitle "HI-TECH Software Omniscient Code Generator (Lite mode) build 49521"
    55  0006                     PORTB equ 06h ;# 
    56                           opt subtitle "HI-TECH Software Omniscient Code Generator (Lite mode) build 49521"
    57  000A                     PCLATH equ 0Ah ;# 
    58                           opt subtitle "HI-TECH Software Omniscient Code Generator (Lite mode) build 49521"
    59  000B                     INTCON equ 0Bh ;# 
    60                           opt subtitle "HI-TECH Software Omniscient Code Generator (Lite mode) build 49521"
    61  000C                     PIR1 equ 0Ch ;# 
    62                           opt subtitle "HI-TECH Software Omniscient Code Generator (Lite mode) build 49521"
    63  000D                     PIR2 equ 0Dh ;# 
    64                           opt subtitle "HI-TECH Software Omniscient Code Generator (Lite mode) build 49521"
    65  000E                     TMR1 equ 0Eh ;# 
    66                           opt subtitle "HI-TECH Software Omniscient Code Generator (Lite mode) build 49521"
    67  000E                     TMR1L equ 0Eh ;# 
    68                           opt subtitle "HI-TECH Software Omniscient Code Generator (Lite mode) build 49521"
    69  000F                     TMR1H equ 0Fh ;# 
    70                           opt subtitle "HI-TECH Software Omniscient Code Generator (Lite mode) build 49521"
    71  0010                     T1CON equ 010h ;# 
    72                           opt subtitle "HI-TECH Software Omniscient Code Generator (Lite mode) build 49521"
    73  0011                     TMR2 equ 011h ;# 
    74                           opt subtitle "HI-TECH Software Omniscient Code Generator (Lite mode) build 49521"
    75  0012                     T2CON equ 012h ;# 
    76                           opt subtitle "HI-TECH Software Omniscient Code Generator (Lite mode) build 49521"
    77  0013                     SSPBUF equ 013h ;# 
    78                           opt subtitle "HI-TECH Software Omniscient Code Generator (Lite mode) build 49521"
    79  0014                     SSPCON equ 014h ;# 
    80                           opt subtitle "HI-TECH Software Omniscient Code Generator (Lite mode) build 49521"
    81  0015                     CCPR1 equ 015h ;# 
    82                           opt subtitle "HI-TECH Software Omniscient Code Generator (Lite mode) build 49521"
    83  0015                     CCPR1L equ 015h ;# 
    84                           opt subtitle "HI-TECH Software Omniscient Code Generator (Lite mode) build 49521"
    85  0016                     CCPR1H equ 016h ;# 
    86                           opt subtitle "HI-TECH Software Omniscient Code Generator (Lite mode) build 49521"
    87  0017                     CCP1CON equ 017h ;# 
    88                           opt subtitle "HI-TECH Software Omniscient Code Generator (Lite mode) build 49521"
    89  0018                     RCSTA equ 018h ;# 
    90                           opt subtitle "HI-TECH Software Omniscient Code Generator (Lite mode) build 49521"
    91  0019                     TXREG equ 019h ;# 
    92                           opt subtitle "HI-TECH Software Omniscient Code Generator (Lite mode) build 49521"
    93  001A                     RCREG equ 01Ah ;# 
    94                           opt subtitle "HI-TECH Software Omniscient Code Generator (Lite mode) build 49521"
    95  001E                     ADRESH equ 01Eh ;# 
    96                           opt subtitle "HI-TECH Software Omniscient Code Generator (Lite mode) build 49521"
    97  001F                     ADCON0 equ 01Fh ;# 
    98                           opt subtitle "HI-TECH Software Omniscient Code Generator (Lite mode) build 49521"
    99  0081                     OPTION_REG equ 081h ;# 
   100                           opt subtitle "HI-TECH Software Omniscient Code Generator (Lite mode) build 49521"
   101  0085                     TRISA equ 085h ;# 
   102                           opt subtitle "HI-TECH Software Omniscient Code Generator (Lite mode) build 49521"
   103  0086                     TRISB equ 086h ;# 
   104                           opt subtitle "HI-TECH Software Omniscient Code Generator (Lite mode) build 49521"
   105  008C                     PIE1 equ 08Ch ;# 
   106                           opt subtitle "HI-TECH Software Omniscient Code Generator (Lite mode) build 49521"
   107  008D                     PIE2 equ 08Dh ;# 
   108                           opt subtitle "HI-TECH Software Omniscient Code Generator (Lite mode) build 49521"
   109  008E                     PCON equ 08Eh ;# 
   110                           opt subtitle "HI-TECH Software Omniscient Code Generator (Lite mode) build 49521"
   111  008F                     OSCCON equ 08Fh ;# 
   112                           opt subtitle "HI-TECH Software Omniscient Code Generator (Lite mode) build 49521"
   113  0090                     OSCTUNE equ 090h ;# 
   114                           opt subtitle "HI-TECH Software Omniscient Code Generator (Lite mode) build 49521"
   115  0092                     PR2 equ 092h ;# 
   116                           opt subtitle "HI-TECH Software Omniscient Code Generator (Lite mode) build 49521"
   117  0093                     SSPADD equ 093h ;# 
   118                           opt subtitle "HI-TECH Software Omniscient Code Generator (Lite mode) build 49521"
   119  0094                     SSPSTAT equ 094h ;# 
   120                           opt subtitle "HI-TECH Software Omniscient Code Generator (Lite mode) build 49521"
   121  0098                     TXSTA equ 098h ;# 
   122                           opt subtitle "HI-TECH Software Omniscient Code Generator (Lite mode) build 49521"
   123  0099                     SPBRG equ 099h ;# 
   124                           opt subtitle "HI-TECH Software Omniscient Code Generator (Lite mode) build 49521"
   125  009B                     ANSEL equ 09Bh ;# 
   126                           opt subtitle "HI-TECH Software Omniscient Code Generator (Lite mode) build 49521"
   127  009C                     CMCON equ 09Ch ;# 
   128                           opt subtitle "HI-TECH Software Omniscient Code Generator (Lite mode) build 49521"
   129  009D                     CVRCON equ 09Dh ;# 
   130                           opt subtitle "HI-TECH Software Omniscient Code Generator (Lite mode) build 49521"
   131  009E                     ADRESL equ 09Eh ;# 
   132                           opt subtitle "HI-TECH Software Omniscient Code Generator (Lite mode) build 49521"
   133  009F                     ADCON1 equ 09Fh ;# 
   134                           opt subtitle "HI-TECH Software Omniscient Code Generator (Lite mode) build 49521"
   135  0105                     WDTCON equ 0105h ;# 
   136                           opt subtitle "HI-TECH Software Omniscient Code Generator (Lite mode) build 49521"
   137  010C                     EEDATA equ 010Ch ;# 
   138                           opt subtitle "HI-TECH Software Omniscient Code Generator (Lite mode) build 49521"
   139  010D                     EEADR equ 010Dh ;# 
   140                           opt subtitle "HI-TECH Software Omniscient Code Generator (Lite mode) build 49521"
   141  010E                     EEDATH equ 010Eh ;# 
   142                           opt subtitle "HI-TECH Software Omniscient Code Generator (Lite mode) build 49521"
   143  010F                     EEADRH equ 010Fh ;# 
   144                           opt subtitle "HI-TECH Software Omniscient Code Generator (Lite mode) build 49521"
   145  018C                     EECON1 equ 018Ch ;# 
   146                           opt subtitle "HI-TECH Software Omniscient Code Generator (Lite mode) build 49521"
   147  018D                     EECON2 equ 018Dh ;# 
   148                           opt subtitle "HI-TECH Software Omniscient Code Generator (Lite mode) build 49521"
   149  0000                     INDF equ 00h ;# 
   150                           opt subtitle "HI-TECH Software Omniscient Code Generator (Lite mode) build 49521"
   151  0001                     TMR0 equ 01h ;# 
   152                           opt subtitle "HI-TECH Software Omniscient Code Generator (Lite mode) build 49521"
   153  0002                     PCL equ 02h ;# 
   154                           opt subtitle "HI-TECH Software Omniscient Code Generator (Lite mode) build 49521"
   155  0003                     STATUS equ 03h ;# 
   156                           opt subtitle "HI-TECH Software Omniscient Code Generator (Lite mode) build 49521"
   157  0004                     FSR equ 04h ;# 
   158                           opt subtitle "HI-TECH Software Omniscient Code Generator (Lite mode) build 49521"
   159  0005                     PORTA equ 05h ;# 
   160                           opt subtitle "HI-TECH Software Omniscient Code Generator (Lite mode) build 49521"
   161  0006                     PORTB equ 06h ;# 
   162                           opt subtitle "HI-TECH Software Omniscient Code Generator (Lite mode) build 49521"
   163  000A                     PCLATH equ 0Ah ;# 
   164                           opt subtitle "HI-TECH Software Omniscient Code Generator (Lite mode) build 49521"
   165  000B                     INTCON equ 0Bh ;# 
   166                           opt subtitle "HI-TECH Software Omniscient Code Generator (Lite mode) build 49521"
   167  000C                     PIR1 equ 0Ch ;# 
   168                           opt subtitle "HI-TECH Software Omniscient Code Generator (Lite mode) build 49521"
   169  000D                     PIR2 equ 0Dh ;# 
   170                           opt subtitle "HI-TECH Software Omniscient Code Generator (Lite mode) build 49521"
   171  000E                     TMR1 equ 0Eh ;# 
   172                           opt subtitle "HI-TECH Software Omniscient Code Generator (Lite mode) build 49521"
   173  000E                     TMR1L equ 0Eh ;# 
   174                           opt subtitle "HI-TECH Software Omniscient Code Generator (Lite mode) build 49521"
   175  000F                     TMR1H equ 0Fh ;# 
   176                           opt subtitle "HI-TECH Software Omniscient Code Generator (Lite mode) build 49521"
   177  0010                     T1CON equ 010h ;# 
   178                           opt subtitle "HI-TECH Software Omniscient Code Generator (Lite mode) build 49521"
   179  0011                     TMR2 equ 011h ;# 
   180                           opt subtitle "HI-TECH Software Omniscient Code Generator (Lite mode) build 49521"
   181  0012                     T2CON equ 012h ;# 
   182                           opt subtitle "HI-TECH Software Omniscient Code Generator (Lite mode) build 49521"
   183  0013                     SSPBUF equ 013h ;# 
   184                           opt subtitle "HI-TECH Software Omniscient Code Generator (Lite mode) build 49521"
   185  0014                     SSPCON equ 014h ;# 
   186                           opt subtitle "HI-TECH Software Omniscient Code Generator (Lite mode) build 49521"
   187  0015                     CCPR1 equ 015h ;# 
   188                           opt subtitle "HI-TECH Software Omniscient Code Generator (Lite mode) build 49521"
   189  0015                     CCPR1L equ 015h ;# 
   190                           opt subtitle "HI-TECH Software Omniscient Code Generator (Lite mode) build 49521"
   191  0016                     CCPR1H equ 016h ;# 
   192                           opt subtitle "HI-TECH Software Omniscient Code Generator (Lite mode) build 49521"
   193  0017                     CCP1CON equ 017h ;# 
   194                           opt subtitle "HI-TECH Software Omniscient Code Generator (Lite mode) build 49521"
   195  0018                     RCSTA equ 018h ;# 
   196                           opt subtitle "HI-TECH Software Omniscient Code Generator (Lite mode) build 49521"
   197  0019                     TXREG equ 019h ;# 
   198                           opt subtitle "HI-TECH Software Omniscient Code Generator (Lite mode) build 49521"
   199  001A                     RCREG equ 01Ah ;# 
   200                           opt subtitle "HI-TECH Software Omniscient Code Generator (Lite mode) build 49521"
   201  001E                     ADRESH equ 01Eh ;# 
   202                           opt subtitle "HI-TECH Software Omniscient Code Generator (Lite mode) build 49521"
   203  001F                     ADCON0 equ 01Fh ;# 
   204                           opt subtitle "HI-TECH Software Omniscient Code Generator (Lite mode) build 49521"
   205  0081                     OPTION_REG equ 081h ;# 
   206                           opt subtitle "HI-TECH Software Omniscient Code Generator (Lite mode) build 49521"
   207  0085                     TRISA equ 085h ;# 
   208                           opt subtitle "HI-TECH Software Omniscient Code Generator (Lite mode) build 49521"
   209  0086                     TRISB equ 086h ;# 
   210                           opt subtitle "HI-TECH Software Omniscient Code Generator (Lite mode) build 49521"
   211  008C                     PIE1 equ 08Ch ;# 
   212                           opt subtitle "HI-TECH Software Omniscient Code Generator (Lite mode) build 49521"
   213  008D                     PIE2 equ 08Dh ;# 
   214                           opt subtitle "HI-TECH Software Omniscient Code Generator (Lite mode) build 49521"
   215  008E                     PCON equ 08Eh ;# 
   216                           opt subtitle "HI-TECH Software Omniscient Code Generator (Lite mode) build 49521"
   217  008F                     OSCCON equ 08Fh ;# 
   218                           opt subtitle "HI-TECH Software Omniscient Code Generator (Lite mode) build 49521"
   219  0090                     OSCTUNE equ 090h ;# 
   220                           opt subtitle "HI-TECH Software Omniscient Code Generator (Lite mode) build 49521"
   221  0092                     PR2 equ 092h ;# 
   222                           opt subtitle "HI-TECH Software Omniscient Code Generator (Lite mode) build 49521"
   223  0093                     SSPADD equ 093h ;# 
   224                           opt subtitle "HI-TECH Software Omniscient Code Generator (Lite mode) build 49521"
   225  0094                     SSPSTAT equ 094h ;# 
   226                           opt subtitle "HI-TECH Software Omniscient Code Generator (Lite mode) build 49521"
   227  0098                     TXSTA equ 098h ;# 
   228                           opt subtitle "HI-TECH Software Omniscient Code Generator (Lite mode) build 49521"
   229  0099                     SPBRG equ 099h ;# 
   230                           opt subtitle "HI-TECH Software Omniscient Code Generator (Lite mode) build 49521"
   231  009B                     ANSEL equ 09Bh ;# 
   232                           opt subtitle "HI-TECH Software Omniscient Code Generator (Lite mode) build 49521"
   233  009C                     CMCON equ 09Ch ;# 
   234                           opt subtitle "HI-TECH Software Omniscient Code Generator (Lite mode) build 49521"
   235  009D                     CVRCON equ 09Dh ;# 
   236                           opt subtitle "HI-TECH Software Omniscient Code Generator (Lite mode) build 49521"
   237  009E                     ADRESL equ 09Eh ;# 
   238                           opt subtitle "HI-TECH Software Omniscient Code Generator (Lite mode) build 49521"
   239  009F                     ADCON1 equ 09Fh ;# 
   240                           opt subtitle "HI-TECH Software Omniscient Code Generator (Lite mode) build 49521"
   241  0105                     WDTCON equ 0105h ;# 
   242                           opt subtitle "HI-TECH Software Omniscient Code Generator (Lite mode) build 49521"
   243  010C                     EEDATA equ 010Ch ;# 
   244                           opt subtitle "HI-TECH Software Omniscient Code Generator (Lite mode) build 49521"
   245  010D                     EEADR equ 010Dh ;# 
   246                           opt subtitle "HI-TECH Software Omniscient Code Generator (Lite mode) build 49521"
   247  010E                     EEDATH equ 010Eh ;# 
   248                           opt subtitle "HI-TECH Software Omniscient Code Generator (Lite mode) build 49521"
   249  010F                     EEADRH equ 010Fh ;# 
   250                           opt subtitle "HI-TECH Software Omniscient Code Generator (Lite mode) build 49521"
   251  018C                     EECON1 equ 018Ch ;# 
   252                           opt subtitle "HI-TECH Software Omniscient Code Generator (Lite mode) build 49521"
   253  018D                     EECON2 equ 018Dh ;# 
   254                           opt subtitle "HI-TECH Software Omniscient Code Generator (Lite mode) build 49521"
   255                           
   256                           opt pagewidth 120
   257                           
   258                           	opt lm
   259  001A                     _RCREG	set	0x1A
   260                           opt subtitle "HI-TECH Software Omniscient Code Generator (Lite mode) build 49521"
   261  0018                     _RCSTA	set	0x18
   262                           opt subtitle "HI-TECH Software Omniscient Code Generator (Lite mode) build 49521"
   263  0019                     _TXREG	set	0x19
   264                           opt subtitle "HI-TECH Software Omniscient Code Generator (Lite mode) build 49521"
   265  0028                     _RA0	set	0x28
   266                           opt subtitle "HI-TECH Software Omniscient Code Generator (Lite mode) build 49521"
   267  0029                     _RA1	set	0x29
   268                           opt subtitle "HI-TECH Software Omniscient Code Generator (Lite mode) build 49521"
   269  002A                     _RA2	set	0x2A
   270                           opt subtitle "HI-TECH Software Omniscient Code Generator (Lite mode) build 49521"
   271  002B                     _RA3	set	0x2B
   272                           opt subtitle "HI-TECH Software Omniscient Code Generator (Lite mode) build 49521"
   273  0065                     _RCIF	set	0x65
   274                           opt subtitle "HI-TECH Software Omniscient Code Generator (Lite mode) build 49521"
   275  0064                     _TXIF	set	0x64
   276                           opt subtitle "HI-TECH Software Omniscient Code Generator (Lite mode) build 49521"
   277  009B                     _ANSEL	set	0x9B
   278                           opt subtitle "HI-TECH Software Omniscient Code Generator (Lite mode) build 49521"
   279  008F                     _OSCCON	set	0x8F
   280                           opt subtitle "HI-TECH Software Omniscient Code Generator (Lite mode) build 49521"
   281  0099                     _SPBRG	set	0x99
   282                           opt subtitle "HI-TECH Software Omniscient Code Generator (Lite mode) build 49521"
   283  0085                     _TRISA	set	0x85
   284                           opt subtitle "HI-TECH Software Omniscient Code Generator (Lite mode) build 49521"
   285  0086                     _TRISB	set	0x86
   286                           opt subtitle "HI-TECH Software Omniscient Code Generator (Lite mode) build 49521"
   287  0098                     _TXSTA	set	0x98
   288                           opt subtitle "HI-TECH Software Omniscient Code Generator (Lite mode) build 49521"
   289  0432                     _TRISB2	set	0x432
   290                           opt subtitle "HI-TECH Software Omniscient Code Generator (Lite mode) build 49521"
   291  0435                     _TRISB5	set	0x435
   292                           opt subtitle "HI-TECH Software Omniscient Code Generator (Lite mode) build 49521"
   293                           
   294  0000                     __ptext51:	;psect for function _init_comms
   295                           opt subtitle "HI-TECH Software Omniscient Code Generator (Lite mode) build 49521"
   296                           
   297  0000                     __CFG_BOREN$OFF equ 0x0
   298                           opt subtitle "HI-TECH Software Omniscient Code Generator (Lite mode) build 49521"
   299  0000                     __CFG_CPD$OFF equ 0x0
   300                           opt subtitle "HI-TECH Software Omniscient Code Generator (Lite mode) build 49521"
   301  0000                     __CFG_CCPMX$RB0 equ 0x0
   302                           opt subtitle "HI-TECH Software Omniscient Code Generator (Lite mode) build 49521"
   303  0000                     __CFG_DEBUG$OFF equ 0x0
   304                           opt subtitle "HI-TECH Software Omniscient Code Generator (Lite mode) build 49521"
   305  0000                     __CFG_WRT$OFF equ 0x0
   306                           opt subtitle "HI-TECH Software Omniscient Code Generator (Lite mode) build 49521"
   307  0000                     __CFG_FOSC$INTOSCIO equ 0x0
   308                           opt subtitle "HI-TECH Software Omniscient Code Generator (Lite mode) build 49521"
   309  0000                     __CFG_MCLRE$OFF equ 0x0
   310                           opt subtitle "HI-TECH Software Omniscient Code Generator (Lite mode) build 49521"
   311  0000                     __CFG_WDTE$OFF equ 0x0
   312                           opt subtitle "HI-TECH Software Omniscient Code Generator (Lite mode) build 49521"
   313  0000                     __CFG_CP$OFF equ 0x0
   314                           opt subtitle "HI-TECH Software Omniscient Code Generator (Lite mode) build 49521"
   315  0000                     __CFG_LVP$OFF equ 0x0
   316                           opt subtitle "HI-TECH Software Omniscient Code Generator (Lite mode) build 49521"
   317  0000                     __CFG_PWRTE$OFF equ 0x0
   318                           opt subtitle "HI-TECH Software Omniscient Code Generator (Lite mode) build 49521"
   319  0000                     __CFG_IESO$OFF equ 0x0
   320                           opt subtitle "HI-TECH Software Omniscient Code Generator (Lite mode) build 49521"
   321  0000                     __CFG_FCMEN$OFF equ 0x0
   322                           opt subtitle "HI-TECH Software Omniscient Code Generator (Lite mode) build 49521"
   323                           
   324                           opt pagewidth 120
   325                           
   326  07A1                     start_initialization:
   327                           opt subtitle "HI-TECH Software Omniscient Code Generator (Lite mode) build 49521"
   328                           
   329  07A1                     __initialization:
   330                           opt subtitle "HI-TECH Software Omniscient Code Generator (Lite mode) build 49521"
   331                           
   332                           opt pagewidth 120
   333                           
   334                           	opt lm
   335  07A1                     end_of_initialization:
   336  07A1                     __end_of__initialization:clrf status
      + 07A1  0183               	clrf	3
   337  07A2  118A  2FCC         ljmp _main	;jump to C main() function
   338                           opt subtitle "HI-TECH Software Omniscient Code Generator (Lite mode) build 49521"
   339                           
   340  0070                     __pcstackCOMMON:
   341  0070                     ?_putch:	; 0 bytes @ 0x0
   342  0070                     ??_putch:	; 0 bytes @ 0x0
   343  0070                     ?_init_comms:	; 0 bytes @ 0x0
   344  0070                     ??_init_comms:	; 0 bytes @ 0x0
   345  0070                     ?_init:	; 0 bytes @ 0x0
   346  0070                     ??_init:	; 0 bytes @ 0x0
   347  0070                     ?_main:	; 2 bytes @ 0x0
   348                           opt subtitle "HI-TECH Software Omniscient Code Generator (Lite mode) build 49521"
   349  0070                     putch@byte:	; 1 bytes @ 0x0
   350  0070                     	ds	1
   351  0071                     ??_main:	; 0 bytes @ 0x1
   352                           opt subtitle "HI-TECH Software Omniscient Code Generator (Lite mode) build 49521"
   353                           
   354                           opt pagewidth 120
   355                           
   356                           	opt lm
   357                           
   358                           	processor	16F88
   359                           clrc	macro
   360                           	bcf	3,0
   361                           	endm
   362                           clrz	macro
   363                           	bcf	3,2
   364                           	endm
   365                           setc	macro
   366                           	bsf	3,0
   367                           	endm
   368                           setz	macro
   369                           	bsf	3,2
   370                           	endm
   371                           skipc	macro
   372                           	btfss	3,0
   373                           	endm
   374                           skipz	macro
   375                           	btfss	3,2
   376                           	endm
   377                           skipnc	macro
   378                           	btfsc	3,0
   379                           	endm
   380                           skipnz	macro
   381                           	btfsc	3,2
   382                           	endm
   383                           indf	equ	0
   384                           indf0	equ	0
   385                           pc	equ	2
   386                           pcl	equ	2
   387                           status	equ	3
   388                           fsr	equ	4
   389                           fsr0	equ	4
   390                           c	equ	1
   391                           z	equ	0
   392                           pclath	equ	10
   393                           # 46 "C:\Program Files (x86)\Microchip\xc8\v1.12\include\pic16f88.h"
   394                           INDF equ 00h ;# 
   395                           # 52 "C:\Program Files (x86)\Microchip\xc8\v1.12\include\pic16f88.h"
   396                           TMR0 equ 01h ;# 
   397                           # 58 "C:\Program Files (x86)\Microchip\xc8\v1.12\include\pic16f88.h"
   398                           PCL equ 02h ;# 
   399                           # 64 "C:\Program Files (x86)\Microchip\xc8\v1.12\include\pic16f88.h"
   400                           STATUS equ 03h ;# 
   401                           # 151 "C:\Program Files (x86)\Microchip\xc8\v1.12\include\pic16f88.h"
   402                           FSR equ 04h ;# 
   403                           # 157 "C:\Program Files (x86)\Microchip\xc8\v1.12\include\pic16f88.h"
   404                           PORTA equ 05h ;# 
   405                           # 218 "C:\Program Files (x86)\Microchip\xc8\v1.12\include\pic16f88.h"
   406                           PORTB equ 06h ;# 
   407                           # 279 "C:\Program Files (x86)\Microchip\xc8\v1.12\include\pic16f88.h"
   408                           PCLATH equ 0Ah ;# 
   409                           # 298 "C:\Program Files (x86)\Microchip\xc8\v1.12\include\pic16f88.h"
   410                           INTCON equ 0Bh ;# 
   411                           # 375 "C:\Program Files (x86)\Microchip\xc8\v1.12\include\pic16f88.h"
   412                           PIR1 equ 0Ch ;# 
   413                           # 430 "C:\Program Files (x86)\Microchip\xc8\v1.12\include\pic16f88.h"
   414                           PIR2 equ 0Dh ;# 
   415                           # 463 "C:\Program Files (x86)\Microchip\xc8\v1.12\include\pic16f88.h"
   416                           TMR1 equ 0Eh ;# 
   417                           # 469 "C:\Program Files (x86)\Microchip\xc8\v1.12\include\pic16f88.h"
   418                           TMR1L equ 0Eh ;# 
   419                           # 475 "C:\Program Files (x86)\Microchip\xc8\v1.12\include\pic16f88.h"
   420                           TMR1H equ 0Fh ;# 
   421                           # 481 "C:\Program Files (x86)\Microchip\xc8\v1.12\include\pic16f88.h"
   422                           T1CON equ 010h ;# 
   423                           # 552 "C:\Program Files (x86)\Microchip\xc8\v1.12\include\pic16f88.h"
   424                           TMR2 equ 011h ;# 
   425                           # 558 "C:\Program Files (x86)\Microchip\xc8\v1.12\include\pic16f88.h"
   426                           T2CON equ 012h ;# 
   427                           # 628 "C:\Program Files (x86)\Microchip\xc8\v1.12\include\pic16f88.h"
   428                           SSPBUF equ 013h ;# 
   429                           # 634 "C:\Program Files (x86)\Microchip\xc8\v1.12\include\pic16f88.h"
   430                           SSPCON equ 014h ;# 
   431                           # 703 "C:\Program Files (x86)\Microchip\xc8\v1.12\include\pic16f88.h"
   432                           CCPR1 equ 015h ;# 
   433                           # 709 "C:\Program Files (x86)\Microchip\xc8\v1.12\include\pic16f88.h"
   434                           CCPR1L equ 015h ;# 
   435                           # 715 "C:\Program Files (x86)\Microchip\xc8\v1.12\include\pic16f88.h"
   436                           CCPR1H equ 016h ;# 
   437                           # 721 "C:\Program Files (x86)\Microchip\xc8\v1.12\include\pic16f88.h"
   438                           CCP1CON equ 017h ;# 
   439                           # 778 "C:\Program Files (x86)\Microchip\xc8\v1.12\include\pic16f88.h"
   440                           RCSTA equ 018h ;# 
   441                           # 872 "C:\Program Files (x86)\Microchip\xc8\v1.12\include\pic16f88.h"
   442                           TXREG equ 019h ;# 
   443                           # 878 "C:\Program Files (x86)\Microchip\xc8\v1.12\include\pic16f88.h"
   444                           RCREG equ 01Ah ;# 
   445                           # 884 "C:\Program Files (x86)\Microchip\xc8\v1.12\include\pic16f88.h"
   446                           ADRESH equ 01Eh ;# 
   447                           # 890 "C:\Program Files (x86)\Microchip\xc8\v1.12\include\pic16f88.h"
   448                           ADCON0 equ 01Fh ;# 
   449                           # 985 "C:\Program Files (x86)\Microchip\xc8\v1.12\include\pic16f88.h"
   450                           OPTION_REG equ 081h ;# 
   451                           # 1054 "C:\Program Files (x86)\Microchip\xc8\v1.12\include\pic16f88.h"
   452                           TRISA equ 085h ;# 
   453                           # 1115 "C:\Program Files (x86)\Microchip\xc8\v1.12\include\pic16f88.h"
   454                           TRISB equ 086h ;# 
   455                           # 1176 "C:\Program Files (x86)\Microchip\xc8\v1.12\include\pic16f88.h"
   456                           PIE1 equ 08Ch ;# 
   457                           # 1231 "C:\Program Files (x86)\Microchip\xc8\v1.12\include\pic16f88.h"
   458                           PIE2 equ 08Dh ;# 
   459                           # 1264 "C:\Program Files (x86)\Microchip\xc8\v1.12\include\pic16f88.h"
   460                           PCON equ 08Eh ;# 
   461                           # 1297 "C:\Program Files (x86)\Microchip\xc8\v1.12\include\pic16f88.h"
   462                           OSCCON equ 08Fh ;# 
   463                           # 1367 "C:\Program Files (x86)\Microchip\xc8\v1.12\include\pic16f88.h"
   464                           OSCTUNE equ 090h ;# 
   465                           # 1424 "C:\Program Files (x86)\Microchip\xc8\v1.12\include\pic16f88.h"
   466                           PR2 equ 092h ;# 
   467                           # 1430 "C:\Program Files (x86)\Microchip\xc8\v1.12\include\pic16f88.h"
   468                           SSPADD equ 093h ;# 
   469                           # 1436 "C:\Program Files (x86)\Microchip\xc8\v1.12\include\pic16f88.h"
   470                           SSPSTAT equ 094h ;# 
   471                           # 1604 "C:\Program Files (x86)\Microchip\xc8\v1.12\include\pic16f88.h"
   472                           TXSTA equ 098h ;# 
   473                           # 1684 "C:\Program Files (x86)\Microchip\xc8\v1.12\include\pic16f88.h"
   474                           SPBRG equ 099h ;# 
   475                           # 1690 "C:\Program Files (x86)\Microchip\xc8\v1.12\include\pic16f88.h"
   476                           ANSEL equ 09Bh ;# 
   477                           # 1745 "C:\Program Files (x86)\Microchip\xc8\v1.12\include\pic16f88.h"
   478                           CMCON equ 09Ch ;# 
   479                           # 1814 "C:\Program Files (x86)\Microchip\xc8\v1.12\include\pic16f88.h"
   480                           CVRCON equ 09Dh ;# 
   481                           # 1878 "C:\Program Files (x86)\Microchip\xc8\v1.12\include\pic16f88.h"
   482                           ADRESL equ 09Eh ;# 
   483                           # 1884 "C:\Program Files (x86)\Microchip\xc8\v1.12\include\pic16f88.h"
   484                           ADCON1 equ 09Fh ;# 
   485                           # 1931 "C:\Program Files (x86)\Microchip\xc8\v1.12\include\pic16f88.h"
   486                           WDTCON equ 0105h ;# 
   487                           # 1988 "C:\Program Files (x86)\Microchip\xc8\v1.12\include\pic16f88.h"
   488                           EEDATA equ 010Ch ;# 
   489                           # 1994 "C:\Program Files (x86)\Microchip\xc8\v1.12\include\pic16f88.h"
   490  07CC                     __pmaintext:	;psect for function _main
   491                           opt subtitle "HI-TECH Software Omniscient Code Generator (Lite mode) build 49521"
   492                           
   493                           opt pagewidth 120
   494                           
   495  0034                     	__size_of_main	equ	__end_of_main-_main
   496                           opt subtitle "HI-TECH Software Omniscient Code Generator (Lite mode) build 49521"
   497  07CC                     _main:	
   498                           opt subtitle "HI-TECH Software Omniscient Code Generator (Lite mode) build 49521"
   499                           
   500                           opt pagewidth 120
   501                           
   502  07CC                     l550:	
   503                           opt subtitle "HI-TECH Software Omniscient Code Generator (Lite mode) build 49521"
   504  07CC  118A  27B0  118A   	fcall	_init
   505  07CF  2FD0               	goto	l552
   506                           opt subtitle "HI-TECH Software Omniscient Code Generator (Lite mode) build 49521"
   507                           
   508                           opt pagewidth 120
   509  07D0                     l62:	
   510                           opt subtitle "HI-TECH Software Omniscient Code Generator (Lite mode) build 49521"
   511                           
   512  07D0                     l552:	
   513                           opt subtitle "HI-TECH Software Omniscient Code Generator (Lite mode) build 49521"
   514  07D0  1283               	bcf	status, 5	;RP0=0, select bank0
   515  07D1  1303               	bcf	status, 6	;RP1=0, select bank0
   516  07D2  1805               	btfsc	(40/8),(40)&7	;volatile
   517  07D3  2FD5               	goto	u31
   518  07D4  2FD6               	goto	u30
   519  07D5                     u31:
   520  07D5  2FDB               	goto	l556
   521  07D6                     u30:
   522                           opt subtitle "HI-TECH Software Omniscient Code Generator (Lite mode) build 49521"
   523                           
   524  07D6                     l554:	
   525                           opt subtitle "HI-TECH Software Omniscient Code Generator (Lite mode) build 49521"
   526  07D6  3031               	movlw	(031h)
   527  07D7  118A  27A4  118A   	fcall	_putch
   528  07DA  2FDB               	goto	l556
   529                           opt subtitle "HI-TECH Software Omniscient Code Generator (Lite mode) build 49521"
   530  07DB                     l63:	
   531                           opt subtitle "HI-TECH Software Omniscient Code Generator (Lite mode) build 49521"
   532                           
   533  07DB                     l556:	
   534                           opt subtitle "HI-TECH Software Omniscient Code Generator (Lite mode) build 49521"
   535  07DB  1283               	bcf	status, 5	;RP0=0, select bank0
   536  07DC  1303               	bcf	status, 6	;RP1=0, select bank0
   537  07DD  1885               	btfsc	(41/8),(41)&7	;volatile
   538  07DE  2FE0               	goto	u41
   539  07DF  2FE1               	goto	u40
   540  07E0                     u41:
   541  07E0  2FE6               	goto	l560
   542  07E1                     u40:
   543                           opt subtitle "HI-TECH Software Omniscient Code Generator (Lite mode) build 49521"
   544                           
   545  07E1                     l558:	
   546                           opt subtitle "HI-TECH Software Omniscient Code Generator (Lite mode) build 49521"
   547  07E1  3032               	movlw	(032h)
   548  07E2  118A  27A4  118A   	fcall	_putch
   549  07E5  2FE6               	goto	l560
   550                           opt subtitle "HI-TECH Software Omniscient Code Generator (Lite mode) build 49521"
   551  07E6                     l64:	
   552                           opt subtitle "HI-TECH Software Omniscient Code Generator (Lite mode) build 49521"
   553                           
   554  07E6                     l560:	
   555                           opt subtitle "HI-TECH Software Omniscient Code Generator (Lite mode) build 49521"
   556  07E6  1283               	bcf	status, 5	;RP0=0, select bank0
   557  07E7  1303               	bcf	status, 6	;RP1=0, select bank0
   558  07E8  1905               	btfsc	(42/8),(42)&7	;volatile
   559  07E9  2FEB               	goto	u51
   560  07EA  2FEC               	goto	u50
   561  07EB                     u51:
   562  07EB  2FF1               	goto	l564
   563  07EC                     u50:
   564                           opt subtitle "HI-TECH Software Omniscient Code Generator (Lite mode) build 49521"
   565                           
   566  07EC                     l562:	
   567                           opt subtitle "HI-TECH Software Omniscient Code Generator (Lite mode) build 49521"
   568  07EC  3033               	movlw	(033h)
   569  07ED  118A  27A4  118A   	fcall	_putch
   570  07F0  2FF1               	goto	l564
   571                           opt subtitle "HI-TECH Software Omniscient Code Generator (Lite mode) build 49521"
   572  07F1                     l65:	
   573                           opt subtitle "HI-TECH Software Omniscient Code Generator (Lite mode) build 49521"
   574                           
   575  07F1                     l564:	
   576                           opt subtitle "HI-TECH Software Omniscient Code Generator (Lite mode) build 49521"
   577  07F1  1283               	bcf	status, 5	;RP0=0, select bank0
   578  07F2  1303               	bcf	status, 6	;RP1=0, select bank0
   579  07F3  1985               	btfsc	(43/8),(43)&7	;volatile
   580  07F4  2FF6               	goto	u61
   581  07F5  2FF7               	goto	u60
   582  07F6                     u61:
   583  07F6  2FD0               	goto	l552
   584  07F7                     u60:
   585                           opt subtitle "HI-TECH Software Omniscient Code Generator (Lite mode) build 49521"
   586                           
   587  07F7                     l566:	
   588                           opt subtitle "HI-TECH Software Omniscient Code Generator (Lite mode) build 49521"
   589  07F7  3034               	movlw	(034h)
   590  07F8  118A  27A4  118A   	fcall	_putch
   591  07FB  2FD0               	goto	l552
   592                           opt subtitle "HI-TECH Software Omniscient Code Generator (Lite mode) build 49521"
   593  07FC                     l66:	
   594  07FC  2FD0               	goto	l552
   595                           opt subtitle "HI-TECH Software Omniscient Code Generator (Lite mode) build 49521"
   596                           
   597  07FD                     l67:	
   598                           opt subtitle "HI-TECH Software Omniscient Code Generator (Lite mode) build 49521"
   599  07FD  2FD0               	goto	l552
   600                           opt subtitle "HI-TECH Software Omniscient Code Generator (Lite mode) build 49521"
   601  07FE                     l68:	
   602                           opt subtitle "HI-TECH Software Omniscient Code Generator (Lite mode) build 49521"
   603                           
   604  07FE                     l69:	
   605                           opt subtitle "HI-TECH Software Omniscient Code Generator (Lite mode) build 49521"
   606  07FE  118A  2800         	ljmp	start
   607                           opt subtitle "HI-TECH Software Omniscient Code Generator (Lite mode) build 49521"
   608                           
   609  0800                     	__end_of_main:
   610                           opt subtitle "HI-TECH Software Omniscient Code Generator (Lite mode) build 49521"
   611                           
   612                           opt pagewidth 120
   613                           
   614                           	opt lm
   615                           
   616                           	processor	16F88
   617                           clrc	macro
   618                           	bcf	3,0
   619                           	endm
   620                           clrz	macro
   621                           	bcf	3,2
   622                           	endm
   623                           setc	macro
   624                           	bsf	3,0
   625                           	endm
   626                           setz	macro
   627                           	bsf	3,2
   628                           	endm
   629                           skipc	macro
   630                           	btfss	3,0
   631                           	endm
   632                           skipz	macro
   633                           	btfss	3,2
   634                           	endm
   635                           skipnc	macro
   636                           	btfsc	3,0
   637                           	endm
   638                           skipnz	macro
   639                           	btfsc	3,2
   640                           	endm
   641                           indf	equ	0
   642                           indf0	equ	0
   643                           pc	equ	2
   644  07A4                     __ptext52:	;psect for function _putch
   645                           opt subtitle "HI-TECH Software Omniscient Code Generator (Lite mode) build 49521"
   646                           
   647                           opt pagewidth 120
   648                           
   649  000C                     	__size_of_putch	equ	__end_of_putch-_putch
   650                           opt subtitle "HI-TECH Software Omniscient Code Generator (Lite mode) build 49521"
   651  07A4                     _putch:	
   652                           opt subtitle "HI-TECH Software Omniscient Code Generator (Lite mode) build 49521"
   653                           
   654                           opt pagewidth 120
   655  07A4  00F0               	movwf	(putch@byte)
   656                           opt subtitle "HI-TECH Software Omniscient Code Generator (Lite mode) build 49521"
   657                           
   658  07A5                     l526:	
   659                           opt subtitle "HI-TECH Software Omniscient Code Generator (Lite mode) build 49521"
   660  07A5  2FA6               	goto	l21
   661                           opt subtitle "HI-TECH Software Omniscient Code Generator (Lite mode) build 49521"
   662  07A6                     l22:	
   663                           opt subtitle "HI-TECH Software Omniscient Code Generator (Lite mode) build 49521"
   664                           
   665                           opt pagewidth 120
   666  07A6                     l21:	
   667                           opt subtitle "HI-TECH Software Omniscient Code Generator (Lite mode) build 49521"
   668  07A6  1283               	bcf	status, 5	;RP0=0, select bank0
   669  07A7  1303               	bcf	status, 6	;RP1=0, select bank0
   670  07A8  1E0C               	btfss	(100/8),(100)&7	;volatile
   671  07A9  2FAB               	goto	u11
   672  07AA  2FAC               	goto	u10
   673  07AB                     u11:
   674  07AB  2FA6               	goto	l21
   675  07AC                     u10:
   676  07AC  2FAD               	goto	l528
   677                           opt subtitle "HI-TECH Software Omniscient Code Generator (Lite mode) build 49521"
   678  07AD                     l23:	
   679                           opt subtitle "HI-TECH Software Omniscient Code Generator (Lite mode) build 49521"
   680                           
   681  07AD                     l528:	
   682                           opt subtitle "HI-TECH Software Omniscient Code Generator (Lite mode) build 49521"
   683  07AD  0870               	movf	(putch@byte),w
   684  07AE  0099               	movwf	(25)	;volatile
   685                           opt subtitle "HI-TECH Software Omniscient Code Generator (Lite mode) build 49521"
   686                           
   687  07AF                     l24:	
   688  07AF  0008               	return
   689                           opt subtitle "HI-TECH Software Omniscient Code Generator (Lite mode) build 49521"
   690                           
   691  07B0                     	__end_of_putch:
   692                           opt subtitle "HI-TECH Software Omniscient Code Generator (Lite mode) build 49521"
   693                           
   694                           opt pagewidth 120
   695                           
   696                           	opt lm
   697                           
   698                           	processor	16F88
   699                           clrc	macro
   700                           	bcf	3,0
   701                           	endm
   702                           clrz	macro
   703                           	bcf	3,2
   704                           	endm
   705                           setc	macro
   706                           	bsf	3,0
   707                           	endm
   708                           setz	macro
   709                           	bsf	3,2
   710                           	endm
   711                           skipc	macro
   712                           	btfss	3,0
   713                           	endm
   714                           skipz	macro
   715                           	btfss	3,2
   716                           	endm
   717                           skipnc	macro
   718                           	btfsc	3,0
   719                           	endm
   720                           skipnz	macro
   721                           	btfsc	3,2
   722                           	endm
   723                           indf	equ	0
   724                           indf0	equ	0
   725                           pc	equ	2
   726  07B0                     __ptext53:	;psect for function _init
   727                           opt subtitle "HI-TECH Software Omniscient Code Generator (Lite mode) build 49521"
   728                           
   729                           opt pagewidth 120
   730                           
   731  000D                     	__size_of_init	equ	__end_of_init-_init
   732                           opt subtitle "HI-TECH Software Omniscient Code Generator (Lite mode) build 49521"
   733  07B0                     _init:	
   734                           opt subtitle "HI-TECH Software Omniscient Code Generator (Lite mode) build 49521"
   735                           
   736                           opt pagewidth 120
   737                           
   738  07B0                     l544:	
   739                           opt subtitle "HI-TECH Software Omniscient Code Generator (Lite mode) build 49521"
   740  07B0  3060               	movlw	(060h)
   741  07B1  1683               	bsf	status, 5	;RP0=1, select bank1
   742  07B2  1303               	bcf	status, 6	;RP1=0, select bank1
   743  07B3  008F               	movwf	(143)^080h	;volatile
   744                           opt subtitle "HI-TECH Software Omniscient Code Generator (Lite mode) build 49521"
   745                           
   746  07B4  300F               	movlw	(0Fh)
   747  07B5  0085               	movwf	(133)^080h	;volatile
   748                           opt subtitle "HI-TECH Software Omniscient Code Generator (Lite mode) build 49521"
   749                           
   750  07B6  3004               	movlw	(04h)
   751  07B7  0086               	movwf	(134)^080h	;volatile
   752                           opt subtitle "HI-TECH Software Omniscient Code Generator (Lite mode) build 49521"
   753                           
   754  07B8                     l546:	
   755                           opt subtitle "HI-TECH Software Omniscient Code Generator (Lite mode) build 49521"
   756  07B8  019B               	clrf	(155)^080h	;volatile
   757                           opt subtitle "HI-TECH Software Omniscient Code Generator (Lite mode) build 49521"
   758                           
   759  07B9                     l548:	
   760                           opt subtitle "HI-TECH Software Omniscient Code Generator (Lite mode) build 49521"
   761  07B9  118A  27BD  118A   	fcall	_init_comms
   762                           opt subtitle "HI-TECH Software Omniscient Code Generator (Lite mode) build 49521"
   763                           
   764  07BC                     l59:	
   765  07BC  0008               	return
   766                           opt subtitle "HI-TECH Software Omniscient Code Generator (Lite mode) build 49521"
   767                           
   768  07BD                     	__end_of_init:
   769                           opt subtitle "HI-TECH Software Omniscient Code Generator (Lite mode) build 49521"
   770                           
   771                           opt pagewidth 120
   772                           
   773                           	opt lm
   774                           
   775                           	processor	16F88
   776                           clrc	macro
   777                           	bcf	3,0
   778                           	endm
   779                           clrz	macro
   780                           	bcf	3,2
   781                           	endm
   782                           setc	macro
   783                           	bsf	3,0
   784                           	endm
   785                           setz	macro
   786                           	bsf	3,2
   787                           	endm
   788                           skipc	macro
   789                           	btfss	3,0
   790                           	endm
   791                           skipz	macro
   792                           	btfss	3,2
   793                           	endm
   794                           skipnc	macro
   795                           	btfsc	3,0
   796                           	endm
   797                           skipnz	macro
   798                           	btfsc	3,2
   799                           	endm
   800                           indf	equ	0
   801                           indf0	equ	0
   802  07BD                     __ptext54:	;psect for function _init_comms
   803                           opt subtitle "HI-TECH Software Omniscient Code Generator (Lite mode) build 49521"
   804                           
   805                           opt pagewidth 120
   806                           
   807  000F                     	__size_of_init_comms	equ	__end_of_init_comms-_init_comms
   808                           opt subtitle "HI-TECH Software Omniscient Code Generator (Lite mode) build 49521"
   809  07BD                     _init_comms:	
   810                           opt subtitle "HI-TECH Software Omniscient Code Generator (Lite mode) build 49521"
   811                           
   812                           opt pagewidth 120
   813                           
   814  07BD                     l540:	
   815                           opt subtitle "HI-TECH Software Omniscient Code Generator (Lite mode) build 49521"
   816  07BD  1683               	bsf	status, 5	;RP0=1, select bank1
   817  07BE  1303               	bcf	status, 6	;RP1=0, select bank1
   818  07BF  1506               	bsf	(1074/8)^080h,(1074)&7	;volatile
   819                           opt subtitle "HI-TECH Software Omniscient Code Generator (Lite mode) build 49521"
   820                           
   821  07C0  1686               	bsf	(1077/8)^080h,(1077)&7	;volatile
   822                           opt subtitle "HI-TECH Software Omniscient Code Generator (Lite mode) build 49521"
   823                           
   824  07C1                     l542:	
   825                           opt subtitle "HI-TECH Software Omniscient Code Generator (Lite mode) build 49521"
   826  07C1  3033               	movlw	(033h)
   827  07C2  0099               	movwf	(153)^080h	;volatile
   828                           opt subtitle "HI-TECH Software Omniscient Code Generator (Lite mode) build 49521"
   829                           
   830  07C3  3090               	movlw	(090h)
   831  07C4  1283               	bcf	status, 5	;RP0=0, select bank0
   832  07C5  1303               	bcf	status, 6	;RP1=0, select bank0
   833  07C6  0098               	movwf	(24)	;volatile
   834                           opt subtitle "HI-TECH Software Omniscient Code Generator (Lite mode) build 49521"
   835                           
   836  07C7  3020               	movlw	(020h)
   837  07C8  1683               	bsf	status, 5	;RP0=1, select bank1
   838  07C9  1303               	bcf	status, 6	;RP1=0, select bank1
   839  07CA  0098               	movwf	(152)^080h	;volatile
   840                           opt subtitle "HI-TECH Software Omniscient Code Generator (Lite mode) build 49521"
   841                           
   842  07CB                     l36:	
   843  07CB  0008               	return
   844                           opt subtitle "HI-TECH Software Omniscient Code Generator (Lite mode) build 49521"
   845                           
   846  07CC                     	__end_of_init_comms:
   847                           opt subtitle "HI-TECH Software Omniscient Code Generator (Lite mode) build 49521"
   848                           
   849                           opt pagewidth 120
   850  0000                     __ptext55:	;psect for function _init_comms
   851                           opt subtitle "HI-TECH Software Omniscient Code Generator (Lite mode) build 49521"
   852  007E                     	btemp set 07Eh
   853                           opt subtitle "HI-TECH Software Omniscient Code Generator (Lite mode) build 49521"
   854                           
   855                           opt pagewidth 120
   856  007E                     	wtemp0 set btemp


Data Sizes:
    Strings     0
    Constant    0
    Data        0
    BSS         0
    Persistent  0
    Stack       0

Auto Spaces:
    Space          Size  Autos    Used
    COMMON           14      1       1
    BANK0            80      0       0
    BANK1            80      0       0
    BANK3            96      0       0
    BANK2            96      0       0

Pointer List with Targets:

    None.

Critical Paths under _main in COMMON

    _main->_putch

Critical Paths under _main in BANK0

    None.

Critical Paths under _main in BANK1

    None.

Critical Paths under _main in BANK3

    None.

Critical Paths under _main in BANK2

    None.

Call Graph Tables:

 ---------------------------------------------------------------------------------
 (Depth) Function   	        Calls       Base Space   Used Autos Params    Refs
 ---------------------------------------------------------------------------------
 (0) _main                                                 0     0      0      15
                               _init
                              _putch
 ---------------------------------------------------------------------------------
 (1) _putch                                                1     1      0      15
                                              0 COMMON     1     1      0
 ---------------------------------------------------------------------------------
 (1) _init                                                 0     0      0       0
                         _init_comms
 ---------------------------------------------------------------------------------
 (2) _init_comms                                           0     0      0       0
 ---------------------------------------------------------------------------------
 Estimated maximum stack depth 2
 ---------------------------------------------------------------------------------

 Call Graph Graphs:

 _main (ROOT)
   _init
     _init_comms
   _putch

 Address spaces:
Name               Size   Autos  Total    Cost      Usage
BITCOMMON            E      0       0       0        0.0%
EEDATA             100      0       0       0        0.0%
NULL                 0      0       0       0        0.0%
CODE                 0      0       0       0        0.0%
COMMON               E      1       1       1        7.1%
BITSFR0              0      0       0       1        0.0%
SFR0                 0      0       0       1        0.0%
BITSFR1              0      0       0       2        0.0%
SFR1                 0      0       0       2        0.0%
STACK                0      0       2       2        0.0%
ABS                  0      0       0       3        0.0%
BITBANK0            50      0       0       4        0.0%
BITSFR3              0      0       0       4        0.0%
SFR3                 0      0       0       4        0.0%
BANK0               50      0       0       5        0.0%
BITSFR2              0      0       0       5        0.0%
SFR2                 0      0       0       5        0.0%
BITBANK1            50      0       0       6        0.0%
BANK1               50      0       0       7        0.0%
BITBANK3            60      0       0       8        0.0%
BANK3               60      0       0       9        0.0%
BITBANK2            60      0       0      10        0.0%
BANK2               60      0       0      11        0.0%
DATA                 0      0       0      12        0.0%


Microchip Technology PIC Macro Assembler V1.12 build 49521 
Symbol Table                                                                                   Tue Mar 19 12:00:40 2013

            __CFG_CP$OFF 0000                       l21 07A6                       l22 07A6  
                     l23 07AD                       l24 07AF                       l36 07CB  
                     l62 07D0                       l63 07DB                       l64 07E6  
                     l65 07F1                       l66 07FC                       l59 07BC  
                     l67 07FD                       l68 07FE                       l69 07FE  
                     u10 07AC                       u11 07AB                       u30 07D6  
                     u31 07D5                       u40 07E1                       u41 07E0  
                     u50 07EC                       u51 07EB                       u60 07F7  
                     u61 07F6                      l540 07BD                      l542 07C1  
                    l526 07A5                      l550 07CC                      l544 07B0  
                    l528 07AD                      l560 07E6                      l552 07D0  
                    l546 07B8                      l562 07EC                      l554 07D6  
                    l548 07B9                      l564 07F1                      l556 07DB  
                    l566 07F7                      l558 07E1                      _RA0 0028  
                    _RA1 0029                      _RA2 002A                      _RA3 002B  
           __CFG_CPD$OFF 0000             __CFG_LVP$OFF 0000                     _RCIF 0065  
                   _TXIF 0064             __CFG_WRT$OFF 0000                     _main 07CC  
                   _init 07B0                     btemp 007E                     start 0000  
          __CFG_IESO$OFF 0000                    ?_main 0070                    ?_init 0070  
          __CFG_WDTE$OFF 0000                    _ANSEL 009B           __CFG_DEBUG$OFF 0000  
                  _RCREG 001A                    _RCSTA 0018                    _SPBRG 0099  
                  _TRISA 0085                    _TRISB 0086                    _TXREG 0019  
                  _TXSTA 0098           __CFG_CCPMX$RB0 0000           __CFG_FCMEN$OFF 0000  
                  _putch 07A4           __CFG_BOREN$OFF 0000                    status 0003  
                  wtemp0 007E           __CFG_MCLRE$OFF 0000          __initialization 07A1  
           __end_of_main 0800             __end_of_init 07BD                   ??_main 0071  
                 ??_init 0070                   ?_putch 0070                   _OSCCON 008F  
                 _TRISB2 0432                   _TRISB5 0435           __CFG_PWRTE$OFF 0000  
__end_of__initialization 07A1           __pcstackCOMMON 0070            __end_of_putch 07B0  
                ??_putch 0070               __pmaintext 07CC               _init_comms 07BD  
   end_of_initialization 07A1              ?_init_comms 0070      start_initialization 07A1  
    __size_of_init_comms 000F           __size_of_putch 000C             ??_init_comms 0070  
               __ptext51 0000                 __ptext52 07A4                 __ptext53 07B0  
               __ptext54 07BD                 __ptext55 0000            __size_of_main 0034  
     __end_of_init_comms 07CC            __size_of_init 000D                putch@byte 0070  
     __CFG_FOSC$INTOSCIO 0000  
