

Microchip Technology PIC LITE Macro Assembler V1.12 build 49521 
                                                                                               Mon Feb 25 21:04:40 2013

HI-TECH Software Omniscient Code Generator (Lite mode) build 49521
     1  0000                     opt subtitle "HI-TECH Software Omniscient Code Generator (Lite mode) build 49521"
     2                           opt subtitle "HI-TECH Software Omniscient Code Generator (Lite mode) build 49521"
     3                           
     4                           opt pagewidth 120
     5                           
     6                           	opt lm
     7                           
     8                           	processor	16F88
     9                           clrc	macro
    10  0000                     	endm
    11                           opt subtitle "HI-TECH Software Omniscient Code Generator (Lite mode) build 49521"
    12                           
    13  0000                     	endm
    14                           opt subtitle "HI-TECH Software Omniscient Code Generator (Lite mode) build 49521"
    15                           
    16  0000                     	endm
    17                           opt subtitle "HI-TECH Software Omniscient Code Generator (Lite mode) build 49521"
    18                           
    19  0000                     	endm
    20                           opt subtitle "HI-TECH Software Omniscient Code Generator (Lite mode) build 49521"
    21                           
    22  0000                     	endm
    23                           opt subtitle "HI-TECH Software Omniscient Code Generator (Lite mode) build 49521"
    24                           
    25  0000                     	endm
    26                           opt subtitle "HI-TECH Software Omniscient Code Generator (Lite mode) build 49521"
    27                           
    28  0000                     	endm
    29                           opt subtitle "HI-TECH Software Omniscient Code Generator (Lite mode) build 49521"
    30                           
    31  0000                     	endm
    32  0000                     indf	equ	0
    33  0000                     indf0	equ	0
    34  0002                     pc	equ	2
    35  0002                     pcl	equ	2
    36  0003                     status	equ	3
    37  0004                     fsr	equ	4
    38  0004                     fsr0	equ	4
    39  0001                     c	equ	1
    40  0000                     z	equ	0
    41  000A                     pclath	equ	10
    42                           opt subtitle "HI-TECH Software Omniscient Code Generator (Lite mode) build 49521"
    43  0000                     INDF equ 00h ;# 
    44                           opt subtitle "HI-TECH Software Omniscient Code Generator (Lite mode) build 49521"
    45  0001                     TMR0 equ 01h ;# 
    46                           opt subtitle "HI-TECH Software Omniscient Code Generator (Lite mode) build 49521"
    47  0002                     PCL equ 02h ;# 
    48                           opt subtitle "HI-TECH Software Omniscient Code Generator (Lite mode) build 49521"
    49  0003                     STATUS equ 03h ;# 
    50                           opt subtitle "HI-TECH Software Omniscient Code Generator (Lite mode) build 49521"
    51  0004                     FSR equ 04h ;# 
    52                           opt subtitle "HI-TECH Software Omniscient Code Generator (Lite mode) build 49521"
    53  0005                     PORTA equ 05h ;# 
    54                           opt subtitle "HI-TECH Software Omniscient Code Generator (Lite mode) build 49521"
    55  0006                     PORTB equ 06h ;# 
    56                           opt subtitle "HI-TECH Software Omniscient Code Generator (Lite mode) build 49521"
    57  000A                     PCLATH equ 0Ah ;# 
    58                           opt subtitle "HI-TECH Software Omniscient Code Generator (Lite mode) build 49521"
    59  000B                     INTCON equ 0Bh ;# 
    60                           opt subtitle "HI-TECH Software Omniscient Code Generator (Lite mode) build 49521"
    61  000C                     PIR1 equ 0Ch ;# 
    62                           opt subtitle "HI-TECH Software Omniscient Code Generator (Lite mode) build 49521"
    63  000D                     PIR2 equ 0Dh ;# 
    64                           opt subtitle "HI-TECH Software Omniscient Code Generator (Lite mode) build 49521"
    65  000E                     TMR1 equ 0Eh ;# 
    66                           opt subtitle "HI-TECH Software Omniscient Code Generator (Lite mode) build 49521"
    67  000E                     TMR1L equ 0Eh ;# 
    68                           opt subtitle "HI-TECH Software Omniscient Code Generator (Lite mode) build 49521"
    69  000F                     TMR1H equ 0Fh ;# 
    70                           opt subtitle "HI-TECH Software Omniscient Code Generator (Lite mode) build 49521"
    71  0010                     T1CON equ 010h ;# 
    72                           opt subtitle "HI-TECH Software Omniscient Code Generator (Lite mode) build 49521"
    73  0011                     TMR2 equ 011h ;# 
    74                           opt subtitle "HI-TECH Software Omniscient Code Generator (Lite mode) build 49521"
    75  0012                     T2CON equ 012h ;# 
    76                           opt subtitle "HI-TECH Software Omniscient Code Generator (Lite mode) build 49521"
    77  0013                     SSPBUF equ 013h ;# 
    78                           opt subtitle "HI-TECH Software Omniscient Code Generator (Lite mode) build 49521"
    79  0014                     SSPCON equ 014h ;# 
    80                           opt subtitle "HI-TECH Software Omniscient Code Generator (Lite mode) build 49521"
    81  0015                     CCPR1 equ 015h ;# 
    82                           opt subtitle "HI-TECH Software Omniscient Code Generator (Lite mode) build 49521"
    83  0015                     CCPR1L equ 015h ;# 
    84                           opt subtitle "HI-TECH Software Omniscient Code Generator (Lite mode) build 49521"
    85  0016                     CCPR1H equ 016h ;# 
    86                           opt subtitle "HI-TECH Software Omniscient Code Generator (Lite mode) build 49521"
    87  0017                     CCP1CON equ 017h ;# 
    88                           opt subtitle "HI-TECH Software Omniscient Code Generator (Lite mode) build 49521"
    89  0018                     RCSTA equ 018h ;# 
    90                           opt subtitle "HI-TECH Software Omniscient Code Generator (Lite mode) build 49521"
    91  0019                     TXREG equ 019h ;# 
    92                           opt subtitle "HI-TECH Software Omniscient Code Generator (Lite mode) build 49521"
    93  001A                     RCREG equ 01Ah ;# 
    94                           opt subtitle "HI-TECH Software Omniscient Code Generator (Lite mode) build 49521"
    95  001E                     ADRESH equ 01Eh ;# 
    96                           opt subtitle "HI-TECH Software Omniscient Code Generator (Lite mode) build 49521"
    97  001F                     ADCON0 equ 01Fh ;# 
    98                           opt subtitle "HI-TECH Software Omniscient Code Generator (Lite mode) build 49521"
    99  0081                     OPTION_REG equ 081h ;# 
   100                           opt subtitle "HI-TECH Software Omniscient Code Generator (Lite mode) build 49521"
   101  0085                     TRISA equ 085h ;# 
   102                           opt subtitle "HI-TECH Software Omniscient Code Generator (Lite mode) build 49521"
   103  0086                     TRISB equ 086h ;# 
   104                           opt subtitle "HI-TECH Software Omniscient Code Generator (Lite mode) build 49521"
   105  008C                     PIE1 equ 08Ch ;# 
   106                           opt subtitle "HI-TECH Software Omniscient Code Generator (Lite mode) build 49521"
   107  008D                     PIE2 equ 08Dh ;# 
   108                           opt subtitle "HI-TECH Software Omniscient Code Generator (Lite mode) build 49521"
   109  008E                     PCON equ 08Eh ;# 
   110                           opt subtitle "HI-TECH Software Omniscient Code Generator (Lite mode) build 49521"
   111  008F                     OSCCON equ 08Fh ;# 
   112                           opt subtitle "HI-TECH Software Omniscient Code Generator (Lite mode) build 49521"
   113  0090                     OSCTUNE equ 090h ;# 
   114                           opt subtitle "HI-TECH Software Omniscient Code Generator (Lite mode) build 49521"
   115  0092                     PR2 equ 092h ;# 
   116                           opt subtitle "HI-TECH Software Omniscient Code Generator (Lite mode) build 49521"
   117  0093                     SSPADD equ 093h ;# 
   118                           opt subtitle "HI-TECH Software Omniscient Code Generator (Lite mode) build 49521"
   119  0094                     SSPSTAT equ 094h ;# 
   120                           opt subtitle "HI-TECH Software Omniscient Code Generator (Lite mode) build 49521"
   121  0098                     TXSTA equ 098h ;# 
   122                           opt subtitle "HI-TECH Software Omniscient Code Generator (Lite mode) build 49521"
   123  0099                     SPBRG equ 099h ;# 
   124                           opt subtitle "HI-TECH Software Omniscient Code Generator (Lite mode) build 49521"
   125  009B                     ANSEL equ 09Bh ;# 
   126                           opt subtitle "HI-TECH Software Omniscient Code Generator (Lite mode) build 49521"
   127  009C                     CMCON equ 09Ch ;# 
   128                           opt subtitle "HI-TECH Software Omniscient Code Generator (Lite mode) build 49521"
   129  009D                     CVRCON equ 09Dh ;# 
   130                           opt subtitle "HI-TECH Software Omniscient Code Generator (Lite mode) build 49521"
   131  009E                     ADRESL equ 09Eh ;# 
   132                           opt subtitle "HI-TECH Software Omniscient Code Generator (Lite mode) build 49521"
   133  009F                     ADCON1 equ 09Fh ;# 
   134                           opt subtitle "HI-TECH Software Omniscient Code Generator (Lite mode) build 49521"
   135  0105                     WDTCON equ 0105h ;# 
   136                           opt subtitle "HI-TECH Software Omniscient Code Generator (Lite mode) build 49521"
   137  010C                     EEDATA equ 010Ch ;# 
   138                           opt subtitle "HI-TECH Software Omniscient Code Generator (Lite mode) build 49521"
   139  010D                     EEADR equ 010Dh ;# 
   140                           opt subtitle "HI-TECH Software Omniscient Code Generator (Lite mode) build 49521"
   141  010E                     EEDATH equ 010Eh ;# 
   142                           opt subtitle "HI-TECH Software Omniscient Code Generator (Lite mode) build 49521"
   143  010F                     EEADRH equ 010Fh ;# 
   144                           opt subtitle "HI-TECH Software Omniscient Code Generator (Lite mode) build 49521"
   145  018C                     EECON1 equ 018Ch ;# 
   146                           opt subtitle "HI-TECH Software Omniscient Code Generator (Lite mode) build 49521"
   147  018D                     EECON2 equ 018Dh ;# 
   148                           opt subtitle "HI-TECH Software Omniscient Code Generator (Lite mode) build 49521"
   149                           
   150                           opt pagewidth 120
   151  0028                     _RA0	set	0x28
   152                           opt subtitle "HI-TECH Software Omniscient Code Generator (Lite mode) build 49521"
   153  0029                     _RA1	set	0x29
   154                           opt subtitle "HI-TECH Software Omniscient Code Generator (Lite mode) build 49521"
   155  002A                     _RA2	set	0x2A
   156                           opt subtitle "HI-TECH Software Omniscient Code Generator (Lite mode) build 49521"
   157  002B                     _RA3	set	0x2B
   158                           opt subtitle "HI-TECH Software Omniscient Code Generator (Lite mode) build 49521"
   159  0030                     _RB0	set	0x30
   160                           opt subtitle "HI-TECH Software Omniscient Code Generator (Lite mode) build 49521"
   161  0031                     _RB1	set	0x31
   162                           opt subtitle "HI-TECH Software Omniscient Code Generator (Lite mode) build 49521"
   163  0032                     _RB2	set	0x32
   164                           opt subtitle "HI-TECH Software Omniscient Code Generator (Lite mode) build 49521"
   165  0033                     _RB3	set	0x33
   166                           opt subtitle "HI-TECH Software Omniscient Code Generator (Lite mode) build 49521"
   167  009B                     _ANSEL	set	0x9B
   168                           opt subtitle "HI-TECH Software Omniscient Code Generator (Lite mode) build 49521"
   169  008F                     _OSCCON	set	0x8F
   170                           opt subtitle "HI-TECH Software Omniscient Code Generator (Lite mode) build 49521"
   171  0085                     _TRISA	set	0x85
   172                           opt subtitle "HI-TECH Software Omniscient Code Generator (Lite mode) build 49521"
   173  0086                     _TRISB	set	0x86
   174                           opt subtitle "HI-TECH Software Omniscient Code Generator (Lite mode) build 49521"
   175                           
   176  0000                     __ptext24:	;psect for function _init
   177                           opt subtitle "HI-TECH Software Omniscient Code Generator (Lite mode) build 49521"
   178                           
   179  0000                     __CFG_BOREN$OFF equ 0x0
   180                           opt subtitle "HI-TECH Software Omniscient Code Generator (Lite mode) build 49521"
   181  0000                     __CFG_CPD$OFF equ 0x0
   182                           opt subtitle "HI-TECH Software Omniscient Code Generator (Lite mode) build 49521"
   183  0000                     __CFG_CCPMX$RB0 equ 0x0
   184                           opt subtitle "HI-TECH Software Omniscient Code Generator (Lite mode) build 49521"
   185  0000                     __CFG_DEBUG$OFF equ 0x0
   186                           opt subtitle "HI-TECH Software Omniscient Code Generator (Lite mode) build 49521"
   187  0000                     __CFG_WRT$OFF equ 0x0
   188                           opt subtitle "HI-TECH Software Omniscient Code Generator (Lite mode) build 49521"
   189  0000                     __CFG_FOSC$INTOSCIO equ 0x0
   190                           opt subtitle "HI-TECH Software Omniscient Code Generator (Lite mode) build 49521"
   191  0000                     __CFG_MCLRE$OFF equ 0x0
   192                           opt subtitle "HI-TECH Software Omniscient Code Generator (Lite mode) build 49521"
   193  0000                     __CFG_WDTE$OFF equ 0x0
   194                           opt subtitle "HI-TECH Software Omniscient Code Generator (Lite mode) build 49521"
   195  0000                     __CFG_CP$OFF equ 0x0
   196                           opt subtitle "HI-TECH Software Omniscient Code Generator (Lite mode) build 49521"
   197  0000                     __CFG_LVP$OFF equ 0x0
   198                           opt subtitle "HI-TECH Software Omniscient Code Generator (Lite mode) build 49521"
   199  0000                     __CFG_PWRTE$OFF equ 0x0
   200                           opt subtitle "HI-TECH Software Omniscient Code Generator (Lite mode) build 49521"
   201  0000                     __CFG_IESO$OFF equ 0x0
   202                           opt subtitle "HI-TECH Software Omniscient Code Generator (Lite mode) build 49521"
   203  0000                     __CFG_FCMEN$OFF equ 0x0
   204                           opt subtitle "HI-TECH Software Omniscient Code Generator (Lite mode) build 49521"
   205                           
   206                           opt pagewidth 120
   207                           
   208  06F0                     start_initialization:
   209                           opt subtitle "HI-TECH Software Omniscient Code Generator (Lite mode) build 49521"
   210                           
   211  06F0                     __initialization:
   212                           opt subtitle "HI-TECH Software Omniscient Code Generator (Lite mode) build 49521"
   213                           
   214                           opt pagewidth 120
   215                           
   216                           	opt lm
   217  06F0                     end_of_initialization:
   218  06F0                     __end_of__initialization:clrf status
      + 06F0  0183               	clrf	3
   219  06F1  118A  2EFC         ljmp _main	;jump to C main() function
   220                           opt subtitle "HI-TECH Software Omniscient Code Generator (Lite mode) build 49521"
   221                           
   222  0070                     __pcstackCOMMON:
   223  0070                     ?_init:	; 0 bytes @ 0x0
   224  0070                     ??_init:	; 0 bytes @ 0x0
   225  0070                     ??_main:	; 0 bytes @ 0x0
   226  0070                     ?_main:	; 2 bytes @ 0x0
   227  0070                     	ds	3
   228                           opt subtitle "HI-TECH Software Omniscient Code Generator (Lite mode) build 49521"
   229  0073                     main@leftForward:	; 2 bytes @ 0x3
   230  0073                     	ds	2
   231                           opt subtitle "HI-TECH Software Omniscient Code Generator (Lite mode) build 49521"
   232  0075                     main@rightForward:	; 2 bytes @ 0x5
   233  0075                     	ds	2
   234                           opt subtitle "HI-TECH Software Omniscient Code Generator (Lite mode) build 49521"
   235  0077                     main@leftBackward:	; 2 bytes @ 0x7
   236  0077                     	ds	2
   237                           opt subtitle "HI-TECH Software Omniscient Code Generator (Lite mode) build 49521"
   238  0079                     main@rightBackward:	; 2 bytes @ 0x9
   239  0079                     	ds	2
   240                           opt subtitle "HI-TECH Software Omniscient Code Generator (Lite mode) build 49521"
   241                           
   242                           opt pagewidth 120
   243                           
   244                           	opt lm
   245                           
   246                           	processor	16F88
   247                           clrc	macro
   248                           	bcf	3,0
   249                           	endm
   250                           clrz	macro
   251                           	bcf	3,2
   252                           	endm
   253                           setc	macro
   254                           	bsf	3,0
   255                           	endm
   256                           setz	macro
   257                           	bsf	3,2
   258                           	endm
   259                           skipc	macro
   260                           	btfss	3,0
   261                           	endm
   262                           skipz	macro
   263                           	btfss	3,2
   264                           	endm
   265                           skipnc	macro
   266                           	btfsc	3,0
   267                           	endm
   268                           skipnz	macro
   269                           	btfsc	3,2
   270                           	endm
   271                           indf	equ	0
   272                           indf0	equ	0
   273                           pc	equ	2
   274                           pcl	equ	2
   275                           status	equ	3
   276                           fsr	equ	4
   277                           fsr0	equ	4
   278                           c	equ	1
   279                           z	equ	0
   280                           pclath	equ	10
   281                           # 46 "C:\Program Files (x86)\Microchip\xc8\v1.12\include\pic16f88.h"
   282                           INDF equ 00h ;# 
   283                           # 52 "C:\Program Files (x86)\Microchip\xc8\v1.12\include\pic16f88.h"
   284                           TMR0 equ 01h ;# 
   285                           # 58 "C:\Program Files (x86)\Microchip\xc8\v1.12\include\pic16f88.h"
   286                           PCL equ 02h ;# 
   287                           # 64 "C:\Program Files (x86)\Microchip\xc8\v1.12\include\pic16f88.h"
   288                           STATUS equ 03h ;# 
   289                           # 151 "C:\Program Files (x86)\Microchip\xc8\v1.12\include\pic16f88.h"
   290                           FSR equ 04h ;# 
   291                           # 157 "C:\Program Files (x86)\Microchip\xc8\v1.12\include\pic16f88.h"
   292                           PORTA equ 05h ;# 
   293                           # 218 "C:\Program Files (x86)\Microchip\xc8\v1.12\include\pic16f88.h"
   294                           PORTB equ 06h ;# 
   295                           # 279 "C:\Program Files (x86)\Microchip\xc8\v1.12\include\pic16f88.h"
   296                           PCLATH equ 0Ah ;# 
   297                           # 298 "C:\Program Files (x86)\Microchip\xc8\v1.12\include\pic16f88.h"
   298                           INTCON equ 0Bh ;# 
   299                           # 375 "C:\Program Files (x86)\Microchip\xc8\v1.12\include\pic16f88.h"
   300                           PIR1 equ 0Ch ;# 
   301                           # 430 "C:\Program Files (x86)\Microchip\xc8\v1.12\include\pic16f88.h"
   302                           PIR2 equ 0Dh ;# 
   303                           # 463 "C:\Program Files (x86)\Microchip\xc8\v1.12\include\pic16f88.h"
   304                           TMR1 equ 0Eh ;# 
   305                           # 469 "C:\Program Files (x86)\Microchip\xc8\v1.12\include\pic16f88.h"
   306                           TMR1L equ 0Eh ;# 
   307                           # 475 "C:\Program Files (x86)\Microchip\xc8\v1.12\include\pic16f88.h"
   308                           TMR1H equ 0Fh ;# 
   309                           # 481 "C:\Program Files (x86)\Microchip\xc8\v1.12\include\pic16f88.h"
   310                           T1CON equ 010h ;# 
   311                           # 552 "C:\Program Files (x86)\Microchip\xc8\v1.12\include\pic16f88.h"
   312                           TMR2 equ 011h ;# 
   313                           # 558 "C:\Program Files (x86)\Microchip\xc8\v1.12\include\pic16f88.h"
   314                           T2CON equ 012h ;# 
   315                           # 628 "C:\Program Files (x86)\Microchip\xc8\v1.12\include\pic16f88.h"
   316                           SSPBUF equ 013h ;# 
   317                           # 634 "C:\Program Files (x86)\Microchip\xc8\v1.12\include\pic16f88.h"
   318                           SSPCON equ 014h ;# 
   319                           # 703 "C:\Program Files (x86)\Microchip\xc8\v1.12\include\pic16f88.h"
   320                           CCPR1 equ 015h ;# 
   321                           # 709 "C:\Program Files (x86)\Microchip\xc8\v1.12\include\pic16f88.h"
   322                           CCPR1L equ 015h ;# 
   323                           # 715 "C:\Program Files (x86)\Microchip\xc8\v1.12\include\pic16f88.h"
   324                           CCPR1H equ 016h ;# 
   325                           # 721 "C:\Program Files (x86)\Microchip\xc8\v1.12\include\pic16f88.h"
   326                           CCP1CON equ 017h ;# 
   327                           # 778 "C:\Program Files (x86)\Microchip\xc8\v1.12\include\pic16f88.h"
   328                           RCSTA equ 018h ;# 
   329                           # 872 "C:\Program Files (x86)\Microchip\xc8\v1.12\include\pic16f88.h"
   330                           TXREG equ 019h ;# 
   331                           # 878 "C:\Program Files (x86)\Microchip\xc8\v1.12\include\pic16f88.h"
   332                           RCREG equ 01Ah ;# 
   333                           # 884 "C:\Program Files (x86)\Microchip\xc8\v1.12\include\pic16f88.h"
   334                           ADRESH equ 01Eh ;# 
   335                           # 890 "C:\Program Files (x86)\Microchip\xc8\v1.12\include\pic16f88.h"
   336                           ADCON0 equ 01Fh ;# 
   337                           # 985 "C:\Program Files (x86)\Microchip\xc8\v1.12\include\pic16f88.h"
   338                           OPTION_REG equ 081h ;# 
   339                           # 1054 "C:\Program Files (x86)\Microchip\xc8\v1.12\include\pic16f88.h"
   340                           TRISA equ 085h ;# 
   341                           # 1115 "C:\Program Files (x86)\Microchip\xc8\v1.12\include\pic16f88.h"
   342                           TRISB equ 086h ;# 
   343                           # 1176 "C:\Program Files (x86)\Microchip\xc8\v1.12\include\pic16f88.h"
   344                           PIE1 equ 08Ch ;# 
   345                           # 1231 "C:\Program Files (x86)\Microchip\xc8\v1.12\include\pic16f88.h"
   346                           PIE2 equ 08Dh ;# 
   347                           # 1264 "C:\Program Files (x86)\Microchip\xc8\v1.12\include\pic16f88.h"
   348                           PCON equ 08Eh ;# 
   349                           # 1297 "C:\Program Files (x86)\Microchip\xc8\v1.12\include\pic16f88.h"
   350                           OSCCON equ 08Fh ;# 
   351                           # 1367 "C:\Program Files (x86)\Microchip\xc8\v1.12\include\pic16f88.h"
   352                           OSCTUNE equ 090h ;# 
   353                           # 1424 "C:\Program Files (x86)\Microchip\xc8\v1.12\include\pic16f88.h"
   354                           PR2 equ 092h ;# 
   355                           # 1430 "C:\Program Files (x86)\Microchip\xc8\v1.12\include\pic16f88.h"
   356                           SSPADD equ 093h ;# 
   357                           # 1436 "C:\Program Files (x86)\Microchip\xc8\v1.12\include\pic16f88.h"
   358                           SSPSTAT equ 094h ;# 
   359                           # 1604 "C:\Program Files (x86)\Microchip\xc8\v1.12\include\pic16f88.h"
   360                           TXSTA equ 098h ;# 
   361                           # 1684 "C:\Program Files (x86)\Microchip\xc8\v1.12\include\pic16f88.h"
   362                           SPBRG equ 099h ;# 
   363                           # 1690 "C:\Program Files (x86)\Microchip\xc8\v1.12\include\pic16f88.h"
   364                           ANSEL equ 09Bh ;# 
   365                           # 1745 "C:\Program Files (x86)\Microchip\xc8\v1.12\include\pic16f88.h"
   366                           CMCON equ 09Ch ;# 
   367                           # 1814 "C:\Program Files (x86)\Microchip\xc8\v1.12\include\pic16f88.h"
   368                           CVRCON equ 09Dh ;# 
   369                           # 1878 "C:\Program Files (x86)\Microchip\xc8\v1.12\include\pic16f88.h"
   370                           ADRESL equ 09Eh ;# 
   371                           # 1884 "C:\Program Files (x86)\Microchip\xc8\v1.12\include\pic16f88.h"
   372  06FC                     __pmaintext:	;psect for function _main
   373                           opt subtitle "HI-TECH Software Omniscient Code Generator (Lite mode) build 49521"
   374                           
   375                           opt pagewidth 120
   376                           
   377  0104                     	__size_of_main	equ	__end_of_main-_main
   378                           opt subtitle "HI-TECH Software Omniscient Code Generator (Lite mode) build 49521"
   379  06FC                     _main:	
   380                           opt subtitle "HI-TECH Software Omniscient Code Generator (Lite mode) build 49521"
   381                           
   382                           opt pagewidth 120
   383                           
   384  06FC                     l506:	
   385                           opt subtitle "HI-TECH Software Omniscient Code Generator (Lite mode) build 49521"
   386  06FC  118A  26F3  118A   	fcall	_init
   387                           opt subtitle "HI-TECH Software Omniscient Code Generator (Lite mode) build 49521"
   388                           
   389  06FF                     l508:	
   390                           opt subtitle "HI-TECH Software Omniscient Code Generator (Lite mode) build 49521"
   391  06FF  01F3               	clrf	(main@leftForward)
   392  0700  01F4               	clrf	(main@leftForward+1)
   393                           opt subtitle "HI-TECH Software Omniscient Code Generator (Lite mode) build 49521"
   394                           
   395  0701                     l510:	
   396                           opt subtitle "HI-TECH Software Omniscient Code Generator (Lite mode) build 49521"
   397  0701  01F5               	clrf	(main@rightForward)
   398  0702  01F6               	clrf	(main@rightForward+1)
   399                           opt subtitle "HI-TECH Software Omniscient Code Generator (Lite mode) build 49521"
   400                           
   401  0703                     l512:	
   402                           opt subtitle "HI-TECH Software Omniscient Code Generator (Lite mode) build 49521"
   403  0703  01F7               	clrf	(main@leftBackward)
   404  0704  01F8               	clrf	(main@leftBackward+1)
   405                           opt subtitle "HI-TECH Software Omniscient Code Generator (Lite mode) build 49521"
   406                           
   407  0705                     l514:	
   408                           opt subtitle "HI-TECH Software Omniscient Code Generator (Lite mode) build 49521"
   409  0705  01F9               	clrf	(main@rightBackward)
   410  0706  01FA               	clrf	(main@rightBackward+1)
   411  0707  2F08               	goto	l516
   412                           opt subtitle "HI-TECH Software Omniscient Code Generator (Lite mode) build 49521"
   413                           
   414                           opt pagewidth 120
   415  0708                     l32:	
   416                           opt subtitle "HI-TECH Software Omniscient Code Generator (Lite mode) build 49521"
   417                           
   418  0708                     l516:	
   419                           opt subtitle "HI-TECH Software Omniscient Code Generator (Lite mode) build 49521"
   420  0708  1283               	bcf	status, 5	;RP0=0, select bank0
   421  0709  1303               	bcf	status, 6	;RP1=0, select bank0
   422  070A  1806               	btfsc	(48/8),(48)&7	;volatile
   423  070B  2F0D               	goto	u11
   424  070C  2F0E               	goto	u10
   425  070D                     u11:
   426  070D  2F27               	goto	l524
   427  070E                     u10:
   428                           opt subtitle "HI-TECH Software Omniscient Code Generator (Lite mode) build 49521"
   429  070E                     l518:	
   430  070E  0878               	movf	((main@leftBackward+1)),w
   431  070F  0477               	iorwf	((main@leftBackward)),w
   432  0710  1D03               	skipz
   433  0711  2F13               	goto	u21
   434  0712  2F14               	goto	u20
   435  0713                     u21:
   436  0713  2F27               	goto	l524
   437  0714                     u20:
   438                           opt subtitle "HI-TECH Software Omniscient Code Generator (Lite mode) build 49521"
   439                           
   440  0714                     l520:	
   441                           opt subtitle "HI-TECH Software Omniscient Code Generator (Lite mode) build 49521"
   442  0714  3001               	movlw	low(01h)
   443  0715  00F3               	movwf	(main@leftForward)
   444  0716  3000               	movlw	high(01h)
   445  0717  00F4               	movwf	((main@leftForward))+1
   446                           opt subtitle "HI-TECH Software Omniscient Code Generator (Lite mode) build 49521"
   447                           
   448  0718                     l522:	
   449                           opt subtitle "HI-TECH Software Omniscient Code Generator (Lite mode) build 49521"
   450  0718  1405               	bsf	(40/8),(40)&7	;volatile
   451                           opt subtitle "HI-TECH Software Omniscient Code Generator (Lite mode) build 49521"
   452                           
   453                           opt pagewidth 120
   454  0719  3002               movlw  2
   455  071A  00F2               movwf	((??_main+0)+0+2),f
   456  071B  3004               movlw	4
   457  071C  00F1               movwf	((??_main+0)+0+1),f
   458  071D  30BA               	movlw	186
   459  071E  00F0               movwf	((??_main+0)+0),f
   460  071F                     u177:
   461  071F  0BF0               	decfsz	((??_main+0)+0),f
   462  0720  2F1F               	goto	u177
   463  0721  0BF1               	decfsz	((??_main+0)+0+1),f
   464  0722  2F1F               	goto	u177
   465  0723  0BF2               	decfsz	((??_main+0)+0+2),f
   466  0724  2F1F               	goto	u177
   467  0725  0000               	nop
   468                           opt subtitle "HI-TECH Software Omniscient Code Generator (Lite mode) build 49521"
   469                           
   470  0726  2F27               	goto	l524
   471                           opt subtitle "HI-TECH Software Omniscient Code Generator (Lite mode) build 49521"
   472                           
   473  0727                     l33:	
   474                           opt subtitle "HI-TECH Software Omniscient Code Generator (Lite mode) build 49521"
   475                           
   476  0727                     l524:	
   477                           opt subtitle "HI-TECH Software Omniscient Code Generator (Lite mode) build 49521"
   478                           
   479  0727  1283               	bcf	status, 5	;RP0=0, select bank0
   480  0728  1303               	bcf	status, 6	;RP1=0, select bank0
   481  0729  1C06               	btfss	(48/8),(48)&7	;volatile
   482  072A  2F2C               	goto	u31
   483  072B  2F2D               	goto	u30
   484  072C                     u31:
   485  072C  2F45               	goto	l534
   486  072D                     u30:
   487                           opt subtitle "HI-TECH Software Omniscient Code Generator (Lite mode) build 49521"
   488  072D                     l526:	
   489  072D  3001               	movlw	01h
   490  072E  0673               	xorwf	(main@leftForward),w
   491  072F  0474               	iorwf	(main@leftForward+1),w
   492  0730  1D03               	skipz
   493  0731  2F33               	goto	u41
   494  0732  2F34               	goto	u40
   495  0733                     u41:
   496  0733  2F45               	goto	l534
   497  0734                     u40:
   498                           opt subtitle "HI-TECH Software Omniscient Code Generator (Lite mode) build 49521"
   499                           
   500  0734                     l528:	
   501                           opt subtitle "HI-TECH Software Omniscient Code Generator (Lite mode) build 49521"
   502  0734  01F3               	clrf	(main@leftForward)
   503  0735  01F4               	clrf	(main@leftForward+1)
   504                           opt subtitle "HI-TECH Software Omniscient Code Generator (Lite mode) build 49521"
   505                           
   506  0736                     l530:	
   507                           opt subtitle "HI-TECH Software Omniscient Code Generator (Lite mode) build 49521"
   508  0736  1005               	bcf	(40/8),(40)&7	;volatile
   509                           opt subtitle "HI-TECH Software Omniscient Code Generator (Lite mode) build 49521"
   510                           
   511  0737                     l532:	
   512                           opt subtitle "HI-TECH Software Omniscient Code Generator (Lite mode) build 49521"
   513                           
   514  0737  3002               movlw  2
   515  0738  00F2               movwf	((??_main+0)+0+2),f
   516  0739  3004               movlw	4
   517  073A  00F1               movwf	((??_main+0)+0+1),f
   518  073B  30BA               	movlw	186
   519  073C  00F0               movwf	((??_main+0)+0),f
   520  073D                     u187:
   521  073D  0BF0               	decfsz	((??_main+0)+0),f
   522  073E  2F3D               	goto	u187
   523  073F  0BF1               	decfsz	((??_main+0)+0+1),f
   524  0740  2F3D               	goto	u187
   525  0741  0BF2               	decfsz	((??_main+0)+0+2),f
   526  0742  2F3D               	goto	u187
   527  0743  0000               	nop
   528                           opt subtitle "HI-TECH Software Omniscient Code Generator (Lite mode) build 49521"
   529                           
   530  0744  2F45               	goto	l534
   531                           opt subtitle "HI-TECH Software Omniscient Code Generator (Lite mode) build 49521"
   532                           
   533  0745                     l34:	
   534                           opt subtitle "HI-TECH Software Omniscient Code Generator (Lite mode) build 49521"
   535                           
   536  0745                     l534:	
   537                           opt subtitle "HI-TECH Software Omniscient Code Generator (Lite mode) build 49521"
   538                           
   539  0745  1283               	bcf	status, 5	;RP0=0, select bank0
   540  0746  1303               	bcf	status, 6	;RP1=0, select bank0
   541  0747  1886               	btfsc	(49/8),(49)&7	;volatile
   542  0748  2F4A               	goto	u51
   543  0749  2F4B               	goto	u50
   544  074A                     u51:
   545  074A  2F64               	goto	l542
   546  074B                     u50:
   547                           opt subtitle "HI-TECH Software Omniscient Code Generator (Lite mode) build 49521"
   548  074B                     l536:	
   549  074B  087A               	movf	((main@rightBackward+1)),w
   550  074C  0479               	iorwf	((main@rightBackward)),w
   551  074D  1D03               	skipz
   552  074E  2F50               	goto	u61
   553  074F  2F51               	goto	u60
   554  0750                     u61:
   555  0750  2F64               	goto	l542
   556  0751                     u60:
   557                           opt subtitle "HI-TECH Software Omniscient Code Generator (Lite mode) build 49521"
   558                           
   559  0751                     l538:	
   560                           opt subtitle "HI-TECH Software Omniscient Code Generator (Lite mode) build 49521"
   561  0751  3001               	movlw	low(01h)
   562  0752  00F5               	movwf	(main@rightForward)
   563  0753  3000               	movlw	high(01h)
   564  0754  00F6               	movwf	((main@rightForward))+1
   565                           opt subtitle "HI-TECH Software Omniscient Code Generator (Lite mode) build 49521"
   566                           
   567  0755                     l540:	
   568                           opt subtitle "HI-TECH Software Omniscient Code Generator (Lite mode) build 49521"
   569  0755  1485               	bsf	(41/8),(41)&7	;volatile
   570                           opt subtitle "HI-TECH Software Omniscient Code Generator (Lite mode) build 49521"
   571                           
   572                           opt pagewidth 120
   573  0756  3002               movlw  2
   574  0757  00F2               movwf	((??_main+0)+0+2),f
   575  0758  3004               movlw	4
   576  0759  00F1               movwf	((??_main+0)+0+1),f
   577  075A  30BA               	movlw	186
   578  075B  00F0               movwf	((??_main+0)+0),f
   579  075C                     u197:
   580  075C  0BF0               	decfsz	((??_main+0)+0),f
   581  075D  2F5C               	goto	u197
   582  075E  0BF1               	decfsz	((??_main+0)+0+1),f
   583  075F  2F5C               	goto	u197
   584  0760  0BF2               	decfsz	((??_main+0)+0+2),f
   585  0761  2F5C               	goto	u197
   586  0762  0000               	nop
   587                           opt subtitle "HI-TECH Software Omniscient Code Generator (Lite mode) build 49521"
   588                           
   589  0763  2F64               	goto	l542
   590                           opt subtitle "HI-TECH Software Omniscient Code Generator (Lite mode) build 49521"
   591                           
   592  0764                     l35:	
   593                           opt subtitle "HI-TECH Software Omniscient Code Generator (Lite mode) build 49521"
   594                           
   595  0764                     l542:	
   596                           opt subtitle "HI-TECH Software Omniscient Code Generator (Lite mode) build 49521"
   597                           
   598  0764  1283               	bcf	status, 5	;RP0=0, select bank0
   599  0765  1303               	bcf	status, 6	;RP1=0, select bank0
   600  0766  1C86               	btfss	(49/8),(49)&7	;volatile
   601  0767  2F69               	goto	u71
   602  0768  2F6A               	goto	u70
   603  0769                     u71:
   604  0769  2F82               	goto	l552
   605  076A                     u70:
   606                           opt subtitle "HI-TECH Software Omniscient Code Generator (Lite mode) build 49521"
   607  076A                     l544:	
   608  076A  3001               	movlw	01h
   609  076B  0675               	xorwf	(main@rightForward),w
   610  076C  0476               	iorwf	(main@rightForward+1),w
   611  076D  1D03               	skipz
   612  076E  2F70               	goto	u81
   613  076F  2F71               	goto	u80
   614  0770                     u81:
   615  0770  2F82               	goto	l552
   616  0771                     u80:
   617                           opt subtitle "HI-TECH Software Omniscient Code Generator (Lite mode) build 49521"
   618                           
   619  0771                     l546:	
   620                           opt subtitle "HI-TECH Software Omniscient Code Generator (Lite mode) build 49521"
   621  0771  01F5               	clrf	(main@rightForward)
   622  0772  01F6               	clrf	(main@rightForward+1)
   623                           opt subtitle "HI-TECH Software Omniscient Code Generator (Lite mode) build 49521"
   624                           
   625  0773                     l548:	
   626                           opt subtitle "HI-TECH Software Omniscient Code Generator (Lite mode) build 49521"
   627  0773  1085               	bcf	(41/8),(41)&7	;volatile
   628                           opt subtitle "HI-TECH Software Omniscient Code Generator (Lite mode) build 49521"
   629                           
   630  0774                     l550:	
   631                           opt subtitle "HI-TECH Software Omniscient Code Generator (Lite mode) build 49521"
   632                           
   633  0774  3002               movlw  2
   634  0775  00F2               movwf	((??_main+0)+0+2),f
   635  0776  3004               movlw	4
   636  0777  00F1               movwf	((??_main+0)+0+1),f
   637  0778  30BA               	movlw	186
   638  0779  00F0               movwf	((??_main+0)+0),f
   639  077A                     u207:
   640  077A  0BF0               	decfsz	((??_main+0)+0),f
   641  077B  2F7A               	goto	u207
   642  077C  0BF1               	decfsz	((??_main+0)+0+1),f
   643  077D  2F7A               	goto	u207
   644  077E  0BF2               	decfsz	((??_main+0)+0+2),f
   645  077F  2F7A               	goto	u207
   646  0780  0000               	nop
   647                           opt subtitle "HI-TECH Software Omniscient Code Generator (Lite mode) build 49521"
   648                           
   649  0781  2F82               	goto	l552
   650                           opt subtitle "HI-TECH Software Omniscient Code Generator (Lite mode) build 49521"
   651                           
   652  0782                     l36:	
   653                           opt subtitle "HI-TECH Software Omniscient Code Generator (Lite mode) build 49521"
   654                           
   655  0782                     l552:	
   656                           opt subtitle "HI-TECH Software Omniscient Code Generator (Lite mode) build 49521"
   657                           
   658  0782  1283               	bcf	status, 5	;RP0=0, select bank0
   659  0783  1303               	bcf	status, 6	;RP1=0, select bank0
   660  0784  1906               	btfsc	(50/8),(50)&7	;volatile
   661  0785  2F87               	goto	u91
   662  0786  2F88               	goto	u90
   663  0787                     u91:
   664  0787  2FA1               	goto	l560
   665  0788                     u90:
   666                           opt subtitle "HI-TECH Software Omniscient Code Generator (Lite mode) build 49521"
   667  0788                     l554:	
   668  0788  0874               	movf	((main@leftForward+1)),w
   669  0789  0473               	iorwf	((main@leftForward)),w
   670  078A  1D03               	skipz
   671  078B  2F8D               	goto	u101
   672  078C  2F8E               	goto	u100
   673  078D                     u101:
   674  078D  2FA1               	goto	l560
   675  078E                     u100:
   676                           opt subtitle "HI-TECH Software Omniscient Code Generator (Lite mode) build 49521"
   677                           
   678  078E                     l556:	
   679                           opt subtitle "HI-TECH Software Omniscient Code Generator (Lite mode) build 49521"
   680  078E  3001               	movlw	low(01h)
   681  078F  00F7               	movwf	(main@leftBackward)
   682  0790  3000               	movlw	high(01h)
   683  0791  00F8               	movwf	((main@leftBackward))+1
   684                           opt subtitle "HI-TECH Software Omniscient Code Generator (Lite mode) build 49521"
   685                           
   686  0792                     l558:	
   687                           opt subtitle "HI-TECH Software Omniscient Code Generator (Lite mode) build 49521"
   688  0792  1505               	bsf	(42/8),(42)&7	;volatile
   689                           opt subtitle "HI-TECH Software Omniscient Code Generator (Lite mode) build 49521"
   690                           
   691                           opt pagewidth 120
   692  0793  3002               movlw  2
   693  0794  00F2               movwf	((??_main+0)+0+2),f
   694  0795  3004               movlw	4
   695  0796  00F1               movwf	((??_main+0)+0+1),f
   696  0797  30BA               	movlw	186
   697  0798  00F0               movwf	((??_main+0)+0),f
   698  0799                     u217:
   699  0799  0BF0               	decfsz	((??_main+0)+0),f
   700  079A  2F99               	goto	u217
   701  079B  0BF1               	decfsz	((??_main+0)+0+1),f
   702  079C  2F99               	goto	u217
   703  079D  0BF2               	decfsz	((??_main+0)+0+2),f
   704  079E  2F99               	goto	u217
   705  079F  0000               	nop
   706                           opt subtitle "HI-TECH Software Omniscient Code Generator (Lite mode) build 49521"
   707                           
   708  07A0  2FA1               	goto	l560
   709                           opt subtitle "HI-TECH Software Omniscient Code Generator (Lite mode) build 49521"
   710                           
   711  07A1                     l37:	
   712                           opt subtitle "HI-TECH Software Omniscient Code Generator (Lite mode) build 49521"
   713                           
   714  07A1                     l560:	
   715                           opt subtitle "HI-TECH Software Omniscient Code Generator (Lite mode) build 49521"
   716                           
   717  07A1  1283               	bcf	status, 5	;RP0=0, select bank0
   718  07A2  1303               	bcf	status, 6	;RP1=0, select bank0
   719  07A3  1D06               	btfss	(50/8),(50)&7	;volatile
   720  07A4  2FA6               	goto	u111
   721  07A5  2FA7               	goto	u110
   722  07A6                     u111:
   723  07A6  2FBF               	goto	l570
   724  07A7                     u110:
   725                           opt subtitle "HI-TECH Software Omniscient Code Generator (Lite mode) build 49521"
   726  07A7                     l562:	
   727  07A7  3001               	movlw	01h
   728  07A8  0677               	xorwf	(main@leftBackward),w
   729  07A9  0478               	iorwf	(main@leftBackward+1),w
   730  07AA  1D03               	skipz
   731  07AB  2FAD               	goto	u121
   732  07AC  2FAE               	goto	u120
   733  07AD                     u121:
   734  07AD  2FBF               	goto	l570
   735  07AE                     u120:
   736                           opt subtitle "HI-TECH Software Omniscient Code Generator (Lite mode) build 49521"
   737                           
   738  07AE                     l564:	
   739                           opt subtitle "HI-TECH Software Omniscient Code Generator (Lite mode) build 49521"
   740  07AE  01F7               	clrf	(main@leftBackward)
   741  07AF  01F8               	clrf	(main@leftBackward+1)
   742                           opt subtitle "HI-TECH Software Omniscient Code Generator (Lite mode) build 49521"
   743                           
   744  07B0                     l566:	
   745                           opt subtitle "HI-TECH Software Omniscient Code Generator (Lite mode) build 49521"
   746  07B0  1105               	bcf	(42/8),(42)&7	;volatile
   747                           opt subtitle "HI-TECH Software Omniscient Code Generator (Lite mode) build 49521"
   748                           
   749  07B1                     l568:	
   750                           opt subtitle "HI-TECH Software Omniscient Code Generator (Lite mode) build 49521"
   751                           
   752  07B1  3002               movlw  2
   753  07B2  00F2               movwf	((??_main+0)+0+2),f
   754  07B3  3004               movlw	4
   755  07B4  00F1               movwf	((??_main+0)+0+1),f
   756  07B5  30BA               	movlw	186
   757  07B6  00F0               movwf	((??_main+0)+0),f
   758  07B7                     u227:
   759  07B7  0BF0               	decfsz	((??_main+0)+0),f
   760  07B8  2FB7               	goto	u227
   761  07B9  0BF1               	decfsz	((??_main+0)+0+1),f
   762  07BA  2FB7               	goto	u227
   763  07BB  0BF2               	decfsz	((??_main+0)+0+2),f
   764  07BC  2FB7               	goto	u227
   765  07BD  0000               	nop
   766                           opt subtitle "HI-TECH Software Omniscient Code Generator (Lite mode) build 49521"
   767                           
   768  07BE  2FBF               	goto	l570
   769                           opt subtitle "HI-TECH Software Omniscient Code Generator (Lite mode) build 49521"
   770                           
   771  07BF                     l38:	
   772                           opt subtitle "HI-TECH Software Omniscient Code Generator (Lite mode) build 49521"
   773                           
   774  07BF                     l570:	
   775                           opt subtitle "HI-TECH Software Omniscient Code Generator (Lite mode) build 49521"
   776                           
   777  07BF  1283               	bcf	status, 5	;RP0=0, select bank0
   778  07C0  1303               	bcf	status, 6	;RP1=0, select bank0
   779  07C1  1986               	btfsc	(51/8),(51)&7	;volatile
   780  07C2  2FC4               	goto	u131
   781  07C3  2FC5               	goto	u130
   782  07C4                     u131:
   783  07C4  2FDE               	goto	l578
   784  07C5                     u130:
   785                           opt subtitle "HI-TECH Software Omniscient Code Generator (Lite mode) build 49521"
   786  07C5                     l572:	
   787  07C5  0876               	movf	((main@rightForward+1)),w
   788  07C6  0475               	iorwf	((main@rightForward)),w
   789  07C7  1D03               	skipz
   790  07C8  2FCA               	goto	u141
   791  07C9  2FCB               	goto	u140
   792  07CA                     u141:
   793  07CA  2FDE               	goto	l578
   794  07CB                     u140:
   795                           opt subtitle "HI-TECH Software Omniscient Code Generator (Lite mode) build 49521"
   796                           
   797  07CB                     l574:	
   798                           opt subtitle "HI-TECH Software Omniscient Code Generator (Lite mode) build 49521"
   799  07CB  3001               	movlw	low(01h)
   800  07CC  00F9               	movwf	(main@rightBackward)
   801  07CD  3000               	movlw	high(01h)
   802  07CE  00FA               	movwf	((main@rightBackward))+1
   803                           opt subtitle "HI-TECH Software Omniscient Code Generator (Lite mode) build 49521"
   804                           
   805  07CF                     l576:	
   806                           opt subtitle "HI-TECH Software Omniscient Code Generator (Lite mode) build 49521"
   807  07CF  1585               	bsf	(43/8),(43)&7	;volatile
   808                           opt subtitle "HI-TECH Software Omniscient Code Generator (Lite mode) build 49521"
   809                           
   810                           opt pagewidth 120
   811  07D0  3002               movlw  2
   812  07D1  00F2               movwf	((??_main+0)+0+2),f
   813  07D2  3004               movlw	4
   814  07D3  00F1               movwf	((??_main+0)+0+1),f
   815  07D4  30BA               	movlw	186
   816  07D5  00F0               movwf	((??_main+0)+0),f
   817  07D6                     u237:
   818  07D6  0BF0               	decfsz	((??_main+0)+0),f
   819  07D7  2FD6               	goto	u237
   820  07D8  0BF1               	decfsz	((??_main+0)+0+1),f
   821  07D9  2FD6               	goto	u237
   822  07DA  0BF2               	decfsz	((??_main+0)+0+2),f
   823  07DB  2FD6               	goto	u237
   824  07DC  0000               	nop
   825                           opt subtitle "HI-TECH Software Omniscient Code Generator (Lite mode) build 49521"
   826                           
   827  07DD  2FDE               	goto	l578
   828                           opt subtitle "HI-TECH Software Omniscient Code Generator (Lite mode) build 49521"
   829                           
   830  07DE                     l39:	
   831                           opt subtitle "HI-TECH Software Omniscient Code Generator (Lite mode) build 49521"
   832                           
   833  07DE                     l578:	
   834                           opt subtitle "HI-TECH Software Omniscient Code Generator (Lite mode) build 49521"
   835                           
   836  07DE  1283               	bcf	status, 5	;RP0=0, select bank0
   837  07DF  1303               	bcf	status, 6	;RP1=0, select bank0
   838  07E0  1D86               	btfss	(51/8),(51)&7	;volatile
   839  07E1  2FE3               	goto	u151
   840  07E2  2FE4               	goto	u150
   841  07E3                     u151:
   842  07E3  2F08               	goto	l516
   843  07E4                     u150:
   844                           opt subtitle "HI-TECH Software Omniscient Code Generator (Lite mode) build 49521"
   845  07E4                     l580:	
   846  07E4  3001               	movlw	01h
   847  07E5  0679               	xorwf	(main@rightBackward),w
   848  07E6  047A               	iorwf	(main@rightBackward+1),w
   849  07E7  1D03               	skipz
   850  07E8  2FEA               	goto	u161
   851  07E9  2FEB               	goto	u160
   852  07EA                     u161:
   853  07EA  2F08               	goto	l516
   854  07EB                     u160:
   855                           opt subtitle "HI-TECH Software Omniscient Code Generator (Lite mode) build 49521"
   856                           
   857  07EB                     l582:	
   858                           opt subtitle "HI-TECH Software Omniscient Code Generator (Lite mode) build 49521"
   859  07EB  01F9               	clrf	(main@rightBackward)
   860  07EC  01FA               	clrf	(main@rightBackward+1)
   861                           opt subtitle "HI-TECH Software Omniscient Code Generator (Lite mode) build 49521"
   862                           
   863  07ED                     l584:	
   864                           opt subtitle "HI-TECH Software Omniscient Code Generator (Lite mode) build 49521"
   865  07ED  1185               	bcf	(43/8),(43)&7	;volatile
   866                           opt subtitle "HI-TECH Software Omniscient Code Generator (Lite mode) build 49521"
   867                           
   868  07EE                     l586:	
   869                           opt subtitle "HI-TECH Software Omniscient Code Generator (Lite mode) build 49521"
   870                           
   871  07EE  3002               movlw  2
   872  07EF  00F2               movwf	((??_main+0)+0+2),f
   873  07F0  3004               movlw	4
   874  07F1  00F1               movwf	((??_main+0)+0+1),f
   875  07F2  30BA               	movlw	186
   876  07F3  00F0               movwf	((??_main+0)+0),f
   877  07F4                     u247:
   878  07F4  0BF0               	decfsz	((??_main+0)+0),f
   879  07F5  2FF4               	goto	u247
   880  07F6  0BF1               	decfsz	((??_main+0)+0+1),f
   881  07F7  2FF4               	goto	u247
   882  07F8  0BF2               	decfsz	((??_main+0)+0+2),f
   883  07F9  2FF4               	goto	u247
   884  07FA  0000               	nop
   885                           opt subtitle "HI-TECH Software Omniscient Code Generator (Lite mode) build 49521"
   886                           
   887  07FB  2F08               	goto	l516
   888                           opt subtitle "HI-TECH Software Omniscient Code Generator (Lite mode) build 49521"
   889                           
   890  07FC                     l40:	
   891  07FC  2F08               	goto	l516
   892                           opt subtitle "HI-TECH Software Omniscient Code Generator (Lite mode) build 49521"
   893                           
   894  07FD                     l41:	
   895                           opt subtitle "HI-TECH Software Omniscient Code Generator (Lite mode) build 49521"
   896  07FD  2F08               	goto	l516
   897                           opt subtitle "HI-TECH Software Omniscient Code Generator (Lite mode) build 49521"
   898  07FE                     l42:	
   899                           opt subtitle "HI-TECH Software Omniscient Code Generator (Lite mode) build 49521"
   900                           
   901  07FE                     l43:	
   902                           opt subtitle "HI-TECH Software Omniscient Code Generator (Lite mode) build 49521"
   903  07FE  118A  2800         	ljmp	start
   904                           opt subtitle "HI-TECH Software Omniscient Code Generator (Lite mode) build 49521"
   905                           
   906  0800                     	__end_of_main:
   907                           opt subtitle "HI-TECH Software Omniscient Code Generator (Lite mode) build 49521"
   908                           
   909                           opt pagewidth 120
   910                           
   911                           	opt lm
   912                           
   913                           	processor	16F88
   914                           clrc	macro
   915                           	bcf	3,0
   916                           	endm
   917                           clrz	macro
   918                           	bcf	3,2
   919                           	endm
   920                           setc	macro
   921                           	bsf	3,0
   922                           	endm
   923                           setz	macro
   924                           	bsf	3,2
   925                           	endm
   926                           skipc	macro
   927                           	btfss	3,0
   928                           	endm
   929                           skipz	macro
   930                           	btfss	3,2
   931                           	endm
   932                           skipnc	macro
   933                           	btfsc	3,0
   934                           	endm
   935                           skipnz	macro
   936                           	btfsc	3,2
   937                           	endm
   938                           indf	equ	0
   939                           indf0	equ	0
   940  06F3                     __ptext25:	;psect for function _init
   941                           opt subtitle "HI-TECH Software Omniscient Code Generator (Lite mode) build 49521"
   942                           
   943                           opt pagewidth 120
   944                           
   945  0009                     	__size_of_init	equ	__end_of_init-_init
   946                           opt subtitle "HI-TECH Software Omniscient Code Generator (Lite mode) build 49521"
   947  06F3                     _init:	
   948                           opt subtitle "HI-TECH Software Omniscient Code Generator (Lite mode) build 49521"
   949                           
   950                           opt pagewidth 120
   951                           
   952  06F3                     l500:	
   953                           opt subtitle "HI-TECH Software Omniscient Code Generator (Lite mode) build 49521"
   954  06F3  3060               	movlw	(060h)
   955  06F4  1683               	bsf	status, 5	;RP0=1, select bank1
   956  06F5  1303               	bcf	status, 6	;RP1=0, select bank1
   957  06F6  008F               	movwf	(143)^080h	;volatile
   958                           opt subtitle "HI-TECH Software Omniscient Code Generator (Lite mode) build 49521"
   959                           
   960  06F7                     l502:	
   961                           opt subtitle "HI-TECH Software Omniscient Code Generator (Lite mode) build 49521"
   962  06F7  0185               	clrf	(133)^080h	;volatile
   963                           opt subtitle "HI-TECH Software Omniscient Code Generator (Lite mode) build 49521"
   964                           
   965  06F8                     l504:	
   966                           opt subtitle "HI-TECH Software Omniscient Code Generator (Lite mode) build 49521"
   967  06F8  300F               	movlw	(0Fh)
   968  06F9  0086               	movwf	(134)^080h	;volatile
   969                           opt subtitle "HI-TECH Software Omniscient Code Generator (Lite mode) build 49521"
   970                           
   971  06FA  019B               	clrf	(155)^080h	;volatile
   972                           opt subtitle "HI-TECH Software Omniscient Code Generator (Lite mode) build 49521"
   973                           
   974  06FB                     l29:	
   975  06FB  0008               	return
   976                           opt subtitle "HI-TECH Software Omniscient Code Generator (Lite mode) build 49521"
   977                           
   978  06FC                     	__end_of_init:
   979                           opt subtitle "HI-TECH Software Omniscient Code Generator (Lite mode) build 49521"
   980                           
   981                           opt pagewidth 120
   982  0000                     __ptext26:	;psect for function _init
   983                           opt subtitle "HI-TECH Software Omniscient Code Generator (Lite mode) build 49521"
   984  007E                     	btemp set 07Eh
   985                           opt subtitle "HI-TECH Software Omniscient Code Generator (Lite mode) build 49521"
   986                           
   987                           opt pagewidth 120
   988  007E                     	wtemp0 set btemp


Data Sizes:
    Strings     0
    Constant    0
    Data        0
    BSS         0
    Persistent  0
    Stack       0

Auto Spaces:
    Space          Size  Autos    Used
    COMMON           14     11      11
    BANK0            80      0       0
    BANK1            80      0       0
    BANK3            96      0       0
    BANK2            96      0       0

Pointer List with Targets:

    None.

Critical Paths under _main in COMMON

    None.

Critical Paths under _main in BANK0

    None.

Critical Paths under _main in BANK1

    None.

Critical Paths under _main in BANK3

    None.

Critical Paths under _main in BANK2

    None.

Call Graph Tables:

 ---------------------------------------------------------------------------------
 (Depth) Function   	        Calls       Base Space   Used Autos Params    Refs
 ---------------------------------------------------------------------------------
 (0) _main                                                11    11      0     120
                                              0 COMMON    11    11      0
                               _init
 ---------------------------------------------------------------------------------
 (1) _init                                                 0     0      0       0
 ---------------------------------------------------------------------------------
 Estimated maximum stack depth 1
 ---------------------------------------------------------------------------------

 Call Graph Graphs:

 _main (ROOT)
   _init

 Address spaces:
Name               Size   Autos  Total    Cost      Usage
BITCOMMON            E      0       0       0        0.0%
EEDATA             100      0       0       0        0.0%
NULL                 0      0       0       0        0.0%
CODE                 0      0       0       0        0.0%
COMMON               E      B       B       1       78.6%
BITSFR0              0      0       0       1        0.0%
SFR0                 0      0       0       1        0.0%
BITSFR1              0      0       0       2        0.0%
SFR1                 0      0       0       2        0.0%
STACK                0      0       1       2        0.0%
ABS                  0      0       0       3        0.0%
BITBANK0            50      0       0       4        0.0%
BITSFR3              0      0       0       4        0.0%
SFR3                 0      0       0       4        0.0%
BANK0               50      0       0       5        0.0%
BITSFR2              0      0       0       5        0.0%
SFR2                 0      0       0       5        0.0%
BITBANK1            50      0       0       6        0.0%
BANK1               50      0       0       7        0.0%
BITBANK3            60      0       0       8        0.0%
BANK3               60      0       0       9        0.0%
BITBANK2            60      0       0      10        0.0%
BANK2               60      0       0      11        0.0%
DATA                 0      0       0      12        0.0%


Microchip Technology PIC Macro Assembler V1.12 build 49521 
Symbol Table                                                                                   Mon Feb 25 21:04:40 2013

            __CFG_CP$OFF 0000                       l40 07FC                       l32 0708  
                     l41 07FD                       l33 0727                       l42 07FE  
                     l34 0745                       l43 07FE                       l35 0764  
                     l36 0782                       l29 06FB                       l37 07A1  
                     l38 07BF                       l39 07DE                       u10 070E  
                     u11 070D                       u20 0714                       u21 0713  
                     u30 072D                       u31 072C                       u40 0734  
                     u41 0733                       u50 074B                       u51 074A  
                     u60 0751                       u61 0750                       u70 076A  
                     u71 0769                       u80 0771                       u81 0770  
                     u90 0788                       u91 0787                      l500 06F3  
                    l502 06F7                      l510 0701                      l504 06F8  
                    l520 0714                      l512 0703                      l530 0736  
                    l522 0718                      l514 0705                      l506 06FC  
                    l540 0755                      l532 0737                      l524 0727  
                    l516 0708                      l508 06FF                      l550 0774  
                    l542 0764                      l526 072D                      l534 0745  
                    l518 070E                      l560 07A1                      l544 076A  
                    l552 0782                      l536 074B                      l528 0734  
                    l562 07A7                      l570 07BF                      l554 0788  
                    l546 0771                      l538 0751                      l580 07E4  
                    l572 07C5                      l564 07AE                      l556 078E  
                    l548 0773                      l582 07EB                      l574 07CB  
                    l566 07B0                      l558 0792                      l584 07ED  
                    l576 07CF                      l568 07B1                      l586 07EE  
                    l578 07DE                      _RA0 0028                      _RA1 0029  
                    _RB0 0030                      _RA2 002A                      _RB1 0031  
                    _RA3 002B                      _RB2 0032                      _RB3 0033  
                    u100 078E                      u101 078D                      u110 07A7  
                    u111 07A6                      u120 07AE                      u121 07AD  
                    u130 07C5                      u131 07C4                      u140 07CB  
                    u141 07CA                      u150 07E4                      u151 07E3  
                    u207 077A                      u160 07EB                      u161 07EA  
                    u217 0799                      u227 07B7                      u237 07D6  
                    u247 07F4                      u177 071F             __CFG_CPD$OFF 0000  
                    u187 073D                      u197 075C             __CFG_LVP$OFF 0000  
           __CFG_WRT$OFF 0000                     _main 06FC                     _init 06F3  
                   btemp 007E                     start 0000            __CFG_IESO$OFF 0000  
                  ?_main 0070                    ?_init 0070            __CFG_WDTE$OFF 0000  
                  _ANSEL 009B           __CFG_DEBUG$OFF 0000                    _TRISA 0085  
                  _TRISB 0086           __CFG_CCPMX$RB0 0000           __CFG_FCMEN$OFF 0000  
         __CFG_BOREN$OFF 0000                    status 0003                    wtemp0 007E  
         __CFG_MCLRE$OFF 0000          __initialization 06F0             __end_of_main 0800  
           __end_of_init 06FC                   ??_main 0070                   ??_init 0070  
                 _OSCCON 008F           __CFG_PWRTE$OFF 0000  __end_of__initialization 06F0  
         __pcstackCOMMON 0070               __pmaintext 06FC        main@rightBackward 0079  
       main@leftBackward 0077     end_of_initialization 06F0      start_initialization 06F0  
       main@rightForward 0075          main@leftForward 0073                 __ptext24 0000  
               __ptext25 06F3                 __ptext26 0000            __size_of_main 0104  
          __size_of_init 0009       __CFG_FOSC$INTOSCIO 0000  
